
--- Job leontief.gms Start 09/01/21 14:19:08 35.2.0 r33388c4 WEX-WEI x86 64bit/MS Windows
--- Applying:
    C:\GAMS\35\gmsprmNT.txt
    C:\Users\Erwin\Documents\GAMS\gamsconfig.yaml
--- GAMS Parameters defined
    Input D:\projects\OptimizationModels\LinSolve\leontief.gms
    PageWidth 120
    PageSize 0
    PageContr 3
    Action CE
    ScrDir D:\projects\OptimizationModels\LinSolve\225a\
    SysDir C:\GAMS\35\
    WorkDir D:\projects\OptimizationModels\LinSolve\
    LogOption 3
    DFormat 0
    TFormat 0
    ErrorLog 99
    IDE 1
    GDX D:\projects\OptimizationModels\LinSolve\x.gdx
Licensee: Eval License                                   S201210/0001CO-GEN
          Amsterdam Optimization Modeling Group,                     DCE378
          C:\Users\Erwin\Documents\GAMS\gamslice.txt
          Evaluation license: Not for commercial or production use
GAMS 35.2.0   Copyright (C) 1987-2021 GAMS Development. All rights reserved
--- Starting compilation
--- leontief.gms(17) 3 Mb
--- . io93pro.inc(116) 3 Mb
--- leontief.gms(33) 3 Mb
--- . invert.inc(73) 3 Mb
--- leontief.gms(42) 3 Mb
--- Starting execution: elapsed 0:00:00.102
--- leontief.gms(160) 5 Mb
--- Initialize embedded library embpycclib64.dll
--- Execute embedded library embpycclib64.dll
--- 
### invert.inc
--- .. Copied data from i,IA (0.2s)
--- .. Inverted IA (0.1s)
--- .. Created GAMS sparse matrix L (0.4s)
--- .. Total elapsed 0.7s
--- leontief.gms(230) 5 Mb
--- GDX File D:\projects\OptimizationModels\LinSolve\x.gdx
*** Status: Normal completion
--- Job leontief.gms Stop 09/01/21 14:19:10 elapsed 0:00:02.043
