--- Job smax.gms Start 10/27/23 13:01:11 45.1.0 88bbff72 WEX-WEI x86 64bit/MS Windows
--- Applying:
    C:\GAMS\45\gmsprmNT.txt
    C:\Users\erwin\Documents\GAMS\gamsconfig.yaml
--- GAMS Parameters defined
    MIP CPLEX
    Input C:\projects\OptimizationModels\SparseSmax\smax.gms
    PageWidth 130
    PageSize 0
    ScrDir C:\projects\OptimizationModels\SparseSmax\225a\
    SysDir C:\GAMS\45\
    LogOption 3
    ErrMsg 1
    ErrorLog 99
    IDE 1
    LstTitleLeftAligned 1
Licensee: Eval License                                   G221205|0002CO-GEN
          Amsterdam Optimization Modeling Group,                     DCE378
          C:\Users\erwin\Documents\GAMS\gamslice.txt
          License Admin: Erwin Kalvelagen, info@amsterdamoptimization.com  
          Evaluation license: Not for commercial or production use
          The evaluation period of the license will expire on Nov 30, 2023
Processor information: 1 socket(s), 8 core(s), and 16 thread(s) available
GAMS 45.1.0   Copyright (C) 1987-2023 GAMS Development. All rights reserved
--- Starting compilation
--- smax.gms(50) 11 Mb
--- Starting execution: elapsed 0:00:00.016
--- smax.gms(13) 25 Mb  20 secs
--- smax.gms(27) 33 Mb  6 secs
--- smax.gms(50) 65 Mb
--- Profile Summary (8 records processed)
     6.579   0.034GB        27 Assignment q (100000)
     0.047   0.051GB        42 Assignment q3 (100000)
     0.031   0.043GB        36 Assignment q2 (100000)
     0.031   0.058GB        48 Assignment ijk (100000)
     0.031   0.066GB        50 Assignment q4 (100000)
*** Status: Normal completion
--- Job smax.gms Stop 10/27/23 13:01:38 elapsed 0:00:26.789
