
--- Job HuberNLP.gms Start 09/09/21 18:55:13 36.1.0 r2c0a44a WEX-WEI x86 64bit/MS Windows
--- Applying:
    C:\GAMS\36\gmsprmNT.txt
    C:\Users\Erwin\Documents\GAMS\gamsconfig.yaml
--- GAMS Parameters defined
    Input D:\projects\OptimizationModels\HuberRegression\HuberNLP.gms
    PageWidth 120
    PageSize 0
    PageContr 3
    Action CE
    ScrDir D:\projects\OptimizationModels\HuberRegression\225a\
    SysDir C:\GAMS\36\
    WorkDir D:\projects\OptimizationModels\HuberRegression\
    LogOption 3
    DFormat 0
    TFormat 0
    ErrorLog 99
    IDE 1
Licensee: Eval License                                   S201210/0001CO-GEN
          Amsterdam Optimization Modeling Group,                     DCE378
          C:\Users\Erwin\Documents\GAMS\gamslice.txt
          Evaluation license: Not for commercial or production use
Processor information: 1 socket(s), 4 core(s), and 8 thread(s) available
GAMS 36.1.0   Copyright (C) 1987-2021 GAMS Development. All rights reserved
--- Starting compilation
--- HuberNLP.gms(12) 3 Mb
--- . expdata.inc(47) 3 Mb
--- HuberNLP.gms(41) 3 Mb
--- Starting execution: elapsed 0:00:00.026
--- HuberNLP.gms(67) 4 Mb
--- Generating DNLP model m
--- HuberNLP.gms(86) 6 Mb
---   41 rows  43 columns  161 non-zeroes
---   522 nl-code  40 nl-non-zeroes
--- HuberNLP.gms(86) 4 Mb
--- Executing CONOPT (Solvelink=2): elapsed 0:00:00.076

CONOPT 3         36.1.0 r2c0a44a Released Aug 02, 2021 WEI x86 64bit/MS Window

 
 
    C O N O P T 3   version 3.17K
    Copyright (C)   ARKI Consulting and Development A/S
                    Bagsvaerdvej 246 A
                    DK-2880 Bagsvaerd, Denmark
 
 
   Iter Phase Ninf   Infeasibility   RGmax    NSB   Step InItr MX OK
      0   0        9.4378000000E+02 (Input point)
 
                   Pre-triangular equations:   0
                   Post-triangular equations:  41
 
      1   0        0.0000000000E+00 (After pre-processing)
      2   0        0.0000000000E+00 (After scaling)
 
 ** Feasible solution. Value of objective =    791.975513809
 
   Iter Phase Ninf     Objective     RGmax    NSB   Step InItr MX OK
      6   4        5.3027745247E+02 6.8E+00     2 2.7E-01    2 F  T
      8   4        5.2973870940E+02 1.4E-14     2
 
 ** Optimal solution. Reduced gradient less than tolerance.
 
--- Reading solution for model m
--- Executing after solve: elapsed 0:00:00.426
--- HuberNLP.gms(88) 4 Mb
*** Status: Normal completion
--- Job HuberNLP.gms Stop 09/09/21 18:55:14 elapsed 0:00:00.429
