
--- Job HuberQP.gms Start 09/10/21 01:39:17 36.1.0 r2c0a44a WEX-WEI x86 64bit/MS Windows
--- Applying:
    C:\GAMS\36\gmsprmNT.txt
    C:\Users\Erwin\Documents\GAMS\gamsconfig.yaml
--- GAMS Parameters defined
    Input D:\projects\OptimizationModels\HuberRegression\HuberQP.gms
    PageWidth 120
    PageSize 0
    PageContr 3
    Action CE
    ScrDir D:\projects\OptimizationModels\HuberRegression\225a\
    SysDir C:\GAMS\36\
    WorkDir D:\projects\OptimizationModels\HuberRegression\
    LogOption 3
    DFormat 0
    TFormat 0
    ErrorLog 99
    IDE 1
Licensee: Eval License                                   S201210/0001CO-GEN
          Amsterdam Optimization Modeling Group,                     DCE378
          C:\Users\Erwin\Documents\GAMS\gamslice.txt
          Evaluation license: Not for commercial or production use
Processor information: 1 socket(s), 4 core(s), and 8 thread(s) available
GAMS 36.1.0   Copyright (C) 1987-2021 GAMS Development. All rights reserved
--- Starting compilation
--- HuberQP.gms(12) 3 Mb
--- . expdata.inc(47) 3 Mb
--- HuberQP.gms(44) 3 Mb
--- Starting execution: elapsed 0:00:00.036
--- HuberQP.gms(66) 4 Mb
--- Generating QCP model m
--- HuberQP.gms(89) 6 Mb
---   81 rows  83 columns  401 non-zeroes
---   123 nl-code  40 nl-non-zeroes
--- HuberQP.gms(89) 4 Mb
--- Executing CONOPT (Solvelink=2): elapsed 0:00:00.060

CONOPT 3         36.1.0 r2c0a44a Released Aug 02, 2021 WEI x86 64bit/MS Window

 
 
    C O N O P T 3   version 3.17K
    Copyright (C)   ARKI Consulting and Development A/S
                    Bagsvaerdvej 246 A
                    DK-2880 Bagsvaerd, Denmark
 
 
   Iter Phase Ninf   Infeasibility   RGmax    NSB   Step InItr MX OK
      0   0        9.4378000000E+02 (Input point)
 
                   Pre-triangular equations:   0
                   Post-triangular equations:  1
 
      1   0        9.4378000000E+02 (After pre-processing)
      2   0        5.5798750000E+01 (After scaling)
 
 ** Feasible solution. Value of objective =    4701.48770000
 
   Iter Phase Ninf     Objective     RGmax    NSB   Step InItr MX OK
     11   4        9.1276663056E+02 1.8E+02     3 0.0E+00      T  T
     16   4        2.6937578471E+02 5.4E+00    25 1.0E+00    7 F  T
     21   4        2.6486935470E+02 4.3E-08    33
 
 ** Optimal solution. Reduced gradient less than tolerance.
 
--- Reading solution for model m
--- Executing after solve: elapsed 0:00:00.445
--- HuberQP.gms(91) 4 Mb
*** Status: Normal completion
--- Job HuberQP.gms Stop 09/10/21 01:39:18 elapsed 0:00:00.448
