
--- Job HuberQP2.gms Start 09/12/21 07:52:46 36.1.0 r2c0a44a WEX-WEI x86 64bit/MS Windows
--- Applying:
    C:\GAMS\36\gmsprmNT.txt
    C:\Users\Erwin\Documents\GAMS\gamsconfig.yaml
--- GAMS Parameters defined
    Input D:\projects\OptimizationModels\HuberRegression\HuberQP2.gms
    PageWidth 120
    PageSize 0
    PageContr 3
    Action CE
    ScrDir D:\projects\OptimizationModels\HuberRegression\225a\
    SysDir C:\GAMS\36\
    WorkDir D:\projects\OptimizationModels\HuberRegression\
    LogOption 3
    DFormat 0
    TFormat 0
    ErrorLog 99
    IDE 1
Licensee: Eval License                                   S201210/0001CO-GEN
          Amsterdam Optimization Modeling Group,                     DCE378
          C:\Users\Erwin\Documents\GAMS\gamslice.txt
          Evaluation license: Not for commercial or production use
Processor information: 1 socket(s), 4 core(s), and 8 thread(s) available
GAMS 36.1.0   Copyright (C) 1987-2021 GAMS Development. All rights reserved
--- Starting compilation
--- HuberQP2.gms(13) 3 Mb
--- . expdata.inc(47) 3 Mb
--- HuberQP2.gms(45) 3 Mb
--- Starting execution: elapsed 0:00:00.259
--- HuberQP2.gms(67) 4 Mb
--- Generating QCP model m
--- HuberQP2.gms(90) 6 Mb
---   41 rows  123 columns  321 non-zeroes
---   123 nl-code  40 nl-non-zeroes
--- HuberQP2.gms(90) 4 Mb
--- Executing CONOPT (Solvelink=2): elapsed 0:00:00.308

CONOPT 3         36.1.0 r2c0a44a Released Aug 02, 2021 WEI x86 64bit/MS Window

 
 
    C O N O P T 3   version 3.17K
    Copyright (C)   ARKI Consulting and Development A/S
                    Bagsvaerdvej 246 A
                    DK-2880 Bagsvaerd, Denmark
 
 
   Iter Phase Ninf   Infeasibility   RGmax    NSB   Step InItr MX OK
      0   0        9.4378000000E+02 (Input point)
 
                   Pre-triangular equations:   0
                   Post-triangular equations:  41
 
      1   0        0.0000000000E+00 (After pre-processing)
      2   0        0.0000000000E+00 (After scaling)
 
 ** Feasible solution. Value of objective =    1850.77333486
 
   Iter Phase Ninf     Objective     RGmax    NSB   Step InItr MX OK
      6   4        5.9316329638E+02 2.0E+01     7 1.0E+00    4 F  T
     11   4        2.6486935470E+02 1.7E-05    33 1.0E+00    2 F  T
     12   4        2.6486935470E+02 2.2E-14    33
 
 ** Optimal solution. Reduced gradient less than tolerance.
 
--- Reading solution for model m
--- Executing after solve: elapsed 0:00:01.755
--- HuberQP2.gms(92) 4 Mb
*** Status: Normal completion
--- Job HuberQP2.gms Stop 09/12/21 07:52:48 elapsed 0:00:01.758
