
--- Job HuberDualQP.gms Start 09/10/21 02:15:30 36.1.0 r2c0a44a WEX-WEI x86 64bit/MS Windows
--- Applying:
    C:\GAMS\36\gmsprmNT.txt
    C:\Users\Erwin\Documents\GAMS\gamsconfig.yaml
--- GAMS Parameters defined
    Input D:\projects\OptimizationModels\HuberRegression\HuberDualQP.gms
    PageWidth 120
    PageSize 0
    PageContr 3
    Action CE
    ScrDir D:\projects\OptimizationModels\HuberRegression\225a\
    SysDir C:\GAMS\36\
    WorkDir D:\projects\OptimizationModels\HuberRegression\
    LogOption 3
    DFormat 0
    TFormat 0
    ErrorLog 99
    IDE 1
Licensee: Eval License                                   S201210/0001CO-GEN
          Amsterdam Optimization Modeling Group,                     DCE378
          C:\Users\Erwin\Documents\GAMS\gamslice.txt
          Evaluation license: Not for commercial or production use
Processor information: 1 socket(s), 4 core(s), and 8 thread(s) available
GAMS 36.1.0   Copyright (C) 1987-2021 GAMS Development. All rights reserved
--- Starting compilation
--- HuberDualQP.gms(12) 3 Mb
--- . expdata.inc(47) 3 Mb
--- HuberDualQP.gms(42) 3 Mb
--- Starting execution: elapsed 0:00:00.039
--- HuberDualQP.gms(84) 4 Mb
--- Generating QCP model m
--- HuberDualQP.gms(87) 6 Mb
---   3 rows  41 columns  121 non-zeroes
---   203 nl-code  40 nl-non-zeroes
--- HuberDualQP.gms(87) 4 Mb
--- Executing CONOPT (Solvelink=2): elapsed 0:00:00.063

CONOPT 3         36.1.0 r2c0a44a Released Aug 02, 2021 WEI x86 64bit/MS Window

 
 
    C O N O P T 3   version 3.17K
    Copyright (C)   ARKI Consulting and Development A/S
                    Bagsvaerdvej 246 A
                    DK-2880 Bagsvaerd, Denmark
 
 
   Iter Phase Ninf   Infeasibility   RGmax    NSB   Step InItr MX OK
      0   0        0.0000000000E+00 (Input point)
 
                   Pre-triangular equations:   0
                   Post-triangular equations:  1
 
      1   0        0.0000000000E+00 (After pre-processing)
      2   0        0.0000000000E+00 (After scaling)
 
 ** Feasible solution. Value of objective =    0.00000000000
 
   Iter Phase Ninf     Objective     RGmax    NSB   Step InItr MX OK
      6   3       -1.7604487462E+02 6.8E+00    24 1.0E+00   13 T  T
     11   3       -1.7649425084E+02 8.9E-01     9 8.4E-02      T  T
     16   4       -1.7657956980E+02 3.7E-03     7 1.0E+00    2 F  T
     17   4       -1.7657956980E+02 3.6E-15     7
 
 ** Optimal solution. Reduced gradient less than tolerance.
 
--- Reading solution for model m
--- Executing after solve: elapsed 0:00:00.489
--- HuberDualQP.gms(89) 4 Mb
*** Status: Normal completion
--- Job HuberDualQP.gms Stop 09/10/21 02:15:31 elapsed 0:00:00.525
