
--- Job kmeans.gms Start 06/17/21 14:52:27 34.3.0 rac355f3 WEX-WEI x86 64bit/MS Windows
--- Applying:
    C:\GAMS\34\gmsprmNT.txt
    C:\Users\Erwin\Documents\GAMS\gamsconfig.yaml
--- GAMS Parameters defined
    Input D:\projects\blog\clustering\kmeans.gms
    PageWidth 120
    PageSize 0
    PageContr 3
    Action CE
    ScrDir D:\projects\blog\clustering\225a\
    SysDir C:\GAMS\34\
    WorkDir D:\projects\blog\clustering\
    LogOption 3
    DFormat 0
    TFormat 0
    ErrorLog 99
    IDE 1
Licensee: Eval License                                   S201210/0001CO-GEN
          Amsterdam Optimization Modeling Group,                     DCE378
          C:\Users\Erwin\Documents\GAMS\gamslice.txt
          Evaluation license: Not for commercial or production use
GAMS 34.3.0   Copyright (C) 1987-2021 GAMS Development. All rights reserved
--- Starting compilation
--- kmeans.gms(126) 3 Mb
--- Starting execution: elapsed 0:00:00.180
--- kmeans.gms(102) 4 Mb
--- Generating MIQCP model kmeans
--- kmeans.gms(105) 6 Mb
---   161 rows  247 columns  721 non-zeroes
---   1,200 nl-code  240 nl-non-zeroes
---   120 discrete-columns
--- kmeans.gms(105) 4 Mb
--- Executing CPLEX (Solvelink=2): elapsed 0:00:00.439

IBM ILOG CPLEX   34.3.0 rac355f3 Released Feb 25, 2021 WEI x86 64bit/MS Window

--- GAMS/Cplex Link licensed for continuous and discrete problems.
--- GMO memory 0.58 Mb (peak 0.58 Mb)
--- Dictionary memory 0.00 Mb
--- Cplex 20.1.0.0 link memory 0.01 Mb (peak 0.02 Mb)
--- Starting Cplex

Version identifier: 20.1.0.0 | 2020-11-10 | 9bedb6d68
CPXPARAM_Advance                                 0
CPXPARAM_Threads                                 8
CPXPARAM_Parallel                                1
CPXPARAM_MIP_Display                             4
CPXPARAM_TimeLimit                               3600
CPXPARAM_MIP_Tolerances_AbsMIPGap                0
CPXPARAM_MIP_Tolerances_MIPGap                   0
Generic callback                                 0x50
Tried aggregator 1 time.
MIQCP Presolve eliminated 0 rows and 1 columns.
Reduced MIQCP has 634 rows, 726 columns, and 1908 nonzeros.
Reduced MIQCP has 120 binaries, 0 generals, 0 SOSs, and 0 indicators.
Reduced MIQCP has 120 quadratic constraints.
Presolve time = 0.09 sec. (0.76 ticks)
Probing time = 0.00 sec. (0.08 ticks)
Clique table members: 40.
MIP emphasis: balance optimality and feasibility.
MIP search method: dynamic search.
Parallel mode: deterministic, using up to 8 threads.
Tried aggregator 1 time.
LP Presolve eliminated 514 rows and 606 columns.
Aggregator did 120 substitutions.
All rows and columns eliminated.
Presolve time = 0.00 sec. (0.40 ticks)
Initializing dual steep norms . . .
Root relaxation solution time = 0.00 sec. (0.67 ticks)

        Nodes                                         Cuts/
   Node  Left     Objective  IInf  Best Integer    Best Bound    ItCnt     Gap

      0     0        0.0000     0                      0.0000        0         
      0     0        0.0000     0                    Cone: 50       46         
      0     0        0.0000    79                   Cone: 101       96         
      0     0        0.0000    88                   Cone: 154      152         
      0     0        0.0000    73                   Cone: 201      162         
      0     0        0.0000    86                   Cone: 250      198         
      0     0        0.0000    88                   Cone: 300      253         
      0     0        0.0000    88                   Cone: 356      364         
      0     0        0.0000    87                   Cone: 362      404         
      0     0        0.0000    48                   Cone: 368      439         
      0     0        0.0000    73                   Cone: 374      449         
      0     0        0.0000    78                   Cone: 380      456         
      0     0        0.0000    80                   Cone: 385      462         
      0     0        0.0000    82                   Cone: 390      467         
      0     0        0.0000    82                   Cone: 395      472         
      0     0        0.0000    82                   Cone: 400      477         
      0     0        0.0000    82                   Cone: 405      482         
      0     0        0.0000    82                   Cone: 408      485         
      0     0        0.0000    82                      0.0000      485         
*     0+    0                        42799.6774        0.0000           100.00%
Found incumbent of value 42799.677363 after 0.75 sec. (94.13 ticks)
      0     2        0.0000    60    42799.6774        0.0000      485  100.00%
Elapsed time = 0.92 sec. (133.21 ticks, tree = 0.02 MB, solutions = 1)
*   141+    3                        42206.0695        0.0000           100.00%
                                                    Cone: 113                  
Found incumbent of value 42206.069531 after 1.39 sec. (242.39 ticks)
*   147+    5                        41955.6708        0.0000           100.00%
Found incumbent of value 41955.670798 after 1.39 sec. (243.63 ticks)
*   170+    7                        39655.9190        0.0000           100.00%
Found incumbent of value 39655.919006 after 1.42 sec. (248.73 ticks)
*   350+  114                        37490.5053        0.0000           100.00%
                                                     Cone: 42                  
Found incumbent of value 37490.505296 after 1.83 sec. (324.15 ticks)
*   360+  206                        37437.8855        0.0000           100.00%
                                                      Cone: 9                  
Found incumbent of value 37437.885462 after 1.88 sec. (360.13 ticks)
    409   309    35539.9351     6    37437.8855        0.0000     2558  100.00%
*   490+  348                        34885.5291        0.0000           100.00%
                                                     Cone: 39                  
Found incumbent of value 34885.529117 after 2.30 sec. (464.08 ticks)
*   510+  409                        32718.1351        0.0000           100.00%
                                                     Cone: 18                  
Found incumbent of value 32718.135070 after 2.56 sec. (536.09 ticks)
    540   473     6247.3942    70    32718.1351        0.0000     3531  100.00%
                                                     Cone: 16                  
*   543+  452                        31017.1901        0.0000           100.00%
Found incumbent of value 31017.190136 after 2.81 sec. (620.94 ticks)
*   610+  500                        29221.5383        0.0000           100.00%
                                                     Cone: 32                  
Found incumbent of value 29221.538329 after 3.23 sec. (738.22 ticks)
*   780+  534                        28355.4288        0.0000           100.00%
                                                     Cone: 41                  
Found incumbent of value 28355.428791 after 3.55 sec. (839.72 ticks)
                                                     Cone: 19                  
    863   716    26489.8570     2    28355.4288        0.0000     5366  100.00%
*   884+  524                        26488.1723        0.0000           100.00%
Found incumbent of value 26488.172324 after 3.64 sec. (867.82 ticks)
*   944+  667                        22001.4013        0.0000           100.00%
                                                     Cone: 20                  
Found incumbent of value 22001.401324 after 3.80 sec. (926.50 ticks)
   2208  1156        cutoff          22001.4013        0.0000    10196  100.00%
                                                     Cone: 45                  
*  2464   891      integral     0    20711.5305        0.0000     8010  100.00%
                                                      Cone: 2                  
Found incumbent of value 20711.530548 after 4.33 sec. (1116.69 ticks)
   7088  3914    17303.6644    38    20711.5305        0.0000    38954  100.00%
                                                     Cone: 14                  
*  9616  4829      integral     0    19428.9243        0.0000    46435  100.00%
                                                     Cone: 49                  
Found incumbent of value 19428.924337 after 5.08 sec. (1449.77 ticks)
  12516  7559     1776.1942    82    19428.9243      564.7578    81222   97.09%
                                                      Cone: 1                  
  17405 11455    15411.3102    46    19428.9243     1990.6214   120989   89.75%
                                                      Cone: 1                  
  23085 14913    19331.5630    44    19428.9243     3144.0263   155716   83.82%
                                                      Cone: 8                  
* 25927 16671      integral     0    18076.0325     3345.1594   174653   81.49%
                                                     Cone: 10                  
Found incumbent of value 18076.032534 after 6.55 sec. (2187.36 ticks)
  28205 16213        cutoff          18076.0325     3859.1279   197174   78.65%
* 48505 29475      integral     0    18048.1865     5129.2506   348467   71.58%
                                                     Cone: 19                  
Found incumbent of value 18048.186478 after 8.14 sec. (3235.48 ticks)
  48678 29306    14889.6522    52    18048.1865     5129.2506   347039   71.58%
Elapsed time = 8.14 sec. (3243.05 ticks, tree = 14.34 MB, solutions = 43)
* 66110 41810      integral     0    17569.7708     6058.4673   484419   65.52%
                                                     Cuts: 18                  
Found incumbent of value 17569.770790 after 9.45 sec. (4073.08 ticks)
  68866 41727    14467.1225    52    17569.7708     6157.8036   513017   64.95%
  89329 53212    10724.3507    56    17569.7708     6871.6633   650940   60.89%
*104879 62285      integral     0    17356.7942     7381.6213   755235   57.47%
                                                     Cone: 27                  
Found incumbent of value 17356.794232 after 12.30 sec. (5927.97 ticks)
 108315 63741    14079.4569    58    17356.7942     7491.8034   791152   56.84%
 128417 75641        cutoff          17356.7942     7987.5227   930051   53.98%
 148333 88339    13841.1771    42    17356.7942     8382.1054  1081256   51.71%
                                                     Cone: 17                  
*149072 87583      integral     0    17096.0058     8382.1054  1072072   50.97%
Found incumbent of value 17096.005782 after 15.75 sec. (8059.70 ticks)
 167127 96553    11644.7981    56    17096.0058     8749.1697  1223663   48.82%
 186708 106358    15076.2334    64    17096.0058     9071.9067  1340606   46.94%
 206890 118491    10556.1643    59    17096.0058     9373.4216  1485201   45.17%
                                                      Cone: 6                  
*207083 117600      integral     0    17051.2798     9373.4216  1474616   45.03%
Found incumbent of value 17051.279796 after 20.39 sec. (10882.37 ticks)
 226549 126532    15162.0190    56    17051.2798     9615.4546  1602275   43.61%
 245318 138437    15893.5930    42    17051.2798     9853.8791  1749011   42.21%
Elapsed time = 23.45 sec. (12780.29 ticks, tree = 72.63 MB, solutions = 47)
 265444 148806        cutoff          17051.2798    10058.4614  1876201   41.01%
 285191 159920    16920.1352    48    17051.2798    10262.1871  2010913   39.82%
 305723 169555    16642.6577    40    17051.2798    10431.6449  2132099   38.82%
                                                     Fract: 1                  
 325074 178393    12717.3844    54    17051.2798    10609.8710  2249716   37.78%
 345443 188807    16451.1022    44    17051.2798    10766.5965  2384124   36.86%
 366213 199922        cutoff          17051.2798    10911.2912  2534525   36.01%
                                                      Cone: 4                  
 387839 209558        cutoff          17051.2798    11055.7493  2663548   35.16%
 408128 217789    17000.6264    32    17051.2798    11196.0124  2774873   34.34%
 430115 229323        cutoff          17051.2798    11313.2463  2934588   33.65%
 450824 238073    12649.9325    48    17051.2798    11441.8807  3061333   32.90%
Elapsed time = 38.03 sec. (22317.57 ticks, tree = 126.44 MB, solutions = 47)
 472480 246132    16055.0521    48    17051.2798    11559.3069  3177667   32.21%
 492469 256383    16808.0140    38    17051.2798    11671.3260  3326104   31.55%
 514329 265313    16073.9242    60    17051.2798    11781.8843  3460641   30.90%
 534128 273922    15807.3159    56    17051.2798    11881.5877  3595777   30.32%
 555529 281721        cutoff          17051.2798    11979.9002  3714342   29.74%
 577330 290677    15188.0577    54    17051.2798    12068.3279  3851736   29.22%
 598773 299432    16792.2855    59    17051.2798    12157.9859  3987897   28.70%
 620032 306319        cutoff          17051.2798    12243.8160  4097775   28.19%
                                                      Cone: 5                  
 639908 314145        cutoff          17051.2798    12330.1436  4226962   27.69%
 661723 322313    15071.9272    50    17051.2798    12417.7803  4357738   27.17%
Elapsed time = 52.19 sec. (31854.68 ticks, tree = 169.78 MB, solutions = 47)
 682624 331777        cutoff          17051.2798    12484.0409  4511818   26.79%
*684626 331817      integral     0    16763.8111    12500.7039  4512240   25.43%
                                                      Cone: 8                  
Found incumbent of value 16763.811051 after 53.86 sec. (32930.94 ticks)
 702128 312538    15169.4309    32    16763.8111    12568.5715  4625380   25.03%
 722263 319351    15654.8259    52    16763.8111    12637.5110  4752505   24.61%
 742202 326014        cutoff          16763.8111    12715.6363  4875743   24.15%
 762763 332306    16368.3817    46    16763.8111    12787.1088  4997161   23.72%
 782721 337586    14040.8372    50    16763.8111    12865.9101  5102033   23.25%
 802823 343216    16480.8968    42    16763.8111    12931.2260  5214711   22.86%
 822819 349531        cutoff          16763.8111    13009.4204  5344142   22.40%
 843508 355378        cutoff          16763.8111    13073.0329  5467930   22.02%
 862242 360584        cutoff          16763.8111    13134.6676  5586563   21.65%
Elapsed time = 66.95 sec. (41391.81 ticks, tree = 191.94 MB, solutions = 48)
 881626 364560        cutoff          16763.8111    13205.0524  5680278   21.23%
 901549 369657    16091.0979    38    16763.8111    13272.3772  5808720   20.83%
 921331 374618    15691.0649    38    16763.8111    13324.8324  5932224   20.51%
 938984 378981    15183.2050    42    16763.8111    13386.6028  6042844   20.15%
 959585 382302        cutoff          16763.8111    13444.7264  6132364   19.80%
 979451 386462        cutoff          16763.8111    13505.3339  6250361   19.44%
 997628 391905        cutoff          16763.8111    13556.7936  6402179   19.13%
 1017119 394865        cutoff          16763.8111    13614.0110  6490867   18.79%
 1037332 398865    15095.0310    48    16763.8111    13669.9478  6617499   18.46%
 1056667 401337        cutoff          16763.8111    13722.3539  6699340   18.14%
Elapsed time = 82.97 sec. (50929.03 ticks, tree = 216.03 MB, solutions = 48)
 1076462 405723        cutoff          16763.8111    13778.2035  6851656   17.81%
 1095837 408341        cutoff          16763.8111    13828.5954  6949033   17.51%
 1115977 411163    15794.0341    56    16763.8111    13880.8202  7061135   17.20%
 1135069 414243    16241.7131    32    16763.8111    13928.0711  7190157   16.92%
 1154728 416026        cutoff          16763.8111    13986.3635  7273043   16.57%
 1174438 417862    15596.7180    37    16763.8111    14036.0176  7371782   16.27%
 1193642 419758    14877.8993    32    16763.8111    14084.5184  7488270   15.98%
 1213122 421601    16450.7757    44    16763.8111    14128.3680  7582957   15.72%
 1232143 423601        cutoff          16763.8111    14178.4449  7727455   15.42%
 1251913 424648        cutoff          16763.8111    14227.1896  7815535   15.13%
Elapsed time = 100.31 sec. (60466.31 ticks, tree = 227.51 MB, solutions = 48)
 1271429 425588    15287.0484    54    16763.8111    14273.8013  7904255   14.85%
 1290269 426370    16171.9329    48    16763.8111    14319.5960  8023086   14.58%
 1309473 426876    16263.1536    48    16763.8111    14365.7585  8120680   14.30%
 1328275 427067    15609.5504    38    16763.8111    14411.5098  8208447   14.03%
 1347615 427336    16587.9817    20    16763.8111    14461.1224  8355043   13.74%
 1366760 427194    16457.2295    22    16763.8111    14507.3132  8433224   13.46%
 1384853 426923    15706.8865    32    16763.8111    14548.8067  8528862   13.21%
*1400575 425986      integral     0    16523.3822    14592.2332  8641039   11.69%
                                                     Cone: 15                  
Found incumbent of value 16523.382199 after 113.78 sec. (67919.41 ticks)
 1404102 426095    14866.1171    58    16523.3822    14595.6126  8638545   11.67%
 1421860 368394        cutoff          16523.3822    14653.1412  8764392   11.32%
 1439224 365853        cutoff          16523.3822    14699.5770  8839504   11.04%
Elapsed time = 117.75 sec. (70003.37 ticks, tree = 199.56 MB, solutions = 49)
 1454412 363139    15394.5004    50    16523.3822    14739.6762  8918369   10.80%
 1471813 360120        cutoff          16523.3822    14788.4053  8998741   10.50%
 1489375 355318        cutoff          16523.3822    14839.1150  9110958   10.19%
 1506457 351223    15468.1786    40    16523.3822    14887.6039  9196379    9.90%
 1524836 346300        cutoff          16523.3822    14940.0821  9289374    9.58%
 1543049 340890    16094.8909    56    16523.3822    14992.0799  9384299    9.27%
 1560400 334670    16446.4016    46    16523.3822    15040.7780  9485314    8.97%
 1577672 328510        cutoff          16523.3822    15088.4204  9574929    8.68%
 1594463 323404    15894.8391    42    16523.3822    15134.8176  9645983    8.40%
 1612498 317274        cutoff          16523.3822    15187.1282  9730355    8.09%
Elapsed time = 134.67 sec. (79540.58 ticks, tree = 176.56 MB, solutions = 49)
 1629647 309646    15364.4074    42    16523.3822    15231.6241  9821498    7.82%
 1646406 301744    15548.2540    64    16523.3822    15277.5371  9913346    7.54%
 1663997 294742    15812.2778    62    16523.3822    15330.5867  9989244    7.22%
*1665790 292830      integral     0    16523.3821    15333.3303 10008783    7.20%
Found incumbent of value 16523.382086 after 140.19 sec. (82512.44 ticks)
 1680578 288707        cutoff          16523.3821    15374.8509 10050892    6.95%
                                                     Cone: 11                  
 1696912 278952        cutoff          16523.3821    15428.3431 10143708    6.63%
 1712758 268680        cutoff          16523.3821    15464.2998 10233680    6.41%
                                                      Cone: 5                  
 1729017 261441    16445.7390    34    16523.3821    15514.3263 10291791    6.11%
 1745604 250950        cutoff          16523.3821    15557.5840 10376459    5.85%
 1761619 242687    16311.0960    38    16523.3821    15599.4862 10440531    5.59%
 1825802 198984        cutoff          16523.3821    15791.7738 10734221    4.43%
Elapsed time = 158.14 sec. (91938.65 ticks, tree = 119.70 MB, solutions = 50)
 1889628 157122        cutoff          16523.3821    15974.4805 10972866    3.32%
 1952816 108118        cutoff          16523.3821    16155.4648 11210111    2.23%
*1982446 83827      integral     0    16523.3820    16239.6881 11312941    1.72%
                                                      Cone: 4                  
Found incumbent of value 16523.382026 after 176.66 sec. (101390.12 ticks)
 2014752 56700        cutoff          16523.3820    16332.2182 11415270    1.16%
 2075351  1135        cutoff          16523.3820    16519.2658 11578543    0.02%
                                                      Cone: 1                  

Gomory fractional cuts applied:  6
Cone linearizations applied:  635

Root node processing (before b&c):
  Real time             =    0.86 sec. (133.37 ticks)
Parallel b&c, 8 threads:
  Real time             =  189.64 sec. (107136.10 ticks)
  Sync time (average)   =   33.70 sec.
  Wait time (average)   =    0.00 sec.
                          ------------
Total (root+branch&cut) =  190.50 sec. (107269.47 ticks)

--- MIQCP status (101): integer optimal solution.
--- Cplex Time: 190.50sec (det. 107269.47 ticks)

--- Returning a primal only solution to GAMS (marginals all set to NA).

Proven optimal solution
MIP Solution:        16523.382026    (11580969 iterations, 2076464 nodes)

Best possible:       16523.382026
Absolute gap:            0.000000
Relative gap:            0.000000

--- Reading solution for model kmeans
***
*** Solver did not provide marginals for model kmeans
***
--- Executing after solve: elapsed 0:03:11.936
--- kmeans.gms(106) 4 Mb
--- Generating MIQCP model kmeans2
--- kmeans.gms(108) 6 Mb
---   163 rows  247 columns  725 non-zeroes
---   1,200 nl-code  240 nl-non-zeroes
---   120 discrete-columns
--- kmeans.gms(108) 4 Mb
--- Executing CPLEX (Solvelink=2): elapsed 0:03:11.977

IBM ILOG CPLEX   34.3.0 rac355f3 Released Feb 25, 2021 WEI x86 64bit/MS Window

--- GAMS/Cplex Link licensed for continuous and discrete problems.
--- GMO memory 0.58 Mb (peak 0.58 Mb)
--- Dictionary memory 0.00 Mb
--- Cplex 20.1.0.0 link memory 0.01 Mb (peak 0.02 Mb)
--- Starting Cplex

Version identifier: 20.1.0.0 | 2020-11-10 | 9bedb6d68
CPXPARAM_Advance                                 2
CPXPARAM_Threads                                 8
CPXPARAM_Parallel                                1
CPXPARAM_MIP_Display                             4
CPXPARAM_TimeLimit                               3600
CPXPARAM_MIP_Tolerances_AbsMIPGap                0
CPXPARAM_MIP_Tolerances_MIPGap                   0
Generic callback                                 0x50
Tried aggregator 1 time.
MIQCP Presolve eliminated 0 rows and 1 columns.
Reduced MIQCP has 636 rows, 726 columns, and 1912 nonzeros.
Reduced MIQCP has 120 binaries, 0 generals, 0 SOSs, and 0 indicators.
Reduced MIQCP has 120 quadratic constraints.
Presolve time = 0.05 sec. (0.77 ticks)
Probing time = 0.00 sec. (0.08 ticks)
Clique table members: 40.
MIP emphasis: balance optimality and feasibility.
MIP search method: dynamic search.
Parallel mode: deterministic, using up to 8 threads.
Tried aggregator 1 time.
LP Presolve eliminated 516 rows and 606 columns.
Aggregator did 120 substitutions.
All rows and columns eliminated.
Presolve time = 0.00 sec. (0.40 ticks)
Initializing dual steep norms . . .
Root relaxation solution time = 0.00 sec. (0.68 ticks)

        Nodes                                         Cuts/
   Node  Left     Objective  IInf  Best Integer    Best Bound    ItCnt     Gap

      0     0        0.0000     0                      0.0000        0         
      0     0        0.0000     0                    Cone: 50       29         
      0     0        0.0000    49                    Cone: 96       77         
      0     0        0.0000    84                   Cone: 145      127         
      0     0        0.0000    86                   Cone: 195      177         
      0     0        0.0000    88                   Cone: 245      227         
      0     0        0.0000    88                   Cone: 253      235         
      0     0        0.0000    88                      0.0000      235         
*     0+    0                        33445.0612        0.0000           100.00%
Found incumbent of value 33445.061220 after 0.58 sec. (78.26 ticks)
*     0+    0                        31727.2888        0.0000           100.00%
Found incumbent of value 31727.288839 after 1.19 sec. (179.96 ticks)
      0     2        0.0000    65    31727.2888        0.0000      235  100.00%
Elapsed time = 2.41 sec. (376.02 ticks, tree = 0.02 MB, solutions = 2)
*    21+    2                        27726.3747        0.0000           100.00%
                                                    Cone: 571                  
Found incumbent of value 27726.374731 after 2.88 sec. (492.65 ticks)
*   109+    1                        27036.2191        0.0000           100.00%
                                                    Cone: 273                  
Found incumbent of value 27036.219122 after 3.28 sec. (582.60 ticks)
    173   148    15364.9258    22    27036.2191        0.0000     1301  100.00%
                                                     Cone: 58                  
*   180+    4                        26338.7985        0.0000           100.00%
Found incumbent of value 26338.798514 after 3.48 sec. (624.63 ticks)
   1201   775    20709.4577    32    26338.7985        0.0000     8876  100.00%
                                                    Cuts: 385                  
*  2338+ 1262                        23803.9189        0.0000           100.00%
                                                    Cuts: 161                  
Found incumbent of value 23803.918915 after 5.09 sec. (1057.44 ticks)
   2586  2042     5676.6328    64    23803.9189        0.0000    30843  100.00%
                                                     Cone: 91                  
   4130  2990        cutoff          23803.9189        0.0000    56243  100.00%
                                                     Cone: 42                  
   6210  4573    17777.7932    52    23803.9189      273.7007    82669   98.85%
                                                     Cone: 80                  
   8375  6259    23782.9681    36    23803.9189      612.7380   116485   97.43%
  10724  8143    19220.4623    44    23803.9189     1098.5697   144995   95.38%
                                                     Cone: 40                  
  12874 10235        cutoff          23803.9189     1728.5005   176879   92.74%
                                                     Cone: 94                  
* 13553 10285      integral     0    22644.5789     1821.6174   177564   91.96%
                                                     Cone: 40                  
Found incumbent of value 22644.578914 after 7.98 sec. (2375.73 ticks)
* 14303 10264      integral     0    18293.6686     1932.0847   193676   89.44%
                                                     Cone: 85                  
Found incumbent of value 18293.668611 after 8.22 sec. (2492.03 ticks)
  14514  7267    17977.6135    54    18293.6686     1938.3530   207134   89.40%
                                                     Cone: 40                  
  21890 12456    10203.2668    62    18293.6686     3185.1849   337806   82.59%
Elapsed time = 9.63 sec. (3476.87 ticks, tree = 8.54 MB, solutions = 14)
  29051 17223    16743.9054    48    18293.6686     3919.2515   444850   78.58%
  36669 21972    14339.5817    44    18293.6686     4728.2264   557495   74.15%
  43085 26874    15529.2549    50    18293.6686     5419.4378   670615   70.38%
  49896 31276     8089.9641    66    18293.6686     5800.0750   779774   68.29%
                                                     Cone: 40                  
  57411 36313        cutoff          18293.6686     6190.8785   895843   66.16%
  64851 41326    12235.5649    36    18293.6686     6583.3362  1018576   64.01%
  72354 46182    14019.4638    50    18293.6686     6899.0752  1135402   62.29%
                                                    Cone: 108                  
  79425 51845    12971.2289    56    18293.6686     7195.2001  1271803   60.67%
  86652 56155    18290.6800    58    18293.6686     7457.9618  1374335   59.23%
  93700 60532    17058.2723    54    18293.6686     7686.4339  1479440   57.98%
Elapsed time = 24.41 sec. (13014.79 ticks, tree = 43.40 MB, solutions = 14)
 100899 65302     9549.6777    60    18293.6686     7888.3938  1599193   56.88%
 108060 69819    14922.7166    60    18293.6686     8070.6040  1707128   55.88%
 115461 74418    15486.2227    30    18293.6686     8239.5296  1807651   54.96%
 122844 79860        cutoff          18293.6686     8402.1977  1914609   54.07%
                                                     Cone: 55                  
*126918+81481                        18171.7563     8478.9872            53.34%
                                                    Cone: 123                  
Found incumbent of value 18171.756261 after 31.56 sec. (17382.41 ticks)
 129649 83290    17807.6845    54    18171.7563     8567.4348  2009174   52.85%
                                                     Cone: 69                  
 136290 87058    15469.4471    58    18171.7563     8710.0828  2092984   52.07%
 143003 91963    17548.7237    34    18171.7563     8841.6348  2210152   51.34%
 149906 96047    18094.8219    42    18171.7563     8984.5267  2303493   50.56%
 156907 99732    18023.9942    48    18171.7563     9114.5990  2384901   49.84%
 163813 103732    14288.6093    40    18171.7563     9260.0110  2478932   49.04%
Elapsed time = 40.20 sec. (22552.49 ticks, tree = 77.17 MB, solutions = 15)
 170805 108299    12041.5689    63    18171.7563     9372.0185  2585733   48.43%
*175802 110625      integral     0    17742.0232     9433.8023  2640876   46.83%
                                                    Cone: 141                  
Found incumbent of value 17742.023168 after 42.92 sec. (24202.50 ticks)
 177675 111978    16291.2928    38    17742.0232     9469.2061  2670411   46.63%
 184308 108609    13180.2662    56    17742.0232     9566.4218  2772538   46.08%
 190924 112824    17683.0923    60    17742.0232     9666.3572  2879318   45.52%
 197262 116094    16923.7146    46    17742.0232     9780.4149  2965425   44.87%
                                                     Cone: 70                  
 204145 120270    12518.9316    61    17742.0232     9877.9916  3069984   44.32%
 210589 123706    16510.8044    44    17742.0232     9984.2895  3160477   43.73%
                                                     Cone: 67                  
 216894 127240    16641.6361    50    17742.0232    10045.3281  3252441   43.38%
 223252 131034        cutoff          17742.0232    10119.8271  3351080   42.96%
 229767 134480    15182.4160    44    17742.0232    10196.4622  3435229   42.53%
Elapsed time = 56.58 sec. (32090.54 ticks, tree = 103.71 MB, solutions = 16)
 236417 138305        cutoff          17742.0232    10270.9597  3529130   42.11%
 242793 142128        cutoff          17742.0232    10347.0047  3623088   41.68%
*246873 143648      integral     0    17393.7958    10393.0608  3663951   40.25%
                                                     Cone: 57                  
Found incumbent of value 17393.795826 after 60.89 sec. (34622.34 ticks)
 249017 136245    13956.5464    32    17393.7958    10416.9979  3711001   40.11%
 255466 139287    14899.6615    42    17393.7958    10485.2613  3793148   39.72%
 261858 142775        cutoff          17393.7958    10551.2262  3886719   39.34%
 268081 146068        cutoff          17393.7958    10621.9169  3972020   38.93%
 274047 149665        cutoff          17393.7958    10688.9817  4063387   38.55%
 280420 151652    16779.6003    44    17393.7958    10748.0689  4119963   38.21%
 286794 155503    16682.9106    56    17393.7958    10814.9770  4220668   37.82%
 293039 159267    16102.6793    42    17393.7958    10874.3646  4318801   37.48%
Elapsed time = 73.44 sec. (41628.32 ticks, tree = 125.16 MB, solutions = 17)
 299537 161628    14940.1928    46    17393.7958    10934.7790  4383170   37.13%
 305968 165510    15781.0131    39    17393.7958    10998.7957  4488913   36.77%
 312190 168385    14782.4735    44    17393.7958    11047.2029  4554353   36.49%
 318467 171946    13115.5782    42    17393.7958    11110.6250  4652876   36.12%
 324925 174593        cutoff          17393.7958    11161.7517  4727606   35.83%
 330647 177761    16296.2245    50    17393.7958    11216.3558  4809344   35.52%
 336987 181192    15495.1685    60    17393.7958    11266.1896  4904774   35.23%
 343407 183562    15575.2880    48    17393.7958    11321.1728  4968332   34.91%
 349943 186733    13417.3772    38    17393.7958    11370.4913  5058650   34.63%
 356438 190365    15498.3255    38    17393.7958    11419.7171  5150480   34.35%
Elapsed time = 89.91 sec. (51167.08 ticks, tree = 149.47 MB, solutions = 17)
 363290 193718    14555.6179    50    17393.7958    11469.3947  5243840   34.06%
 370137 197052    12604.2791    56    17393.7958    11518.6954  5331970   33.78%
 376584 199403    14692.5177    52    17393.7958    11565.6745  5393400   33.51%
 383504 202736    13539.3277    58    17393.7958    11615.6000  5491291   33.22%
 390257 206212    16511.1007    56    17393.7958    11662.5491  5581314   32.95%
 396985 208876    13280.2159    46    17393.7958    11706.7142  5661184   32.70%
 403815 212377    16202.5482    57    17393.7958    11751.0126  5748533   32.44%
 410868 215472        cutoff          17393.7958    11796.7181  5836904   32.18%
 417588 219093        cutoff          17393.7958    11836.6925  5934567   31.95%
 424698 222332    12040.2960    50    17393.7958    11877.7576  6019534   31.71%
Elapsed time = 106.17 sec. (60704.82 ticks, tree = 176.47 MB, solutions = 17)
 431523 225268        cutoff          17393.7958    11916.1628  6098270   31.49%
 437792 228827    14585.1243    48    17393.7958    11956.6891  6191454   31.26%
 444752 231952    17083.6010    58    17393.7958    11999.3189  6273515   31.01%
 451882 234528        cutoff          17393.7958    12031.5709  6347134   30.83%
 458633 237936    15155.4732    30    17393.7958    12074.9151  6440343   30.58%
                                                     Cone: 80                  
 465470 241005        cutoff          17393.7958    12112.4090  6527482   30.36%
 472162 244305    16544.9983    28    17393.7958    12153.2684  6623651   30.13%
 478532 247127    16381.0004    52    17393.7958    12189.3312  6701892   29.92%
 485115 249680        cutoff          17393.7958    12225.1247  6785376   29.72%
 491894 252609    16499.5312    30    17393.7958    12262.3388  6862960   29.50%
Elapsed time = 122.25 sec. (70243.48 ticks, tree = 202.81 MB, solutions = 17)
 498601 254954        cutoff          17393.7958    12293.6053  6946044   29.32%
 505347 258293    16023.5350    52    17393.7958    12333.1098  7036433   29.09%
 512034 261589    14141.5805    40    17393.7958    12371.4742  7140828   28.87%
 518627 263655    16197.7604    30    17393.7958    12405.4899  7202534   28.68%
 524908 266269    16841.4676    34    17393.7958    12440.0089  7284730   28.48%
 531038 269332        cutoff          17393.7958    12469.2121  7376041   28.31%
 537635 272166    15831.0193    32    17393.7958    12502.9799  7470666   28.12%
 544537 274477        cutoff          17393.7958    12530.2545  7540891   27.96%
 551105 277813    13776.8913    60    17393.7958    12564.0407  7639072   27.77%
 557987 280126    16301.7793    46    17393.7958    12595.7622  7709697   27.58%
Elapsed time = 138.11 sec. (79781.37 ticks, tree = 227.71 MB, solutions = 17)
 564624 282733    17344.5994    52    17393.7958    12626.6256  7789439   27.41%
 571172 286132    15941.2178    34    17393.7958    12654.5923  7890696   27.25%
 577790 288988    16142.5198    58    17393.7958    12684.7760  7983685   27.07%
 584496 291199    15976.3625    24    17393.7958    12713.4149  8056166   26.91%
 591351 293713    16169.1444    56    17393.7958    12743.7691  8124076   26.73%
*596306 295317      integral     0    16894.2851    12764.2965  8176449   24.45%
Found incumbent of value 16894.285117 after 147.25 sec. (85284.46 ticks)
 597828 296134        cutoff          16894.2851    12769.3765  8201635   24.42%
                                                     Cone: 52                  
 604278 258630    15091.4762    40    16894.2851    12799.1209  8303250   24.24%
 610825 260665    15572.2614    36    16894.2851    12825.2665  8376522   24.09%
 617323 263180        cutoff          16894.2851    12850.0900  8476838   23.94%
 642763 270710    16619.4599    32    16894.2851    12971.0877  8780321   23.22%
Elapsed time = 158.83 sec. (92180.39 ticks, tree = 221.89 MB, solutions = 18)
 667879 278370        cutoff          16894.2851    13085.6769  9088803   22.54%
 693074 285833    16465.8464    30    16894.2851    13194.5998  9411338   21.90%
 717813 292025    15649.0443    60    16894.2851    13301.8874  9681100   21.26%
                                                     Cone: 40                  
 742328 299086    16623.7950    48    16894.2851    13405.8489  9986273   20.65%
 767079 305625    15822.9257    36    16894.2851    13502.1593 10293120   20.08%
 790602 311484    14307.0774    46    16894.2851    13592.6476 10567047   19.54%
 815646 316359        cutoff          16894.2851    13679.5815 10824131   19.03%
*831899 320116      integral     0    16523.3832    13740.3644 11026496   16.84%
                                                     Cone: 59                  
Found incumbent of value 16523.383250 after 210.27 sec. (121464.89 ticks)
 839308 274433        cutoff          16523.3832    13769.4445 11133419   16.67%
 862881 277009        cutoff          16523.3832    13855.8535 11380245   16.14%
 886116 279286    16048.6250    36    16523.3832    13954.2348 11659512   15.55%
Elapsed time = 225.91 sec. (130328.52 ticks, tree = 231.50 MB, solutions = 19)
 910151 281303        cutoff          16523.3832    14044.7242 11907345   15.00%
 933149 282712    16306.8592    24    16523.3832    14135.0195 12181293   14.45%
 956546 283168    16449.5421    52    16523.3832    14219.7346 12404786   13.94%
 979720 283140    15722.3415    46    16523.3832    14305.9015 12644167   13.42%
 1002626 282612    16182.1690    42    16523.3832    14395.7143 12904341   12.88%
 1025722 281532        cutoff          16523.3832    14478.9950 13119307   12.37%
 1048455 279722    15029.3459    36    16523.3832    14560.1924 13394775   11.88%
 1071149 277869    15334.9537    32    16523.3832    14640.9906 13596797   11.39%
 1093843 274902        cutoff          16523.3832    14717.0359 13840936   10.93%
 1116488 272051    16103.0727    44    16523.3832    14795.0361 14046496   10.46%
Elapsed time = 293.44 sec. (168477.53 ticks, tree = 228.02 MB, solutions = 19)
 1138738 268515        cutoff          16523.3832    14869.7776 14244635   10.01%
 1160951 264043    15467.4425    44    16523.3832    14942.6009 14449065    9.57%
 1183637 258116        cutoff          16523.3832    15017.1102 14671536    9.12%
 1206522 251673    16409.6216    36    16523.3832    15086.6731 14881211    8.70%
 1229127 244327    16173.9215    28    16523.3832    15160.8439 15086592    8.25%
 1251617 236973    16055.8847    24    16523.3832    15235.6000 15261733    7.79%
 1273966 229214        cutoff          16523.3832    15311.0984 15440431    7.34%
 1296224 219795    15491.8437    54    16523.3832    15384.7155 15629802    6.89%
 1318312 210354        cutoff          16523.3832    15455.9839 15800026    6.46%
 1340387 199632        cutoff          16523.3832    15525.0200 15975637    6.04%
Elapsed time = 363.52 sec. (206625.64 ticks, tree = 172.25 MB, solutions = 19)
 1362270 188328        cutoff          16523.3832    15595.2484 16140316    5.62%
 1383819 176054        cutoff          16523.3832    15666.2016 16301240    5.19%
 1405333 165337        cutoff          16523.3832    15745.0172 16431607    4.71%
 1426534 150714        cutoff          16523.3832    15822.6239 16589951    4.24%
 1447749 136404        cutoff          16523.3832    15904.8180 16731637    3.74%
 1469039 121438        cutoff          16523.3832    15981.4662 16864552    3.28%
 1490118 105655        cutoff          16523.3832    16053.4293 16991666    2.84%
 1510787 91342        cutoff          16523.3832    16125.4964 17097649    2.41%
                                                     Cone: 40                  
 1531360 74713        cutoff          16523.3832    16201.8316 17211863    1.95%
 1551902 58028        cutoff          16523.3832    16276.6231 17314307    1.49%
Elapsed time = 437.19 sec. (244774.56 ticks, tree = 60.74 MB, solutions = 19)
 1572409 40507        cutoff          16523.3832    16351.4167 17407801    1.04%
 1592916 22494        cutoff          16523.3832    16430.9007 17489385    0.56%
 1613487  3649        cutoff          16523.3832    16508.8421 17556454    0.09%

Gomory fractional cuts applied:  13
Cone linearizations applied:  3290

Root node processing (before b&c):
  Real time             =    2.41 sec. (375.94 ticks)
Parallel b&c, 8 threads:
  Real time             =  460.17 sec. (256536.71 ticks)
  Sync time (average)   =   44.92 sec.
  Wait time (average)   =    0.00 sec.
                          ------------
Total (root+branch&cut) =  462.58 sec. (256912.65 ticks)

--- MIQCP status (101): integer optimal solution.
--- Cplex Time: 462.59sec (det. 256912.65 ticks)

--- Returning a primal only solution to GAMS (marginals all set to NA).

Proven optimal solution
MIP Solution:        16523.383250    (17567015 iterations, 1617190 nodes)

Best possible:       16523.383250
Absolute gap:            0.000000
Relative gap:            0.000000

--- Reading solution for model kmeans2
***
*** Solver did not provide marginals for model kmeans2
***
--- Executing after solve: elapsed 0:10:55.258
--- kmeans.gms(121) 4 Mb
*** Status: Normal completion
--- Job kmeans.gms Stop 06/17/21 15:03:22 elapsed 0:10:55.263
