
--- Job readJson.gms Start 12/26/21 17:41:37 37.1.0 r07954d5 WEX-WEI x86 64bit/MS Windows
--- Applying:
    C:\GAMS\37\gmsprmNT.txt
    C:\Users\Erwin\Documents\GAMS\gamsconfig.yaml
--- GAMS Parameters defined
    Input D:\projects\OptimizationModels\ReadJSON\readJson.gms
    PageWidth 130
    PageSize 0
    PageContr 3
    Action CE
    ScrDir D:\projects\OptimizationModels\ReadJSON\225a\
    SysDir C:\GAMS\37\
    WorkDir D:\projects\OptimizationModels\ReadJSON\
    LogOption 3
    DFormat 0
    TFormat 0
    ErrorLog 99
    IDE 1
Licensee: Eval License                                   G211206|0002CO-GEN
          Amsterdam Optimization Modeling Group,                     DCE378
          C:\Users\Erwin\Documents\GAMS\gamslice.txt
          License Admin: Erwin Kalvelagen, info@amsterdamoptimization.com  
          Evaluation license: Not for commercial or production use
Processor information: 1 socket(s), 4 core(s), and 8 thread(s) available
GAMS 37.1.0   Copyright (C) 1987-2021 GAMS Development. All rights reserved
--- Starting compilation
--- readJson.gms(62) 2 Mb
--- Initialize embedded library embpycclib64.dll
--- Execute embedded library embpycclib64.dll
--- readJson.gms(62) 2 Mb  6 secs
read EMISS.txt
lines:5119
--- readJson.gms(62) 9 Mb  6 secs
--- readJson.gms(64) 9 Mb
--- Starting execution: elapsed 0:00:06.777
--- readJson.gms(64) 10 Mb
--- GDX File (execute_unload) D:\projects\OptimizationModels\ReadJSON\EMISS.gdx
*** Status: Normal completion
--- Job readJson.gms Stop 12/26/21 17:41:44 elapsed 0:00:07.142
