
--- Job invert.gms Start 09/03/21 10:06:28 36.1.0 r2c0a44a WEX-WEI x86 64bit/MS Windows
--- Applying:
    C:\GAMS\36\gmsprmNT.txt
    C:\Users\Erwin\Documents\GAMS\gamsconfig.yaml
--- GAMS Parameters defined
    Input D:\projects\OptimizationModels\LinSolve\invert.gms
    PageWidth 120
    PageSize 0
    PageContr 3
    Action CE
    ScrDir D:\projects\OptimizationModels\LinSolve\225a\
    SysDir C:\GAMS\36\
    WorkDir D:\projects\OptimizationModels\LinSolve\
    LogOption 3
    DFormat 0
    TFormat 0
    Profile 1
    ErrorLog 99
    IDE 1
    GDX D:\projects\OptimizationModels\LinSolve\yy.gdx
Licensee: Eval License                                   S201210/0001CO-GEN
          Amsterdam Optimization Modeling Group,                     DCE378
          C:\Users\Erwin\Documents\GAMS\gamslice.txt
          Evaluation license: Not for commercial or production use
Processor information: 1 socket(s), 4 core(s), and 8 thread(s) available
GAMS 36.1.0   Copyright (C) 1987-2021 GAMS Development. All rights reserved
--- Starting compilation
--- invert.gms(22) 3 Mb
--- . invert.inc(73) 3 Mb
--- invert.gms(37) 3 Mb
--- Starting execution: elapsed 0:00:00.041
--- invert.gms(33) 36 Mb
--- Initialize embedded library embpycclib64.dll
--- Execute embedded library embpycclib64.dll
--- 
### invert.inc
--- invert.gms(33) 36 Mb  23 secs
--- .. Copied data from i,A (22.7s)
--- .. Inverted A (0.6s)
--- invert.gms(33) 36 Mb  45 secs
--- .. Created GAMS sparse matrix B (21.2s)
--- .. Total elapsed 44.4s
--- invert.gms(33) 67 Mb  45 secs
--- invert.gms(105) 68 Mb
--- GDX File D:\projects\OptimizationModels\LinSolve\yy.gdx
--- Profile Summary (8 records processed)
    46.125   0.068GB        33 EmbeddedCode
     0.672   0.068GB       105 GAMS Fini   
     0.515   0.036GB        18 Assignment a (1000000)
*** Status: Normal completion
--- Job invert.gms Stop 09/03/21 10:07:15 elapsed 0:00:47.918
