
--- Job invert2.gms Start 09/03/21 23:50:00 36.1.0 r2c0a44a WEX-WEI x86 64bit/MS Windows
--- Applying:
    C:\GAMS\36\gmsprmNT.txt
    C:\Users\Erwin\Documents\GAMS\gamsconfig.yaml
--- GAMS Parameters defined
    Input D:\projects\OptimizationModels\LinSolve\invert2.gms
    PageWidth 120
    PageSize 0
    PageContr 3
    Action CE
    ScrDir D:\projects\OptimizationModels\LinSolve\225a\
    SysDir C:\GAMS\36\
    WorkDir D:\projects\OptimizationModels\LinSolve\
    LogOption 3
    DFormat 0
    TFormat 0
    Profile 1
    ErrorLog 99
    IDE 1
    GDX D:\projects\OptimizationModels\LinSolve\zz.gdx
Licensee: Eval License                                   S201210/0001CO-GEN
          Amsterdam Optimization Modeling Group,                     DCE378
          C:\Users\Erwin\Documents\GAMS\gamslice.txt
          Evaluation license: Not for commercial or production use
Processor information: 1 socket(s), 4 core(s), and 8 thread(s) available
GAMS 36.1.0   Copyright (C) 1987-2021 GAMS Development. All rights reserved
--- Starting compilation
--- invert2.gms(23) 3 Mb
--- . linalg.gms(168) 3 Mb
--- invert2.gms(38) 3 Mb
--- Starting execution: elapsed 0:00:00.126
--- invert2.gms(107) 36 Mb
--- Initialize embedded library embpycclib64.dll
--- Execute embedded library embpycclib64.dll
--- invert2.gms(107) 65 Mb  80 secs
--- invert2.gms(131) 68 Mb
--- GDX File D:\projects\OptimizationModels\LinSolve\zz.gdx
--- Profile Summary (8 records processed)
    84.844   0.068GB       107 EmbeddedCode
     1.000   0.036GB        19 Assignment a (1000000)
     0.828   0.068GB       131 GAMS Fini   
     0.016   0.036GB        20 Assignment a (1000000)
*** Status: Normal completion
--- Job invert2.gms Stop 09/03/21 23:51:27 elapsed 0:01:26.946
