
--- Job RegionalIO.gms Start 09/04/21 06:48:48 36.1.0 r2c0a44a WEX-WEI x86 64bit/MS Windows
--- Applying:
    C:\GAMS\36\gmsprmNT.txt
    C:\Users\Erwin\Documents\GAMS\gamsconfig.yaml
--- GAMS Parameters defined
    Input D:\projects\OptimizationModels\LinSolve\RegionalIO.gms
    PageWidth 120
    PageSize 0
    PageContr 3
    Action CE
    ScrDir D:\projects\OptimizationModels\LinSolve\225a\
    SysDir C:\GAMS\36\
    WorkDir D:\projects\OptimizationModels\LinSolve\
    LogOption 3
    DFormat 0
    TFormat 0
    ErrorLog 99
    IDE 1
Licensee: Eval License                                   S201210/0001CO-GEN
          Amsterdam Optimization Modeling Group,                     DCE378
          C:\Users\Erwin\Documents\GAMS\gamslice.txt
          Evaluation license: Not for commercial or production use
Processor information: 1 socket(s), 4 core(s), and 8 thread(s) available
GAMS 36.1.0   Copyright (C) 1987-2021 GAMS Development. All rights reserved
--- Starting compilation
--- RegionalIO.gms(27) 2 Mb
--- GDXin=D:\projects\OptimizationModels\LinSolve\WIOT2014_Nov16_ROW.gdx
--- GDX File ($gdxIn) D:\projects\OptimizationModels\LinSolve\WIOT2014_Nov16_ROW.gdx
--- RegionalIO.gms(28) 180 Mb  3 secs
--- RegionalIO.gms(107) 182 Mb
--- . leontief.inc(123) 182 Mb
--- RegionalIO.gms(127) 182 Mb
--- Starting execution: elapsed 0:00:03.983
--- RegionalIO.gms(88) 348 Mb  5 secs
--- RegionalIO.gms(124) 348 Mb
--- Initialize embedded library embpycclib64.dll
--- Execute embedded library embpycclib64.dll
--- 
### leontief.inc
--- RegionalIO.gms(124) 348 Mb  3 secs
--- .. load set ir
--- .... [(1, 2), (1, 3), (1, 4), (1, 5), (1, 6)] (max 5 shown)
--- .. size of matrices=(2464x2464)
--- .. dim=2 (dimension of row and column indices)
--- .. load parameter A
--- RegionalIO.gms(124) 348 Mb  110 secs
--- .... [(1, 2, 1, 2, 0.18386407200550084), (1, 2, 1, 3, 7.197579108529846e-07), (1, 2, 1, 4, 0.0012117308746341531)] (max 3 shown)
--- .. loaded gams data ir,A (109.3s)
--- RegionalIO.gms(124) 348 Mb  130 secs
--- .. Created matrix I-A (19.2s)
--- RegionalIO.gms(124) 348 Mb  135 secs
--- .. Inverted matrix I-A (3.2s)
--- RegionalIO.gms(124) 348 Mb  305 secs
--- .. Created matrix L (170.3s)
--- .. elapsed 302.1s
--- RegionalIO.gms(124) 546 Mb  310 secs
--- RegionalIO.gms(240) 657 Mb  35 secs
--- RegionalIO.gms(242) 657 Mb  4 secs
--- RegionalIO.gms(247) 657 Mb  4 secs
--- RegionalIO.gms(248) 657 Mb  4 secs
*** Status: Normal completion
--- Job RegionalIO.gms Stop 09/04/21 06:55:07 elapsed 0:06:19.491
