
--- Job mst.gms Start 06/18/21 12:49:15 34.3.0 rac355f3 WEX-WEI x86 64bit/MS Windows
--- Applying:
    C:\GAMS\34\gmsprmNT.txt
    C:\Users\Erwin\Documents\GAMS\gamsconfig.yaml
--- GAMS Parameters defined
    Input D:\projects\blog\MST\mst.gms
    PageWidth 120
    PageSize 0
    PageContr 3
    Action CE
    ScrDir D:\projects\blog\MST\225a\
    SysDir C:\GAMS\34\
    WorkDir D:\projects\blog\MST\
    LogOption 3
    DFormat 0
    TFormat 0
    ErrorLog 99
    IDE 1
Licensee: Eval License                                   S201210/0001CO-GEN
          Amsterdam Optimization Modeling Group,                     DCE378
          C:\Users\Erwin\Documents\GAMS\gamslice.txt
          Evaluation license: Not for commercial or production use
GAMS 34.3.0   Copyright (C) 1987-2021 GAMS Development. All rights reserved
--- Starting compilation
--- mst.gms(304) 3 Mb
--- Starting execution: elapsed 0:00:00.033
--- mst.gms(211) 4 Mb
--- Generating RMIP model m1
--- mst.gms(213) 42 Mb
---   72,325 rows  72,325 columns  284,131 non-zeroes
---   72,324 discrete-columns
--- Executing CPLEX (Solvelink=2): elapsed 0:00:00.965

IBM ILOG CPLEX   34.3.0 rac355f3 Released Feb 25, 2021 WEI x86 64bit/MS Window

--- GAMS/Cplex Link licensed for continuous and discrete problems.
--- Space for names approximately 3.48 Mb
--- Use option 'names no' to turn use of names off
--- GMO memory 30.05 Mb (peak 30.61 Mb)
--- Dictionary memory 0.00 Mb
--- Cplex 20.1.0.0 link memory 2.21 Mb (peak 10.65 Mb)
--- Starting Cplex

Version identifier: 20.1.0.0 | 2020-11-10 | 9bedb6d68
CPXPARAM_Advance                                 0
CPXPARAM_Threads                                 8
CPXPARAM_Parallel                                1
CPXPARAM_MIP_Display                             4
CPXPARAM_MIP_Tolerances_AbsMIPGap                0
CPXPARAM_MIP_Tolerances_MIPGap                   0
Parallel mode: deterministic, using up to 8 threads for concurrent optimization:
 * Starting dual Simplex on 1 thread...
 * Starting Barrier on 6 threads...
 * Starting primal Simplex on 1 thread...
Tried aggregator 1 time.
LP Presolve eliminated 41 rows and 1 columns.
Reduced LP has 72283 rows, 72324 columns, and 279046 nonzeros.
Presolve time = 0.98 sec. (125.60 ticks)
Initializing dual steep norms . . .

Iteration log . . .
Iteration:     1   Dual objective     =             0.000000
Perturbation started.
Iteration:   101   Dual objective     =             0.000000
Iteration:   868   Dual objective     =             0.000014
Iteration:  1594   Dual objective     =             0.000023
Iteration:  2385   Dual objective     =             0.000032
Iteration:  3156   Dual objective     =             0.000039
Iteration:  3896   Dual objective     =             0.000045
Iteration:  4609   Dual objective     =             6.000042
Iteration:  5280   Dual objective     =            47.000051
Iteration:  5921   Dual objective     =           132.000057
Iteration:  6533   Dual objective     =           152.000063
Iteration:  7172   Dual objective     =           187.000065
Iteration:  7757   Dual objective     =           212.000075
Iteration:  8342   Dual objective     =           246.000077
Iteration:  8920   Dual objective     =           286.000083
Iteration:  9472   Dual objective     =           316.000091
Iteration: 10007   Dual objective     =           338.000091
Iteration: 10546   Dual objective     =           342.000084
Iteration: 11093   Dual objective     =           357.000088
Iteration: 11597   Dual objective     =           398.000081
Iteration: 12151   Dual objective     =           407.000087
Iteration: 12684   Dual objective     =           413.000088
Iteration: 13224   Dual objective     =           418.000096
Iteration: 13779   Dual objective     =           422.000088
Iteration: 14203   Dual objective     =           423.000083
Iteration: 14642   Dual objective     =           424.000085
Iteration: 15086   Dual objective     =           426.000088
Iteration: 15529   Dual objective     =           430.000087
Iteration: 15989   Dual objective     =           435.000089
Iteration: 16454   Dual objective     =           453.000096
Iteration: 16878   Dual objective     =           461.000095
Iteration: 17325   Dual objective     =           463.000098
Iteration: 17754   Dual objective     =           463.000103
Iteration: 18194   Dual objective     =           468.000105
Iteration: 18612   Dual objective     =           482.000079
Iteration: 19042   Dual objective     =           484.000077
Iteration: 19552   Dual objective     =           485.000097
Iteration: 20006   Dual objective     =           485.000103
Iteration: 20405   Dual objective     =           488.000107
Iteration: 20912   Dual objective     =           524.000091
Iteration: 21323   Dual objective     =           524.000095
Iteration: 21708   Dual objective     =           524.000099
Iteration: 22116   Dual objective     =           529.000099
Iteration: 22594   Dual objective     =           530.000093
Iteration: 23060   Dual objective     =           530.000121
Iteration: 23517   Dual objective     =           534.000095
Iteration: 24059   Dual objective     =           534.000117
Iteration: 24450   Dual objective     =           535.000097
Iteration: 24958   Dual objective     =           541.000073
Iteration: 25472   Dual objective     =           541.000087
Iteration: 25930   Dual objective     =           541.000092
Iteration: 26373   Dual objective     =           541.000098
Iteration: 26811   Dual objective     =           543.000101
Iteration: 27295   Dual objective     =           544.000108
Iteration: 27711   Dual objective     =           544.000113
Iteration: 28104   Dual objective     =           544.000122
Iteration: 28475   Dual objective     =           544.000125
Iteration: 28887   Dual objective     =           544.000129
Iteration: 29307   Dual objective     =           544.000135
Iteration: 29665   Dual objective     =           544.000139
Iteration: 29983   Dual objective     =           546.000116
Iteration: 30419   Dual objective     =           546.000145
Iteration: 30804   Dual objective     =           546.000148
Iteration: 31182   Dual objective     =           546.000152
Iteration: 31606   Dual objective     =           546.000156
Iteration: 31989   Dual objective     =           546.000160
Iteration: 32341   Dual objective     =           546.000163
Iteration: 32758   Dual objective     =           546.000167
Iteration: 33008   Dual objective     =           546.000168
Iteration: 33392   Dual objective     =           546.000172
Iteration: 33914   Dual objective     =           546.000187
Iteration: 34280   Dual objective     =           546.000191
Iteration: 34674   Dual objective     =           546.000196
Iteration: 35053   Dual objective     =           547.000173
Iteration: 35571   Dual objective     =           552.000163
Iteration: 36099   Dual objective     =           553.000168
Iteration: 36497   Dual objective     =           553.000171
Iteration: 36890   Dual objective     =           553.000174
Iteration: 37384   Dual objective     =           559.000165
Iteration: 37782   Dual objective     =           559.000169
Iteration: 38192   Dual objective     =           560.000177
Iteration: 38561   Dual objective     =           560.000181
Iteration: 38962   Dual objective     =           560.000184
Iteration: 39349   Dual objective     =           560.000187
Iteration: 39740   Dual objective     =           560.000190
Iteration: 40065   Dual objective     =           560.000193
Iteration: 40403   Dual objective     =           560.000195
Iteration: 40774   Dual objective     =           560.000197
Iteration: 41138   Dual objective     =           560.000199
Removing perturbation.

Barrier solved model.


--- LP status (1): optimal.
--- Cplex Time: 30.59sec (det. 4509.29 ticks)


Optimal solution found
Objective:          591.000000

--- Reading solution for model m1
--- mst.gms(213) 42 Mb  32 secs
--- Executing after solve: elapsed 0:00:34.526
--- mst.gms(229) 42 Mb
--- Generating MIP model m2
--- mst.gms(248) 42 Mb
---   1,765 rows  3,445 columns  8,611 non-zeroes
---   3,444 discrete-columns
--- Executing CPLEX (Solvelink=2): elapsed 0:00:34.645

IBM ILOG CPLEX   34.3.0 rac355f3 Released Feb 25, 2021 WEI x86 64bit/MS Window

--- GAMS/Cplex Link licensed for continuous and discrete problems.
--- Space for names approximately 0.11 Mb
--- Use option 'names no' to turn use of names off
--- GMO memory 1.10 Mb (peak 1.13 Mb)
--- Dictionary memory 0.00 Mb
--- Cplex 20.1.0.0 link memory 0.09 Mb (peak 0.35 Mb)
--- Starting Cplex

Version identifier: 20.1.0.0 | 2020-11-10 | 9bedb6d68
CPXPARAM_Advance                                 0
CPXPARAM_Threads                                 8
CPXPARAM_Parallel                                1
CPXPARAM_MIP_Display                             4
CPXPARAM_MIP_Tolerances_AbsMIPGap                0
CPXPARAM_MIP_Tolerances_MIPGap                   0
Generic callback                                 0x50
Found incumbent of value 3676.000000 after 0.02 sec. (0.25 ticks)
Tried aggregator 1 time.
MIP Presolve eliminated 41 rows and 1 columns.
MIP Presolve added 82 rows and 0 columns.
Reduced MIP has 1805 rows, 3444 columns, and 6970 nonzeros.
Reduced MIP has 1722 binaries, 1722 generals, 0 SOSs, and 0 indicators.
Presolve time = 0.03 sec. (32.43 ticks)
Probing time = 0.00 sec. (0.37 ticks)
Tried aggregator 1 time.
Detecting symmetries...
Reduced MIP has 1805 rows, 3444 columns, and 6970 nonzeros.
Reduced MIP has 1722 binaries, 1722 generals, 0 SOSs, and 0 indicators.
Presolve time = 0.03 sec. (32.35 ticks)
Probing time = 0.01 sec. (0.37 ticks)
MIP emphasis: balance optimality and feasibility.
MIP search method: dynamic search.
Parallel mode: deterministic, using up to 8 threads.
Parallel mode: deterministic, using up to 2 threads for parallel tasks at root LP.
Parallel mode: deterministic, using up to 6 threads for concurrent optimization:
 * Starting dual Simplex on 1 thread...
 * Starting Barrier on 4 threads...
 * Starting primal Simplex on 1 thread...
Tried aggregator 1 time.
LP Presolve eliminated 1681 rows and 1681 columns.
Aggregator did 41 substitutions.
Reduced LP has 83 rows, 1722 columns, and 3526 nonzeros.
Presolve time = 0.02 sec. (1.71 ticks)

Iteration log . . .
Iteration:     1   Dual objective     =             6.000000
Initializing dual steep norms . . .

Dual simplex solved model.

Root relaxation solution time = 0.02 sec. (3.78 ticks)

        Nodes                                         Cuts/
   Node  Left     Objective  IInf  Best Integer    Best Bound    ItCnt     Gap

*     0+    0                         3676.0000        0.0000           100.00%
Found incumbent of value 3676.000000 after 0.16 sec. (74.46 ticks)
      0     0       69.2439    41     3676.0000       69.2439       45   98.12%
*     0+    0                         1633.0000       69.2439            95.76%
Found incumbent of value 1633.000000 after 0.20 sec. (79.04 ticks)
*     0+    0                         1326.0000       69.2439            94.78%
Found incumbent of value 1326.000000 after 0.50 sec. (104.31 ticks)
      0     0      471.1386    46     1326.0000     Cuts: 110      280   64.47%
*     0+    0                          828.0000      471.1386            43.10%
Found incumbent of value 828.000000 after 1.33 sec. (207.33 ticks)
      0     0      496.9090   131      828.0000      Cuts: 66      352   39.99%
      0     0      506.1608   134      828.0000      Cuts: 28      402   38.87%
      0     0      508.1665   126      828.0000      Cuts: 13      426   38.63%
      0     0      511.1371   124      828.0000       Cuts: 8      444   38.27%
Detecting symmetries...
      0     0      515.6580   121      828.0000       Cuts: 8      459   37.72%
      0     0      516.4728   129      828.0000       Cuts: 3      462   37.62%
      0     0      518.2160   115      828.0000       Cuts: 2      466   37.41%
      0     0      518.2459   121      828.0000   Flowcuts: 1      468   37.41%
*     0+    0                          771.0000      518.2459            32.78%
Found incumbent of value 771.000000 after 2.14 sec. (326.65 ticks)
      0     0      518.2466   111      771.0000       Cuts: 3      469   32.01%
      0     0      535.7452   117      771.0000      Cuts: 20      723   30.51%
      0     0      536.6283    97      771.0000      Cuts: 13      808   30.40%
*     0+    0                          759.0000      536.6283            29.30%
Found incumbent of value 759.000000 after 3.08 sec. (481.06 ticks)
      0     0      548.8211    88      759.0000       Cuts: 9     1077   27.69%
*     0+    0                          726.0000      548.8211            24.40%
Found incumbent of value 726.000000 after 3.17 sec. (492.02 ticks)
*     0+    0                          638.0000      548.8211            13.98%
Found incumbent of value 638.000000 after 3.19 sec. (494.81 ticks)
*     0+    0                          629.0000      548.8211            12.75%
Found incumbent of value 629.000000 after 3.24 sec. (500.83 ticks)
*     0+    0                          616.0000      548.8211            10.91%
Found incumbent of value 616.000000 after 3.27 sec. (504.15 ticks)
*     0+    0                          607.0000      548.8211             9.58%
Found incumbent of value 607.000000 after 3.30 sec. (508.24 ticks)
      0     0  -1.00000e+75     0      607.0000      548.8211     1077    9.58%
      0     0      558.5925    70      607.0000      Cuts: 22     1334    7.97%
*     0+    0                          597.0000      558.5925             6.43%
Found incumbent of value 597.000000 after 4.03 sec. (617.56 ticks)
*     0+    0                          594.0000      558.5925             5.96%
Found incumbent of value 594.000000 after 4.14 sec. (638.90 ticks)
*     0+    0                          593.0000      558.5925             5.80%
Found incumbent of value 593.000000 after 4.16 sec. (643.36 ticks)
      0     0  -1.00000e+75     0      593.0000      558.5925     1334    5.80%
Detecting symmetries...

Repeating presolve.
Tried aggregator 1 time.
MIP Presolve eliminated 982 rows and 1964 columns.
MIP Presolve modified 8 coefficients.
Reduced MIP has 823 rows, 1480 columns, and 3042 nonzeros.
Reduced MIP has 740 binaries, 740 generals, 0 SOSs, and 0 indicators.
Presolve time = 0.02 sec. (13.85 ticks)
Probing time = 0.00 sec. (0.16 ticks)
Tried aggregator 1 time.
Detecting symmetries...
Reduced MIP has 823 rows, 1480 columns, and 3042 nonzeros.
Reduced MIP has 740 binaries, 740 generals, 0 SOSs, and 0 indicators.
Presolve time = 0.01 sec. (7.02 ticks)
Represolve time = 0.05 sec. (29.17 ticks)
Probing time = 0.00 sec. (0.16 ticks)
MIP emphasis: balance optimality and feasibility.
MIP search method: dynamic search.
Parallel mode: deterministic, using up to 8 threads.
Parallel mode: deterministic, using up to 8 threads for concurrent optimization:
 * Starting dual Simplex on 1 thread...
 * Starting Barrier on 6 threads...
 * Starting primal Simplex on 1 thread...
Tried aggregator 1 time.
LP Presolve eliminated 3 rows and 3 columns.
Aggregator did 1 substitutions.
Reduced LP has 924 rows, 1476 columns, and 6271 nonzeros.
Presolve time = 0.00 sec. (0.96 ticks)
Initializing dual steep norms . . .

Iteration log . . .
Iteration:     1   Dual objective     =             0.000000
Iteration:   121   Dual objective     =           546.846154
Iteration:   205   Dual objective     =           555.000000
Iteration:   288   Dual objective     =           555.000000
Perturbation started.
Iteration:   303   Dual objective     =           555.000000
Iteration:   377   Dual objective     =           557.226951
Iteration:   454   Dual objective     =           557.228236
Iteration:   528   Dual objective     =           560.446515
Iteration:   606   Dual objective     =           564.486187
Iteration:   680   Dual objective     =           565.649075
Iteration:   752   Dual objective     =           565.869152
Iteration:   814   Dual objective     =           566.416163
Removing perturbation.
Initializing dual steep norms . . .

Dual simplex solved model.

Root relaxation solution time = 0.13 sec. (22.30 ticks)

        Nodes                                         Cuts/
   Node  Left     Objective  IInf  Best Integer    Best Bound    ItCnt     Gap

*     0+    0                          593.0000      558.5925             5.80%
Found incumbent of value 593.000000 after 4.39 sec. (701.16 ticks)
      0     0      566.7473    73      593.0000      566.7473     2206    4.43%
*     0+    0                          591.0000      566.7473             4.10%
Found incumbent of value 591.000000 after 4.78 sec. (745.44 ticks)
      0     0      573.8943    63      591.0000      Cuts: 47     2328    2.89%
      0     0      579.0842    55      591.0000      Cuts: 16     2370    2.02%
Detecting symmetries...

Repeating presolve.
Tried aggregator 1 time.
MIP Presolve eliminated 468 rows and 932 columns.
Reduced MIP has 355 rows, 548 columns, and 1174 nonzeros.
Reduced MIP has 274 binaries, 274 generals, 0 SOSs, and 0 indicators.
Presolve time = 0.01 sec. (2.67 ticks)
Probing fixed 0 vars, tightened 4 bounds.
Probing time = 0.00 sec. (0.07 ticks)
Tried aggregator 1 time.
Detecting symmetries...
MIP Presolve modified 8 coefficients.
Reduced MIP has 355 rows, 548 columns, and 1174 nonzeros.
Reduced MIP has 274 binaries, 274 generals, 0 SOSs, and 0 indicators.
Presolve time = 0.02 sec. (1.45 ticks)
Represolve time = 0.03 sec. (9.60 ticks)
Probing time = 0.00 sec. (0.07 ticks)
Clique table members: 6.
MIP emphasis: balance optimality and feasibility.
MIP search method: dynamic search.
Parallel mode: deterministic, using up to 8 threads.
Tried aggregator 1 time.
Aggregator did 1 substitutions.
Reduced LP has 473 rows, 547 columns, and 2575 nonzeros.
Presolve time = 0.02 sec. (0.38 ticks)
Initializing dual steep norms . . .

Iteration log . . .
Iteration:     1   Dual objective     =             0.000000
Iteration:    87   Dual objective     =           527.000000
Iteration:   157   Dual objective     =           570.000000
Iteration:   219   Dual objective     =           575.119137
Iteration:   281   Dual objective     =           578.308653
Iteration:   347   Dual objective     =           579.074914
Initializing dual steep norms . . .
Root relaxation solution time = 0.06 sec. (4.90 ticks)

        Nodes                                         Cuts/
   Node  Left     Objective  IInf  Best Integer    Best Bound    ItCnt     Gap

*     0+    0                          591.0000      579.0842             2.02%
Found incumbent of value 591.000000 after 5.20 sec. (802.98 ticks)
      0     0      579.0842    58      591.0000      579.0842     2724    2.02%
      0     0      586.5857    67      591.0000      Cuts: 33     2773    0.75%
      0     0      588.6383    54      591.0000      Cuts: 44     2828    0.40%
Detecting symmetries...

Repeating presolve.
Tried aggregator 2 times.
MIP Presolve eliminated 189 rows and 330 columns.
MIP Presolve modified 19 coefficients.
Aggregator did 6 substitutions.
Reduced MIP has 160 rows, 212 columns, and 468 nonzeros.
Reduced MIP has 106 binaries, 106 generals, 0 SOSs, and 0 indicators.
Presolve time = 0.00 sec. (0.77 ticks)
Probing fixed 1 vars, tightened 11 bounds.
Probing time = 0.00 sec. (0.05 ticks)
Tried aggregator 2 times.
MIP Presolve eliminated 1 rows and 1 columns.
MIP Presolve modified 16 coefficients.
Aggregator did 2 substitutions.
Reduced MIP has 157 rows, 209 columns, and 463 nonzeros.
Reduced MIP has 105 binaries, 104 generals, 0 SOSs, and 0 indicators.
Presolve time = 0.00 sec. (0.42 ticks)
Probing time = 0.00 sec. (0.04 ticks)
Tried aggregator 1 time.
Detecting symmetries...
Reduced MIP has 157 rows, 209 columns, and 463 nonzeros.
Reduced MIP has 105 binaries, 104 generals, 0 SOSs, and 0 indicators.
Presolve time = 0.00 sec. (0.41 ticks)
Represolve time = 0.03 sec. (6.37 ticks)
Probing time = 0.00 sec. (0.04 ticks)
Clique table members: 22.
MIP emphasis: balance optimality and feasibility.
MIP search method: dynamic search.
Parallel mode: deterministic, using up to 8 threads.
Tried aggregator 1 time.
LP Presolve eliminated 1 rows and 0 columns.
Reduced LP has 260 rows, 209 columns, and 1072 nonzeros.
Presolve time = 0.00 sec. (0.15 ticks)
Initializing dual steep norms . . .

Iteration log . . .
Iteration:     1   Dual objective     =           154.000000
Iteration:    63   Dual objective     =           521.000000
Iteration:   128   Dual objective     =           585.001190
Iteration:   190   Dual objective     =           588.518272
Initializing dual steep norms . . .
Root relaxation solution time = 0.00 sec. (1.97 ticks)

        Nodes                                         Cuts/
   Node  Left     Objective  IInf  Best Integer    Best Bound    ItCnt     Gap

*     0+    0                          591.0000      588.6383             0.40%
Found incumbent of value 591.000000 after 5.66 sec. (853.03 ticks)
      0     0      588.6704    58      591.0000      588.6704     3035    0.39%
      0     0        cutoff            591.0000      591.0000     3059    0.00%
Elapsed time = 5.70 sec. (857.98 ticks, tree = 0.01 MB, solutions = 15)

Cover cuts applied:  43
Implied bound cuts applied:  1
Flow cuts applied:  44
Mixed integer rounding cuts applied:  9
Zero-half cuts applied:  6
Multi commodity flow cuts applied:  5
Lift and project cuts applied:  19
Gomory fractional cuts applied:  7

Root node processing (before b&c):
  Real time             =    5.70 sec. (858.41 ticks)
Parallel b&c, 8 threads:
  Real time             =    0.00 sec. (0.00 ticks)
  Sync time (average)   =    0.00 sec.
  Wait time (average)   =    0.00 sec.
                          ------------
Total (root+branch&cut) =    5.70 sec. (858.41 ticks)

--- MIP status (101): integer optimal solution.
--- Cplex Time: 5.70sec (det. 858.42 ticks)

--- Fixing integer variables and solving final LP...

Version identifier: 20.1.0.0 | 2020-11-10 | 9bedb6d68
CPXPARAM_Advance                                 2
CPXPARAM_Threads                                 8
CPXPARAM_Parallel                                1
CPXPARAM_MIP_Display                             4
CPXPARAM_MIP_Tolerances_AbsMIPGap                0
CPXPARAM_MIP_Tolerances_MIPGap                   0
Parallel mode: deterministic, using up to 8 threads for concurrent optimization:
 * Starting dual Simplex on 1 thread...
 * Starting Barrier on 6 threads...
 * Starting primal Simplex on 1 thread...
Tried aggregator 1 time.
LP Presolve eliminated 1764 rows and 3445 columns.
All rows and columns eliminated.
Presolve time = 0.00 sec. (1.08 ticks)

Dual simplex solved model.


--- Fixed MIP status (1): optimal.
--- Cplex Time: 0.09sec (det. 2.16 ticks)


Proven optimal solution
MIP Solution:          591.000000    (3059 iterations, 0 nodes)
Final Solve:           591.000000    (0 iterations)

Best possible:         591.000000
Absolute gap:            0.000000
Relative gap:            0.000000

--- Reading solution for model m2
--- mst.gms(248) 42 Mb  5 secs
--- Executing after solve: elapsed 0:00:40.621
--- mst.gms(263) 42 Mb
--- Generating MIP model m3
--- mst.gms(282) 42 Mb
---   1,683 rows  1,764 columns  8,365 non-zeroes
---   1,722 discrete-columns
--- Executing CPLEX (Solvelink=2): elapsed 0:00:40.651

IBM ILOG CPLEX   34.3.0 rac355f3 Released Feb 25, 2021 WEI x86 64bit/MS Window

--- GAMS/Cplex Link licensed for continuous and discrete problems.
--- Space for names approximately 0.06 Mb
--- Use option 'names no' to turn use of names off
--- GMO memory 0.90 Mb (peak 0.91 Mb)
--- Dictionary memory 0.00 Mb
--- Cplex 20.1.0.0 link memory 0.05 Mb (peak 0.24 Mb)
--- Starting Cplex

Version identifier: 20.1.0.0 | 2020-11-10 | 9bedb6d68
CPXPARAM_Advance                                 0
CPXPARAM_Threads                                 8
CPXPARAM_Parallel                                1
CPXPARAM_MIP_Display                             4
CPXPARAM_MIP_Tolerances_AbsMIPGap                0
CPXPARAM_MIP_Tolerances_MIPGap                   0
Generic callback                                 0x50
Tried aggregator 1 time.
MIP Presolve eliminated 822 rows and 864 columns.
Reduced MIP has 860 rows, 900 columns, and 3309 nonzeros.
Reduced MIP has 860 binaries, 0 generals, 0 SOSs, and 0 indicators.
Presolve time = 0.02 sec. (3.57 ticks)
Found incumbent of value 2897.000000 after 0.06 sec. (4.24 ticks)
Probing time = 0.03 sec. (2.72 ticks)
Tried aggregator 1 time.
Detecting symmetries...
MIP Presolve eliminated 16 rows and 20 columns.
MIP Presolve modified 22 coefficients.
Reduced MIP has 844 rows, 880 columns, and 3257 nonzeros.
Reduced MIP has 844 binaries, 0 generals, 0 SOSs, and 0 indicators.
Presolve time = 0.02 sec. (2.58 ticks)
Probing time = 0.03 sec. (2.70 ticks)
Clique table members: 274.
MIP emphasis: balance optimality and feasibility.
MIP search method: dynamic search.
Parallel mode: deterministic, using up to 8 threads.
Tried aggregator 1 time.
No LP presolve or aggregator reductions.
Presolve time = 0.00 sec. (0.42 ticks)
Initializing dual steep norms . . .

Iteration log . . .
Iteration:     1   Dual objective     =           470.000000
Root relaxation solution time = 0.00 sec. (1.28 ticks)

        Nodes                                         Cuts/
   Node  Left     Objective  IInf  Best Integer    Best Bound    ItCnt     Gap

*     0+    0                         2819.0000       47.0000            98.33%
Found incumbent of value 2819.000000 after 0.24 sec. (18.19 ticks)
      0     0      474.5366    32     2819.0000      474.5366       40   83.17%
*     0+    0                         1583.0000      474.5366            70.02%
Found incumbent of value 1583.000000 after 0.27 sec. (20.33 ticks)
      0     0      569.4390    22     1583.0000      Cuts: 52       94   64.03%
*     0+    0                         1264.0000      569.4390            54.95%
Found incumbent of value 1264.000000 after 0.31 sec. (25.82 ticks)
      0     0      579.0000    36     1264.0000      Cuts: 23      125   54.19%
      0     0      579.0000    31     1264.0000      Cuts: 33      146   54.19%
      0     0      579.0244    31     1264.0000       Cuts: 9      159   54.19%
      0     0      579.0244    31     1264.0000    MIRcuts: 9      161   54.19%
Detecting symmetries...
      0     0      579.3333    20     1264.0000       Cuts: 3      163   54.17%
*     0+    0                         1010.0000      579.3333            42.64%
Found incumbent of value 1010.000000 after 0.66 sec. (61.24 ticks)
      0     0      579.5000    20     1010.0000      Cuts: 51      169   42.62%
      0     0      580.0000    20     1010.0000      Cuts: 14      176   42.57%
      0     0      580.0732    21     1010.0000      Cuts: 16      197   42.57%
*     0+    0                          829.0000      580.0732            30.03%
Found incumbent of value 829.000000 after 0.81 sec. (77.04 ticks)
      0     0      581.0245    21      829.0000      Cuts: 85      215   29.91%
      0     0      581.5000    14      829.0000      Cuts: 67      222   29.86%
*     0+    0                          729.0000      581.5000            20.23%
Found incumbent of value 729.000000 after 0.92 sec. (88.45 ticks)
      0     0      582.0000    12      729.0000      Cuts: 70      231   20.16%
*     0+    0                          658.0000      582.0000            11.55%
Found incumbent of value 658.000000 after 1.14 sec. (98.30 ticks)
      0     0      582.0105    18      658.0000      Cuts: 47      241   11.55%
*     0+    0                          641.0000      582.0105             9.20%
Found incumbent of value 641.000000 after 1.24 sec. (106.19 ticks)
*     0+    0                          630.0000      582.0105             7.62%
Found incumbent of value 630.000000 after 1.24 sec. (107.18 ticks)
*     0+    0                          603.0000      582.0105             3.48%
Found incumbent of value 603.000000 after 1.38 sec. (115.89 ticks)
*     0+    0                          594.0000      582.0105             2.02%
Found incumbent of value 594.000000 after 1.38 sec. (117.25 ticks)
      0     0  -1.00000e+75     0      594.0000      582.0105      241    2.02%
Detecting symmetries...

Repeating presolve.
Tried aggregator 2 times.
MIP Presolve eliminated 628 rows and 661 columns.
MIP Presolve modified 6 coefficients.
Aggregator did 3 substitutions.
Reduced MIP has 213 rows, 216 columns, and 715 nonzeros.
Reduced MIP has 180 binaries, 0 generals, 0 SOSs, and 0 indicators.
Presolve time = 0.00 sec. (0.97 ticks)
Probing fixed 0 vars, tightened 3 bounds.
Probing time = 0.02 sec. (0.20 ticks)
Cover probing fixed 0 vars, tightened 30 bounds.
Tried aggregator 1 time.
Detecting symmetries...
MIP Presolve eliminated 1 rows and 0 columns.
MIP Presolve modified 334 coefficients.
Reduced MIP has 212 rows, 216 columns, and 713 nonzeros.
Reduced MIP has 180 binaries, 0 generals, 0 SOSs, and 0 indicators.
Presolve time = 0.00 sec. (0.51 ticks)
Represolve time = 0.03 sec. (3.73 ticks)
Probing fixed 0 vars, tightened 3 bounds.
Probing time = 0.00 sec. (0.21 ticks)
Cover probing fixed 0 vars, tightened 24 bounds.
Clique table members: 109.
MIP emphasis: balance optimality and feasibility.
MIP search method: dynamic search.
Parallel mode: deterministic, using up to 8 threads.
Tried aggregator 1 time.
LP Presolve eliminated 8 rows and 0 columns.
Reduced LP has 249 rows, 216 columns, and 902 nonzeros.
Presolve time = 0.00 sec. (0.14 ticks)
Initializing dual steep norms . . .

Iteration log . . .
Iteration:     1   Dual objective     =           470.000000
Iteration:    62   Dual objective     =           582.000000
Initializing dual steep norms . . .
Root relaxation solution time = 0.01 sec. (0.70 ticks)

        Nodes                                         Cuts/
   Node  Left     Objective  IInf  Best Integer    Best Bound    ItCnt     Gap

*     0+    0                          594.0000      582.0105             2.02%
Found incumbent of value 594.000000 after 1.45 sec. (124.59 ticks)
      0     0      582.0107    35      594.0000      582.0107      305    2.02%
      0     0      582.1429    18      594.0000      Cuts: 20      312    2.00%
      0     0      582.2500    18      594.0000      Cuts: 16      319    1.98%
      0     0      583.0000    15      594.0000      Cuts: 14      325    1.85%
      0     0      583.0150    23      594.0000       Cuts: 9      342    1.85%
      0     0      583.2000    12      594.0000       Cuts: 7      345    1.82%
Detecting symmetries...
      0     0      583.3333    23      594.0000      Cuts: 15      354    1.80%
      0     0      583.5000    21      594.0000      Cuts: 12      361    1.77%
      0     0      584.0000    20      594.0000       Cuts: 4      364    1.68%
      0     0      584.0125    25      594.0000       Cuts: 3      369    1.68%
Detecting symmetries...
      0     2      584.0125    17      594.0000      584.2500      369    1.64%
Elapsed time = 1.77 sec. (140.87 ticks, tree = 0.02 MB, solutions = 12)
*   984   175      integral     0      593.0000      588.6923     4336    0.73%
                                                    Cuts: 137                  
Found incumbent of value 593.000000 after 2.03 sec. (162.22 ticks)
*  1029   161      integral     0      592.0000      589.0252     4697    0.50%
                                                  Impl Bds: 3                  
Found incumbent of value 592.000000 after 2.05 sec. (163.08 ticks)
*  1073    80      integral     0      591.0000      590.0488     4938    0.16%
Found incumbent of value 591.000000 after 2.11 sec. (164.05 ticks)

Clique cuts applied:  23
Cover cuts applied:  16
Implied bound cuts applied:  103
Flow cuts applied:  1
Mixed integer rounding cuts applied:  21
Zero-half cuts applied:  16
Gomory fractional cuts applied:  1

Root node processing (before b&c):
  Real time             =    1.75 sec. (140.95 ticks)
Parallel b&c, 8 threads:
  Real time             =    0.38 sec. (23.70 ticks)
  Sync time (average)   =    0.16 sec.
  Wait time (average)   =    0.00 sec.
                          ------------
Total (root+branch&cut) =    2.13 sec. (164.65 ticks)

--- MIP status (101): integer optimal solution.
--- Cplex Time: 2.14sec (det. 164.65 ticks)

--- Fixing integer variables and solving final LP...

Version identifier: 20.1.0.0 | 2020-11-10 | 9bedb6d68
CPXPARAM_Advance                                 2
CPXPARAM_Threads                                 8
CPXPARAM_Parallel                                1
CPXPARAM_MIP_Display                             4
CPXPARAM_MIP_Tolerances_AbsMIPGap                0
CPXPARAM_MIP_Tolerances_MIPGap                   0
Tried aggregator 1 time.
LP Presolve eliminated 1682 rows and 1764 columns.
All rows and columns eliminated.
Presolve time = 0.00 sec. (0.94 ticks)

--- Fixed MIP status (1): optimal.
--- Cplex Time: 0.03sec (det. 1.64 ticks)


Proven optimal solution
MIP Solution:          591.000000    (5154 iterations, 1074 nodes)
Final Solve:           591.000000    (0 iterations)

Best possible:         591.000000
Absolute gap:            0.000000
Relative gap:            0.000000

--- Reading solution for model m3
--- Executing after solve: elapsed 0:00:43.025
--- mst.gms(285) 42 Mb
--- Generating MIP model m4
--- mst.gms(299) 42 Mb
---   1,683 rows  1,764 columns  10,005 non-zeroes
---   1,722 discrete-columns
--- Executing CPLEX (Solvelink=2): elapsed 0:00:43.115

IBM ILOG CPLEX   34.3.0 rac355f3 Released Feb 25, 2021 WEI x86 64bit/MS Window

--- GAMS/Cplex Link licensed for continuous and discrete problems.
--- Space for names approximately 0.07 Mb
--- Use option 'names no' to turn use of names off
--- GMO memory 0.90 Mb (peak 0.91 Mb)
--- Dictionary memory 0.00 Mb
--- Cplex 20.1.0.0 link memory 0.05 Mb (peak 0.26 Mb)
--- Starting Cplex

Version identifier: 20.1.0.0 | 2020-11-10 | 9bedb6d68
CPXPARAM_Advance                                 0
CPXPARAM_Threads                                 8
CPXPARAM_Parallel                                1
CPXPARAM_MIP_Display                             4
CPXPARAM_MIP_Tolerances_AbsMIPGap                0
CPXPARAM_MIP_Tolerances_MIPGap                   0
Generic callback                                 0x50
Tried aggregator 1 time.
MIP Presolve eliminated 490 rows and 863 columns.
Reduced MIP has 1192 rows, 901 columns, and 4804 nonzeros.
Reduced MIP has 860 binaries, 0 generals, 0 SOSs, and 0 indicators.
Presolve time = 0.02 sec. (3.83 ticks)
Found incumbent of value 2897.000000 after 0.03 sec. (4.73 ticks)
Probing time = 0.02 sec. (2.60 ticks)
Tried aggregator 1 time.
Detecting symmetries...
MIP Presolve eliminated 16 rows and 20 columns.
MIP Presolve modified 22 coefficients.
Reduced MIP has 1176 rows, 881 columns, and 4740 nonzeros.
Reduced MIP has 844 binaries, 0 generals, 0 SOSs, and 0 indicators.
Presolve time = 0.00 sec. (3.19 ticks)
Probing time = 0.00 sec. (2.61 ticks)
Clique table members: 274.
MIP emphasis: balance optimality and feasibility.
MIP search method: dynamic search.
Parallel mode: deterministic, using up to 8 threads.
Parallel mode: deterministic, using up to 8 threads for concurrent optimization:
 * Starting dual Simplex on 1 thread...
 * Starting Barrier on 6 threads...
 * Starting primal Simplex on 1 thread...
Tried aggregator 1 time.
No LP presolve or aggregator reductions.
Presolve time = 0.00 sec. (0.53 ticks)
Initializing dual steep norms . . .

Iteration log . . .
Iteration:     1   Dual objective     =           470.000000
Iteration:    62   Dual objective     =           579.000000

Dual simplex solved model.

Root relaxation solution time = 0.03 sec. (2.97 ticks)

        Nodes                                         Cuts/
   Node  Left     Objective  IInf  Best Integer    Best Bound    ItCnt     Gap

*     0+    0                         2819.0000       47.0000            98.33%
Found incumbent of value 2819.000000 after 0.30 sec. (21.61 ticks)
      0     0      579.0000    28     2819.0000      579.0000       74   79.46%
*     0+    0                         1137.0000      579.0000            49.08%
Found incumbent of value 1137.000000 after 0.31 sec. (24.88 ticks)
      0     0      579.1223    25     1137.0000      Cuts: 10       83   49.07%
      0     0      579.4303    23     1137.0000      Cuts: 18       93   49.04%
      0     0      579.7517    23     1137.0000       Cuts: 5       97   49.01%
      0     0      579.7544    22     1137.0000      Cuts: 11      103   49.01%
      0     0      579.7721    26     1137.0000    MIRcuts: 1      104   49.01%
Detecting symmetries...
*     0+    0                          622.0000      579.7721             6.79%
Found incumbent of value 622.000000 after 0.75 sec. (91.17 ticks)
*     0+    0                          604.0000      579.7721             4.01%
Found incumbent of value 604.000000 after 0.92 sec. (99.79 ticks)
*     0+    0                          593.0000      581.2394             1.98%
Found incumbent of value 593.000000 after 1.00 sec. (107.22 ticks)
      0     0  -1.00000e+75     0      593.0000      581.2394      104    1.98%
Detecting symmetries...

Repeating presolve.
Tried aggregator 2 times.
MIP Presolve eliminated 906 rows and 640 columns.
Aggregator did 2 substitutions.
Reduced MIP has 268 rows, 239 columns, and 1070 nonzeros.
Reduced MIP has 202 binaries, 0 generals, 0 SOSs, and 0 indicators.
Presolve time = 0.00 sec. (1.21 ticks)
Probing fixed 0 vars, tightened 2 bounds.
Probing time = 0.00 sec. (0.30 ticks)
Cover probing fixed 0 vars, tightened 31 bounds.
Tried aggregator 1 time.
Detecting symmetries...
MIP Presolve modified 114 coefficients.
Reduced MIP has 268 rows, 239 columns, and 1070 nonzeros.
Reduced MIP has 202 binaries, 0 generals, 0 SOSs, and 0 indicators.
Presolve time = 0.00 sec. (0.64 ticks)
Represolve time = 0.02 sec. (3.70 ticks)
Probing fixed 0 vars, tightened 2 bounds.
Probing time = 0.00 sec. (0.30 ticks)
Cover probing fixed 0 vars, tightened 23 bounds.
Clique table members: 121.
MIP emphasis: balance optimality and feasibility.
MIP search method: dynamic search.
Parallel mode: deterministic, using up to 8 threads.
Tried aggregator 1 time.
No LP presolve or aggregator reductions.
Presolve time = 0.00 sec. (0.14 ticks)
Initializing dual steep norms . . .

Iteration log . . .
Iteration:     1   Dual objective     =           470.146341
Iteration:    62   Dual objective     =           579.663502
Root relaxation solution time = 0.00 sec. (0.77 ticks)

        Nodes                                         Cuts/
   Node  Left     Objective  IInf  Best Integer    Best Bound    ItCnt     Gap

*     0+    0                          593.0000      581.4560             1.95%
Found incumbent of value 593.000000 after 1.05 sec. (115.35 ticks)
      0     0      579.7721    36      593.0000      581.4560      176    1.95%
      0     0      581.5601    18      593.0000      Cuts: 19      191    1.93%
      0     0      582.3058    16      593.0000      Cuts: 28      205    1.80%
      0     0      582.3059    18      593.0000      Cuts: 24      212    1.80%
      0     0      582.3169    21      593.0000   LiftProj: 1      214    1.80%
Detecting symmetries...
      0     2      582.3169    19      593.0000      582.4645      214    1.78%
Elapsed time = 1.23 sec. (131.31 ticks, tree = 0.02 MB, solutions = 6)
*   333+   47                          592.0000      586.3077             0.96%
                                                     Cuts: 29                  
Found incumbent of value 592.000000 after 1.31 sec. (141.05 ticks)
*   401    30      integral     0      591.0000      586.7212     1342    0.72%
                                                      Cuts: 4                  
Found incumbent of value 591.000000 after 1.31 sec. (142.47 ticks)

Cover cuts applied:  6
Implied bound cuts applied:  23
Flow cuts applied:  1
Mixed integer rounding cuts applied:  12
Lift and project cuts applied:  7
Gomory fractional cuts applied:  1

Root node processing (before b&c):
  Real time             =    1.23 sec. (131.27 ticks)
Parallel b&c, 8 threads:
  Real time             =    0.09 sec. (13.92 ticks)
  Sync time (average)   =    0.04 sec.
  Wait time (average)   =    0.00 sec.
                          ------------
Total (root+branch&cut) =    1.33 sec. (145.19 ticks)

--- MIP status (101): integer optimal solution.
--- Cplex Time: 1.41sec (det. 145.19 ticks)

--- Fixing integer variables and solving final LP...

Version identifier: 20.1.0.0 | 2020-11-10 | 9bedb6d68
CPXPARAM_Advance                                 2
CPXPARAM_Threads                                 8
CPXPARAM_Parallel                                1
CPXPARAM_MIP_Display                             4
CPXPARAM_MIP_Tolerances_AbsMIPGap                0
CPXPARAM_MIP_Tolerances_MIPGap                   0
Tried aggregator 1 time.
LP Presolve eliminated 1682 rows and 1764 columns.
All rows and columns eliminated.
Presolve time = 0.02 sec. (1.05 ticks)

--- Fixed MIP status (1): optimal.
--- Cplex Time: 0.02sec (det. 1.80 ticks)


Proven optimal solution
MIP Solution:          591.000000    (1628 iterations, 425 nodes)
Final Solve:           591.000000    (0 iterations)

Best possible:         591.000000
Absolute gap:            0.000000
Relative gap:            0.000000

--- Reading solution for model m4
--- Executing after solve: elapsed 0:00:44.722
--- mst.gms(304) 42 Mb
*** Status: Normal completion
--- Job mst.gms Stop 06/18/21 12:50:00 elapsed 0:00:44.781
