
--- Job Untitled_1.gms Start 05/10/22 02:27:49 39.1.0 5f04cd76 WEX-WEI x86 64bit/MS Windows
--- Applying:
    C:\GAMS\39\gmsprmNT.txt
--- GAMS Parameters defined
    Input C:\projects\OptimizationModels\Sudoku\Untitled_1.gms
    PageWidth 130
    PageSize 0
    PageContr 3
    Action CE
    ScrDir C:\projects\OptimizationModels\Sudoku\225a\
    SysDir C:\GAMS\39\
    WorkDir C:\projects\OptimizationModels\Sudoku\
    LogOption 3
    DFormat 0
    TFormat 0
    ErrorLog 99
    IDE 1
Licensee: Eval License                                   G211206|0002CO-GEN
          Amsterdam Optimization Modeling Group,                     DCE378
          C:\Users\erwin\Documents\GAMS\gamslice.txt
          License Admin: Erwin Kalvelagen, info@amsterdamoptimization.com  
          Evaluation license: Not for commercial or production use
Processor information: 1 socket(s), 8 core(s), and 16 thread(s) available
GAMS 39.1.0   Copyright (C) 1987-2022 GAMS Development. All rights reserved
--- Starting compilation
--- Untitled_1.gms(38) 3 Mb
--- Starting execution: elapsed 0:00:00.061
--- Untitled_1.gms(10) 4 Mb
--- Initialize embedded library embpycclib64.dll
--- Execute embedded library embpycclib64.dll

### calculating rank
len(x) = 10
[ 6  8  9  1  4  2  5 10  3  7]
--- Untitled_1.gms(38) 4 Mb
*** Status: Normal completion
--- Job Untitled_1.gms Stop 05/10/22 02:27:50 elapsed 0:00:00.606
