
--- Job Untitled_5.gms Start 05/12/22 18:39:30 39.1.0 5f04cd76 WEX-WEI x86 64bit/MS Windows
--- Applying:
    c:\gams\39\gmsprmNT.txt
--- GAMS Parameters defined
    Input C:\projects\OptimizationModels\Sudoku\Untitled_5.gms
    PageWidth 130
    PageSize 0
    PageContr 3
    Action CE
    ScrDir C:\projects\OptimizationModels\Sudoku\225a\
    SysDir c:\gams\39\
    WorkDir C:\projects\OptimizationModels\Sudoku\
    LogOption 3
    DFormat 0
    TFormat 0
    ErrorLog 99
    IDE 1
    GDX C:\projects\OptimizationModels\Sudoku\x.gdx
Licensee: Eval License                                   G211206|0002CO-GEN
          Amsterdam Optimization Modeling Group,                     DCE378
          C:\Users\erwin\Documents\GAMS\gamslice.txt
          License Admin: Erwin Kalvelagen, info@amsterdamoptimization.com  
          Evaluation license: Not for commercial or production use
Processor information: 1 socket(s), 8 core(s), and 16 thread(s) available
GAMS 39.1.0   Copyright (C) 1987-2022 GAMS Development. All rights reserved
--- Starting compilation
--- Untitled_5.gms(59) 3 Mb
--- Starting execution: elapsed 0:00:00.065
--- Untitled_5.gms(27) 4 Mb
--- Initialize embedded library embpycclib64.dll
--- Execute embedded library embpycclib64.dll

### calculating rank
shape = (10, 10, 10)
[[[ 378  647  706   31  227  160  344  820  214  514]
  [ 179  658  254  316  975  233   86   74  644  884]
  [ 115  767  842  232  150  517  152  180  760  946]
  [ 988  265  414  163  467  396  303  143  979  795]
  [ 838  222  780  886  800   68  986  762  587  954]
  [ 898  970   97   49  201  205  294  904  350  237]
  [ 548  458   33  513  375  384  127  101  492  581]
  [ 272  908  424  787  289  666  261  567    3  718]
  [ 747   91  240   56  412  138   70   55  178  278]
  [ 235  437  197  405  284  145  177  613  524  271]]

 [[ 936  957   38  883  984  552  158  701  545  136]
  [ 764  865  264  171   95  771  605  349  118  416]
  [ 169  738  703  275  187  943  858  664  571  135]
  [ 648  295  491  932  220 1000  395  529  503  693]
  [ 346  338  872  659  675  448  742   58  686  149]
  [ 193    8  922  593   17  866  730  425  791   30]
  [ 630  106  895   77  962  829  783  522   24  507]
  [ 609  956  927  797  841  661  855  854  906  714]
  [ 249  510  392  572  253  279  827  798  696  695]
  [ 700  361  496  293   28  258  340  207  903  364]]

 [[ 122  465  379  732  248  452   18  336  913  915]
  [ 385  236  588  459  794  474  224  409   54   36]
  [ 320  637  443   32  574  639  823  388  525  905]
  [ 592  219  940  973  708  184  128   99  650   10]
  [ 175  722  596  999  875  822  710  209  862  949]
  [ 113  307  782  928  386  121  608   83  398  291]
  [ 186   25  164  604   80   14   60  614  867   66]
  [ 494  455  755  296  216   43  328  965  623  147]
  [ 183  315  720   48  499  527  891  107  727  250]
  [ 887  873  902  539   37  699  444  229  851  286]]

 [[ 200  580  810  577  411  968  532  839  677  308]
  [ 123  809  493  724   21  314  617  826  132  698]
  [ 935  672   41  309   34  821  992  912  541  670]
  [ 217  869  111  196  312  287  818  172  920  749]
  [ 188  840  387  504  168  921   12  909  148  911]
  [ 776  495   63  537  432  739  213  518  321   90]
  [ 793  996  211   98  982  980  288  442  631  481]
  [ 102  473  324   87  515  451  554  894  198  153]
  [ 159   20  561  210  729  723  951  130  402  846]
  [ 679  542   26  322   29  116  546  964  890  373]]

 [[ 766  433  304  972  971  774  109  671  745  948]
  [ 334  282  825  447    6  981  292  297  731  877]
  [ 551  681  438    7  692  687  945  879  450  403]
  [ 431   96  607  863  374  472   15  434  380  716]
  [ 837  676  534  947  885  634  985  944  544  635]
  [ 559  768  355  907  502  393  215  591  831  987]
  [ 586  453  397  103  773  655  176  298  610  341]
  [ 238  977  436   19  856  456  461  139  357  404]
  [ 358  799  662  646  505  806  348  816  262  125]
  [ 751  418  371   39  363  255  426  789  391  331]]

 [[ 142  367  881  360  483  682   89  242  761   81]
  [ 191  419  484  110  530  843  247  520  678  758]
  [ 199  845  889  464  939  105  223   85   47  369]
  [ 694  440  599  667  259  131  202  712   73  803]
  [ 558  717  683  997  543  325  689  557  243  547]
  [ 144  415  752  669  290  582  819  268  562  533]
  [ 941  918  550  120  870  133  244  896  241  690]
  [ 725  487   45  345   92   46  654  835  616  674]
  [ 469  225  741  563  323  475  246  536   93  765]
  [ 281  811   76  516  691  590  421  615  104  401]]

 [[ 781  901  618  978  685  786  756  269  585  777]
  [ 560  329  801  578   50  151  239  154  640  365]
  [ 641  302  423    9  497  705  174  498  960  310]
  [ 897  335  382  389  995   40  707  622  166  313]
  [ 967  961  549  390   35  769  836  737  893  194]
  [ 427  628  817  306  556  636  721  478  850   75]
  [ 937  958  573  688  753  934  830  337  629  788]
  [ 228   65  595  488  454  754  606  802  231  170]
  [ 998  660  770   22  311  919  400  480  952  441]
  [ 274  137  190  466  439  917  486  743  157  406]]

 [[ 757  657  848  584  189  192  353  173  844  283]
  [ 509  435  112  763  342  245  377  117  832  368]
  [ 728  370  929  343  330   52  429  256  853  833]
  [ 119  181  824  603  479  638  579  668  963  327]
  [ 847  477  266   11  779  713  663  470  876  234]
  [ 576  129  408  301  778  512  864  882  633  252]
  [ 285  726  740  680  318  900  750  914  812  969]
  [ 203  575  260   23  359  208  991  759  141  376]
  [ 267  775  744  974  857  624  612   62  878  804]
  [ 535    2  589  165  643  521  715  792  649  206]]

 [[ 413  339  531   51  332  805  852  257   64  566]
  [ 204  100   82  226  362  871  471  785  500  815]
  [ 528  807  372  352  880  221  564  861  251   16]
  [ 218  652  351  808  108    5  888  814  182  540]
  [ 565  990  602  642   94  538  333  501  523  983]
  [ 627  651  399  709  449  849  632  736  356  508]
  [ 796  931   69   84  114  280  420  989  212  490]
  [ 994   71  594   88    4  625  719  570  326  976]
  [ 626  305  394  140  942  748  417  270  746  899]
  [ 366  910  859  953  874  735  317  653  697  860]]

 [[ 319  645  422  656  124  834   61  230  430  457]
  [ 621  620  955  583   67  790  711  553   42  146]
  [ 568   59  916  156  476  601  445  926  407  273]
  [ 299  673  185  460  930  428   78  126  704  155]
  [ 892  684   27  519  489  938  950  925  868  733]
  [ 162  993  463   44  485  923  526  702  167  482]
  [ 161  134    1  569   72  619  828  600  611  381]
  [ 597  300  924  784  468  354  933  772   53  383]
  [ 511  506  410  966   57  263  813  462   13  555]
  [ 446  277  734  195  959   79  276  665  598  347]]]
--- Untitled_5.gms(56) 4 Mb
--- GDX File C:\projects\OptimizationModels\Sudoku\x.gdx
*** Status: Normal completion
--- Job Untitled_5.gms Stop 05/12/22 18:39:31 elapsed 0:00:00.642
