
--- Job Untitled_2.gms Start 05/09/22 23:19:04 39.1.0 5f04cd76 WEX-WEI x86 64bit/MS Windows
--- Applying:
    C:\GAMS\39\gmsprmNT.txt
--- GAMS Parameters defined
    Input C:\projects\OptimizationModels\Sudoku\Untitled_2.gms
    PageWidth 130
    PageSize 0
    PageContr 3
    Action CE
    ScrDir C:\projects\OptimizationModels\Sudoku\225a\
    SysDir C:\GAMS\39\
    WorkDir C:\projects\OptimizationModels\Sudoku\
    LogOption 3
    DFormat 0
    TFormat 0
    ErrorLog 99
    IDE 1
Licensee: Eval License                                   G211206|0002CO-GEN
          Amsterdam Optimization Modeling Group,                     DCE378
          C:\Users\erwin\Documents\GAMS\gamslice.txt
          License Admin: Erwin Kalvelagen, info@amsterdamoptimization.com  
          Evaluation license: Not for commercial or production use
Processor information: 1 socket(s), 8 core(s), and 16 thread(s) available
GAMS 39.1.0   Copyright (C) 1987-2022 GAMS Development. All rights reserved
--- Starting compilation
--- Untitled_2.gms(27) 3 Mb
--- Starting execution: elapsed 0:00:00.058
--- Untitled_2.gms(9) 36 Mb
--- Initialize embedded library embpycclib64.dll
--- Execute embedded library embpycclib64.dll

read data: 0.636 sec
create matrix A: 0.07 sec
generate inv(A): 0.031 sec
*** Status: Normal completion
--- Job Untitled_2.gms Stop 05/09/22 23:19:05 elapsed 0:00:01.317
