
--- Job Untitled_4.gms Start 05/10/22 08:43:17 39.1.0 5f04cd76 WEX-WEI x86 64bit/MS Windows
--- Applying:
    C:\GAMS\39\gmsprmNT.txt
--- GAMS Parameters defined
    Input C:\projects\OptimizationModels\Sudoku\Untitled_4.gms
    PageWidth 130
    PageSize 0
    PageContr 3
    Action CE
    ScrDir C:\projects\OptimizationModels\Sudoku\225a\
    SysDir C:\GAMS\39\
    WorkDir C:\projects\OptimizationModels\Sudoku\
    LogOption 3
    DFormat 0
    TFormat 0
    ErrorLog 99
    IDE 1
Licensee: Eval License                                   G211206|0002CO-GEN
          Amsterdam Optimization Modeling Group,                     DCE378
          C:\Users\erwin\Documents\GAMS\gamslice.txt
          License Admin: Erwin Kalvelagen, info@amsterdamoptimization.com  
          Evaluation license: Not for commercial or production use
Processor information: 1 socket(s), 8 core(s), and 16 thread(s) available
GAMS 39.1.0   Copyright (C) 1987-2022 GAMS Development. All rights reserved
--- Starting compilation
--- Untitled_4.gms(54) 3 Mb
--- Starting execution: elapsed 0:00:00.066
--- Untitled_4.gms(23) 4 Mb
--- Initialize embedded library embpycclib64.dll
--- Execute embedded library embpycclib64.dll

### calculating rank
len(x) = 100
[ 52  73  76   2  32  21  49  86  30  64  25  74  38  48  97  34  10   9
  72  89  14  81  88  33  19  65  20  26  79  94 100  40  57  22  61  54
  47  17  98  84  87  31  82  90  85   7  99  80  70  95  91  96  12   4
  28  29  46  92  50  36  67  60   3  63  51  53  15  13  62  69  42  93
  58  83  45  75  39  68   1  77  78  11  37   6  56  16   8   5  24  43
  35  59  27  55  44  18  23  71  66  41]
--- Untitled_4.gms(51) 4 Mb
*** Status: Normal completion
--- Job Untitled_4.gms Stop 05/10/22 08:43:18 elapsed 0:00:00.591
