
--- Job RASvsEntropy.gms Start 02/20/23 14:34:38 42.2.0 ef14ea53 WEX-WEI x86 64bit/MS Windows
--- Applying:
    C:\GAMS\42\gmsprmNT.txt
    C:\Users\erwin\Documents\GAMS\gamsconfig.yaml
--- GAMS Parameters defined
    MIP CPLEX
    Input C:\projects\OptimizationModels\RASvsEntropy\RASvsEntropy.gms
    PageWidth 130
    PageSize 0
    ScrDir C:\projects\OptimizationModels\RASvsEntropy\225a\
    SysDir C:\GAMS\42\
    LogOption 3
    ErrMsg 1
    ErrorLog 99
    IDE 1
    LstTitleLeftAligned 1
Licensee: Eval License                                   G221205|0002CO-GEN
          Amsterdam Optimization Modeling Group,                     DCE378
          C:\Users\erwin\Documents\GAMS\gamslice.txt
          License Admin: Erwin Kalvelagen, info@amsterdamoptimization.com  
          Evaluation license: Not for commercial or production use
Processor information: 1 socket(s), 8 core(s), and 16 thread(s) available
GAMS 42.2.0   Copyright (C) 1987-2023 GAMS Development. All rights reserved
--- Starting compilation
--- RASvsEntropy.gms(210) 3 Mb
--- $echo File C:\projects\OptimizationModels\RASvsEntropy\mosek.opt
--- RASvsEntropy.gms(223) 3 Mb
--- Starting execution: elapsed 0:00:00.005
--- RASvsEntropy.gms(138) 80 Mb
--- Generating NLP model m1
--- RASvsEntropy.gms(140) 256 Mb
---   2,001 rows  499,249 columns  1,497,745 non-zeroes
---   2,496,242 nl-code  499,248 nl-non-zeroes
--- Range statistics (absolute non-zero finite values)
--- RHS       [min, max] : [ 2.107E+04, 2.859E+04] - Zero values observed as well
--- Bound     [min, max] : [ 1.000E-05, 1.000E-05]
--- Matrix    [min, max] : [ 1.000E+00, 1.000E+00]
--- RASvsEntropy.gms(140) 231 Mb
--- Executing CONOPT (Solvelink=2): elapsed 0:00:02.826

CONOPT 3         42.2.0 ef14ea53 Feb 16, 2023          WEI x86 64bit/MS Window

 
 
    C O N O P T 3   version 3.17N
    Copyright (C)   ARKI Consulting and Development A/S
                    Bagsvaerdvej 246 A
                    DK-2880 Bagsvaerd, Denmark
 
 
   Iter Phase Ninf   Infeasibility   RGmax    NSB   Step InItr MX OK
      0   0        6.1082211685E+05 (Input point)
 
                   Pre-triangular equations:   0
                   Post-triangular equations:  1
 
      1   0        6.1082211685E+05 (After pre-processing)
      2   0        3.7281623343E+01 (After scaling)
      3   0  1801  3.7010288536E+01               1.0E+00      F  T
      4   1  1798  3.5684644076E+01 1.6E-02251506 1.0E+00    3 T  T
      5   1  1790  3.3309820938E+01 1.6E-02251085 1.0E+00    8 T  T
      6   1  1777  3.2003348930E+01 1.6E-02254740 1.0E+00   13 T  T
      7   1  1760  3.0991748593E+01 1.6E-02253566 1.0E+00   18 T  T
      8   1  1741  3.0359467075E+01 1.6E-02253917 1.0E+00   23 T  T
      9   1  1714  2.9557334003E+01 1.6E-02254533 1.0E+00   28 T  T
 
   Iter Phase Ninf   Infeasibility   RGmax    NSB   Step InItr MX OK
     10   1  1683  2.8612734357E+01 1.6E-02259410 1.0E+00   33 T  T
     11   1  1648  2.7844733844E+01 1.6E-02258826 1.0E+00   38 T  T
     12   1  1607  2.6862052317E+01 1.6E-02257886 1.0E+00   43 T  T
     13   1  1562  2.5692760139E+01 1.6E-02260504 1.0E+00   48 T  T
     14   1  1520  2.4374663761E+01 1.6E-02261202 1.0E+00   53 T  T
     15   1  1471  2.3595136543E+01 1.6E-02262950 1.0E+00   58 T  T
     16   1  1422  2.2275891195E+01 1.6E-02272389 1.0E+00   63 T  T
     17   1  1368  2.1269660258E+01 1.6E-02286348 1.0E+00   68 T  T
     18   1  1310  2.0030658915E+01 3.1E-02291055 1.0E+00   73 T  T
     19   1  1251  1.9043021877E+01 3.1E-02284638 1.0E+00   78 T  T
 
   Iter Phase Ninf   Infeasibility   RGmax    NSB   Step InItr MX OK
     20   1  1193  1.7997354538E+01 1.6E-02302511 1.0E+00   83 T  T
     21   1  1139  1.6932207453E+01 1.6E-02293636 1.0E+00   88 T  T
     22   1  1082  1.5901444614E+01 3.1E-02312373 1.0E+00   93 T  T
     23   1  1022  1.4868907642E+01 1.6E-02332533 1.0E+00   98 T  T
     24   1   965  1.3880375575E+01 3.1E-02370349 1.0E+00  101 T  T
     25   1   900  1.2817905592E+01 1.6E-02379951 1.0E+00  108 T  T
     26   1   858  1.2006510905E+01 3.1E-02399731 1.0E+00  113 T  T
     27   1   808  1.1148679335E+01 1.6E-02407495 1.0E+00  118 T  T
     28   1   748  1.0329327886E+01 1.6E-02411340 1.0E+00  123 T  T
     29   1   692  9.3603885640E+00 3.1E-02420089 1.0E+00  128 T  T
   Elapsed time       42.2 seconds.
 
   Iter Phase Ninf   Infeasibility   RGmax    NSB   Step InItr MX OK
     30   1   641  8.4707448871E+00 1.6E-02437857 1.0E+00  133 T  T
     31   1   590  7.5769364480E+00 3.1E-02446658 1.0E+00  138 T  T
     32   1   540  6.7402007326E+00 1.6E-02453579 1.0E+00  143 T  T
     33   1   474  5.8727512507E+00 3.1E-02457355 1.0E+00  148 T  T
     34   1   414  5.0593818023E+00 1.6E-02458002 1.0E+00  153 T  T
     35   1   356  4.3232086603E+00 1.6E-02413852 1.0E+00  158 T  T
     36   1   300  3.4533914613E+00 1.6E-02464156 1.0E+00  163 T  T
     37   1   230  2.6208385761E+00 1.6E-02353546 1.0E+00  168 T  T
     38   1   165  1.7165668264E+00 1.6E-02302191 1.0E+00  173 T  T
     39   1    86  8.0248401980E-01 1.6E-02219483 1.0E+00  178 T  T
   Elapsed time       77.5 seconds.
 
   Iter Phase Ninf   Infeasibility   RGmax    NSB   Step InItr MX OK
     40   1     5  3.7723898770E-02 1.6E-02159359 1.0E+00  168 T  T
 
 ** Feasible solution. Value of objective =    415259.204591
 
   Iter Phase Ninf     Objective     RGmax    NSB   Step InItr MX OK
     41   3        4.1213459188E+05 2.3E+03495694 5.2E-01   15 F  T
     42   3        4.1078726901E+05 1.7E+03495694 4.1E-01   14 F  T
     43   3        4.1000483390E+05 1.5E+03495694 1.5E-07      T  T
     44   3        4.0958894025E+05 1.9E+03495693 6.0E-08      F  T
     45   3        4.0922672671E+05 1.5E+03495693 7.7E-08      F  T
     46   4        4.0888845650E+05 1.6E+03495693 5.9E-08      F  T
     47   4        4.0032167464E+05 1.4E+03495693 1.0E+00    2 T  T
     48   4        3.9256449033E+05 2.1E+03495692 1.0E+00    8 T  T
     49   4        3.8241056114E+05 1.5E+03495690 1.0E+00   13 T  T
     50   4        3.6630578855E+05 1.9E+03495687 1.0E+00   19 T  T
 
   Iter Phase Ninf     Objective     RGmax    NSB   Step InItr MX OK
     51   4        3.4442870193E+05 1.3E+03495684 1.0E+00   28 T  T
     52   4        3.2043568309E+05 9.8E+02495681 1.0E+00   42 T  T
     53   4        2.8224540120E+05 8.6E+02495675 1.0E+00   63 T  T
     54   4        2.3863659640E+05 5.0E+03495677 1.0E+00   94 T  T
     55   4        2.1531605629E+05 3.9E+03495670 1.0E+00  117 T  T
     56   4        2.1139313610E+05 7.8E+02495663 1.0E+00  135 F  T
     57   4        2.0743628485E+05 1.0E+03495663 1.0E+00  175 F  T
     58   4        2.0474327948E+05 7.9E+02495663 1.0E+00  262 T  T
     59   4        2.0333526172E+05 1.0E+03495663 1.0E+00  394 F  T
     60   4        2.0298064020E+05 8.1E+02495663 1.0E+00  803 F  T
   Elapsed time      131.9 seconds.
 
   Iter Phase Ninf     Objective     RGmax    NSB   Step InItr MX OK
     61   4        2.0280852254E+05 2.2E+01495663 1.0E+00  884 T  T
     62i                                                  1000
     62   4        2.0266495538E+05 1.1E+01495662 1.0E+00 1219 F  T
     63i                                                  1000
     63   4        2.0262449613E+05 4.2E+00495662 1.0E+00 1803 F  T
     64i                                                  1000
     64i                                                  2000
     64   4        2.0262250040E+05 8.2E-01495662 1.0E+00 2420 F  T
     65   4        2.0174660007E+05 1.7E+01496162 2.4E+03   17 T  T
     66   4        2.0142454257E+05 3.9E+02496161 1.0E+00   17 F  T
     67   4        1.8547908835E+05 3.2E+02496161 3.5E+00  113 T  T
     68   4        1.8451376231E+05 2.9E+02496160 1.0E+00   24 F  T
     69   4        1.8001975476E+05 7.4E+02496160 1.0E+00   32 T  T
     70   4        1.7679702527E+05 1.5E+03496159 1.0E+00   39 F  T
   Elapsed time      197.2 seconds.
 
   Iter Phase Ninf     Objective     RGmax    NSB   Step InItr MX OK
     71   4        1.7309774595E+05 2.8E+02496159 1.0E+00   60 T  T
     72   4        1.6870517832E+05 5.1E+02496158 1.0E+00   90 T  T
     73   4        1.6064579126E+05 1.1E+03496157 1.0E+00  135 T  T
     74   4        1.5092439366E+05 3.5E+02496155 1.0E+00  202 T  T
     75   4        1.3975067366E+05 2.3E+02496153 1.0E+00  303 T  T
     76   4        1.3296018174E+05 4.9E+02496150 1.0E+00  408 T  T
     77   4        1.3230674144E+05 1.7E+02496149 1.0E+00  624 T  T
     78   4        1.3202930984E+05 6.0E+01496147 1.0E+00  929 T  T
     79   4        1.3200460037E+05 4.2E+03496146 1.0E+00  749 F  T
     80   4        1.3200443064E+05 3.5E+03496146 1.0E+00  175 F  T
   Elapsed time      246.9 seconds.
 
   Iter Phase Ninf     Objective     RGmax    NSB   Step InItr MX OK
     81   4        1.3200004426E+05 1.6E+01496646 4.8E+00  250 F  T
     82   4        1.3165215772E+05 1.7E+01497146 1.0E+01  189 T  T
     83   4        1.2937478825E+05 4.0E+01497145 1.0E+00  189 T  T
     84   4        8.3808201777E+04 1.6E+01497151 9.3E+00  286 F  T
     85   4        6.4234755536E+04 2.1E+02497151 1.0E+00  288 T  T
     86   4        3.6962715051E+04 1.5E+02497145 1.0E+00  429 T  T
     87   4        8.5147931029E+03 2.0E+02497139 1.0E+00  640 T  T
     88   4       -6.1910803621E+02 1.5E+02497136 1.0E+00  966 T  T
     89i                                                  1000
     89   4       -1.4049606000E+03 3.3E+01497134 1.0E+00 1452 T  T
     90i                                                  1000
     90   4       -1.5991124430E+03 2.1E+03497137 1.0E+00 1258 T  T
     91i                                                  1000
   Elapsed time      329.1 seconds.
 
   Iter Phase Ninf     Objective     RGmax    NSB   Step InItr MX OK
     91   4       -1.6487373428E+03 3.2E+01497133 1.0E+00 1566 F  T
     92i                                                  1000
     92   4       -1.6516133528E+03 1.6E+01497201 1.0E+00 1191 F  T
     93   4       -1.8732566074E+03 1.6E+01497202 9.8E+01  582 F  T
     94   4       -3.0261132706E+03 2.2E+01497202 3.6E+00  440 F  T
     95   4       -4.7206251517E+03 4.2E+01497202 1.0E+00  429 F  T
     96i                                                  1000
     96   4       -6.2465182229E+03 3.1E+01497202 1.0E+00 1196 F  T
     97i                                                  1000
     97   4       -6.7392598792E+03 1.2E+01497202 1.0E+00 1348 F  T
     98i                                                  1000
     98   4       -6.7784368837E+03 1.5E+01497235 1.0E+00 1427 F  T
     99i                                                  1000
     99   4       -6.7800594294E+03 1.2E+01497231 1.0E+00 1091 F  T
    100   4       -6.9337879105E+03 1.5E+01497237 9.1E+01  458 F  T
   Elapsed time      422.5 seconds.
 
   Iter Phase Ninf     Objective     RGmax    NSB   Step InItr MX OK
    101   4       -7.2513517615E+03 1.0E+02497237 1.0E+00  347 F  T
    102   4       -7.5339908918E+03 1.5E+01497237 1.0E+00  479 F  T
    103i                                                  1000
    103   4       -7.6489999063E+03 1.0E+01497237 1.0E+00 1289 F  T
    104i                                                  1000
    104   4       -7.6914406989E+03 1.2E+01497245 1.0E+00 1107 F  T
    105i                                                  1000
    105   4       -7.7122850021E+03 9.2E+00497245 1.0E+00 1077 T  T
    106   4       -7.7156345946E+03 1.2E+01497247 1.0E+00  955 F  T
    107   4       -7.7166789516E+03 9.2E+00497247 1.8E+00  691 F  T
    108   4       -7.7179109622E+03 8.9E+00497248 1.0E+00  467 F  T
    109   4       -7.7188346160E+03 6.6E+00497248 1.0E+00  408 F  T
    110   4       -7.7194552711E+03 8.5E+00497249 1.0E+00  292 F  T
   Elapsed time      501.3 seconds.
 
   Iter Phase Ninf     Objective     RGmax    NSB   Step InItr MX OK
    111   4       -7.7198893413E+03 6.2E+00497249 1.0E+00  265 F  T
    112   4       -7.7200343877E+03 4.2E+00497249 1.0E+00  285 F  T
    113   4       -7.7200649802E+03 2.6E+00497249 1.0E+00  310 F  T
    114   4       -7.7200792842E+03 1.3E+00497249 1.0E+00  355 F  T
    115   4       -7.7200828629E+03 4.6E-01497249 1.0E+00  502 F  T
    116   4       -7.7200830153E+03 8.3E-02497249 1.0E+00  846 F  T
    117i                                                  1000
    117   4       -7.7200830156E+03 3.3E-03497249 1.0E+00 1476 F  T
    118i                                                  1000
    118   4       -7.7200830156E+03 6.5E-05497249 1.0E+00 1788 F  T
    119i                                                  1000
    119i                                                  2000
    119   4       -7.7200830156E+03 8.0E-06497249 0.0E+00 2406 F  F
    120   4       -7.7200829007E+03 8.0E-06497249 1.0E+00      F  T
   Elapsed time      590.8 seconds.
 
   Iter Phase Ninf     Objective     RGmax    NSB   Step InItr MX OK
    121   4       -7.7200829007E+03 1.5E-05497249 1.0E+00   75 F  T
    122i                                                  1000
    122   4       -7.7200829007E+03 4.1E-07497249 1.0E+00 1117 F  T
    123   4       -7.7200829007E+03 2.1E-07497249 1.0E+00  834 F  T
    124   4       -7.7200829007E+03 8.4E-08497249
 
 ** Optimal solution. Reduced gradient less than tolerance.
 
--- Reading solution for model m1
--- Executing after solve: elapsed 0:10:15.999
--- RASvsEntropy.gms(161) 231 Mb
--- Generating NLP model m1
--- RASvsEntropy.gms(162) 260 Mb
---   2,001 rows  499,249 columns  1,497,745 non-zeroes
---   2,496,242 nl-code  499,248 nl-non-zeroes
--- Range statistics (absolute non-zero finite values)
--- RHS       [min, max] : [ 2.107E+04, 2.859E+04] - Zero values observed as well
--- Bound     [min, max] : [ 1.000E-05, 1.000E-05]
--- Matrix    [min, max] : [ 1.000E+00, 1.552E+01]
--- RASvsEntropy.gms(162) 234 Mb
--- Executing IPOPT (Solvelink=2): elapsed 0:10:18.032

COIN-OR Ipopt    42.2.0 ef14ea53 Feb 16, 2023          WEI x86 64bit/MS Window

COIN-OR Interior Point Optimizer (Ipopt Library 3.14.10)
written by A. Waechter.

Note: This is the free version IPOPT, but you could also use the commercially supported and potentially higher performance version IPOPTH.
Number of OpenMP threads: 16.

******************************************************************************
This program contains Ipopt, a library for large-scale nonlinear optimization.
 Ipopt is released as open source code under the Eclipse Public License (EPL).
         For more information visit https://github.com/coin-or/Ipopt
******************************************************************************

This is Ipopt version 3.14.10, running with linear solver MUMPS 5.5.1.

Space for names approximately 10 MB.
Use statement '<modelname>.dictfile=0;' to turn dictionary off.
Number of nonzeros in equality constraint Jacobian...:   998496
Number of nonzeros in inequality constraint Jacobian.:        0
Number of nonzeros in Lagrangian Hessian.............:   499248

Total number of variables............................:   499248
                     variables with only lower bounds:   499248
                variables with lower and upper bounds:        0
                     variables with only upper bounds:        0
Total number of equality constraints.................:     2000
Total number of inequality constraints...............:        0
        inequality constraints with only lower bounds:        0
   inequality constraints with lower and upper bounds:        0
        inequality constraints with only upper bounds:        0

iter    objective    inf_pr   inf_du lg(mu)  ||d||  lg(rg) alpha_du alpha_pr  ls
   0 -4.0809058e+04 2.86e+04 9.61e+00   0.0 0.00e+00    -  0.00e+00 0.00e+00   0
   1  8.7031061e+06 4.37e-11 1.21e+04  -8.0 6.05e+01    -  1.64e-04 1.00e+00h  1
   2  6.4777402e+06 7.28e-11 1.09e+04   1.0 5.15e+02    -  6.67e-01 1.02e-01f  1
   3  3.2294579e+06 1.06e-10 8.01e+03   0.7 9.81e+01    -  1.00e+00 2.62e-01f  1
   4  8.6199560e+04 1.86e-09 7.38e+02   0.7 5.48e+01    -  1.00e+00 9.08e-01f  1
   5  2.0327966e+03 5.73e-06 3.29e+00   0.1 3.10e+01    -  1.00e+00 1.00e+00f  1
   6 -7.4230473e+03 2.22e-10 1.13e+00  -1.4 7.02e+00    -  7.78e-01 1.00e+00f  1
   7 -7.6885676e+03 8.00e-11 8.64e-01  -6.5 4.79e-01    -  7.72e-01 1.00e+00f  1
   8 -7.7166185e+03 9.82e-11 3.71e-01  -3.2 1.72e-01    -  9.96e-01 1.00e+00f  1
   9 -7.7199226e+03 7.28e-11 3.54e-01  -4.5 2.15e-02    -  1.00e+00 1.00e+00f  1
iter    objective    inf_pr   inf_du lg(mu)  ||d||  lg(rg) alpha_du alpha_pr  ls
  10 -7.7200767e+03 7.64e-11 1.84e-01  -5.1 5.00e-03    -  9.99e-01 1.00e+00f  1
  11 -7.7200828e+03 1.27e-10 8.03e-02  -5.7 1.26e-03    -  9.99e-01 1.00e+00f  1
  12 -7.7200829e+03 9.09e-11 1.50e-02  -6.3 2.87e-04    -  9.99e-01 1.00e+00h  1
  13 -7.7200829e+03 9.09e-11 5.36e-04  -7.3 2.21e-05    -  1.00e+00 1.00e+00h  1
  14 -7.7200829e+03 7.64e-11 8.85e-07 -11.0 7.53e-07    -  1.00e+00 1.00e+00h  1
  15 -7.7200829e+03 6.91e-11 7.26e-12 -11.0 8.46e-10    -  1.00e+00 1.00e+00h  1

Number of Iterations....: 15

                                   (scaled)                 (unscaled)
Objective...............:  -7.7200829007445336e+03   -7.7200829007445336e+03
Dual infeasibility......:   7.2638123945918355e-12    7.2638123945918355e-12
Constraint violation....:   6.9121597334742546e-11    6.9121597334742546e-11
Variable bound violation:   0.0000000000000000e+00    0.0000000000000000e+00
Complementarity.........:   1.0001817650949812e-11    1.0001817650949812e-11
Overall NLP error.......:   6.9121597334742546e-11    6.9121597334742546e-11


Number of objective function evaluations             = 16
Number of objective gradient evaluations             = 16
Number of equality constraint evaluations            = 16
Number of inequality constraint evaluations          = 0
Number of equality constraint Jacobian evaluations   = 1
Number of inequality constraint Jacobian evaluations = 0
Number of Lagrangian Hessian evaluations             = 15
Total seconds in IPOPT                               = 175.943

EXIT: Optimal Solution Found.
--- Reading solution for model m1
--- Executing after solve: elapsed 0:13:15.430
--- RASvsEntropy.gms(170) 234 Mb
--- Generating NLP model m1
--- RASvsEntropy.gms(171) 262 Mb
---   2,001 rows  499,249 columns  1,497,745 non-zeroes
---   2,496,242 nl-code  499,248 nl-non-zeroes
--- Range statistics (absolute non-zero finite values)
--- RHS       [min, max] : [ 2.107E+04, 2.859E+04] - Zero values observed as well
--- Bound     [min, max] : [ 1.000E-05, 1.000E-05]
--- Matrix    [min, max] : [ 1.000E+00, 1.552E+01]
--- RASvsEntropy.gms(171) 236 Mb
--- Executing IPOPTH (Solvelink=2): elapsed 0:13:17.380

COIN-OR Ipopt    42.2.0 ef14ea53 Feb 16, 2023          WEI x86 64bit/MS Window

COIN-OR Interior Point Optimizer (Ipopt Library 3.14.10)
written by A. Waechter, commercially supported by GAMS Development Corp.
Number of OpenMP threads: 16.

******************************************************************************
This program contains Ipopt, a library for large-scale nonlinear optimization.
 Ipopt is released as open source code under the Eclipse Public License (EPL).
         For more information visit https://github.com/coin-or/Ipopt
******************************************************************************

This is Ipopt version 3.14.10, running with linear solver ma27.

Space for names approximately 10 MB.
Use statement '<modelname>.dictfile=0;' to turn dictionary off.
Number of nonzeros in equality constraint Jacobian...:   998496
Number of nonzeros in inequality constraint Jacobian.:        0
Number of nonzeros in Lagrangian Hessian.............:   499248

Total number of variables............................:   499248
                     variables with only lower bounds:   499248
                variables with lower and upper bounds:        0
                     variables with only upper bounds:        0
Total number of equality constraints.................:     2000
Total number of inequality constraints...............:        0
        inequality constraints with only lower bounds:        0
   inequality constraints with lower and upper bounds:        0
        inequality constraints with only upper bounds:        0

iter    objective    inf_pr   inf_du lg(mu)  ||d||  lg(rg) alpha_du alpha_pr  ls
   0 -4.0809058e+04 2.86e+04 9.61e+00   0.0 0.00e+00    -  0.00e+00 0.00e+00   0
   1  8.7031060e+06 6.13e-05 1.21e+04  -8.0 6.05e+01    -  1.64e-04 1.00e+00h  1
   2  6.4777402e+06 5.50e-05 1.09e+04   1.0 5.15e+02    -  6.67e-01 1.02e-01f  1
   3  3.2294579e+06 4.06e-05 8.01e+03   0.7 9.81e+01    -  1.00e+00 2.62e-01f  1
   4  8.6199603e+04 5.26e-05 7.38e+02   0.7 5.48e+01    -  1.00e+00 9.08e-01f  1
   5  2.0327918e+03 1.02e-10 3.29e+00   0.1 3.10e+01    -  1.00e+00 1.00e+00f  1
   6 -7.4230473e+03 8.00e-11 1.13e+00  -1.4 7.02e+00    -  7.78e-01 1.00e+00f  1
   7 -7.6885676e+03 9.82e-11 8.64e-01  -6.5 4.79e-01    -  7.72e-01 1.00e+00f  1
   8 -7.7166185e+03 9.09e-11 3.71e-01  -3.2 1.72e-01    -  9.96e-01 1.00e+00f  1
   9 -7.7199226e+03 2.29e-10 3.54e-01  -4.5 2.15e-02    -  1.00e+00 1.00e+00f  1
iter    objective    inf_pr   inf_du lg(mu)  ||d||  lg(rg) alpha_du alpha_pr  ls
  10 -7.7200767e+03 1.09e-10 1.84e-01  -5.1 5.00e-03    -  9.99e-01 1.00e+00f  1
  11 -7.7200828e+03 7.28e-11 8.03e-02  -5.7 1.26e-03    -  9.99e-01 1.00e+00f  1
  12 -7.7200829e+03 7.64e-11 1.50e-02  -6.3 2.87e-04    -  9.99e-01 1.00e+00h  1
  13 -7.7200829e+03 8.73e-11 6.10e-04  -7.2 2.21e-05    -  9.98e-01 1.00e+00h  1
  14 -7.7200829e+03 3.22e-09 6.63e-07  -9.2 7.71e-07    -  1.00e+00 1.00e+00h  1
  15 -7.7200829e+03 1.27e-10 2.50e-12 -11.0 1.51e-09    -  1.00e+00 1.00e+00h  1

Number of Iterations....: 15

                                   (scaled)                 (unscaled)
Objective...............:  -7.7200829007437424e+03   -7.7200829007437424e+03
Dual infeasibility......:   2.5025882533408249e-12    2.5025882533408249e-12
Constraint violation....:   1.2732925824820995e-10    1.2732925824820995e-10
Variable bound violation:   0.0000000000000000e+00    0.0000000000000000e+00
Complementarity.........:   1.0004395941694148e-11    1.0004395941694148e-11
Overall NLP error.......:   1.2732925824820995e-10    1.2732925824820995e-10


Number of objective function evaluations             = 16
Number of objective gradient evaluations             = 16
Number of equality constraint evaluations            = 16
Number of inequality constraint evaluations          = 0
Number of equality constraint Jacobian evaluations   = 1
Number of inequality constraint Jacobian evaluations = 0
Number of Lagrangian Hessian evaluations             = 15
Total seconds in IPOPT                               = 26.689

EXIT: Optimal Solution Found.
--- Reading solution for model m1
--- Executing after solve: elapsed 0:13:45.406
--- RASvsEntropy.gms(179) 236 Mb
--- Generating NLP model m1
--- RASvsEntropy.gms(180) 265 Mb
---   2,001 rows  499,249 columns  1,497,745 non-zeroes
---   2,496,242 nl-code  499,248 nl-non-zeroes
--- Range statistics (absolute non-zero finite values)
--- RHS       [min, max] : [ 2.107E+04, 2.859E+04] - Zero values observed as well
--- Bound     [min, max] : [ 1.000E-05, 1.000E-05]
--- Matrix    [min, max] : [ 1.000E+00, 1.552E+01]
--- RASvsEntropy.gms(180) 239 Mb
--- Executing KNITRO (Solvelink=2): elapsed 0:13:47.437

KNITRO           42.2.0 ef14ea53 Feb 16, 2023          WEI x86 64bit/MS Window

--- Artelys Knitro Optimizer 13.2.0
--- GMO Q Extraction (ThreePass): 0.00s
--- GMO setup time: 0.00s
--- Set initial levels for 499248 / 499248 variables.
--- Set initial marginals for 499248 / 499248 variables.
--- Set initial marginals for 2000 / 2000 equations.

=======================================
          Commercial License
         Artelys Knitro 13.2.0
=======================================

Knitro presolve eliminated 0 variables and 0 constraints.

concurrent_evals:        0
datacheck:               0
hessian_no_f:            1
numthreads:             16
Knitro shifted start point further inside presolved bounds (499248 variables).

Problem Characteristics                                 (   Presolved)
-----------------------
Objective goal:  Minimize
Objective type:  general
Number of variables:                             499248 (      499248)
    bounded below only:                          499248 (      499248)
    bounded above only:                               0 (           0)
    bounded below and above:                          0 (           0)
    fixed:                                            0 (           0)
    free:                                             0 (           0)
Number of constraints:                             2000 (        2000)
    linear equalities:                             2000 (        2000)
    quadratic equalities:                             0 (           0)
    gen. nonlinear equalities:                        0 (           0)
    linear one-sided inequalities:                    0 (           0)
    quadratic one-sided inequalities:                 0 (           0)
    gen. nonlinear one-sided inequalities:            0 (           0)
    linear two-sided inequalities:                    0 (           0)
    quadratic two-sided inequalities:                 0 (           0)
    gen. nonlinear two-sided inequalities:            0 (           0)
Number of nonzeros in Jacobian:                  998496 (      998496)
Number of nonzeros in Hessian:                   499248 (      499248)

Knitro using the Interior-Point/Barrier Direct algorithm.

  Iter      Objective      FeasError   OptError    ||Step||    CGits 
--------  --------------  ----------  ----------  ----------  -------
       0   -1.765404e+06   2.805e+04
      10   -7.720083e+03   8.004e-11   2.664e-10   4.576e-06        0

EXIT: Locally optimal solution found.

Final Statistics
----------------
Final objective value               =  -7.72008290074292e+03
Final feasibility error (abs / rel) =   8.00e-11 / 2.85e-15
Final optimality error  (abs / rel) =   2.66e-10 / 2.43e-10
# of iterations                     =         10 
# of CG iterations                  =          0 
# of function evaluations           =         12
# of gradient evaluations           =         12
# of Hessian evaluations            =         10
Total program time (secs)           =      65.398 (   195.344 CPU time)
Time spent in evaluations (secs)    =       5.883

===============================================================================

--- Reading solution for model m1
--- Executing after solve: elapsed 0:14:56.528
--- RASvsEntropy.gms(216) 239 Mb
--- Generating NLP model m2
--- RASvsEntropy.gms(217) 528 Mb
---   1,000,497 rows  1,497,745 columns  3,494,737 non-zeroes
---   3,993,984 nl-code  998,496 nl-non-zeroes
--- Range statistics (absolute non-zero finite values)
--- RHS       [min, max] : [ 6.760E-04, 2.859E+04] - Zero values observed as well
--- Bound     [min, max] : [ 1.000E-05, 1.000E-05] - Zero values observed as well
--- Matrix    [min, max] : [ 1.000E+00, 1.000E+00]
--- RASvsEntropy.gms(217) 506 Mb
--- Executing MOSEK (Solvelink=2): elapsed 0:15:00.220

MOSEK            42.2.0 ef14ea53 Feb 16, 2023          WEI x86 64bit/MS Window

	M O S E K       version 10.0.33 (Build date: 2022-12-15 11:26:05)
	Copyright (C)   MOSEK ApS, Fruebjergvej 3, Box 16
	                DK-2100 Copenhagen, Denmark
	                https://www.mosek.com

GAMS/MOSEK license detected
Reading parameter(s) from "C:\projects\OptimizationModels\RASvsEntropy\mosek.opt"
>>  MSK_DPAR_INTPNT_CO_TOL_REL_GAP = 1.0e-5
Finished reading from "C:\projects\OptimizationModels\RASvsEntropy\mosek.opt"

Extraction of quadratics (ThreePass algorithm): 0.05s
Problem
  Name                   :                 
  Objective sense        : minimize        
  Type                   : CONIC (conic optimization problem)
  Constraints            : 1000496         
  Affine conic cons.     : 0               
  Disjunctive cons.      : 0               
  Cones                  : 499248          
  Scalar variables       : 1497744         
  Matrix variables       : 0               
  Integer variables      : 0               

Optimizer started.
Presolve started.
Linear dependency checker started.
Linear dependency checker terminated.
Eliminator started.
Freed constraints in eliminator : 0
Eliminator terminated.
Eliminator - tries                  : 1                 time                   : 0.00            
Lin. dep.  - tries                  : 1                 time                   : 0.14            
Lin. dep.  - number                 : 1               
Presolve terminated. Time: 0.73    
Problem
  Name                   :                 
  Objective sense        : minimize        
  Type                   : CONIC (conic optimization problem)
  Constraints            : 1000496         
  Affine conic cons.     : 0               
  Disjunctive cons.      : 0               
  Cones                  : 499248          
  Scalar variables       : 1497744         
  Matrix variables       : 0               
  Integer variables      : 0               

Optimizer  - threads                : 16              
Optimizer  - solved problem         : the primal      
Optimizer  - Constraints            : 1999
Optimizer  - Cones                  : 499248
Optimizer  - Scalar variables       : 1497744           conic                  : 1497744         
Optimizer  - Semi-definite variables: 0                 scalarized             : 0               
Factor     - setup time             : 1.08              dense det. time        : 0.05            
Factor     - ML order time          : 0.14              GP order time          : 0.00            
Factor     - nonzeros before factor : 5.01e+05          after factor           : 1.53e+06        
Factor     - dense dim.             : 0                 flops                  : 1.53e+09        
ITE PFEAS    DFEAS    GFEAS    PRSTATUS   POBJ              DOBJ              MU       TIME  
0   2.8e+04  8.1e-01  3.3e+07  0.00e+00   4.132966651e+05   -3.223972565e+07  1.0e+00  2.73  
1   3.3e+03  9.5e-02  1.0e+07  -9.67e-01  4.239587353e+06   -2.463872452e+07  1.2e-01  3.50  
2   5.5e+02  1.6e-02  2.8e+06  -7.12e-01  1.187985792e+07   -4.337102096e+06  1.9e-02  4.16  
3   1.2e+02  3.6e-03  3.9e+05  2.17e-01   3.455295294e+06   -1.561289956e+06  4.4e-03  4.80  
4   2.4e+01  6.9e-04  3.4e+04  7.76e-01   7.064695936e+05   -3.606038365e+05  8.6e-04  5.44  
5   6.2e+00  1.8e-04  4.3e+03  9.53e-01   1.754823048e+05   -1.026847573e+05  2.2e-04  6.16  
6   1.5e+00  4.4e-05  5.4e+02  9.88e-01   3.688179288e+04   -3.275631813e+04  5.5e-05  6.88  
7   3.1e-01  8.8e-06  4.8e+01  9.97e-01   1.157117289e+03   -1.281139831e+04  1.1e-05  7.61  
8   6.4e-02  1.8e-06  4.6e+00  9.99e-01   -5.886901821e+03  -8.795479259e+03  2.3e-06  8.34  
9   1.4e-02  4.1e-07  4.7e-01  1.00e+00   -7.317723580e+03  -7.960239323e+03  5.0e-07  8.98  
10  2.9e-03  8.2e-08  4.3e-02  1.00e+00   -7.639263175e+03  -7.769064948e+03  1.0e-07  9.61  
11  5.2e-04  1.5e-08  3.3e-03  1.00e+00   -7.705415854e+03  -7.729106264e+03  1.9e-08  10.23 
12  4.2e-05  1.2e-09  7.5e-05  1.00e+00   -7.718923011e+03  -7.720815857e+03  1.5e-09  10.86 
13  5.5e-06  3.2e-11  3.3e-07  1.00e+00   -7.720051401e+03  -7.720102775e+03  4.0e-11  11.44 
Optimizer terminated. Time: 11.84   


Interior-point solution summary
  Problem status  : PRIMAL_AND_DUAL_FEASIBLE
  Solution status : OPTIMAL
  Primal.  obj: -7.7200514010e+03   nrm: 3e+04    Viol.  con: 2e-04    var: 0e+00    cones: 6e-05  
  Dual.    obj: -7.7201027751e+03   nrm: 1e+00    Viol.  con: 0e+00    var: 1e-09    cones: 0e+00  

Return code - 0 [MSK_RES_OK]: No error occurred.
--- Reading solution for model m2
--- RASvsEntropy.gms(217) 506 Mb  15 secs
--- Executing after solve: elapsed 0:15:14.893
--- RASvsEntropy.gms(223) 506 Mb
*** Status: Normal completion
--- Job RASvsEntropy.gms Stop 02/20/23 14:49:53 elapsed 0:15:14.893
