
--- Job ArrangePoints.gms Start 06/30/21 11:07:11 34.3.0 rac355f3 WEX-WEI x86 64bit/MS Windows
--- Applying:
    C:\GAMS\34\gmsprmNT.txt
    C:\Users\Erwin\Documents\GAMS\gamsconfig.yaml
--- GAMS Parameters defined
    Input D:\projects\arrange\ArrangePoints.gms
    PageWidth 120
    PageSize 0
    PageContr 3
    Action CE
    ScrDir D:\projects\arrange\225b\
    SysDir C:\GAMS\34\
    WorkDir D:\projects\arrange\
    LogOption 3
    DFormat 0
    TFormat 0
    ErrorLog 99
    IDE 1
Licensee: Eval License                                   S201210/0001CO-GEN
          Amsterdam Optimization Modeling Group,                     DCE378
          C:\Users\Erwin\Documents\GAMS\gamslice.txt
          Evaluation license: Not for commercial or production use
GAMS 34.3.0   Copyright (C) 1987-2021 GAMS Development. All rights reserved
--- Starting compilation
--- ArrangePoints.gms(192) 3 Mb
--- Starting execution: elapsed 0:00:00.027
--- ArrangePoints.gms(101) 4 Mb
--- Generating MINLP model m1
--- ArrangePoints.gms(102) 7 Mb
---   1,225 rows  1,276 columns  4,900 non-zeroes
---   15,926 nl-code  3,675 nl-non-zeroes
---   1,225 discrete-columns
--- ArrangePoints.gms(102) 5 Mb
--- Executing BARON (Solvelink=2): elapsed 0:00:00.170

GAMS/BARON       34.3.0 rac355f3 Released Feb 25, 2021 WEI x86 64bit/MS Window

===========================================================================
 BARON version 21.1.13. Built: WIN-64 Wed Jan 13 16:04:12 EST 2021

 BARON is a product of The Optimization Firm.
 For information on BARON, see https://minlp.com/about-baron
XPRESS-MP license initialization failed

 If you use this software, please cite publications from
 https://minlp.com/baron-publications, such as: 

 Zhou, K., M. Kilinc, X. Chen, and N. V. Sahinidis,
 An efficient strategy for the activation of MIP
 relaxations in a multicore global MINLP solver,
 Journal of Global Optimization, 70:497-516, 2018.
===========================================================================
 This BARON run may utilize the following subsolver(s)
 For LP/MIP/QP: ILOG CPLEX                                      
 For NLP: MINOS, SNOPT, GAMS external NLP, IPOPT, FILTERSD, FILTERSQP
===========================================================================
 Doing local search
 Preprocessing found feasible solution with value 0.314453500000E-001
 Solving bounding LP
 Starting multi-start local search
 Preprocessing found feasible solution with value 0.507411375000E-001
 Preprocessing found feasible solution with value 0.778952833333E-001
 Preprocessing found feasible solution with value 0.556640785000     
 Done with local search
===========================================================================
  Iteration    Open nodes         Time (s)    Lower bound      Upper bound
*         1             1            17.66     1.12990          2.27434    
          1             1            29.42     1.12990          1.23301    
         11+            3            59.43     1.12990          1.23301    
         18+            4            89.44     1.12990          1.23301    
         27+            6           119.48     1.12990          1.23301    
         39+            6           149.51     1.12990          1.23301    
         52+            6           179.58     1.12990          1.23301    
         67+            6           209.69     1.12990          1.23301    
         81+            6           239.71     1.12990          1.23301    
         95+            7           269.73     1.12990          1.23301    
        106+            5           299.74     1.12990          1.23301    
        119+            5           329.76     1.12990          1.23301    
        130+            5           359.77     1.12990          1.23301    
        144+            7           389.78     1.12990          1.23301    
        155+            8           419.80     1.12990          1.23301    
        168+           12           450.07     1.12990          1.23301    
        184+           10           480.08     1.12990          1.23301    
        197+           10           510.09     1.12990          1.23301    
        208+           12           540.09     1.12990          1.23301    
        222+           13           570.11     1.12990          1.23301    
        235+           14           600.29     1.12990          1.23301    
        246+           12           630.31     1.12990          1.23301    
        257+           13           660.40     1.12990          1.23301    
        271+           12           690.49     1.12990          1.23301    
        280+           12           720.50     1.12990          1.23301    
        291+           13           750.53     1.12990          1.23301    
        305+           14           780.54     1.12990          1.23301    
        317+           16           810.57     1.12990          1.23301    
        329+           17           840.59     1.12990          1.23301    
        343+           16           870.61     1.12990          1.23301    
        355+           17           900.62     1.12990          1.23301    
        372+           15           930.64     1.12990          1.23301    
        386+           16           960.68     1.12990          1.23301    
        403+           17           990.73     1.12990          1.23301    
        405            18          1000.01     1.12990          1.23301    

                    *** Max. allowable time exceeded ***      

 Wall clock time:                  1000.01
 Total CPU time used:              4997.00

 Total no. of BaR iterations:     405
 Best solution found at node:       7
 Max. no. of nodes in memory:      19
 
 All done
===========================================================================

Solution      = 1.12990423779657  found at node 7
Best possible = 1.2330096725
Absolute gap  = 0.103105434703429  optca = 1E-9
Relative gap  = 0.0836209455635307  optcr = 1E-9
  (Note that BARON uses a different formula to compute the relative gap as
   was used for the above reported value.)

--- Reading solution for model m1
***
*** Solver did not provide marginals for model m1
***
--- Executing after solve: elapsed 0:16:41.066
--- ArrangePoints.gms(114) 5 Mb
--- Generating MINLP model m1
--- ArrangePoints.gms(116) 7 Mb
---   1,225 rows  1,276 columns  4,900 non-zeroes
---   15,926 nl-code  3,675 nl-non-zeroes
---   1,225 discrete-columns
--- ArrangePoints.gms(116) 5 Mb
--- Executing BARON (Solvelink=2): elapsed 0:16:41.121

GAMS/BARON       34.3.0 rac355f3 Released Feb 25, 2021 WEI x86 64bit/MS Window

===========================================================================
 BARON version 21.1.13. Built: WIN-64 Wed Jan 13 16:04:12 EST 2021

 BARON is a product of The Optimization Firm.
 For information on BARON, see https://minlp.com/about-baron
XPRESS-MP license initialization failed

 If you use this software, please cite publications from
 https://minlp.com/baron-publications, such as: 

 Zhou, K., M. Kilinc, X. Chen, and N. V. Sahinidis,
 An efficient strategy for the activation of MIP
 relaxations in a multicore global MINLP solver,
 Journal of Global Optimization, 70:497-516, 2018.
===========================================================================
 This BARON run may utilize the following subsolver(s)
 For LP/MIP/QP: ILOG CPLEX                                      
 For NLP: MINOS, SNOPT, GAMS external NLP, IPOPT, FILTERSD, FILTERSQP
===========================================================================
 Doing local search
 Preprocessing found feasible solution with value  0.00000000000     
 Solving bounding LP
 Starting multi-start local search
 Done with local search
===========================================================================
  Iteration    Open nodes         Time (s)    Lower bound      Upper bound
*         1             1            15.58     1.12990          2.30578    
          1             1            25.01     1.12990          1.23301    
         11+            3            55.05     1.12990          1.23301    
         23+            8            85.06     1.12990          1.23301    
         39+           12           115.11     1.12990          1.23301    
         49+           13           145.13     1.12990          1.23301    
         60+           12           175.13     1.12990          1.23301    
         72+           13           205.15     1.12990          1.23301    
         85+           13           235.19     1.12990          1.23301    
         97            13           265.20     1.12990          1.23301    
        110+           10           295.20     1.12990          1.23301    
        123+           12           325.39     1.12990          1.23301    
        134+           11           355.40     1.12990          1.23301    
        148+           12           385.40     1.12990          1.23301    
        161+           11           415.41     1.12990          1.23301    
        172+           10           445.44     1.12990          1.23301    
        185+           10           475.45     1.12990          1.23301    
        200+           10           505.49     1.12990          1.23301    
        209+           13           535.49     1.12990          1.23301    
        218+           16           565.49     1.12990          1.23301    
        234+           20           595.50     1.12990          1.23301    
        249+           21           625.50     1.12990          1.23301    
        263+           21           655.52     1.12990          1.23301    
        282+           19           685.64     1.12990          1.23301    
        293+           22           715.64     1.12990          1.23301    
        311+           21           746.00     1.12990          1.23301    
        326+           21           776.01     1.12990          1.23301    
        343+           21           806.02     1.12990          1.23301    
        361+           22           836.03     1.12990          1.23301    
        380+           19           866.03     1.12990          1.23301    
        398+           20           896.05     1.12990          1.23301    
        412+           21           926.47     1.12990          1.23301    
        423+           25           956.48     1.12990          1.23301    
        432+           27           986.48     1.12990          1.23301    
        440            29          1000.01     1.12990          1.23301    

                    *** Max. allowable time exceeded ***      

 Wall clock time:                  1000.01
 Total CPU time used:              5276.34

 Total no. of BaR iterations:     440
 Best solution found at node:       5
 Max. no. of nodes in memory:      29
 
 All done
===========================================================================

Solution      = 1.12990423779657  found at node 5
Best possible = 1.2330096725
Absolute gap  = 0.103105434703429  optca = 1E-9
Relative gap  = 0.0836209455635308  optcr = 1E-9
  (Note that BARON uses a different formula to compute the relative gap as
   was used for the above reported value.)

--- Reading solution for model m1
***
*** Solver did not provide marginals for model m1
***
--- Executing after solve: elapsed 0:33:21.945
--- ArrangePoints.gms(131) 5 Mb
--- Generating MIP model m2
--- ArrangePoints.gms(148) 6 Mb
---   6,125 rows  2,501 columns  19,600 non-zeroes
---   1,225 discrete-columns
--- Executing CPLEX (Solvelink=2): elapsed 0:33:22.000

IBM ILOG CPLEX   34.3.0 rac355f3 Released Feb 25, 2021 WEI x86 64bit/MS Window

--- GAMS/Cplex Link licensed for continuous and discrete problems.
--- Space for names approximately 0.18 Mb
--- Use option 'names no' to turn use of names off
--- GMO memory 1.97 Mb (peak 1.99 Mb)
--- Dictionary memory 0.00 Mb
--- Cplex 20.1.0.0 link memory 0.12 Mb (peak 0.59 Mb)
--- Starting Cplex

Version identifier: 20.1.0.0 | 2020-11-10 | 9bedb6d68
CPXPARAM_Advance                                 0
CPXPARAM_Threads                                 8
CPXPARAM_Parallel                                1
CPXPARAM_MIP_Display                             4
CPXPARAM_TimeLimit                               1000
CPXPARAM_MIP_Tolerances_AbsMIPGap                0
CPXPARAM_MIP_Tolerances_MIPGap                   0
Generic callback                                 0x50
Found incumbent of value 0.000000 after 0.00 sec. (0.48 ticks)
Tried aggregator 2 times.
MIP Presolve eliminated 4974 rows and 1977 columns.
MIP Presolve modified 406 coefficients.
Aggregator did 68 substitutions.
Reduced MIP has 1083 rows, 457 columns, and 3452 nonzeros.
Reduced MIP has 203 binaries, 0 generals, 0 SOSs, and 0 indicators.
Presolve time = 0.05 sec. (8.00 ticks)
Probing fixed 0 vars, tightened 5 bounds.
Probing time = 0.02 sec. (1.54 ticks)
Tried aggregator 1 time.
Detecting symmetries...
MIP Presolve eliminated 10 rows and 0 columns.
Reduced MIP has 1073 rows, 457 columns, and 3422 nonzeros.
Reduced MIP has 203 binaries, 0 generals, 0 SOSs, and 0 indicators.
Presolve time = 0.02 sec. (1.59 ticks)
Probing time = 0.02 sec. (1.43 ticks)
Clique table members: 582.
MIP emphasis: balance optimality and feasibility.
MIP search method: dynamic search.
Parallel mode: deterministic, using up to 8 threads.
Parallel mode: deterministic, using up to 2 threads for parallel tasks at root LP.
Parallel mode: deterministic, using up to 6 threads for concurrent optimization:
 * Starting dual Simplex on 1 thread...
 * Starting Barrier on 4 threads...
 * Starting primal Simplex on 1 thread...
Tried aggregator 1 time.
No LP presolve or aggregator reductions.
Presolve time = 0.02 sec. (0.40 ticks)

Iteration log . . .
Iteration:     1   Dual objective     =             1.954196
Perturbation started.
Iteration:    51   Dual objective     =             1.954196
Iteration:   182   Dual objective     =             1.954009
Iteration:   309   Dual objective     =             1.953950
Removing perturbation.

Dual simplex solved model.

Initializing dual steep norms . . .

Iteration log . . .
Iteration:     1   Dual objective     =             1.954196
Root relaxation solution time = 0.09 sec. (6.46 ticks)

        Nodes                                         Cuts/
   Node  Left     Objective  IInf  Best Integer    Best Bound    ItCnt     Gap

*     0+    0                            0.0000        1.9542              --- 
Found incumbent of value 0.000000 after 0.20 sec. (21.43 ticks)
      0     0        1.9542    63        0.0000        1.9542      403     --- 
      0     0        1.7070    24        0.0000      Cuts: 62      440     --- 
      0     0        1.4848    21        0.0000      Cuts: 43      486     --- 
*     0+    0                            0.6325        1.4848           134.75%
Found incumbent of value 0.632487 after 0.55 sec. (71.45 ticks)
      0     0        1.4712    23        0.6325     Cuts: 125      505  132.60%
      0     0        1.4364    24        0.6325      Cuts: 47      532  127.10%
*     0+    0                            1.0626        1.4364            35.18%
Found incumbent of value 1.062555 after 0.83 sec. (97.79 ticks)
      0     0        1.4364    23        1.0626      Cuts: 31      553   16.04%
Detecting symmetries...
      0     0        1.2330     8        1.0626       Cuts: 9      594   16.04%
      0     0        1.2330    10        1.0626      Cuts: 27      607   16.04%
*     0+    0                            1.0640        1.2330            15.89%
Found incumbent of value 1.063981 after 1.09 sec. (140.92 ticks)
*     0+    0                            1.0671        1.2330            15.55%
Found incumbent of value 1.067091 after 1.16 sec. (142.98 ticks)
Detecting symmetries...
      0     2        1.2330     7        1.0671        1.2330      607   15.55%
Elapsed time = 1.23 sec. (147.70 ticks, tree = 0.02 MB, solutions = 5)
*    55+   13                            1.0839        1.2330            13.76%
                                                      Cuts: 9                  
Found incumbent of value 1.083867 after 1.33 sec. (157.13 ticks)
*   106+   39                            1.0968        1.2330            12.42%
                                                   MIRcuts: 2                  
Found incumbent of value 1.096770 after 1.36 sec. (161.94 ticks)
*   116+   63                            1.0995        1.2330            12.15%
Found incumbent of value 1.099452 after 1.36 sec. (163.40 ticks)
*   425+  186                            1.1236        1.2330             9.74%
                                                      Cuts: 3                  
Found incumbent of value 1.123595 after 1.45 sec. (179.07 ticks)
*   443+  137                            1.1258        1.2330             9.52%
Found incumbent of value 1.125819 after 1.47 sec. (180.03 ticks)
*  1154+  343                            1.1272        1.2330             9.39%
                                                      Cuts: 9                  
Found incumbent of value 1.127194 after 1.72 sec. (218.43 ticks)
*  1166+  297                            1.1299        1.2330             9.13%
Found incumbent of value 1.129904 after 1.72 sec. (219.37 ticks)
   3603  1056        1.2330     4        1.1299        1.2330    28916    9.13%
                                                     Cuts: 14                  
*  5423+ 1520                            1.1299        1.2330             9.13%
                                                   MIRcuts: 1                  
Found incumbent of value 1.129904 after 3.13 sec. (463.21 ticks)
*  5577+ 1592                            1.1299        1.2330             9.13%
Found incumbent of value 1.129904 after 3.19 sec. (473.20 ticks)

Performing restart 1

Repeating presolve.
Tried aggregator 2 times.
MIP Presolve eliminated 260 rows and 81 columns.
MIP Presolve modified 239 coefficients.
Aggregator did 43 substitutions.
Reduced MIP has 770 rows, 333 columns, and 2451 nonzeros.
Reduced MIP has 141 binaries, 0 generals, 0 SOSs, and 0 indicators.
Presolve time = 0.00 sec. (1.99 ticks)
Tried aggregator 2 times.
MIP Presolve eliminated 38 rows and 15 columns.
MIP Presolve modified 132 coefficients.
Aggregator did 7 substitutions.
Reduced MIP has 725 rows, 311 columns, and 2312 nonzeros.
Reduced MIP has 127 binaries, 0 generals, 0 SOSs, and 0 indicators.
Presolve time = 0.00 sec. (1.96 ticks)
Tried aggregator 1 time.
MIP Presolve modified 15 coefficients.
Reduced MIP has 725 rows, 311 columns, and 2312 nonzeros.
Reduced MIP has 127 binaries, 0 generals, 0 SOSs, and 0 indicators.
Presolve time = 0.00 sec. (1.07 ticks)
Represolve time = 0.05 sec. (10.39 ticks)
Tried aggregator 1 time.
LP Presolve eliminated 2 rows and 0 columns.
Reduced LP has 801 rows, 311 columns, and 3095 nonzeros.
Presolve time = 0.03 sec. (0.47 ticks)

Iteration log . . .
Iteration:     1   Dual objective     =             1.233010
Perturbation started.
Iteration:    51   Dual objective     =             1.233010
Iteration:   141   Dual objective     =             1.232969
Iteration:   258   Dual objective     =             1.232960
Removing perturbation.
Initializing dual steep norms . . .

Iteration log . . .
Iteration:     1   Dual objective     =             1.233010
   6283     0        1.2330    10        1.1299      Cuts: 74    54678    9.13%
   6283     0        1.2330    10        1.1299      Cuts: 54    54719    9.13%
   6283     0        1.2330    13        1.1299      Cuts: 22    54772    9.13%
   6283     0        1.2330    10        1.1299      Cuts: 44    54807    9.13%
   6283     0        1.2330     7        1.1299      Cuts: 10    54835    9.13%
   6283     2        1.2330     7        1.1299        1.2330    54835    9.13%
   9190   572        1.2330     5        1.1299        1.2330    72665    9.13%
                                                  Impl Bds: 3                  
  13462  1660        1.1379     3        1.1299        1.2330   111323    9.13%
                                                      Cuts: 3                  
  18826  3260        1.1780     2        1.1299        1.2330   157085    9.13%
  24750  5622        1.2330     5        1.1299        1.2330   206671    9.13%
  29939  7299        1.1394     2        1.1299        1.2330   245571    9.13%
  34984 10704        1.1780     3        1.1299        1.2330   316981    9.13%
  42270 12707        1.1780     2        1.1299        1.2330   350492    9.13%
  61533 23551        1.1444     5        1.1299        1.2330   546979    9.13%
Elapsed time = 10.56 sec. (3255.61 ticks, tree = 8.26 MB, solutions = 24)
  85824 36327        cutoff              1.1299        1.2330   748957    9.13%
                                                   MIRcuts: 3                  
 102840 44465        1.2330     5        1.1299        1.2330   920325    9.13%
 125053 52253    infeasible              1.1299        1.2330  1164267    9.13%
                                                      Cuts: 4                  
 143100 56908        1.2005     5        1.1299        1.2125  1385320    7.31%
                                                  Impl Bds: 8                  
 166246 63450        cutoff              1.1299        1.1865  1596176    5.01%
                                                  Impl Bds: 2                  
 180604 60579        cutoff              1.1299        1.1780  1819264    4.26%
 193407 57338        1.1780     1        1.1299        1.1780  2059015    4.26%
 211253 56615        cutoff              1.1299        1.1780  2296414    4.26%
 225721 55261        1.1780     3        1.1299        1.1780  2557057    4.26%
 241599 56131        cutoff              1.1299        1.1780  2733925    4.26%
Elapsed time = 32.17 sec. (12792.64 ticks, tree = 19.57 MB, solutions = 24)
 256732 57128        cutoff              1.1299        1.1780  2993417    4.26%
 272729 57420        1.1780     3        1.1299        1.1780  3243917    4.26%
 288980 57719        1.1308     2        1.1299        1.1780  3457508    4.26%
 307860 56673        1.1591     3        1.1299        1.1591  3664840    2.59%
 324680 57863        1.1401     2        1.1299        1.1558  3942998    2.29%
 341211 57543        cutoff              1.1299        1.1455  4100462    1.38%
 359535 56425        1.1443     1        1.1299        1.1455  4360029    1.38%
 384896 53612        1.1443     3        1.1299        1.1443  4556377    1.27%
 409069 52540        1.1443     3        1.1299        1.1443  4722815    1.27%
 431391 52525    infeasible              1.1299        1.1443  4960935    1.27%
Elapsed time = 53.67 sec. (22330.52 ticks, tree = 18.41 MB, solutions = 24)
 445238 49098        cutoff              1.1299        1.1404  5143334    0.93%
 471397 45587    infeasible              1.1299        1.1401  5379142    0.91%
 497357 41696        1.1394     2        1.1299        1.1394  5548842    0.84%
 520525 39326        1.1394     3        1.1299        1.1394  5687022    0.84%
 542333 37956        1.1394     4        1.1299        1.1394  5876331    0.84%
 564090 34770        cutoff              1.1299        1.1394  6104396    0.84%
 578137 31586        1.1383     1        1.1299        1.1383  6293631    0.75%
 591706 28503        1.1383     3        1.1299        1.1383  6514389    0.75%
 605527 25590        cutoff              1.1299        1.1383  6803891    0.75%
 619068 22663        1.1379     3        1.1299        1.1383  6987619    0.75%
Elapsed time = 77.47 sec. (31868.65 ticks, tree = 9.14 MB, solutions = 24)
 631902 19078        1.1374     5        1.1299        1.1379  7197782    0.71%
 643372 17614        cutoff              1.1299        1.1379  7348640    0.71%
 667143 15864        1.1372     2        1.1299        1.1374  7584151    0.67%
 681302 14698        1.1372     1        1.1299        1.1372  7764162    0.64%
 702712 14015        cutoff              1.1299        1.1372  7979619    0.64%
 725141 12410        cutoff              1.1299        1.1372  8210525    0.64%
 738936 10816        cutoff              1.1299        1.1372  8340437    0.64%
 772357  6370        1.1368     3        1.1299        1.1368  8572389    0.61%
 785222  3592    infeasible              1.1299        1.1368  8722185    0.61%
 812266  1087        cutoff              1.1299        1.1368  8939929    0.61%
Elapsed time = 101.47 sec. (41405.96 ticks, tree = 2.90 MB, solutions = 24)

Implied bound cuts applied:  14
Flow cuts applied:  3
Mixed integer rounding cuts applied:  11
Zero-half cuts applied:  1
Gomory fractional cuts applied:  7

Root node processing (before b&c):
  Real time             =    1.22 sec. (147.74 ticks)
Parallel b&c, 8 threads:
  Real time             =  100.38 sec. (41332.28 ticks)
  Sync time (average)   =    8.26 sec.
  Wait time (average)   =    0.02 sec.
                          ------------
Total (root+branch&cut) =  101.59 sec. (41480.02 ticks)

--- MIP status (101): integer optimal solution.
--- Cplex Time: 101.59sec (det. 41480.03 ticks)

--- Fixing integer variables and solving final LP...

Version identifier: 20.1.0.0 | 2020-11-10 | 9bedb6d68
CPXPARAM_Advance                                 2
CPXPARAM_Threads                                 8
CPXPARAM_Parallel                                1
CPXPARAM_MIP_Display                             4
CPXPARAM_TimeLimit                               1000
CPXPARAM_MIP_Tolerances_AbsMIPGap                0
CPXPARAM_MIP_Tolerances_MIPGap                   0
Parallel mode: deterministic, using up to 8 threads for concurrent optimization:
 * Starting dual Simplex on 1 thread...
 * Starting Barrier on 6 threads...
 * Starting primal Simplex on 1 thread...
Tried aggregator 1 time.
LP Presolve eliminated 4596 rows and 1228 columns.
Aggregator did 1225 substitutions.
Reduced LP has 304 rows, 49 columns, and 782 nonzeros.
Presolve time = 0.00 sec. (4.18 ticks)
Initializing dual steep norms . . .

Iteration log . . .
Iteration:     1   Dual objective     =             1.650272

Dual simplex solved model.


--- Fixed MIP status (1): optimal.
--- Cplex Time: 0.09sec (det. 7.50 ticks)


Proven optimal solution
MIP Solution:            1.129904    (8989768 iterations, 813120 nodes)
Final Solve:             1.129904    (51 iterations)

Best possible:           1.129904
Absolute gap:            0.000000
Relative gap:            0.000000

--- Reading solution for model m2
--- Executing after solve: elapsed 0:35:04.055
--- ArrangePoints.gms(155) 6 Mb
--- Generating MIP model m2
--- ArrangePoints.gms(157) 6 Mb
---   6,125 rows  2,501 columns  19,600 non-zeroes
---   1,225 discrete-columns
--- Executing CPLEX (Solvelink=2): elapsed 0:35:04.075

IBM ILOG CPLEX   34.3.0 rac355f3 Released Feb 25, 2021 WEI x86 64bit/MS Window

--- GAMS/Cplex Link licensed for continuous and discrete problems.
--- Space for names approximately 0.18 Mb
--- Use option 'names no' to turn use of names off
--- GMO memory 1.97 Mb (peak 1.99 Mb)
--- Dictionary memory 0.00 Mb
--- Cplex 20.1.0.0 link memory 0.12 Mb (peak 0.59 Mb)
--- Starting Cplex

Version identifier: 20.1.0.0 | 2020-11-10 | 9bedb6d68
CPXPARAM_Advance                                 0
CPXPARAM_Threads                                 8
CPXPARAM_Parallel                                1
CPXPARAM_MIP_Display                             4
CPXPARAM_TimeLimit                               1000
CPXPARAM_MIP_Tolerances_AbsMIPGap                0
CPXPARAM_MIP_Tolerances_MIPGap                   0
Generic callback                                 0x50
Found incumbent of value 0.000000 after 0.00 sec. (0.47 ticks)
Tried aggregator 2 times.
MIP Presolve eliminated 4974 rows and 1977 columns.
MIP Presolve modified 406 coefficients.
Aggregator did 68 substitutions.
Reduced MIP has 1083 rows, 457 columns, and 3452 nonzeros.
Reduced MIP has 203 binaries, 0 generals, 0 SOSs, and 0 indicators.
Presolve time = 0.06 sec. (7.78 ticks)
Probing fixed 0 vars, tightened 5 bounds.
Probing time = 0.02 sec. (1.54 ticks)
Tried aggregator 1 time.
Detecting symmetries...
MIP Presolve eliminated 10 rows and 0 columns.
Reduced MIP has 1073 rows, 457 columns, and 3422 nonzeros.
Reduced MIP has 203 binaries, 0 generals, 0 SOSs, and 0 indicators.
Presolve time = 0.00 sec. (1.59 ticks)
Probing time = 0.02 sec. (1.43 ticks)
Clique table members: 582.
MIP emphasis: balance optimality and feasibility.
MIP search method: dynamic search.
Parallel mode: deterministic, using up to 8 threads.
Parallel mode: deterministic, using up to 2 threads for parallel tasks at root LP.
Parallel mode: deterministic, using up to 6 threads for concurrent optimization:
 * Starting dual Simplex on 1 thread...
 * Starting Barrier on 4 threads...
 * Starting primal Simplex on 1 thread...
Tried aggregator 1 time.
No LP presolve or aggregator reductions.
Presolve time = 0.00 sec. (0.40 ticks)

Iteration log . . .
Iteration:     1   Dual objective     =             1.954196
Perturbation started.
Iteration:    51   Dual objective     =             1.954196
Iteration:   182   Dual objective     =             1.954009
Iteration:   309   Dual objective     =             1.953950
Removing perturbation.

Dual simplex solved model.

Initializing dual steep norms . . .

Iteration log . . .
Iteration:     1   Dual objective     =             1.954196
Root relaxation solution time = 0.09 sec. (6.46 ticks)

        Nodes                                         Cuts/
   Node  Left     Objective  IInf  Best Integer    Best Bound    ItCnt     Gap

*     0+    0                            0.0000        1.9542              --- 
Found incumbent of value 0.000000 after 0.20 sec. (21.20 ticks)
      0     0        1.9542    63        0.0000        1.9542      403     --- 
      0     0        1.7070    24        0.0000      Cuts: 62      440     --- 
      0     0        1.4848    21        0.0000      Cuts: 43      486     --- 
*     0+    0                            0.6325        1.4848           134.75%
Found incumbent of value 0.632487 after 0.44 sec. (71.22 ticks)
      0     0        1.4712    23        0.6325     Cuts: 125      505  132.60%
      0     0        1.4364    24        0.6325      Cuts: 47      532  127.10%
*     0+    0                            1.0626        1.4364            35.18%
Found incumbent of value 1.062555 after 0.64 sec. (97.56 ticks)
      0     0        1.4364    23        1.0626      Cuts: 31      553   16.04%
Detecting symmetries...
      0     0        1.2330     8        1.0626       Cuts: 9      594   16.04%
      0     0        1.2330    10        1.0626      Cuts: 27      607   16.04%
*     0+    0                            1.0640        1.2330            15.89%
Found incumbent of value 1.063981 after 0.89 sec. (140.69 ticks)
*     0+    0                            1.0671        1.2330            15.55%
Found incumbent of value 1.067091 after 0.91 sec. (142.75 ticks)
Detecting symmetries...
      0     2        1.2330     7        1.0671        1.2330      607   15.55%
Elapsed time = 0.97 sec. (147.46 ticks, tree = 0.02 MB, solutions = 5)
*    55+   13                            1.0839        1.2330            13.76%
                                                      Cuts: 9                  
Found incumbent of value 1.083867 after 1.06 sec. (156.89 ticks)
*   106+   39                            1.0968        1.2330            12.42%
                                                   MIRcuts: 2                  
Found incumbent of value 1.096770 after 1.09 sec. (161.70 ticks)
*   116+   63                            1.0995        1.2330            12.15%
Found incumbent of value 1.099452 after 1.09 sec. (163.17 ticks)
*   425+  186                            1.1236        1.2330             9.74%
                                                      Cuts: 3                  
Found incumbent of value 1.123595 after 1.20 sec. (178.84 ticks)
*   443+  137                            1.1258        1.2330             9.52%
Found incumbent of value 1.125819 after 1.22 sec. (179.80 ticks)
*  1154+  343                            1.1272        1.2330             9.39%
                                                      Cuts: 9                  
Found incumbent of value 1.127194 after 1.47 sec. (218.20 ticks)
*  1166+  297                            1.1299        1.2330             9.13%
Found incumbent of value 1.129904 after 1.48 sec. (219.14 ticks)
   3603  1056        1.2330     4        1.1299        1.2330    28916    9.13%
                                                     Cuts: 14                  
*  5423+ 1520                            1.1299        1.2330             9.13%
                                                   MIRcuts: 1                  
Found incumbent of value 1.129904 after 2.92 sec. (462.97 ticks)
*  5577+ 1592                            1.1299        1.2330             9.13%
Found incumbent of value 1.129904 after 2.98 sec. (472.96 ticks)

Performing restart 1

Repeating presolve.
Tried aggregator 2 times.
MIP Presolve eliminated 260 rows and 81 columns.
MIP Presolve modified 239 coefficients.
Aggregator did 43 substitutions.
Reduced MIP has 770 rows, 333 columns, and 2451 nonzeros.
Reduced MIP has 141 binaries, 0 generals, 0 SOSs, and 0 indicators.
Presolve time = 0.02 sec. (1.99 ticks)
Tried aggregator 2 times.
MIP Presolve eliminated 38 rows and 15 columns.
MIP Presolve modified 132 coefficients.
Aggregator did 7 substitutions.
Reduced MIP has 725 rows, 311 columns, and 2312 nonzeros.
Reduced MIP has 127 binaries, 0 generals, 0 SOSs, and 0 indicators.
Presolve time = 0.00 sec. (1.96 ticks)
Tried aggregator 1 time.
MIP Presolve modified 15 coefficients.
Reduced MIP has 725 rows, 311 columns, and 2312 nonzeros.
Reduced MIP has 127 binaries, 0 generals, 0 SOSs, and 0 indicators.
Presolve time = 0.00 sec. (1.07 ticks)
Represolve time = 0.05 sec. (10.39 ticks)
Tried aggregator 1 time.
LP Presolve eliminated 2 rows and 0 columns.
Reduced LP has 801 rows, 311 columns, and 3095 nonzeros.
Presolve time = 0.00 sec. (0.47 ticks)

Iteration log . . .
Iteration:     1   Dual objective     =             1.233010
Perturbation started.
Iteration:    51   Dual objective     =             1.233010
Iteration:   141   Dual objective     =             1.232969
Iteration:   258   Dual objective     =             1.232960
Removing perturbation.
Initializing dual steep norms . . .

Iteration log . . .
Iteration:     1   Dual objective     =             1.233010
   6283     0        1.2330    10        1.1299      Cuts: 74    54678    9.13%
   6283     0        1.2330    10        1.1299      Cuts: 54    54719    9.13%
   6283     0        1.2330    13        1.1299      Cuts: 22    54772    9.13%
   6283     0        1.2330    10        1.1299      Cuts: 44    54807    9.13%
   6283     0        1.2330     7        1.1299      Cuts: 10    54835    9.13%
   6283     2        1.2330     7        1.1299        1.2330    54835    9.13%
   9190   572        1.2330     5        1.1299        1.2330    72665    9.13%
                                                  Impl Bds: 3                  
  13462  1660        1.1379     3        1.1299        1.2330   111323    9.13%
                                                      Cuts: 3                  
  18826  3260        1.1780     2        1.1299        1.2330   157085    9.13%
  24750  5622        1.2330     5        1.1299        1.2330   206671    9.13%
  29939  7299        1.1394     2        1.1299        1.2330   245571    9.13%
  34984 10704        1.1780     3        1.1299        1.2330   316981    9.13%
  42270 12707        1.1780     2        1.1299        1.2330   350492    9.13%
  61533 23551        1.1444     5        1.1299        1.2330   546979    9.13%
Elapsed time = 10.64 sec. (3255.38 ticks, tree = 8.26 MB, solutions = 24)
  85824 36327        cutoff              1.1299        1.2330   748957    9.13%
                                                   MIRcuts: 3                  
 102840 44465        1.2330     5        1.1299        1.2330   920325    9.13%
 125053 52253    infeasible              1.1299        1.2330  1164267    9.13%
                                                      Cuts: 4                  
 143100 56908        1.2005     5        1.1299        1.2125  1385320    7.31%
                                                  Impl Bds: 8                  
 166246 63450        cutoff              1.1299        1.1865  1596176    5.01%
                                                  Impl Bds: 2                  
 180604 60579        cutoff              1.1299        1.1780  1819264    4.26%
 193407 57338        1.1780     1        1.1299        1.1780  2059015    4.26%
 211253 56615        cutoff              1.1299        1.1780  2296414    4.26%
 225721 55261        1.1780     3        1.1299        1.1780  2557057    4.26%
 241599 56131        cutoff              1.1299        1.1780  2733925    4.26%
Elapsed time = 32.75 sec. (12792.41 ticks, tree = 19.57 MB, solutions = 24)
 256732 57128        cutoff              1.1299        1.1780  2993417    4.26%
 272729 57420        1.1780     3        1.1299        1.1780  3243917    4.26%
 288980 57719        1.1308     2        1.1299        1.1780  3457508    4.26%
 307860 56673        1.1591     3        1.1299        1.1591  3664840    2.59%
 324680 57863        1.1401     2        1.1299        1.1558  3942998    2.29%
 341211 57543        cutoff              1.1299        1.1455  4100462    1.38%
 359535 56425        1.1443     1        1.1299        1.1455  4360029    1.38%
 384896 53612        1.1443     3        1.1299        1.1443  4556377    1.27%
 409069 52540        1.1443     3        1.1299        1.1443  4722815    1.27%
 431391 52525    infeasible              1.1299        1.1443  4960935    1.27%
Elapsed time = 55.72 sec. (22330.28 ticks, tree = 18.41 MB, solutions = 24)
 445238 49098        cutoff              1.1299        1.1404  5143334    0.93%
 471397 45587    infeasible              1.1299        1.1401  5379142    0.91%
 497357 41696        1.1394     2        1.1299        1.1394  5548842    0.84%
 520525 39326        1.1394     3        1.1299        1.1394  5687022    0.84%
 542333 37956        1.1394     4        1.1299        1.1394  5876331    0.84%
 564090 34770        cutoff              1.1299        1.1394  6104396    0.84%
 578137 31586        1.1383     1        1.1299        1.1383  6293631    0.75%
 591706 28503        1.1383     3        1.1299        1.1383  6514389    0.75%
 605527 25590        cutoff              1.1299        1.1383  6803891    0.75%
 619068 22663        1.1379     3        1.1299        1.1383  6987619    0.75%
Elapsed time = 79.08 sec. (31868.42 ticks, tree = 9.14 MB, solutions = 24)
 631902 19078        1.1374     5        1.1299        1.1379  7197782    0.71%
 643372 17614        cutoff              1.1299        1.1379  7348640    0.71%
 667143 15864        1.1372     2        1.1299        1.1374  7584151    0.67%
 681302 14698        1.1372     1        1.1299        1.1372  7764162    0.64%
 702712 14015        cutoff              1.1299        1.1372  7979619    0.64%
 725141 12410        cutoff              1.1299        1.1372  8210525    0.64%
 738936 10816        cutoff              1.1299        1.1372  8340437    0.64%
 772357  6370        1.1368     3        1.1299        1.1368  8572389    0.61%
 785222  3592    infeasible              1.1299        1.1368  8722185    0.61%
 812266  1087        cutoff              1.1299        1.1368  8939929    0.61%
Elapsed time = 103.20 sec. (41405.73 ticks, tree = 2.90 MB, solutions = 24)

Implied bound cuts applied:  14
Flow cuts applied:  3
Mixed integer rounding cuts applied:  11
Zero-half cuts applied:  1
Gomory fractional cuts applied:  7

Root node processing (before b&c):
  Real time             =    0.95 sec. (147.50 ticks)
Parallel b&c, 8 threads:
  Real time             =  102.36 sec. (41332.28 ticks)
  Sync time (average)   =    8.12 sec.
  Wait time (average)   =    0.01 sec.
                          ------------
Total (root+branch&cut) =  103.31 sec. (41479.79 ticks)

--- MIP status (101): integer optimal solution.
--- Cplex Time: 103.31sec (det. 41479.79 ticks)

--- Fixing integer variables and solving final LP...

Version identifier: 20.1.0.0 | 2020-11-10 | 9bedb6d68
CPXPARAM_Advance                                 2
CPXPARAM_Threads                                 8
CPXPARAM_Parallel                                1
CPXPARAM_MIP_Display                             4
CPXPARAM_TimeLimit                               1000
CPXPARAM_MIP_Tolerances_AbsMIPGap                0
CPXPARAM_MIP_Tolerances_MIPGap                   0
Parallel mode: deterministic, using up to 8 threads for concurrent optimization:
 * Starting dual Simplex on 1 thread...
 * Starting Barrier on 6 threads...
 * Starting primal Simplex on 1 thread...
Tried aggregator 1 time.
LP Presolve eliminated 4596 rows and 1228 columns.
Aggregator did 1225 substitutions.
Reduced LP has 304 rows, 49 columns, and 782 nonzeros.
Presolve time = 0.00 sec. (4.18 ticks)
Initializing dual steep norms . . .

Iteration log . . .
Iteration:     1   Dual objective     =             1.650272

Dual simplex solved model.


--- Fixed MIP status (1): optimal.
--- Cplex Time: 0.06sec (det. 7.50 ticks)


Proven optimal solution
MIP Solution:            1.129904    (8989768 iterations, 813120 nodes)
Final Solve:             1.129904    (51 iterations)

Best possible:           1.129904
Absolute gap:            0.000000
Relative gap:            0.000000

--- Reading solution for model m2
--- Executing after solve: elapsed 0:36:47.581
--- ArrangePoints.gms(160) 6 Mb
--- Generating MIP model m3
--- ArrangePoints.gms(180) 6 Mb
---   3,675 rows  3,726 columns  12,250 non-zeroes
--- Executing CPLEX (Solvelink=2): elapsed 0:36:47.599

IBM ILOG CPLEX   34.3.0 rac355f3 Released Feb 25, 2021 WEI x86 64bit/MS Window

--- GAMS/Cplex Link licensed for continuous and discrete problems.
--- Space for names approximately 0.16 Mb
--- Use option 'names no' to turn use of names off
--- GMO memory 1.85 Mb (peak 1.88 Mb)
--- Dictionary memory 0.00 Mb
--- Cplex 20.1.0.0 link memory 0.11 Mb (peak 0.51 Mb)
--- Starting Cplex

Version identifier: 20.1.0.0 | 2020-11-10 | 9bedb6d68
CPXPARAM_Advance                                 0
CPXPARAM_Threads                                 8
CPXPARAM_Parallel                                1
CPXPARAM_MIP_Display                             4
CPXPARAM_TimeLimit                               1000
CPXPARAM_MIP_Tolerances_AbsMIPGap                0
CPXPARAM_MIP_Tolerances_MIPGap                   0
Generic callback                                 0x50
Found incumbent of value 0.000000 after 0.00 sec. (0.35 ticks)
MIP Presolve eliminated 1022 redundant SOS constraints.
Tried aggregator 2 times.
MIP Presolve eliminated 2844 rows and 2956 columns.
MIP Presolve modified 4088 coefficients.
Aggregator did 314 substitutions.
Reduced MIP has 517 rows, 457 columns, and 1957 nonzeros.
Reduced MIP has 0 binaries, 0 generals, 203 SOSs, and 0 indicators.
Presolve time = 0.02 sec. (7.68 ticks)
Tried aggregator 1 time.
Detecting symmetries...
Reduced MIP has 517 rows, 457 columns, and 1957 nonzeros.
Reduced MIP has 0 binaries, 0 generals, 203 SOSs, and 0 indicators.
Presolve time = 0.00 sec. (1.04 ticks)
MIP emphasis: balance optimality and feasibility.
MIP search method: dynamic search.
Parallel mode: deterministic, using up to 8 threads.
Initializing dual steep norms . . .

Iteration log . . .
Iteration:     1   Dual objective     =             3.963504
Perturbation started.
Iteration:    51   Dual objective     =             3.963504
Iteration:   128   Dual objective     =             3.963355
Removing perturbation.
Root relaxation solution time = 0.02 sec. (1.16 ticks)

        Nodes                                         Cuts/
   Node  Left     Objective  IInf  Best Integer    Best Bound    ItCnt     Gap

*     0+    0                            0.0000        3.9635              --- 
Found incumbent of value 0.000000 after 0.03 sec. (11.84 ticks)
      0     0        3.7030    73        0.0000        3.7030      176     --- 
*     0+    0                            0.1250        3.7030              --- 
Found incumbent of value 0.124962 after 0.03 sec. (13.70 ticks)
*     0+    0                            0.2499        3.3746              --- 
Found incumbent of value 0.249924 after 0.06 sec. (19.82 ticks)
Detecting symmetries...
      0     2        3.3746    59        0.2499        3.3746      192     --- 
Elapsed time = 0.13 sec. (22.98 ticks, tree = 0.02 MB, solutions = 3)
*    32+   14                            0.5376        3.3746           527.72%
Found incumbent of value 0.537588 after 0.16 sec. (26.64 ticks)
*    72+   16                            0.5823        3.3746           479.52%
Found incumbent of value 0.582306 after 0.16 sec. (28.16 ticks)
*    99+   33                            0.6098        3.3746           453.40%
Found incumbent of value 0.609789 after 0.17 sec. (29.67 ticks)
*   106+   32                            0.7071        3.3746           377.23%
Found incumbent of value 0.707109 after 0.17 sec. (30.20 ticks)
*   191+   68                            0.7114        3.3746           374.34%
Found incumbent of value 0.711421 after 0.20 sec. (33.96 ticks)
*   193+   71                            0.8220        3.3746           310.53%
Found incumbent of value 0.822006 after 0.20 sec. (34.07 ticks)
*   261+   82                            0.8244        3.3746           309.33%
Found incumbent of value 0.824400 after 0.22 sec. (36.80 ticks)
*   360+  120                            1.0305        3.3746           227.47%
Found incumbent of value 1.030500 after 0.23 sec. (40.74 ticks)
*  1163+  579                            1.0504        3.2984           214.02%
Found incumbent of value 1.050359 after 0.39 sec. (72.21 ticks)
*  1265+  579                            1.0763        3.2984           206.45%
Found incumbent of value 1.076320 after 0.41 sec. (75.84 ticks)
*  2909+ 1465                            1.0782        3.1668           193.71%
Found incumbent of value 1.078189 after 0.69 sec. (133.93 ticks)

Performing restart 1

Repeating presolve.
MIP Presolve eliminated 4 redundant SOS constraints.
Tried aggregator 2 times.
MIP Presolve eliminated 14 rows and 4 columns.
MIP Presolve modified 12 coefficients.
Aggregator did 4 substitutions.
Reduced MIP has 499 rows, 449 columns, and 1895 nonzeros.
Reduced MIP has 0 binaries, 0 generals, 199 SOSs, and 0 indicators.
Presolve time = 0.02 sec. (1.10 ticks)
Tried aggregator 1 time.
Reduced MIP has 499 rows, 449 columns, and 1895 nonzeros.
Reduced MIP has 0 binaries, 0 generals, 199 SOSs, and 0 indicators.
Presolve time = 0.00 sec. (1.08 ticks)
Represolve time = 0.03 sec. (5.73 ticks)
Initializing dual steep norms . . .

Iteration log . . .
Iteration:     1   Dual objective     =             3.374560
Perturbation started.
Iteration:    51   Dual objective     =             3.374560
Iteration:   127   Dual objective     =             3.374455
Removing perturbation.
*  5769+  198                            1.1228        1.3212            17.66%
Found incumbent of value 1.122832 after 1.36 sec. (250.70 ticks)
*  6072+  193                            1.1257        1.2458            10.67%
Found incumbent of value 1.125748 after 1.44 sec. (260.19 ticks)
   6113   138        cutoff              1.1257        1.2458    21712   10.67%
*  6770+  238                            1.1299        1.2330             9.13%
Found incumbent of value 1.129904 after 1.56 sec. (279.31 ticks)
  15933  2060        1.1945    15        1.1299        1.2330    43147    9.13%
  27611  4033        1.1780     7        1.1299        1.2330    74854    9.13%
  40155  6068        1.2330    10        1.1299        1.2330   106164    9.13%

Performing restart 2

Repeating presolve.
MIP Presolve eliminated 17 redundant SOS constraints.
MIP Presolve eliminated 2 redundant SOS constraints.
MIP Presolve eliminated 2 redundant SOS constraints.
Tried aggregator 2 times.
MIP Presolve eliminated 79 rows and 30 columns.
MIP Presolve modified 46 coefficients.
Aggregator did 11 substitutions.
Reduced MIP has 409 rows, 407 columns, and 1583 nonzeros.
Reduced MIP has 0 binaries, 0 generals, 178 SOSs, and 0 indicators.
Presolve time = 0.00 sec. (2.31 ticks)
Tried aggregator 1 time.
Reduced MIP has 409 rows, 407 columns, and 1583 nonzeros.
Reduced MIP has 0 binaries, 0 generals, 178 SOSs, and 0 indicators.
Presolve time = 0.00 sec. (0.96 ticks)
Represolve time = 0.03 sec. (6.53 ticks)
Initializing dual steep norms . . .

Iteration log . . .
Iteration:     1   Dual objective     =             1.387830
Perturbation started.
Iteration:    51   Dual objective     =             1.387830
Iteration:   125   Dual objective     =             1.232965
Removing perturbation.
  47549   433        1.2154    11        1.1299        1.2330   128762    9.13%
  59896  2256        1.2330    11        1.1299        1.2330   161745    9.13%
  74564  4068        1.2330    11        1.1299        1.2330   192545    9.13%
  90816  7150        1.2243    10        1.1299        1.2330   235010    9.13%
 105548  9475        1.1945    10        1.1299        1.2330   269519    9.13%
 165208 16937        1.2330    13        1.1299        1.2330   429933    9.13%
Elapsed time = 10.30 sec. (3122.63 ticks, tree = 22.07 MB, solutions = 36)
 225806 27080        1.2330    13        1.1299        1.2330   587137    9.13%
 285321 35008        1.2330    10        1.1299        1.2330   718422    9.13%
 346976 43323        1.1379     8        1.1299        1.2330   873331    9.13%
 407258 53518        1.2330    12        1.1299        1.2330  1009254    9.13%
*431174 58833      integral     0        1.1299        1.2330  1082063    9.13%
Found incumbent of value 1.129904 after 19.08 sec. (7299.98 ticks)
 469342 57165        1.2330    12        1.1299        1.2330  1162786    9.13%
 532456 64455        1.1455     7        1.1299        1.2330  1291589    9.13%
 595481 73199        1.2330    11        1.1299        1.2330  1443992    9.13%
 657455 79681        1.1780     8        1.1299        1.2330  1566548    9.13%
 717459 88186        1.2330    10        1.1299        1.2330  1721066    9.13%
 777001 96023        1.2330     9        1.1299        1.2330  1875116    9.13%
Elapsed time = 30.69 sec. (12659.45 ticks, tree = 138.57 MB, solutions = 52)
 839448 102412        cutoff              1.1299        1.2330  1995970    9.13%
 901875 110368        1.2330    11        1.1299        1.2330  2147298    9.13%
 962529 118384        1.1780     9        1.1299        1.2330  2277471    9.13%
 1024115 129212        1.1444    10        1.1299        1.2330  2436701    9.13%
 1087666 135480        1.2330    13        1.1299        1.2330  2542122    9.13%
 1149863 146887        1.2330    11        1.1299        1.2330  2710953    9.13%
 1212553 153987        1.2330    12        1.1299        1.2330  2834737    9.13%
 1276307 161343        cutoff              1.1299        1.2330  2965633    9.13%
 1336303 171901        1.1444     7        1.1299        1.2330  3153021    9.13%
 1397592 180117        1.2270    12        1.1299        1.2330  3285892    9.13%
Elapsed time = 52.13 sec. (22196.41 ticks, tree = 264.65 MB, solutions = 52)
 1458944 187200        1.2243    11        1.1299        1.2330  3411185    9.13%
 1521890 198460        1.2330    14        1.1299        1.2330  3573182    9.13%
 1584010 204715        1.1368     7        1.1299        1.2330  3664535    9.13%
 1647034 217874        1.1455     8        1.1299        1.2330  3866506    9.13%
 1707905 225921        1.2244    16        1.1299        1.2330  3990447    9.13%
 1772024 232873        1.1945    11        1.1299        1.2330  4096523    9.13%
 1831436 244359        1.2330    15        1.1299        1.2330  4244865    9.13%
 1896535 256556        1.2330    12        1.1299        1.2330  4406288    9.13%
 1956750 268122        1.1780     9        1.1299        1.2330  4557757    9.13%
 2019245 279474        1.2330    14        1.1299        1.2330  4708060    9.13%
Elapsed time = 73.09 sec. (31733.38 ticks, tree = 411.33 MB, solutions = 52)
 2081682 291194        1.2330    12        1.1299        1.2330  4868479    9.13%
 2145215 299324        1.2330    12        1.1299        1.2330  4978186    9.13%
 2207584 312892        1.1443     9        1.1299        1.2330  5163546    9.13%
 2267897 317546        1.2330    13        1.1299        1.2330  5224755    9.13%
 2333885 332943        1.2330    17        1.1299        1.2330  5422355    9.13%
 2396765 342070        1.2330    13        1.1299        1.2330  5553478    9.13%
 2454939 353964        1.2330    12        1.1299        1.2330  5704882    9.13%
 2522215 362504    infeasible              1.1299        1.2330  5789573    9.13%
 2586830 375670        1.1394     7        1.1299        1.2330  5937908    9.13%
 2643314 392121        cutoff              1.1299        1.2330  6128790    9.13%
Elapsed time = 93.88 sec. (41270.21 ticks, tree = 574.61 MB, solutions = 52)
 2709693 407132        1.2330    16        1.1299        1.2330  6281379    9.13%
 2776991 421087        1.2330    13        1.1299        1.2330  6427574    9.13%
 2835415 431337        1.1780    10        1.1299        1.2330  6541722    9.13%
 2897969 438007    infeasible              1.1299        1.2330  6609294    9.13%
 2965894 458649        1.2330    15        1.1299        1.2330  6851486    9.13%
 3028704 461018    infeasible              1.1299        1.2330  6885112    9.13%
 3086881 480344    infeasible              1.1299        1.2330  7103113    9.13%
 3151739 485335        1.2330    14        1.1299        1.2330  7158847    9.13%
 3218664 505023        1.2243    13        1.1299        1.2330  7380776    9.13%
 3279334 514565        1.1945    11        1.1299        1.2330  7508111    9.13%
Elapsed time = 115.36 sec. (50807.04 ticks, tree = 762.22 MB, solutions = 52)
 3338396 518531        1.1368     9        1.1299        1.2330  7569476    9.13%
 3400138 531929        1.1368    11        1.1299        1.2330  7756643    9.13%
 3464099 543405        1.1368     8        1.1299        1.2297  7906249    8.84%
 3523080 553516        1.1368     7        1.1299        1.2297  8082289    8.84%
 3580968 558751        1.2270    15        1.1299        1.2270  8240250    8.59%
 3638383 561465        1.2243     9        1.1299        1.2270  8370579    8.59%
 3695209 563342        cutoff              1.1299        1.2270  8437189    8.59%
 3753379 568308        1.1368     8        1.1299        1.2270  8634742    8.59%
 3814779 575311        1.1368     8        1.1299        1.2270  8725587    8.59%
 3877731 584383        cutoff              1.1299        1.2244  8833545    8.36%
Elapsed time = 137.25 sec. (60344.00 ticks, tree = 873.26 MB, solutions = 52)
 3938532 604516        1.1394     9        1.1299        1.2243  9058322    8.35%
 3997608 614464        1.1455     7        1.1299        1.2243  9170421    8.35%
 4061374 630914        1.2005    11        1.1299        1.2235  9362261    8.28%
 4123017 638326        1.1455     7        1.1299        1.2108  9509567    7.16%
 4185371 644392        1.2005    10        1.1299        1.2108  9608549    7.16%
 4246037 654706        1.1780     7        1.1299        1.2047  9766166    6.62%
 4305888 662930        1.2005    10        1.1299        1.2005  9882233    6.25%
 4364962 662712        1.2005    11        1.1299        1.2005  9879243    6.25%
 4429990 681020        1.1780     8        1.1299        1.2005 10132727    6.25%
 4495167 693595        1.2005    10        1.1299        1.2005 10304435    6.25%
Elapsed time = 159.23 sec. (69880.89 ticks, tree = 1047.63 MB, solutions = 52)
 4553832 706262    infeasible              1.1299        1.2005 10480660    6.25%
 4610045 717852        1.2005    11        1.1299        1.2005 10631733    6.25%
 4670738 721850        1.2005    11        1.1299        1.2005 10685107    6.25%
 4736333 744371        cutoff              1.1299        1.2005 10983535    6.25%
 4801383 756013        1.1368     7        1.1299        1.2005 11139423    6.25%
 4857128 757266    infeasible              1.1299        1.2005 11155585    6.25%
 4914226 767479        1.2005    11        1.1299        1.2005 11291969    6.25%
 4978625 776917        1.1368     7        1.1299        1.2005 11418995    6.25%
 5043913 782771        1.2005    11        1.1299        1.2005 11504005    6.25%
 5104833 796288        1.1394     6        1.1299        1.2005 11681019    6.25%
Elapsed time = 180.55 sec. (79417.77 ticks, tree = 1207.03 MB, solutions = 52)
 5161818 809173        1.2005    14        1.1299        1.2005 11853792    6.25%
 5221906 824523        1.2005    10        1.1299        1.2005 12061741    6.25%
 5288100 832921        1.1455     8        1.1299        1.2005 12165065    6.25%
 5352275 834704        1.1443     8        1.1299        1.2005 12185095    6.25%
 5411245 854342        1.1450     7        1.1299        1.2005 12431834    6.25%
 5470510 864052        1.2005    11        1.1299        1.2005 12551828    6.25%
 5532413 879492        1.1443     6        1.1299        1.2005 12748645    6.25%
 5593401 888416        1.1780    10        1.1299        1.2005 12845948    6.25%
 5652444 907054    infeasible              1.1299        1.2005 13027978    6.25%
 5898630 945709    infeasible              1.1299        1.1959 13510726    5.84%
Elapsed time = 209.02 sec. (91815.66 ticks, tree = 1443.91 MB, solutions = 52)
 6147033 997801        1.1945     9        1.1299        1.1945 14169764    5.72%
 6396223 1043663        1.1780     6        1.1299        1.1945 14743565    5.72%
 6636837 1099740        1.1368     7        1.1299        1.1945 15405967    5.72%
 6880781 1130781        1.1945     9        1.1299        1.1945 15811444    5.72%
 7124512 1189532        1.1945    10        1.1299        1.1945 16527212    5.72%
 7374748 1227358        cutoff              1.1299        1.1945 17011325    5.72%
 7623247 1273799        1.1945    14        1.1299        1.1945 17611702    5.72%
 7868998 1317551        1.1945    11        1.1299        1.1945 18190822    5.72%
 8070631 1353047        1.1902     9        1.1299        1.1945 18585224    5.72%
 8199324 1396320        1.1780     6        1.1299        1.1934 18995861    5.62%
Elapsed time = 330.83 sec. (129962.89 ticks, tree = 2149.24 MB, solutions = 52)
Nodefile size = 99.26 MB (22.54 MB after compression)
 8290758 1419000        1.1780     6        1.1299        1.1934 19178345    5.62%
 8345466 1443321        1.1780     6        1.1299        1.1934 19317728    5.62%
 8408723 1475661        cutoff              1.1299        1.1934 19509486    5.62%
 8612260 1485057        1.1780     4        1.1299        1.1803 20045427    4.46%
 8825821 1477417        1.1780     4        1.1299        1.1780 20697379    4.26%
 9041088 1475613        1.1780     6        1.1299        1.1780 21337191    4.26%
 9256382 1480745        1.1780     5        1.1299        1.1780 21896022    4.26%
 9473400 1484646        1.1780     5        1.1299        1.1780 22539009    4.26%
 9692318 1486545        cutoff              1.1299        1.1780 23179427    4.26%
 9910600 1489780        1.1780     5        1.1299        1.1780 23805518    4.26%
Elapsed time = 455.55 sec. (168110.21 ticks, tree = 2297.06 MB, solutions = 52)
Nodefile size = 247.33 MB (55.46 MB after compression)
 10127084 1493115        1.1780     5        1.1299        1.1780 24412031    4.26%
 10342619 1496026        cutoff              1.1299        1.1780 25051533    4.26%
 10558224 1497737        1.1780     7        1.1299        1.1780 25596057    4.26%
 10768092 1502186    infeasible              1.1299        1.1780 26356274    4.26%
 10980686 1506522        cutoff              1.1299        1.1780 26956256    4.26%
 11196397 1510870        cutoff              1.1299        1.1780 27701466    4.26%
 11409931 1513297        cutoff              1.1299        1.1780 28249844    4.26%
 11624380 1517051        1.1780     4        1.1299        1.1780 28933852    4.26%
 11840384 1522030        cutoff              1.1299        1.1780 29551541    4.26%
 12056247 1526674        1.1780     5        1.1299        1.1780 30114811    4.26%
Elapsed time = 559.61 sec. (206257.32 ticks, tree = 2365.19 MB, solutions = 52)
Nodefile size = 315.28 MB (70.28 MB after compression)
 12273782 1532377        1.1780     3        1.1299        1.1780 30870223    4.26%
 12488123 1536779        1.1780     4        1.1299        1.1780 31471215    4.26%
 12699336 1541183        1.1780     5        1.1299        1.1780 31992946    4.26%
 12910585 1547368        1.1780     5        1.1299        1.1780 32608085    4.26%
 13128830 1553574        1.1780     7        1.1299        1.1780 33210972    4.26%
 13343104 1559219        1.1780     4        1.1299        1.1780 33807323    4.26%
 13554079 1566222        1.1780     4        1.1299        1.1780 34475059    4.26%
 13765719 1573552        cutoff              1.1299        1.1780 35155349    4.26%
 13973372 1581852        1.1780     5        1.1299        1.1780 35692050    4.26%
 14180916 1592341        1.1780     5        1.1299        1.1780 36321963    4.26%
Elapsed time = 673.41 sec. (244404.54 ticks, tree = 2480.56 MB, solutions = 52)
Nodefile size = 430.83 MB (94.79 MB after compression)
 14393074 1601890        1.1780     6        1.1299        1.1780 36890249    4.26%
 14604316 1610494        1.1780     4        1.1299        1.1780 37390097    4.26%
 14813629 1622235        1.1780     4        1.1299        1.1780 38088936    4.26%
 15022989 1632134        1.1780     3        1.1299        1.1780 38652784    4.26%
 15233121 1639930        1.1780     2        1.1299        1.1780 39137820    4.26%
 15443479 1649142        1.1780     4        1.1299        1.1780 39692913    4.26%
 15651314 1657722        1.1780     3        1.1299        1.1780 40221339    4.26%
 15848914 1667300        1.1780     4        1.1299        1.1780 40819586    4.26%
 16050314 1676353        1.1780     4        1.1299        1.1780 41366346    4.26%
 16249053 1686262        1.1780     3        1.1299        1.1780 41946496    4.26%
Elapsed time = 800.17 sec. (282551.63 ticks, tree = 2646.50 MB, solutions = 52)
Nodefile size = 597.19 MB (128.05 MB after compression)
 16453787 1695348        1.1780     4        1.1299        1.1780 42506071    4.26%
 16657365 1703993        cutoff              1.1299        1.1780 43020327    4.26%
 16857475 1714228        1.1780     3        1.1299        1.1780 43607860    4.26%
 17059062 1722694        cutoff              1.1299        1.1780 44110836    4.26%
 17266465 1730383        1.1780     4        1.1299        1.1780 44646245    4.26%
 17472624 1738684        1.1780     2        1.1299        1.1780 45261649    4.26%
 17682258 1747247        cutoff              1.1299        1.1780 45908806    4.26%
 17890049 1755553        1.1780     3        1.1299        1.1780 46497493    4.26%
Starting limited solution polishing.
 17957882 1759610        cutoff              1.1299        1.1780 46798827    4.26%
 17989974 1760613        1.1780     4        1.1299        1.1780 46871316    4.26%
Elapsed time = 914.86 sec. (320699.06 ticks, tree = 2778.51 MB, solutions = 52)
Nodefile size = 729.04 MB (155.90 MB after compression)
 18033712 1761693        cutoff              1.1299        1.1780 46948586    4.26%
 18238521 1769053        1.1780     1        1.1299        1.1780 47464002    4.26%
 18449602 1774555        1.1780     2        1.1299        1.1780 47935782    4.26%
 18662064 1783098        1.1780     6        1.1299        1.1780 48643021    4.26%
 18878022 1790287        cutoff              1.1299        1.1780 49282291    4.26%
 19095587 1797644        1.1780     6        1.1299        1.1780 49865055    4.26%
 19314717 1805481        1.1780     3        1.1299        1.1780 50501697    4.26%

Root node processing (before b&c):
  Real time             =    0.11 sec. (23.83 ticks)
Parallel b&c, 8 threads:
  Real time             = 1009.47 sec. (348905.13 ticks)
  Sync time (average)   =  312.84 sec.
  Wait time (average)   =    0.75 sec.
                          ------------
Total (root+branch&cut) = 1009.58 sec. (348928.97 ticks)

--- MIP status (107): time limit exceeded.
--- Cplex Time: 1009.59sec (det. 348928.98 ticks)

--- Fixing integer variables and solving final LP...

Version identifier: 20.1.0.0 | 2020-11-10 | 9bedb6d68
CPXPARAM_Advance                                 2
CPXPARAM_Threads                                 8
CPXPARAM_Parallel                                1
CPXPARAM_MIP_Display                             4
CPXPARAM_TimeLimit                               1000
CPXPARAM_MIP_Tolerances_AbsMIPGap                0
CPXPARAM_MIP_Tolerances_MIPGap                   0
Parallel mode: deterministic, using up to 8 threads for concurrent optimization:
 * Starting dual Simplex on 1 thread...
 * Starting Barrier on 6 threads...
 * Starting primal Simplex on 1 thread...
Tried aggregator 1 time.
LP Presolve eliminated 2208 rows and 2457 columns.
Aggregator did 1225 substitutions.
Reduced LP has 242 rows, 45 columns, and 615 nonzeros.
Presolve time = 0.02 sec. (3.25 ticks)
Initializing dual steep norms . . .

Iteration log . . .
Iteration:     1   Dual objective     =             1.650272

Dual simplex solved model.


--- Fixed MIP status (1): optimal.
--- Cplex Time: 0.08sec (det. 5.07 ticks)


Resource limit exceeded
MIP Solution:            1.129904    (50760187 iterations, 19378006 nodes)
Final Solve:             1.129904    (42 iterations)

Best possible:           1.177984
Absolute gap:            0.048080
Relative gap:            0.040816

--- Reading solution for model m3
--- Executing after solve: elapsed 0:53:51.058
--- ArrangePoints.gms(187) 6 Mb
--- Generating MIP model m3
--- ArrangePoints.gms(189) 6 Mb
---   3,675 rows  3,726 columns  12,250 non-zeroes
--- Executing CPLEX (Solvelink=2): elapsed 0:53:51.228

IBM ILOG CPLEX   34.3.0 rac355f3 Released Feb 25, 2021 WEI x86 64bit/MS Window

--- GAMS/Cplex Link licensed for continuous and discrete problems.
--- Space for names approximately 0.16 Mb
--- Use option 'names no' to turn use of names off
--- GMO memory 1.85 Mb (peak 1.88 Mb)
--- Dictionary memory 0.00 Mb
--- Cplex 20.1.0.0 link memory 0.11 Mb (peak 0.51 Mb)
--- Starting Cplex

Version identifier: 20.1.0.0 | 2020-11-10 | 9bedb6d68
CPXPARAM_Advance                                 2
CPXPARAM_Threads                                 8
CPXPARAM_Parallel                                1
CPXPARAM_MIP_Display                             4
CPXPARAM_TimeLimit                               1000
CPXPARAM_MIP_Tolerances_AbsMIPGap                0
CPXPARAM_MIP_Tolerances_MIPGap                   0
Generic callback                                 0x50
Found incumbent of value 0.000000 after 0.01 sec. (0.34 ticks)
MIP Presolve eliminated 1022 redundant SOS constraints.
Tried aggregator 2 times.
MIP Presolve eliminated 2844 rows and 2956 columns.
MIP Presolve modified 3066 coefficients.
Aggregator did 314 substitutions.
Reduced MIP has 517 rows, 457 columns, and 1957 nonzeros.
Reduced MIP has 0 binaries, 0 generals, 203 SOSs, and 0 indicators.
Presolve time = 0.05 sec. (7.69 ticks)
Tried aggregator 1 time.
Detecting symmetries...
Reduced MIP has 517 rows, 457 columns, and 1957 nonzeros.
Reduced MIP has 0 binaries, 0 generals, 203 SOSs, and 0 indicators.
Presolve time = 0.02 sec. (1.04 ticks)
MIP emphasis: balance optimality and feasibility.
MIP search method: dynamic search.
Parallel mode: deterministic, using up to 8 threads.
Initializing dual steep norms . . .

Iteration log . . .
Iteration:     1   Dual objective     =             3.963504
Perturbation started.
Iteration:    51   Dual objective     =             3.963504
Iteration:   128   Dual objective     =             3.963355
Removing perturbation.
Root relaxation solution time = 0.08 sec. (1.17 ticks)

        Nodes                                         Cuts/
   Node  Left     Objective  IInf  Best Integer    Best Bound    ItCnt     Gap

*     0+    0                            0.0000        3.9635              --- 
Found incumbent of value 0.000000 after 0.23 sec. (11.86 ticks)
      0     0        3.7030    73        0.0000        3.7030      178     --- 
*     0+    0                            0.1250        3.7030              --- 
Found incumbent of value 0.124962 after 0.28 sec. (13.74 ticks)
*     0+    0                            0.2499        3.3746              --- 
Found incumbent of value 0.249924 after 0.34 sec. (19.88 ticks)
Detecting symmetries...
      0     2        3.3746    59        0.2499        3.3746      196     --- 
Elapsed time = 0.50 sec. (23.05 ticks, tree = 0.02 MB, solutions = 3)
*    33+   14                            0.5376        3.3746           527.72%
Found incumbent of value 0.537588 after 0.56 sec. (26.80 ticks)
*    70+   16                            0.5823        3.3746           479.52%
Found incumbent of value 0.582306 after 0.58 sec. (28.30 ticks)
*   108+   38                            0.6098        3.3746           453.40%
Found incumbent of value 0.609789 after 0.59 sec. (30.29 ticks)
*   109+   36                            0.7071        3.3746           377.23%
Found incumbent of value 0.707109 after 0.59 sec. (30.34 ticks)
*   188+   61                            0.7114        3.3746           374.34%
Found incumbent of value 0.711421 after 0.63 sec. (33.45 ticks)
*   202+   69                            0.8220        3.3746           310.53%
Found incumbent of value 0.822006 after 0.63 sec. (34.13 ticks)
*   252+   89                            0.8244        3.3746           309.33%
Found incumbent of value 0.824400 after 0.64 sec. (36.14 ticks)
*   267+   75                            0.9442        3.3746           257.41%
Found incumbent of value 0.944182 after 0.64 sec. (37.12 ticks)
*   384+  122                            1.0305        3.3746           227.47%
Found incumbent of value 1.030500 after 0.69 sec. (42.59 ticks)
*   391+  123                            1.0504        3.3746           221.28%
Found incumbent of value 1.050359 after 0.69 sec. (43.04 ticks)
*  1364+  623                            1.0995        3.1668           188.03%
Found incumbent of value 1.099452 after 1.13 sec. (81.55 ticks)

Performing restart 1

Repeating presolve.
MIP Presolve eliminated 4 redundant SOS constraints.
Tried aggregator 2 times.
MIP Presolve eliminated 14 rows and 4 columns.
MIP Presolve modified 12 coefficients.
Aggregator did 4 substitutions.
Reduced MIP has 499 rows, 449 columns, and 1895 nonzeros.
Reduced MIP has 0 binaries, 0 generals, 199 SOSs, and 0 indicators.
Presolve time = 0.02 sec. (1.10 ticks)
Tried aggregator 1 time.
Reduced MIP has 499 rows, 449 columns, and 1895 nonzeros.
Reduced MIP has 0 binaries, 0 generals, 199 SOSs, and 0 indicators.
Presolve time = 0.00 sec. (1.08 ticks)
Represolve time = 0.03 sec. (5.60 ticks)
Initializing dual steep norms . . .

Iteration log . . .
Iteration:     1   Dual objective     =             3.374560
Perturbation started.
Iteration:    51   Dual objective     =             3.374560
Iteration:   127   Dual objective     =             3.374455
Removing perturbation.
*  5133+  110                            1.1228        1.3046            16.19%
Found incumbent of value 1.122832 after 2.14 sec. (241.37 ticks)
*  5795+  231                            1.1299        1.2330             9.13%
Found incumbent of value 1.129904 after 2.23 sec. (260.41 ticks)
   5832   333        1.2330     9        1.1299        1.2330    21819    9.13%
  15862  2758        cutoff              1.1299        1.2330    44922    9.13%
  27578  4632    infeasible              1.1299        1.2330    68354    9.13%
  39939  6212        1.2330    17        1.1299        1.2330    95790    9.13%

Performing restart 2

Repeating presolve.
MIP Presolve eliminated 17 redundant SOS constraints.
MIP Presolve eliminated 2 redundant SOS constraints.
MIP Presolve eliminated 2 redundant SOS constraints.
Tried aggregator 2 times.
MIP Presolve eliminated 79 rows and 30 columns.
MIP Presolve modified 45 coefficients.
Aggregator did 11 substitutions.
Reduced MIP has 409 rows, 407 columns, and 1583 nonzeros.
Reduced MIP has 0 binaries, 0 generals, 178 SOSs, and 0 indicators.
Presolve time = 0.02 sec. (2.30 ticks)
Tried aggregator 1 time.
Reduced MIP has 409 rows, 407 columns, and 1583 nonzeros.
Reduced MIP has 0 binaries, 0 generals, 178 SOSs, and 0 indicators.
Presolve time = 0.00 sec. (0.96 ticks)
Represolve time = 0.03 sec. (5.98 ticks)
Initializing dual steep norms . . .

Iteration log . . .
Iteration:     1   Dual objective     =             1.366567
Perturbation started.
Iteration:    51   Dual objective     =             1.366567
Iteration:   126   Dual objective     =             1.366518
Removing perturbation.
  46667   263        1.2330     9        1.1299        1.2330   125705    9.13%
  58635  3096        1.2330    11        1.1299        1.2330   156036    9.13%
  72813  5867        1.2330    10        1.1299        1.2330   188940    9.13%
  88575  8517        1.1959    10        1.1299        1.2330   228369    9.13%
 102991 10485        1.2330    13        1.1299        1.2330   257292    9.13%
 163334 20724        1.1299    10        1.1299        1.2330   404640    9.13%
Elapsed time = 10.42 sec. (3122.69 ticks, tree = 26.77 MB, solutions = 36)
*217861 28324      integral     0        1.1299        1.2330   537189    9.13%
Found incumbent of value 1.129904 after 12.55 sec. (3999.06 ticks)
 222543 28805        1.2330    11        1.1299        1.2330   544698    9.13%
 282404 26590        1.2330    12        1.1299        1.2330   703746    9.13%
 344615 30960        cutoff              1.1299        1.2330   852693    9.13%
 405883 37010        1.2330    14        1.1299        1.2330  1018725    9.13%
 466678 42981        1.2330    11        1.1299        1.2330  1171193    9.13%
 527765 47277        1.2330    10        1.1299        1.2330  1309353    9.13%
 589203 52111    infeasible              1.1299        1.2330  1473215    9.13%
 650155 56440        1.2330    15        1.1299        1.2330  1632038    9.13%
 710415 60976        cutoff              1.1299        1.2330  1766785    9.13%
 771201 66446        1.2330    16        1.1299        1.2330  1933062    9.13%
Elapsed time = 32.63 sec. (12659.56 ticks, tree = 81.95 MB, solutions = 50)
 833092 71111        cutoff              1.1299        1.2330  2073928    9.13%
 894767 76616        1.2330    15        1.1299        1.2330  2248790    9.13%
 954382 80440        cutoff              1.1299        1.2330  2371115    9.13%
 1015488 85777        cutoff              1.1299        1.2330  2520536    9.13%
 1079274 90338        1.2297    13        1.1299        1.2330  2660813    9.13%
 1138641 93714        1.1427    10        1.1299        1.2330  2802735    9.13%
 1200771 95941        1.1394    13        1.1299        1.2330  2939221    9.13%
 1262317 98386        1.2330    13        1.1299        1.2330  3067457    9.13%
 1320397 101933    infeasible              1.1299        1.2330  3254245    9.13%
 1378734 103239        cutoff              1.1299        1.2330  3344469    9.13%
Elapsed time = 55.17 sec. (22196.41 ticks, tree = 130.08 MB, solutions = 50)
 1434206 106938        1.2203    11        1.1299        1.2330  3532560    9.13%
 1492620 107567        1.1945     9        1.1299        1.2270  3614894    8.59%
 1551134 110398        1.1945    10        1.1299        1.2243  3758312    8.35%
 1612786 114950    infeasible              1.1299        1.2203  3926514    8.00%
 1671865 118358        1.2203    12        1.1299        1.2203  4101084    8.00%
 1732561 121172        1.2203    14        1.1299        1.2203  4226760    8.00%
 1791832 123193        cutoff              1.1299        1.2203  4340610    8.00%
 1851669 126490        1.1299     9        1.1299        1.2203  4533305    8.00%
 1915252 123186        1.2005    10        1.1299        1.2203  4667240    8.00%
 1975578 123580        1.2005    11        1.1299        1.2203  4735332    8.00%
Elapsed time = 80.03 sec. (31733.29 ticks, tree = 158.62 MB, solutions = 50)
 2038051 123060        1.2005    10        1.1299        1.2047  4880614    6.62%
 2100669 122503        1.2005    11        1.1299        1.2005  5000348    6.25%
 2160232 121046    infeasible              1.1299        1.2005  5222664    6.25%
 2226822 120769        1.2005    11        1.1299        1.2005  5304212    6.25%
 2288448 120361        cutoff              1.1299        1.2005  5394305    6.25%
 2346927 119174        1.2005    13        1.1299        1.2005  5632165    6.25%
 2414868 118753        1.2005    11        1.1299        1.2005  5808562    6.25%
 2475912 118524        1.1945    10        1.1299        1.2005  5845085    6.25%
 2531974 118909    infeasible              1.1299        1.2005  6044901    6.25%
 2597970 119387        1.1945     9        1.1299        1.2005  6243126    6.25%
Elapsed time = 103.26 sec. (41270.23 ticks, tree = 155.31 MB, solutions = 50)
 2660476 118740    infeasible              1.1299        1.2005  6370944    6.25%
 2717887 117956        1.1945    10        1.1299        1.2005  6488576    6.25%
 2781145 117010        1.1945    11        1.1299        1.1945  6621009    5.72%
 2845455 116066        1.1945    12        1.1299        1.1945  6738916    5.72%
 2904158 114891        1.1945    11        1.1299        1.1945  6893980    5.72%
 2964728 113826        1.1945     9        1.1299        1.1945  7033786    5.72%
 3028685 110851        cutoff              1.1299        1.1945  7227776    5.72%
 3090376 109560        1.1945    12        1.1299        1.1945  7353551    5.72%
 3150847 107544        1.1455     8        1.1299        1.1945  7483372    5.72%
 3215032 105606        1.1450     9        1.1299        1.1945  7587196    5.72%
Elapsed time = 129.17 sec. (50807.07 ticks, tree = 140.40 MB, solutions = 50)
 3276666 103851        cutoff              1.1299        1.1945  7697578    5.72%
 3337253 101791        1.1945    14        1.1299        1.1945  7929446    5.72%
 3393117 93427        1.1780     6        1.1299        1.1841  8081873    4.80%
 3447183 94873        1.1780     5        1.1299        1.1833  8178790    4.73%
 3503341 96674        1.1780     6        1.1299        1.1809  8241638    4.52%
 3558113 100314        1.1780     8        1.1299        1.1791  8317355    4.35%
 3611661 103534        1.1780     6        1.1299        1.1791  8390797    4.35%
 3665011 105020        1.1780     8        1.1299        1.1780  8435589    4.26%
 3721935 108873        1.1780     6        1.1299        1.1780  8499826    4.26%
 3776126 118848        1.1780     5        1.1299        1.1780  8684800    4.26%
Elapsed time = 157.66 sec. (60343.93 ticks, tree = 169.51 MB, solutions = 50)
 3829324 122894        1.1780     3        1.1299        1.1780  8757413    4.26%
 3883737 127067    infeasible              1.1299        1.1780  8838191    4.26%
 3936855 131593        1.1780     6        1.1299        1.1780  8912963    4.26%
 3991000 135686    infeasible              1.1299        1.1780  9029146    4.26%
 4042653 136086        1.1780     4        1.1299        1.1780  9028526    4.26%
 4094699 139085        1.1780     7        1.1299        1.1780  9110791    4.26%
 4149483 146675        cutoff              1.1299        1.1780  9240263    4.26%
 4204429 147854        1.1780     4        1.1299        1.1780  9284084    4.26%
 4259339 158518        1.1780     7        1.1299        1.1780  9450210    4.26%
 4313922 164723        1.1780     5        1.1299        1.1780  9531619    4.26%
Elapsed time = 184.73 sec. (69880.83 ticks, tree = 252.50 MB, solutions = 50)
 4370040 168175        cutoff              1.1299        1.1780  9579421    4.26%
 4429300 173886        1.1591     5        1.1299        1.1706  9687846    3.60%
 4482647 175537        1.1591     3        1.1299        1.1706  9765215    3.60%
 4536039 174923        cutoff              1.1299        1.1649  9870683    3.10%
 4592942 175093    infeasible              1.1299        1.1591  9929089    2.59%
 4652826 175500    infeasible              1.1299        1.1591 10062996    2.59%
 4703081 174190        cutoff              1.1299        1.1561 10235297    2.32%
 4778456 114706    infeasible              1.1299        1.1521 10277892    1.97%
 4845712 72699        1.1455     6        1.1299        1.1486 10330128    1.66%
 4907657 71827    infeasible              1.1299        1.1486 10429736    1.66%
Elapsed time = 218.53 sec. (79417.67 ticks, tree = 99.71 MB, solutions = 50)
 4967098 71775    infeasible              1.1299        1.1486 10440928    1.66%
 5018718 71560        1.1455     2        1.1299        1.1455 10534830    1.38%
 5069928 71595        cutoff              1.1299        1.1455 10606229    1.38%
 5122980 72041        1.1455     3        1.1299        1.1455 10686569    1.38%
 5176328 72634    infeasible              1.1299        1.1455 10799035    1.38%
 5229266 73186        1.1455     5        1.1299        1.1455 10878171    1.38%
 5285832 74090    infeasible              1.1299        1.1455 11006900    1.38%
 5337526 74417        cutoff              1.1299        1.1455 11108819    1.38%
 5392186 74352        1.1455     2        1.1299        1.1455 11052620    1.38%
 5605702 75379        1.1450    10        1.1299        1.1455 11445644    1.38%
Elapsed time = 254.44 sec. (91815.62 ticks, tree = 107.70 MB, solutions = 50)
 5825865 73610        1.1401     2        1.1299        1.1455 11723231    1.38%
 6051568 70443        1.1443     4        1.1299        1.1455 12251381    1.38%
 6280144 72172    infeasible              1.1299        1.1443 12565913    1.27%
 6504270 74286    infeasible              1.1299        1.1443 12958980    1.27%
 6729018 77286        1.1443     1        1.1299        1.1443 13359162    1.27%
 6949322 80491        1.1443     2        1.1299        1.1443 13772674    1.27%
 7170525 82388    infeasible              1.1299        1.1443 14059320    1.27%
 7392960 86054        cutoff              1.1299        1.1443 14468992    1.27%
 7615655 88870        1.1443     2        1.1299        1.1443 14815619    1.27%
 7840604 92266        1.1443     2        1.1299        1.1443 15260246    1.27%
Elapsed time = 365.67 sec. (129962.68 ticks, tree = 141.22 MB, solutions = 50)
 8063903 95406        1.1443     3        1.1299        1.1443 15640630    1.27%
 8289111 97267    infeasible              1.1299        1.1443 15901727    1.27%
 8512483 101148        1.1427     1        1.1299        1.1427 16336535    1.13%
 8743157 84205        1.1394     7        1.1299        1.1401 16623035    0.91%
 8971176 75474    infeasible              1.1299        1.1401 17013092    0.91%
 9200864 76272        1.1394     3        1.1299        1.1394 17400246    0.84%
 9428802 79132        1.1394     4        1.1299        1.1394 17796870    0.84%
 9655742 81531        1.1394     2        1.1299        1.1394 18140888    0.84%
 9883066 84219        1.1394     2        1.1299        1.1394 18480387    0.84%
 10107439 85727        1.1394     2        1.1299        1.1394 18872955    0.84%
Elapsed time = 478.97 sec. (168109.86 ticks, tree = 136.05 MB, solutions = 50)
 10333466 86473        1.1394     3        1.1299        1.1394 19209428    0.84%
 10554442 87224    infeasible              1.1299        1.1394 19632335    0.84%
 10777962 88158        1.1394     6        1.1299        1.1394 20019698    0.84%
 11002227 89330        1.1394     2        1.1299        1.1394 20393070    0.84%
 11228378 89779        1.1394     3        1.1299        1.1394 20748108    0.84%
 11449540 90600        1.1394     2        1.1299        1.1394 21165966    0.84%
 11668882 91043        1.1394     2        1.1299        1.1394 21535970    0.84%
 11888583 91869        1.1368     1        1.1299        1.1394 21878490    0.84%
 12109164 93271        1.1321     2        1.1299        1.1394 22284688    0.84%
 12332923 94308        1.1394     2        1.1299        1.1394 22601974    0.84%
Elapsed time = 595.61 sec. (206256.94 ticks, tree = 152.80 MB, solutions = 50)
 12559841 95316    infeasible              1.1299        1.1394 22978981    0.84%
 12785111 96511        cutoff              1.1299        1.1394 23367035    0.84%
 13008454 97740    infeasible              1.1299        1.1394 23717074    0.84%
 13229762 98505        1.1394     2        1.1299        1.1394 24060608    0.84%
 13455100 99342        1.1394     1        1.1299        1.1394 24501945    0.84%
 13676570 99776    infeasible              1.1299        1.1394 24826595    0.84%
 13900293 100161        1.1394     2        1.1299        1.1394 25190652    0.84%
 14119321 100281        1.1394    11        1.1299        1.1394 25540238    0.84%
 14358087 96895    infeasible              1.1299        1.1383 25959122    0.75%
 14588553 95698        1.1379     4        1.1299        1.1383 26380912    0.75%
Elapsed time = 710.67 sec. (244404.08 ticks, tree = 156.08 MB, solutions = 50)
 14815324 97613        1.1379     3        1.1299        1.1379 26736771    0.71%
 15038570 98800        1.1379     3        1.1299        1.1379 27124176    0.71%
 15264206 100123        1.1379     3        1.1299        1.1379 27556384    0.71%
 15490980 100142        1.1379     2        1.1299        1.1379 27886812    0.71%
 15716165 101605        1.1379     4        1.1299        1.1379 28284333    0.71%
 15941820 101335    infeasible              1.1299        1.1379 28685304    0.71%
 16167453 94225        1.1374     2        1.1299        1.1379 29025306    0.71%
 16400335 68830        1.1379     3        1.1299        1.1379 29470717    0.71%
 16636282 37753        cutoff              1.1299        1.1374 29692946    0.67%
 16868340 31828        1.1368     9        1.1299        1.1374 29997317    0.67%
Elapsed time = 831.13 sec. (282551.16 ticks, tree = 45.12 MB, solutions = 50)
 17099442 27808    infeasible              1.1299        1.1368 30401261    0.61%
 17325437 26254        1.1368     2        1.1299        1.1368 30770611    0.61%
 17554692 24901        1.1368     3        1.1299        1.1368 31180981    0.61%
 17780625 23919        1.1368     2        1.1299        1.1368 31573309    0.61%
 18013542 23142        1.1368     2        1.1299        1.1368 31925759    0.61%
 18244896 22455        1.1368     2        1.1299        1.1368 32346007    0.61%
Starting limited solution polishing.
 18313080 22308        1.1368     1        1.1299        1.1368 32522130    0.61%
 18349758 22296        1.1368     1        1.1299        1.1368 32585222    0.61%
 18416987 22236    infeasible              1.1299        1.1368 32647713    0.61%
 18645238 21970        1.1368     1        1.1299        1.1368 33028263    0.61%
Elapsed time = 955.47 sec. (320698.49 ticks, tree = 30.76 MB, solutions = 50)
 18869018 21799    infeasible              1.1299        1.1368 33320617    0.61%
 19091620 21301        1.1368     2        1.1299        1.1368 33712614    0.61%
 19320469 20937        1.1368     2        1.1299        1.1368 34122653    0.61%

Root node processing (before b&c):
  Real time             =    0.45 sec. (23.85 ticks)
Parallel b&c, 8 threads:
  Real time             =  999.59 sec. (333688.40 ticks)
  Sync time (average)   =  113.35 sec.
  Wait time (average)   =    1.35 sec.
                          ------------
Total (root+branch&cut) = 1000.05 sec. (333712.25 ticks)

--- MIP status (107): time limit exceeded.
--- Cplex Time: 1000.34sec (det. 333712.26 ticks)

--- Fixing integer variables and solving final LP...

Version identifier: 20.1.0.0 | 2020-11-10 | 9bedb6d68
CPXPARAM_Advance                                 2
CPXPARAM_Threads                                 8
CPXPARAM_Parallel                                1
CPXPARAM_MIP_Display                             4
CPXPARAM_TimeLimit                               1000
CPXPARAM_MIP_Tolerances_AbsMIPGap                0
CPXPARAM_MIP_Tolerances_MIPGap                   0
Parallel mode: deterministic, using up to 8 threads for concurrent optimization:
 * Starting dual Simplex on 1 thread...
 * Starting Barrier on 6 threads...
 * Starting primal Simplex on 1 thread...
Tried aggregator 1 time.
LP Presolve eliminated 2215 rows and 2457 columns.
Aggregator did 1225 substitutions.
Reduced LP has 235 rows, 45 columns, and 595 nonzeros.
Presolve time = 0.03 sec. (3.49 ticks)
Initializing dual steep norms . . .

Iteration log . . .
Iteration:     1   Dual objective     =             1.650272

Dual simplex solved model.


--- Fixed MIP status (1): optimal.
--- Cplex Time: 0.09sec (det. 5.30 ticks)


Resource limit exceeded
MIP Solution:            1.129904    (34368516 iterations, 19403241 nodes)
Final Solve:             1.129904    (43 iterations)

Best possible:           1.136824
Absolute gap:            0.006920
Relative gap:            0.006087

--- Reading solution for model m3
--- ArrangePoints.gms(189) 6 Mb  1003 secs
--- Executing after solve: elapsed 1:10:34.211
--- ArrangePoints.gms(192) 6 Mb
*** Status: Normal completion
--- Job ArrangePoints.gms Stop 06/30/21 12:17:45 elapsed 1:10:34.218
