--- Job DantzigSelector.gms Start 04/19/24 04:22:23 46.3.0 cc87b1db WEX-WEI x86 64bit/MS Windows
--- Applying:
    C:\GAMS\46\gmsprmNT.txt
    C:\Users\erwin\Documents\GAMS\gamsconfig.yaml
--- GAMS Parameters defined
    MIP CPLEX
    Input C:\projects\OptimizationModels\DantzigSelector\DantzigSelector.gms
    PageWidth 130
    PageSize 0
    ScrDir C:\projects\OptimizationModels\DantzigSelector\225a\
    SysDir C:\GAMS\46\
    LogOption 3
    ErrMsg 1
    ErrorLog 99
    IDE 1
    LstTitleLeftAligned 1
Licensee: Eval License                                   G231201|0002CO-GEN
          Amsterdam Optimization Modeling Group,                     DCE378
          C:\Users\erwin\Documents\GAMS\gamslice.txt
          License Admin: Erwin Kalvelagen, info@amsterdamoptimization.com  
          Evaluation license: Not for commercial or production use
          The evaluation period of the license will expire on Nov 25, 2024
Processor information: 1 socket(s), 8 core(s), and 16 thread(s) available
GAMS 46.3.0   Copyright (C) 1987-2024 GAMS Development. All rights reserved
--- Starting compilation
--- DantzigSelector.gms(164) 3 Mb
--- Starting execution: elapsed 0:00:00.004
--- DantzigSelector.gms(91) 4 Mb
--- Generating QCP model ols
--- DantzigSelector.gms(151) 6 Mb
---   13 rows  20 columns  109 non-zeroes
---   38 nl-code  12 nl-non-zeroes
--- Range statistics (absolute non-zero finite values)
--- RHS       [min, max] : [ 2.175E-02, 1.270E+00] - Zero values observed as well
--- Bound     [min, max] : [        NA,        NA]
--- Matrix    [min, max] : [ 9.574E-01, 1.000E+00] - Zero values observed as well
--- DantzigSelector.gms(151) 4 Mb
--- Executing CONOPT (Solvelink=2): elapsed 0:00:00.006

CONOPT 4         46.3.0 cc87b1db Mar 19, 2024          WEI x86 64bit/MS Window

 
 
    C O N O P T   version 4.33
    Copyright (C) ARKI Consulting and Development A/S
                  Bagsvaerdvej 246 A
                  DK-2880 Bagsvaerd, Denmark
 
    Will use up to 16 threads.
 
 
    The user model has 13 constraints and 20 variables
    with 109 Jacobian elements, 12 of which are nonlinear.
    The Hessian of the Lagrangian has 12 elements on the diagonal,
    0 elements below the diagonal, and 12 nonlinear variables.
 
    Iter Phase   Ninf   Infeasibility   RGmax      NSB   Step  InItr MX OK
       0   0          6.1440000000E+00 (Input point)
 
    The post-triangular part of the model has 13 constraints and variables.
 
    Preprocessed model has no constraints and 7 variables.
 
    Iter Phase   Ninf   Infeasibility   RGmax      NSB   Step  InItr MX OK
                      0.0000000000E+00 (Full preprocessed model)
                      0.0000000000E+00 (After scaling)
 
 ** Feasible solution. Value of objective =    13.8041495000
 
    Iter Phase   Ninf     Objective     RGmax      NSB   Step  InItr MX OK
       1   4          1.4059456667E+00 3.0E+01       7 1.0E+00     3 F  T
       2   4          1.4059456667E+00 8.5E-09       7
 
 ** Optimal solution. Reduced gradient less than tolerance.
 
--- Reading solution for model ols
--- Executing after solve: elapsed 0:00:00.160
--- DantzigSelector.gms(155) 4 Mb
--- Generating LP model ds
--- DantzigSelector.gms(158) 4 Mb
--- LOOPS k = k1
---   34 rows  34 columns  223 non-zeroes
--- Range statistics (absolute non-zero finite values)
--- RHS       [min, max] : [ 2.175E-02, 1.270E+00] - Zero values observed as well
--- Bound     [min, max] : [        NA,        NA] - Zero values observed as well
--- Matrix    [min, max] : [ 9.574E-01, 1.000E+00]
--- Executing CPLEX (Solvelink=2): elapsed 0:00:00.197

IBM ILOG CPLEX   46.3.0 cc87b1db Mar 19, 2024          WEI x86 64bit/MS Window

--- GAMS/CPLEX licensed for continuous and discrete problems.
--- GMO setup time: 0.00s
--- GMO memory 0.51 Mb (peak 0.51 Mb)
--- Dictionary memory 0.00 Mb
--- Cplex 22.1.1.0 link memory 0.00 Mb (peak 0.01 Mb)
--- Starting Cplex

Version identifier: 22.1.1.0 | 2022-11-27 | 9160aff4d
CPXPARAM_Advance                                 2
CPXPARAM_MIP_Display                             4
CPXPARAM_MIP_Pool_Capacity                       0
CPXPARAM_MIP_Tolerances_AbsMIPGap                0
Tried aggregator 1 time.
LP Presolve eliminated 0 rows and 8 columns.
Reduced LP has 33 rows, 26 columns, and 208 nonzeros.
Presolve time = 0.00 sec. (0.08 ticks)

Iteration log . . .
Iteration:     1   Dual objective     =             0.000000

--- LP status (1): optimal.
--- Cplex Time: 0.00sec (det. 0.23 ticks)


Optimal solution found
Objective:            1.373386

--- Reading solution for model ds
--- Executing after solve: elapsed 0:00:00.252
--- DantzigSelector.gms(155) 4 Mb
--- Generating LP model ds
--- DantzigSelector.gms(158) 4 Mb
--- LOOPS k = k2
---   34 rows  34 columns  223 non-zeroes
--- Range statistics (absolute non-zero finite values)
--- RHS       [min, max] : [ 2.175E-02, 1.270E+00] - Zero values observed as well
--- Bound     [min, max] : [ 1.752E+00, 1.752E+00] - Zero values observed as well
--- Matrix    [min, max] : [ 9.574E-01, 1.000E+00]
--- Executing CPLEX (Solvelink=2): elapsed 0:00:00.254

IBM ILOG CPLEX   46.3.0 cc87b1db Mar 19, 2024          WEI x86 64bit/MS Window

--- GAMS/CPLEX licensed for continuous and discrete problems.
--- GMO setup time: 0.00s
--- GMO memory 0.51 Mb (peak 0.51 Mb)
--- Dictionary memory 0.00 Mb
--- Cplex 22.1.1.0 link memory 0.00 Mb (peak 0.01 Mb)
--- Starting Cplex

Version identifier: 22.1.1.0 | 2022-11-27 | 9160aff4d
CPXPARAM_Advance                                 2
CPXPARAM_MIP_Display                             4
CPXPARAM_MIP_Pool_Capacity                       0
CPXPARAM_MIP_Tolerances_AbsMIPGap                0
Tried aggregator 1 time.
LP Presolve eliminated 0 rows and 1 columns.
Reduced LP has 33 rows, 33 columns, and 215 nonzeros.
Presolve time = 0.00 sec. (0.05 ticks)

Iteration log . . .
Iteration:     1   Dual objective     =             0.258215

--- LP status (1): optimal.
--- Cplex Time: 0.00sec (det. 0.22 ticks)


Optimal solution found
Objective:            0.439720

--- Reading solution for model ds
--- Executing after solve: elapsed 0:00:00.276
--- DantzigSelector.gms(155) 4 Mb
--- Generating LP model ds
--- DantzigSelector.gms(158) 4 Mb
--- LOOPS k = k3
---   34 rows  34 columns  223 non-zeroes
--- Range statistics (absolute non-zero finite values)
--- RHS       [min, max] : [ 2.175E-02, 1.270E+00] - Zero values observed as well
--- Bound     [min, max] : [ 3.505E+00, 3.505E+00] - Zero values observed as well
--- Matrix    [min, max] : [ 9.574E-01, 1.000E+00]
--- Executing CPLEX (Solvelink=2): elapsed 0:00:00.278

IBM ILOG CPLEX   46.3.0 cc87b1db Mar 19, 2024          WEI x86 64bit/MS Window

--- GAMS/CPLEX licensed for continuous and discrete problems.
--- GMO setup time: 0.00s
--- GMO memory 0.51 Mb (peak 0.51 Mb)
--- Dictionary memory 0.00 Mb
--- Cplex 22.1.1.0 link memory 0.00 Mb (peak 0.01 Mb)
--- Starting Cplex

Version identifier: 22.1.1.0 | 2022-11-27 | 9160aff4d
CPXPARAM_Advance                                 2
CPXPARAM_MIP_Display                             4
CPXPARAM_MIP_Pool_Capacity                       0
CPXPARAM_MIP_Tolerances_AbsMIPGap                0
Tried aggregator 1 time.
LP Presolve eliminated 0 rows and 1 columns.
Reduced LP has 33 rows, 33 columns, and 215 nonzeros.
Presolve time = 0.00 sec. (0.05 ticks)

Iteration log . . .
Iteration:     1   Dual objective     =            -0.038210

--- LP status (1): optimal.
--- Cplex Time: 0.00sec (det. 0.20 ticks)


Optimal solution found
Objective:            0.159310

--- Reading solution for model ds
--- Executing after solve: elapsed 0:00:00.299
--- DantzigSelector.gms(155) 4 Mb
--- Generating LP model ds
--- DantzigSelector.gms(158) 4 Mb
--- LOOPS k = k4
---   34 rows  34 columns  223 non-zeroes
--- Range statistics (absolute non-zero finite values)
--- RHS       [min, max] : [ 2.175E-02, 1.270E+00] - Zero values observed as well
--- Bound     [min, max] : [ 5.257E+00, 5.257E+00] - Zero values observed as well
--- Matrix    [min, max] : [ 9.574E-01, 1.000E+00]
--- Executing CPLEX (Solvelink=2): elapsed 0:00:00.301

IBM ILOG CPLEX   46.3.0 cc87b1db Mar 19, 2024          WEI x86 64bit/MS Window

--- GAMS/CPLEX licensed for continuous and discrete problems.
--- GMO setup time: 0.00s
--- GMO memory 0.51 Mb (peak 0.51 Mb)
--- Dictionary memory 0.00 Mb
--- Cplex 22.1.1.0 link memory 0.00 Mb (peak 0.01 Mb)
--- Starting Cplex

Version identifier: 22.1.1.0 | 2022-11-27 | 9160aff4d
CPXPARAM_Advance                                 2
CPXPARAM_MIP_Display                             4
CPXPARAM_MIP_Pool_Capacity                       0
CPXPARAM_MIP_Tolerances_AbsMIPGap                0
Tried aggregator 1 time.
LP Presolve eliminated 0 rows and 1 columns.
Reduced LP has 33 rows, 33 columns, and 215 nonzeros.
Presolve time = 0.00 sec. (0.05 ticks)
Using devex.

--- LP status (1): optimal.
--- Cplex Time: 0.00sec (det. 0.14 ticks)


Optimal solution found
Objective:            0.000000

--- Reading solution for model ds
--- Executing after solve: elapsed 0:00:00.322
--- DantzigSelector.gms(162) 4 Mb
*** Status: Normal completion
--- Job DantzigSelector.gms Stop 04/19/24 04:22:24 elapsed 0:00:00.322
