--- Job geodata.gms Start 02/22/22 10:29:13 38.1.0 a1a3b545 WEX-WEI x86 64bit/MS Windows
--- Applying:
    C:\GAMS\38\gmsprmNT.txt
--- GAMS Parameters defined
    Input "G:\My Drive\reap2020\GAMS and HTML-JS maps\countyMap\geodata.gms"
    PageSize 0
    ScrDir "G:\My Drive\reap2020\GAMS and HTML-JS maps\countyMap\225a\"
    SysDir C:\GAMS\38\
    LogOption 3
    ErrMsg 1
    ErrorLog 99
    IDE 1
    LstTitleLeftAligned 1
Licensee: Eval License                                   G211206|0002CO-GEN
          Amsterdam Optimization Modeling Group,                     DCE378
          C:\Users\erwin\OneDrive\Documents\GAMS\gamslice.txt
          License Admin: Erwin Kalvelagen, info@amsterdamoptimization.com  
          Evaluation license: Not for commercial or production use
Processor information: 1 socket(s), 8 core(s), and 16 thread(s) available
GAMS 38.1.0   Copyright (C) 1987-2022 GAMS Development. All rights reserved
--- Starting compilation
--- geodata.gms(22) 2 Mb
--- $echo File G:\My Drive\reap2020\GAMS and HTML-JS maps\countyMap\FilterGeoJson.py
--- geodata.gms(46) 2 Mb
--- call py FilterGeoJson.py
Counties in geojson-counties-fips.json: 3221
Counties in output: 3109
--- Starting execution - empty program
*** Status: Normal completion
--- Job geodata.gms Stop 02/22/22 10:29:14 elapsed 0:00:01.000
