
--- Job SchedM5.gms Start 07/15/21 05:38:05 35.2.0 r33388c4 WEX-WEI x86 64bit/MS Windows
--- Applying:
    C:\GAMS\35\gmsprmNT.txt
    C:\Users\Erwin\Documents\GAMS\gamsconfig.yaml
--- GAMS Parameters defined
    Input D:\projects\OptimizationModels\ParallelMachineScheduling\SchedM5.gms
    PageWidth 120
    PageSize 0
    PageContr 3
    Action CE
    ScrDir D:\projects\OptimizationModels\ParallelMachineScheduling\225a\
    SysDir C:\GAMS\35\
    WorkDir D:\projects\OptimizationModels\ParallelMachineScheduling\
    LogOption 3
    DFormat 0
    TFormat 0
    ErrorLog 99
    IDE 1
Licensee: Eval License                                   S201210/0001CO-GEN
          Amsterdam Optimization Modeling Group,                     DCE378
          C:\Users\Erwin\Documents\GAMS\gamslice.txt
          Evaluation license: Not for commercial or production use
GAMS 35.2.0   Copyright (C) 1987-2021 GAMS Development. All rights reserved
--- Starting compilation
--- SchedM5.gms(248) 3 Mb
--- Starting execution: elapsed 0:00:00.032
--- SchedM5.gms(209) 4 Mb
--- Generating MIP model sched5
--- SchedM5.gms(210) 9 Mb
---   12,512 rows  8,368 columns  48,934 non-zeroes
---   4,050 discrete-columns
--- Executing CPLEX (Solvelink=2): elapsed 0:00:00.213

IBM ILOG CPLEX   35.2.0 r33388c4 Released Jun 02, 2021 WEI x86 64bit/MS Window

--- GAMS/Cplex Link licensed for continuous and discrete problems.
--- Space for names approximately 0.79 Mb
--- Use option 'names no' to turn use of names off
--- GMO memory 4.87 Mb (peak 4.94 Mb)
--- Dictionary memory 0.00 Mb
--- Cplex 20.1.0.1 link memory 0.30 Mb (peak 1.87 Mb)
--- Starting Cplex

Version identifier: 20.1.0.1 | 2021-04-07 | 3a818710c
CPXPARAM_Advance                                 0
CPXPARAM_Threads                                 8
CPXPARAM_Parallel                                1
CPXPARAM_MIP_Display                             4
CPXPARAM_TimeLimit                               1800
CPXPARAM_MIP_Tolerances_AbsMIPGap                0
CPXPARAM_MIP_Tolerances_MIPGap                   0
Generic callback                                 0x50
Tried aggregator 2 times.
MIP Presolve eliminated 98 rows and 99 columns.
MIP Presolve modified 320 coefficients.
Aggregator did 18 substitutions.
Reduced MIP has 12395 rows, 8251 columns, and 48552 nonzeros.
Reduced MIP has 4000 binaries, 0 generals, 0 SOSs, and 0 indicators.
Presolve time = 0.38 sec. (61.00 ticks)
Probing fixed 0 vars, tightened 38 bounds.
Probing time = 0.89 sec. (117.22 ticks)
Tried aggregator 1 time.
Detecting symmetries...
Reduced MIP has 12395 rows, 8251 columns, and 48552 nonzeros.
Reduced MIP has 4076 binaries, 2 generals, 0 SOSs, and 0 indicators.
Presolve time = 0.16 sec. (34.43 ticks)
Probing time = 0.22 sec. (12.39 ticks)
Clique table members: 28667.
MIP emphasis: balance optimality and feasibility.
MIP search method: dynamic search.
Parallel mode: deterministic, using up to 8 threads.
Parallel mode: deterministic, using up to 2 threads for parallel tasks at root LP.
Parallel mode: deterministic, using up to 6 threads for concurrent optimization:
 * Starting dual Simplex on 1 thread...
 * Starting Barrier on 4 threads...
 * Starting primal Simplex on 1 thread...
Tried aggregator 1 time.
No LP presolve or aggregator reductions.
Presolve time = 0.03 sec. (6.09 ticks)
Initializing dual steep norms . . .

Iteration log . . .
Iteration:     1   Dual objective     =           323.668000
Perturbation started.
Iteration:   101   Dual objective     =           323.668000
Iteration:   349   Dual objective     =           323.668050
Iteration:   618   Dual objective     =           323.668066
Iteration:   873   Dual objective     =           323.668140
Iteration:  1111   Dual objective     =           323.668264
Iteration:  1405   Dual objective     =           323.668455
Iteration:  1660   Dual objective     =           323.669078
Iteration:  1942   Dual objective     =           323.670031
Iteration:  2149   Dual objective     =           323.670905
Iteration:  2352   Dual objective     =           323.671526
Iteration:  2507   Dual objective     =           323.671906
Iteration:  2663   Dual objective     =           323.672349
Iteration:  2836   Dual objective     =           323.672911
Iteration:  3005   Dual objective     =           323.673246
Iteration:  3174   Dual objective     =           323.673603
Removing perturbation.

Barrier solved model.

Root relaxation solution time = 3.61 sec. (569.26 ticks)

        Nodes                                         Cuts/
   Node  Left     Objective  IInf  Best Integer    Best Bound    ItCnt     Gap

      0     0      323.6680   520                    323.6680       21         
      0     0      323.6680   190                    Cuts: 16      171         
      0     0      323.6680   486                   Cuts: 223     5301         
      0     0      323.6680   172                 MIRcuts: 12     5413         
      0     0      323.6680   543                   Cuts: 293     9439         
      0     2      323.6680   192                    323.6680     9439         
Elapsed time = 125.94 sec. (32849.44 ticks, tree = 0.02 MB, solutions = 0)
      1     3      343.6930   276                    323.6680    15543         
      2     3      323.6680   335                    323.6680    16741         
      3     4      364.7140   308                    323.6680    18768         
                                                  Impl Bds: 8                  
      4     4      343.6930   277                    323.6680    17836         
      7     9      364.7140   339                    323.6680    30899         
                                                  Impl Bds: 3                  
     10     5      323.6680   366                    323.6680    27195         
     17    12      365.7150   320                    323.6680    31442         
     28     7      367.7170   269                    323.6680    32055         
     36    30      366.7870   300                    323.6680    46871         
     79    29      422.7940   265                    323.6680    47753         
                                                  Impl Bds: 8                  
Elapsed time = 153.39 sec. (39419.65 ticks, tree = 0.08 MB, solutions = 0)
    125   104      545.5373   247                    323.6680    74122         
    191   156      372.8740   233                    323.6680    87893         
                                                  Impl Bds: 5                  
    247   191      350.7160   264                    323.6680   102468         
                                                  Impl Bds: 1                  
    302   254      343.7893   236                    323.6680   116425         
    320   272      323.6680   281                    323.6680   142398         
    368   302      366.8570   291                    323.6680   152386         
    424   319    infeasible                          323.6680   164737         
    490   333      366.8570   212                    323.6680   174236         
    586   405      464.6685   124                    323.6680   204445         
    656   455      482.1655   141                    323.6680   222626         
Elapsed time = 188.55 sec. (49044.61 ticks, tree = 5.37 MB, solutions = 0)
    716   549      485.6178   173                    323.6680   262861         
    789   563      526.9380   150                    323.6680   279884         
    865   617      669.2230   149                    323.6680   299766         
    959   663      475.2809   110                    323.6680   328155         
   1051   762      450.4429   131                    323.6680   359558         
   1145   720    infeasible                          323.6680   350955         
   1233   911    infeasible                          323.6680   427439         
   1322   959      498.3023    74                    323.6680   449388         
   1459   984      694.3220    99                    323.6680   463277         
                                                  Impl Bds: 2                  
   1531  1038      589.3470    89                    323.6680   488448         
Elapsed time = 221.23 sec. (58754.95 ticks, tree = 12.61 MB, solutions = 0)
   1553  1118      365.8935   126                    323.6680   531010         
   1574  1155      395.4521   123                    323.6680   551811         
                                                 Impl Bds: 10                  
   1613  1160      323.6730   210                    323.6680   564809         
                                                  Impl Bds: 2                  
   1645  1208      648.3994    58                    323.6680   596573         
                                                  Impl Bds: 8                  
   1694  1228      323.6680   230                    323.6680   614874         
                                                  Impl Bds: 4                  
   1750  1254    infeasible                          323.6680   631905         
   1809  1295    infeasible                          323.6680   657874         
   1835  1302      323.6770   204                    323.6680   662716         
                                                  Impl Bds: 2                  
   1881  1354      324.4311   209                    323.6680   690547         
   1931  1343      323.6844   239                    323.6680   706167         
Elapsed time = 258.52 sec. (68662.73 ticks, tree = 18.41 MB, solutions = 0)
   1980  1431    infeasible                          323.6680   779566         
   2036  1482    infeasible                          323.6680   820432         
   2099  1456    infeasible                          323.6680   801649         
   2141  1506      373.5737    99                    323.6680   850342         
   2175  1533      390.7440   148                    323.6680   863573         
   2242  1626      325.7152   214                    323.6680   927609         
   2306  1648      394.7255    95                    323.6680   947210         
   2369  1656      374.4799    97                    323.6680   953102         
   2409  1716      331.1435   186                    323.6680   974856         
   2479  1776      345.6970   182                    323.6680  1015375         
Elapsed time = 288.39 sec. (78442.74 ticks, tree = 25.16 MB, solutions = 0)
   2546  1829      326.8510   129                    323.6680  1036021         
   2610  1838      326.8560   141                    323.6680  1041516         
   2669  1857      337.6820   169                    323.6680  1058189         
   2780  1953      342.9701   116                    323.6680  1108529         
   2888  1960      385.1889    72                    323.6680  1128463         
   2994  1991    infeasible                          323.6680  1153243         
   3095  2090      385.1899    79                    323.6680  1210833         
   3160  2219      323.7110   158                    323.6680  1269200         
   3260  2321      359.7200   159                    323.6680  1330160         
   3383  2321      329.8434   102                    323.6680  1337740         
Elapsed time = 318.75 sec. (88016.87 ticks, tree = 34.20 MB, solutions = 0)
   3463  2454      324.9120   135                    323.6680  1395701         
   3536  2478      323.8338    97                    323.6680  1421103         
                                                  Impl Bds: 4                  
   3663  2563    infeasible                          323.6680  1459385         
                                                  Impl Bds: 6                  
   3766  2611      327.8792   135                    323.6680  1486750         
   3865  2652      390.0344   113                    323.6680  1518251         
   3934  2771      341.9750   127                    323.6680  1574354         
   4017  2868      323.7411   167                    323.6680  1630567         
                                                 Impl Bds: 11                  
   4092  2875      327.6880   154                    323.6680  1642513         
   4187  2932    infeasible                          323.6680  1663347         
   4256  2981      323.7800   160                    323.6680  1689215         
                                                  Impl Bds: 2                  
Elapsed time = 346.11 sec. (97628.17 ticks, tree = 43.36 MB, solutions = 0)
   4327  3116      373.9593   147                    323.6680  1762666         
   4406  3085      393.7890   132                    323.6680  1757215         
   4505  3232      331.5161   107                    323.6680  1831931         
   4622  3340      327.6960   133                    323.6680  1889745         
   4727  3299      416.2047   136                    323.6680  1865191         
   4831  3355      323.7760   158                    323.6680  1911342         
   4911  3487      323.8170   120                    323.6680  1974563         
                                                  Impl Bds: 6                  
   5011  3642      323.7917   115                    323.6680  2057171         
   5087  3615      398.7670   129                    323.6680  2035287         
   5187  3743      323.7770   113                    323.6680  2120486         
Elapsed time = 371.89 sec. (107272.07 ticks, tree = 55.33 MB, solutions = 0)
   5284  3694      334.6910   157                    323.6680  2100250         
   5360  3809      324.8342   108                    323.6680  2158713         
   5436  3998      324.8817    98                    323.6680  2252258         
   5542  4015      323.6680   151                    323.6680  2277353         
                                                     Cuts: 11                  
   5629  4024      337.9155   142                    323.6680  2292842         
   5733  4068      323.8283    95                    323.6680  2308824         
   5867  4123      324.8939    82                    323.6680  2342344         
   6003  4305    infeasible                          323.6680  2449067         
   6149  4314      327.0261    71                    323.6680  2421815         
   6286  4551      323.7257   119                    323.6680  2554335         
                                                  Impl Bds: 3                  
Elapsed time = 399.38 sec. (116859.84 ticks, tree = 68.51 MB, solutions = 0)
   6428  4659      349.8555    92                    323.6680  2603220         
   6573  4608    infeasible                          323.6680  2587889         
   6716  4701      349.8558    87                    323.6680  2618835         
                                                  Impl Bds: 5                  
   6862  4728      324.6770   121                    323.6680  2663758         
*  6863+ 4806                          528.4690      323.6680            38.75%
Found incumbent of value 528.469000 after 409.17 sec. (120697.27 ticks)
   7078  4868    infeasible            528.4690      323.6680  2710688   38.75%
                                                  Impl Bds: 5                  
*  7151+ 4649                          521.4630      323.6680            37.93%
Found incumbent of value 521.463000 after 413.48 sec. (121967.54 ticks)
*  7275  4710      integral     0      512.4620      323.6680  2829343   36.84%
                                                  Impl Bds: 1                  
Found incumbent of value 512.462000 after 414.55 sec. (122353.75 ticks)
   7542  4843      323.8660    94      512.4620      323.6680  2884661   36.84%
   7724  4700    infeasible            512.4620      323.6680  2850037   36.84%
   7905  5312      371.7310   164      512.4620      323.6680  2936309   36.84%
*  8470+ 5736                          487.4240      323.6680            33.60%
                                                  Impl Bds: 1                  
Found incumbent of value 487.424000 after 433.91 sec. (128744.14 ticks)
*  8473+ 5905                          480.4460      323.6680            32.63%
Found incumbent of value 480.446000 after 434.38 sec. (128894.26 ticks)
*  8474+ 5736                          472.4580      323.6680            31.49%
Found incumbent of value 472.458000 after 434.56 sec. (128948.93 ticks)
*  8476+ 5675                          468.4720      323.6680            30.91%
                                                  Impl Bds: 1                  
Found incumbent of value 468.472000 after 434.84 sec. (129004.07 ticks)
   8478  6062      328.7320   155      468.4720      323.6680  3064280   30.91%
Elapsed time = 434.94 sec. (129058.16 ticks, tree = 92.09 MB, solutions = 3)
*  8502+ 5905                          460.4370      323.6680            29.70%
Found incumbent of value 460.437000 after 435.52 sec. (129258.00 ticks)
   8944  5905      323.6680   144      460.4370      323.6680  3072000   29.70%
                                                      Cuts: 8                  

Performing restart 1

Repeating presolve.
Tried aggregator 1 time.
MIP Presolve eliminated 3 rows and 3 columns.
MIP Presolve modified 5279 coefficients.
Reduced MIP has 12392 rows, 8248 columns, and 46989 nonzeros.
Reduced MIP has 4073 binaries, 2 generals, 0 SOSs, and 0 indicators.
Presolve time = 0.06 sec. (44.91 ticks)
Tried aggregator 1 time.
MIP Presolve eliminated 3 rows and 2 columns.
MIP Presolve modified 198 coefficients.
Reduced MIP has 12389 rows, 8246 columns, and 46978 nonzeros.
Reduced MIP has 4072 binaries, 2 generals, 0 SOSs, and 0 indicators.
Presolve time = 0.17 sec. (41.99 ticks)
Represolve time = 2.03 sec. (382.66 ticks)
Tried aggregator 1 time.
LP Presolve eliminated 2 rows and 0 columns.
Reduced LP has 12641 rows, 8246 columns, and 63715 nonzeros.
Presolve time = 0.03 sec. (8.60 ticks)
Initializing dual steep norms . . .

Iteration log . . .
Iteration:     1   Dual objective     =           323.668000
Perturbation started.
Iteration:   101   Dual objective     =           323.668000
Iteration:   290   Dual objective     =           323.668056
Iteration:   575   Dual objective     =           323.668153
Iteration:   896   Dual objective     =           323.668579
Iteration:  1234   Dual objective     =           323.668971
Iteration:  1394   Dual objective     =           323.669093
Iteration:  1562   Dual objective     =           323.669248
Iteration:  1693   Dual objective     =           323.669376
Iteration:  1851   Dual objective     =           323.669427
Iteration:  1986   Dual objective     =           323.669499
Iteration:  2131   Dual objective     =           323.669536
Iteration:  2270   Dual objective     =           323.669570
Iteration:  2397   Dual objective     =           323.669581
Iteration:  2518   Dual objective     =           323.669596
Iteration:  2645   Dual objective     =           323.669615
Iteration:  2773   Dual objective     =           323.669663
Iteration:  2902   Dual objective     =           323.669733
Iteration:  3024   Dual objective     =           323.669760
Removing perturbation.
Initializing dual steep norms . . .
   8945     0      323.6680   414      460.4370      Cuts: 49  3120362   29.70%
   8945     0      323.6680   706      460.4370      Cuts: 15  3124400   29.70%
*  8945+    0                          446.4410      323.6680            27.50%
Found incumbent of value 446.441000 after 582.47 sec. (181949.04 ticks)
   8945     0      323.6680   482      446.4410      Cuts: 14  3128969   27.50%
   8945     0      323.6680   502      446.4410     Cuts: 329  3131627   27.50%
   8945     0      323.6680   193      446.4410      Cuts: 12  3132015   27.50%
   8945     0      323.6680   359      446.4410     Cuts: 186  3133747   27.50%
*  8945+    0                          444.4410      323.6680            27.17%
Found incumbent of value 444.441000 after 670.95 sec. (214938.52 ticks)
   8945     2      323.6680   144      444.4410      323.6680  3133747   27.17%
   8969    18      335.7450   164      444.4410      323.6680  3138833   27.17%
   9258   216      335.7883   153      444.4410      323.6680  3170061   27.17%
   9465   431      376.6071   164      444.4410      323.6680  3205681   27.17%
   9897   676      326.6830   151      444.4410      323.6680  3266473   27.17%
  10328  1095      420.8514   117      444.4410      323.6680  3338300   27.17%
  10821  1566      347.9770   107      444.4410      323.6680  3411378   27.17%
  11144  1839      323.6680   209      444.4410      323.6680  3468384   27.17%
  11276  2051      323.6680   196      444.4410      323.6680  3545102   27.17%
Elapsed time = 802.00 sec. (255285.14 ticks, tree = 105.41 MB, solutions = 16)
  11515  2171      343.9370   133      444.4410      323.6680  3588119   27.17%
  11878  2408        cutoff            444.4410      323.6680  3651779   27.17%
  12121  2675      427.1617   102      444.4410      323.6680  3702899   27.17%
  12259  2872      339.7260   177      444.4410      323.6680  3734986   27.17%
  12535  3069      323.6680   215      444.4410      323.6680  3780603   27.17%
  12833  3296      340.0323   164      444.4410      323.6680  3808811   27.17%
* 12981+ 3431                          442.4560      323.6680            26.85%
Found incumbent of value 442.456000 after 893.53 sec. (279547.02 ticks)
* 12988+ 3431                          440.4420      323.6680            26.51%
Found incumbent of value 440.442000 after 893.91 sec. (279645.09 ticks)
* 13005+ 3431                          438.4520      323.6680            26.18%
Found incumbent of value 438.452000 after 894.50 sec. (279831.89 ticks)
  13211  3544      359.7360   192      438.4520      323.6680  3850655   26.18%
  13379  3802      323.6680   470      438.4520      323.6680  3892336   26.18%
* 13558+ 3527                          426.4330      323.6680            24.10%
                                                  Impl Bds: 4                  
Found incumbent of value 426.433000 after 933.25 sec. (289334.65 ticks)
  13575  3978      323.6680   205      426.4330      323.6680  3919378   24.10%
  13729  3635      368.7370   356      426.4330      323.6680  3954948   24.10%
Elapsed time = 953.91 sec. (293636.31 ticks, tree = 191.36 MB, solutions = 20)
  13830  3670      416.7953   350      426.4330      323.6680  3972286   24.10%
* 13873+ 3751                          422.4330      323.6680            23.38%
Found incumbent of value 422.433000 after 973.14 sec. (298855.21 ticks)
  13939  3750      369.3379   265      422.4330      323.6680  3997361   23.38%
  14005  3795      419.0305   179      422.4330      323.6680  4010835   23.38%
  14045  3970      323.7072   175      422.4330      323.6680  3919299   23.38%
  14210  3944      367.7220   191      422.4330      323.6680  4022181   23.38%
  14301  4030      367.8000   139      422.4330      323.6680  4031320   23.38%
  14432  4118      397.7600   151      422.4330      323.6680  4041544   23.38%
  14681  4303      352.7240   147      422.4330      323.6680  4065122   23.38%
  14931  4575        cutoff            422.4330      323.6680  4099598   23.38%
  15152  4833      323.6726   204      422.4330      323.6680  4141269   23.38%
Elapsed time = 1088.48 sec. (342158.57 ticks, tree = 251.84 MB, solutions = 21)
  15359  5050      323.6680   173      422.4330      323.6680  4171819   23.38%
  15670  5155      369.3576   246      422.4330      323.6680  4182869   23.38%
  15955  5539      366.7250   162      422.4330      323.6680  4226493   23.38%
  16213  5710      369.1426   121      422.4330      323.6680  4268580   23.38%
                                                 Impl Bds: 13                  
  16652  6033      398.8005   196      422.4330      323.6680  4326886   23.38%
  17144  6627      402.8733   172      422.4330      323.6680  4408840   23.38%
  17597  7038      364.7110   184      422.4330      323.6680  4488018   23.38%
  18136  7281      335.6920   143      422.4330      323.6680  4514280   23.38%
  18347  7660      336.6930   146      422.4330      323.6680  4597296   23.38%
  18554  8078      395.8177   204      422.4330      323.6680  4661116   23.38%
Elapsed time = 1244.33 sec. (380712.57 ticks, tree = 406.10 MB, solutions = 21)
  19053  8349      382.7810   168      422.4330      323.6680  4710755   23.38%
  19726  8662      349.8089   143      422.4330      323.6680  4753694   23.38%
  20333  9472      336.8689   137      422.4330      323.6680  4878616   23.38%
  21026  9846      393.8540   165      422.4330      323.6680  4939959   23.38%
  21450 10834      340.3795   125      422.4330      323.6680  5053669   23.38%
  22080 10880      323.7420   160      422.4330      323.6680  5097184   23.38%
  22872 11677      343.2755   126      422.4330      323.6680  5173552   23.38%
  23610 11807      342.7720   142      422.4330      323.6680  5211198   23.38%
  24030 13002      358.7641   122      422.4330      323.6680  5339791   23.38%
                                                  Impl Bds: 4                  
  24566 13350      323.7740   131      422.4330      323.6680  5394560   23.38%
Elapsed time = 1421.95 sec. (418930.47 ticks, tree = 568.10 MB, solutions = 21)
  25419 13999      354.9681   127      422.4330      323.6680  5478213   23.38%
  26354 14602      353.8580   130      422.4330      323.6680  5531353   23.38%
  26947 15360      324.8000   129      422.4330      323.6680  5607289   23.38%
  27330 16171      323.7340   163      422.4330      323.6680  5699762   23.38%
  28448 17019      356.7826   132      422.4330      323.6680  5780429   23.38%
  29584 18104      325.9825   115      422.4330      323.6680  5918162   23.38%
  30737 18829      366.7770   116      422.4330      323.6680  5964705   23.38%
  31706 19674      335.7641   141      422.4330      323.6680  6052887   23.38%
  32265 20956      334.6048   109      422.4330      323.6680  6214059   23.38%
  32884 21232      350.7740   115      422.4330      323.6680  6262178   23.38%
Elapsed time = 1611.42 sec. (457143.72 ticks, tree = 771.53 MB, solutions = 21)
Starting limited solution polishing.
* 33325+21798                          422.4330      323.6680            23.38%
Found incumbent of value 422.433000 after 1621.48 sec. (459164.85 ticks)
* 33352+21570                          422.4330      323.6680            23.38%
Found incumbent of value 422.433000 after 1621.97 sec. (459262.54 ticks)
  33715 22366      339.8008   108      422.4330      323.6680  6415161   23.38%
* 33950+22397                          419.4000      323.6680            22.83%
Found incumbent of value 419.400000 after 1635.06 sec. (462002.08 ticks)
* 33954+22397                          408.3960      323.6680            20.75%
Found incumbent of value 408.396000 after 1635.14 sec. (462011.32 ticks)
* 33957+22397                          406.4060      323.6680            20.36%
Found incumbent of value 406.406000 after 1635.17 sec. (462020.17 ticks)
* 34214+22513                          396.4100      323.6680            18.35%
Found incumbent of value 396.410000 after 1640.28 sec. (463010.95 ticks)
* 34217+22513                          390.4090      323.6680            17.10%
Found incumbent of value 390.409000 after 1640.47 sec. (463047.72 ticks)
* 34227+22513                          389.4080      323.6680            16.88%
Found incumbent of value 389.408000 after 1640.58 sec. (463077.32 ticks)
* 34547+20461                          388.4070      323.6680            16.67%
Found incumbent of value 388.407000 after 1648.50 sec. (464409.03 ticks)
* 34569+22138                          386.3780      323.6680            16.23%
Found incumbent of value 386.378000 after 1649.55 sec. (464582.20 ticks)
* 34592+22138                          382.3660      323.6680            15.35%
Found incumbent of value 382.366000 after 1650.47 sec. (464727.21 ticks)
  34597 20542      337.8070   144      382.3660      323.6680  6518408   15.35%
* 34635+22138                          381.3660      323.6680            15.13%
Found incumbent of value 381.366000 after 1652.50 sec. (465109.81 ticks)
* 34637+22138                          381.3650      323.6680            15.13%
Found incumbent of value 381.365000 after 1652.86 sec. (465145.93 ticks)
  34952 19642      323.8602   121      381.3650      323.6680  6590337   15.13%
* 34958+20735                          377.4090      323.6680            14.24%
Found incumbent of value 377.409000 after 1664.98 sec. (468662.13 ticks)
* 34959+20735                          376.4110      323.6680            14.01%
Found incumbent of value 376.411000 after 1664.98 sec. (468671.91 ticks)
* 34968+20735                          376.4100      323.6680            14.01%
Found incumbent of value 376.410000 after 1665.73 sec. (468822.09 ticks)
* 34968+20735                          375.4090      323.6680            13.78%
Found incumbent of value 375.409000 after 1666.00 sec. (468882.97 ticks)
* 35099+20837                          374.3930      323.6680            13.55%
Found incumbent of value 374.393000 after 1671.22 sec. (469836.41 ticks)
* 35099+20837                          372.4040      323.6680            13.09%
Found incumbent of value 372.404000 after 1671.23 sec. (469848.96 ticks)
* 35105+20837                          372.3880      323.6680            13.08%
Found incumbent of value 372.388000 after 1671.53 sec. (469944.43 ticks)
* 35107+20837                          371.3950      323.6680            12.85%
Found incumbent of value 371.395000 after 1671.59 sec. (469964.44 ticks)
* 35111+20837                          371.3740      323.6680            12.85%
Found incumbent of value 371.374000 after 1671.64 sec. (469993.75 ticks)
* 35286+19698                          370.4140      323.6680            12.62%
Found incumbent of value 370.414000 after 1676.13 sec. (471233.58 ticks)
* 35426+18371                          370.3490      323.6680            12.60%
Found incumbent of value 370.349000 after 1682.92 sec. (472348.82 ticks)
* 35428+18360                          369.3290      323.6680            12.36%
Found incumbent of value 369.329000 after 1683.36 sec. (472390.98 ticks)
  35431 18379      323.6680   136      369.3290      323.6680  6689691   12.36%
* 35524+18274                          368.3170      323.6680            12.12%
Found incumbent of value 368.317000 after 1687.67 sec. (472971.30 ticks)
* 35527+18274                          368.3130      323.6680            12.12%
Found incumbent of value 368.313000 after 1687.78 sec. (472986.28 ticks)
* 35894+17816                          367.3190      323.6680            11.88%
Found incumbent of value 367.319000 after 1693.67 sec. (474818.11 ticks)
* 35902+17816                          365.3020      323.6680            11.40%
Found incumbent of value 365.302000 after 1694.08 sec. (474875.68 ticks)
* 35904+17816                          361.2930      323.6680            10.41%
Found incumbent of value 361.293000 after 1694.25 sec. (474903.81 ticks)
* 35909+17816                          359.2950      323.6680             9.92%
Found incumbent of value 359.295000 after 1694.55 sec. (474950.18 ticks)
* 35916+17816                          356.2830      323.6680             9.15%
Found incumbent of value 356.283000 after 1694.88 sec. (475003.60 ticks)
  36101 17850      325.8630   139      356.2830      323.6680  6736209    9.15%
* 36194+17799                          344.2690      323.6680             5.98%
Found incumbent of value 344.269000 after 1707.23 sec. (476848.77 ticks)
* 36215+17799                          344.2680      323.6680             5.98%
Found incumbent of value 344.268000 after 1707.56 sec. (477003.92 ticks)
* 36320+11517                          344.2660      323.6680             5.98%
Found incumbent of value 344.266000 after 1710.69 sec. (477542.48 ticks)
* 36527+14868                          341.2780      323.6680             5.16%
Found incumbent of value 341.278000 after 1713.56 sec. (478545.85 ticks)
* 36556+14868                          341.2770      323.6680             5.16%
Found incumbent of value 341.277000 after 1714.42 sec. (478809.77 ticks)
* 36796+10558                          341.2650      323.6680             5.16%
Found incumbent of value 341.265000 after 1719.55 sec. (479999.59 ticks)
  36814 11758      339.9736   110      341.2650      323.6680  6848100    5.16%
* 37230+10458                          336.2260      323.6680             3.73%
Found incumbent of value 336.226000 after 1726.47 sec. (482002.76 ticks)
* 37269+10458                          335.2250      323.6680             3.45%
Found incumbent of value 335.225000 after 1727.58 sec. (482299.16 ticks)
* 37295+10458                          335.2210      323.6680             3.45%
Found incumbent of value 335.221000 after 1728.08 sec. (482423.67 ticks)
* 37326+11616                          335.1940      323.6680             3.44%
Found incumbent of value 335.194000 after 1729.13 sec. (482641.43 ticks)
* 37395+10458                          333.2640      323.6680             2.88%
Found incumbent of value 333.264000 after 1730.42 sec. (483146.82 ticks)
* 37400+10458                          333.2490      323.6680             2.88%
Found incumbent of value 333.249000 after 1730.67 sec. (483223.09 ticks)
* 37400+10458                          333.2460      323.6680             2.87%
Found incumbent of value 333.246000 after 1730.72 sec. (483234.65 ticks)
* 37404+10458                          333.2420      323.6680             2.87%
Found incumbent of value 333.242000 after 1731.70 sec. (483326.58 ticks)
  37445 10847      328.7490   138      333.2420      323.6680  6893840    2.87%
* 37803+ 7104                          332.2030      323.6680             2.57%
Found incumbent of value 332.203000 after 1743.67 sec. (487034.96 ticks)
* 37828+ 7104                          331.2330      323.6680             2.28%
Found incumbent of value 331.233000 after 1744.39 sec. (487286.75 ticks)
* 37870+ 7104                          330.2100      323.6680             1.98%
Found incumbent of value 330.210000 after 1745.17 sec. (487571.71 ticks)
  37880  7267      323.8293   104      330.2100      323.6680  6971398    1.98%
* 37883+ 7104                          330.2080      323.6680             1.98%
Found incumbent of value 330.208000 after 1745.59 sec. (487742.35 ticks)
* 37901+ 7104                          330.2060      323.6680             1.98%
Found incumbent of value 330.206000 after 1746.30 sec. (487925.60 ticks)
* 37991+ 7199                          329.2020      323.6680             1.68%
Found incumbent of value 329.202000 after 1749.67 sec. (489037.17 ticks)
  38238  6865      324.9330   117      329.2020      323.6680  6988427    1.68%
* 38549+ 7029                          328.2230      323.6680             1.39%
Found incumbent of value 328.223000 after 1766.53 sec. (494208.41 ticks)
* 38555+ 7029                          328.2150      323.6680             1.39%
Found incumbent of value 328.215000 after 1766.72 sec. (494267.12 ticks)
* 38562+ 7029                          328.2140      323.6680             1.39%
Found incumbent of value 328.214000 after 1766.83 sec. (494304.55 ticks)
* 38570+ 7029                          326.2130      323.6680             0.78%
Found incumbent of value 326.213000 after 1767.00 sec. (494357.34 ticks)
  38680  6413        cutoff            326.2130      323.6680  7145085    0.78%
Elapsed time = 1770.19 sec. (495345.62 ticks, tree = 221.28 MB, solutions = 184)
* 38918+ 6422                          326.2050      323.6680             0.78%
Found incumbent of value 326.205000 after 1778.05 sec. (497693.94 ticks)
* 38971+ 6410                          325.2100      323.6680             0.47%
Found incumbent of value 325.210000 after 1778.94 sec. (498069.25 ticks)
* 38995+ 6410                          325.2050      323.6680             0.47%
Found incumbent of value 325.205000 after 1779.44 sec. (498210.89 ticks)
* 38998+ 6410                          325.2040      323.6680             0.47%
Found incumbent of value 325.204000 after 1779.55 sec. (498221.71 ticks)
  39130  6725      323.7610   115      325.2040      323.6680  7197864    0.47%
* 39144+ 6787                          324.1920      323.6680             0.16%
Found incumbent of value 324.192000 after 1782.56 sec. (499265.12 ticks)
* 39200+ 6787                          324.1900      323.6680             0.16%
Found incumbent of value 324.190000 after 1783.94 sec. (499721.91 ticks)
* 39606+ 6676                          324.1530      323.6680             0.15%
Found incumbent of value 324.153000 after 1792.66 sec. (502571.17 ticks)
  39651  5839      323.8357   132      324.1530      323.6680  7281783    0.15%

Implied bound cuts applied:  28
Flow cuts applied:  4
Mixed integer rounding cuts applied:  34
Gomory fractional cuts applied:  6

Root node processing (before b&c):
  Real time             =  125.59 sec. (32596.31 ticks)
Parallel b&c, 8 threads:
  Real time             = 1674.73 sec. (472710.01 ticks)
  Sync time (average)   =  300.48 sec.
  Wait time (average)   =    0.04 sec.
                          ------------
Total (root+branch&cut) = 1800.33 sec. (505306.33 ticks)

--- MIP status (107): time limit exceeded.
--- Cplex Time: 1800.36sec (det. 505306.35 ticks)

--- Fixing integer variables and solving final LP...

Version identifier: 20.1.0.1 | 2021-04-07 | 3a818710c
CPXPARAM_Advance                                 2
CPXPARAM_Threads                                 8
CPXPARAM_Parallel                                1
CPXPARAM_MIP_Display                             4
CPXPARAM_TimeLimit                               1800
CPXPARAM_MIP_Tolerances_AbsMIPGap                0
CPXPARAM_MIP_Tolerances_MIPGap                   0
Parallel mode: deterministic, using up to 8 threads for concurrent optimization:
 * Starting dual Simplex on 1 thread...
 * Starting Barrier on 6 threads...
 * Starting primal Simplex on 1 thread...
Tried aggregator 1 time.
LP Presolve eliminated 12314 rows and 8174 columns.
Aggregator did 112 substitutions.
Reduced LP has 85 rows, 82 columns, and 170 nonzeros.
Presolve time = 0.14 sec. (7.85 ticks)

Iteration log . . .
Iteration:     1   Dual infeasibility =             0.017000
Iteration:    19   Dual objective     =             1.724000

Dual simplex solved model.


--- Fixed MIP status (1): optimal.
--- Cplex Time: 0.34sec (det. 14.11 ticks)


Resource limit exceeded
MIP Solution:          324.153000    (7458705 iterations, 39871 nodes)
Final Solve:           324.153000    (40 iterations)

Best possible:         323.668000
Absolute gap:            0.485000
Relative gap:            0.001496

--- Reading solution for model sched5
--- SchedM5.gms(210) 9 Mb  1802 secs
--- Executing after solve: elapsed 0:30:03.510
--- SchedM5.gms(246) 9 Mb
*** Status: Normal completion
--- Job SchedM5.gms Stop 07/15/21 06:08:08 elapsed 0:30:03.533
