
--- Job SchedM3.gms Start 07/15/21 03:07:01 35.2.0 r33388c4 WEX-WEI x86 64bit/MS Windows
--- Applying:
    C:\GAMS\35\gmsprmNT.txt
    C:\Users\Erwin\Documents\GAMS\gamsconfig.yaml
--- GAMS Parameters defined
    Input D:\projects\OptimizationModels\ParallelMachineScheduling\SchedM3.gms
    PageWidth 120
    PageSize 0
    PageContr 3
    Action CE
    ScrDir D:\projects\OptimizationModels\ParallelMachineScheduling\225a\
    SysDir C:\GAMS\35\
    WorkDir D:\projects\OptimizationModels\ParallelMachineScheduling\
    LogOption 3
    DFormat 0
    TFormat 0
    ErrorLog 99
    IDE 1
Licensee: Eval License                                   S201210/0001CO-GEN
          Amsterdam Optimization Modeling Group,                     DCE378
          C:\Users\Erwin\Documents\GAMS\gamslice.txt
          Evaluation license: Not for commercial or production use
GAMS 35.2.0   Copyright (C) 1987-2021 GAMS Development. All rights reserved
--- Starting compilation
--- SchedM3.gms(245) 3 Mb
--- Starting execution: elapsed 0:00:00.052
--- SchedM3.gms(208) 7 Mb
--- Generating MIP model sched3
--- SchedM3.gms(209) 28 Mb
---   40,726 rows  60,158 columns  250,752 non-zeroes
---   20,000 discrete-columns
***   40,000 relaxed-columns WARNING
--- Executing CPLEX (Solvelink=2): elapsed 0:00:00.859

IBM ILOG CPLEX   35.2.0 r33388c4 Released Jun 02, 2021 WEI x86 64bit/MS Window

--- GAMS/Cplex Link licensed for continuous and discrete problems.
--- Space for names approximately 3.17 Mb
--- Use option 'names no' to turn use of names off
--- GMO memory 23.12 Mb (peak 23.58 Mb)
--- Dictionary memory 0.00 Mb
--- Cplex 20.1.0.1 link memory 1.61 Mb (peak 9.12 Mb)
--- Starting Cplex

Version identifier: 20.1.0.1 | 2021-04-07 | 3a818710c
CPXPARAM_Advance                                 0
CPXPARAM_Threads                                 8
CPXPARAM_Parallel                                1
CPXPARAM_MIP_Display                             4
CPXPARAM_TimeLimit                               1800
CPXPARAM_MIP_Tolerances_AbsMIPGap                0
CPXPARAM_MIP_Tolerances_MIPGap                   0
Generic callback                                 0x50
Tried aggregator 5 times.
MIP Presolve eliminated 14 rows and 15 columns.
MIP Presolve modified 20000 coefficients.
Aggregator did 266 substitutions.
Reduced MIP has 40445 rows, 59877 columns, and 238576 nonzeros.
Reduced MIP has 20000 binaries, 0 generals, 0 SOSs, and 0 indicators.
Presolve time = 1.81 sec. (386.91 ticks)
Probing fixed 452 vars, tightened 0 bounds.
Probing time = 1.09 sec. (46.05 ticks)
Tried aggregator 5 times.
Detecting symmetries...
MIP Presolve eliminated 856 rows and 856 columns.
Aggregator did 48 substitutions.
Reduced MIP has 39541 rows, 58973 columns, and 234840 nonzeros.
Reduced MIP has 19548 binaries, 0 generals, 0 SOSs, and 0 indicators.
Presolve time = 0.80 sec. (203.82 ticks)
Probing time = 0.52 sec. (17.71 ticks)
Clique table members: 156765.
MIP emphasis: balance optimality and feasibility.
MIP search method: dynamic search.
Parallel mode: deterministic, using up to 8 threads.
Parallel mode: deterministic, using up to 2 threads for parallel tasks at root LP.
Parallel mode: deterministic, using up to 6 threads for concurrent optimization:
 * Starting dual Simplex on 1 thread...
 * Starting Barrier on 4 threads...
 * Starting primal Simplex on 1 thread...
Tried aggregator 1 time.
No LP presolve or aggregator reductions.
Presolve time = 0.25 sec. (33.06 ticks)
Initializing dual steep norms . . .

Iteration log . . .
Iteration:     1   Dual objective     =           140.485000
Perturbation started.
Iteration:   101   Dual objective     =           140.485000
Iteration:   851   Dual objective     =           140.485083
Iteration:  1583   Dual objective     =           140.485100
Iteration:  2270   Dual objective     =           296.641116
Iteration:  2896   Dual objective     =           296.641130
Iteration:  3464   Dual objective     =           323.668139
Iteration:  3970   Dual objective     =           323.668149
Iteration:  4450   Dual objective     =           323.668157
Iteration:  4907   Dual objective     =           323.668163
Iteration:  5376   Dual objective     =           323.668167
Iteration:  5831   Dual objective     =           323.668171
Iteration:  6241   Dual objective     =           323.668175
Iteration:  6676   Dual objective     =           323.668178
Iteration:  7064   Dual objective     =           323.668180
Iteration:  7460   Dual objective     =           323.668182
Iteration:  7826   Dual objective     =           323.668184
Iteration:  8245   Dual objective     =           323.668187
Iteration:  8595   Dual objective     =           323.668189
Iteration:  8953   Dual objective     =           323.668191
Iteration:  9298   Dual objective     =           323.668192
Iteration:  9665   Dual objective     =           323.668194
Iteration: 10038   Dual objective     =           323.668196
Iteration: 10378   Dual objective     =           323.668197
Iteration: 10683   Dual objective     =           323.668200
Iteration: 10994   Dual objective     =           323.668201
Iteration: 11354   Dual objective     =           323.668202
Iteration: 11664   Dual objective     =           323.668203
Iteration: 12056   Dual objective     =           323.668204
Iteration: 12363   Dual objective     =           323.668205
Iteration: 12669   Dual objective     =           323.668206
Iteration: 12955   Dual objective     =           323.668207
Iteration: 13212   Dual objective     =           323.668208
Iteration: 13495   Dual objective     =           323.668209
Iteration: 13739   Dual objective     =           323.668210
Iteration: 13982   Dual objective     =           323.668210
Iteration: 14219   Dual objective     =           323.668211
Iteration: 14467   Dual objective     =           323.668211
Iteration: 14709   Dual objective     =           323.668212
Iteration: 14938   Dual objective     =           323.668212
Removing perturbation.

Barrier solved model.

Root relaxation solution time = 13.00 sec. (2610.33 ticks)

        Nodes                                         Cuts/
   Node  Left     Objective  IInf  Best Integer    Best Bound    ItCnt     Gap

      0     0      323.6680  3917                    323.6680       25         
      0     0      323.6680  1988                 MIRcuts: 12      155         
      0     0      323.6680  2078                    Cuts: 75     9820         
      0     0      323.6680  1982                 MIRcuts: 16    30265         
      0     0      323.6680  2023                 MIRcuts: 24    38200         
Heuristic still looking.
Heuristic still looking.
      0     2      323.6680  1723                    323.6680    38210         
Elapsed time = 400.16 sec. (101730.22 ticks, tree = 0.02 MB, solutions = 0)
      2     3      323.6680  2020                    323.6680    80808         
      3     1    infeasible                          323.6680    84652         
                                                  Impl Bds: 2                  
      4     3      323.6680  1988                    323.6680    94613         
      5     3      338.6830  1686                    323.6680   116390         
                                                  Impl Bds: 1                  
      7     3      323.6680  1674                    323.6680   120134         
      8     4      338.6830  1672                    323.6680   124478         
      9     4      323.6680  1610                    323.6680   144470         
                                                   MIRcuts: 1                  
     11     5      338.6830  1485                    323.6680   150594         
                                                  Impl Bds: 1                  
     13     5      338.6880  1525                    323.6680   153064         
     22    14      323.6680  1794                    323.6680   181974         
Elapsed time = 1021.64 sec. (196918.53 ticks, tree = 0.34 MB, solutions = 0)
     25     4      323.6680  1742                    323.6680   149233         
     32    16      338.6890  1381                    323.6680   184313         
     43    22      323.6680  1663                    323.6680   200521         
     56    25      340.7010  1445                    323.6680   215752         
     69    32      323.6740  1490                    323.6680   240921         
     95    32      352.7110  1498                    323.6680   223257         
    113    43      330.6750  1439                    323.6680   253163         
    124    58      323.6680  1671                    323.6680   273030         
    136    56      326.6820  1437                    323.6680   289579         
    144    59      323.6680  1546                    323.6680   297626         
Elapsed time = 1107.00 sec. (209533.93 ticks, tree = 3.73 MB, solutions = 0)
    162    74      323.6810  1405                    323.6680   316628         
    169    79      323.6680  1473                    323.6680   320577         
    178   111      330.6750  1449                    323.6680   413728         
    195   118      330.6790  1527                    323.6680   421705         
    220    82      323.6740  1409                    323.6680   342399         
    233   138      323.6740  1724                    323.6680   466827         
    252   142      323.6680  1437                    323.6680   461021         
    266   148      352.7180  1611                    323.6680   488635         
    279   169      338.6830  1699                    323.6680   553402         
    292   203      338.7040  1353                    323.6680   605985         
Elapsed time = 1182.95 sec. (219783.22 ticks, tree = 9.00 MB, solutions = 0)
    320   187      323.6680  1387                    323.6680   573739         
    355   196      323.6680  1480                    323.6680   580095         
    389   277      330.6880  1450                    323.6680   726337         
    403   264      323.6800  1263                    323.6680   708462         
    418   249      323.7000  1432                    323.6680   658530         
    453   281      323.6751  1984                    323.6680   752086         
    502   350      344.7170  1336                    323.6680   768099         
    565   397      330.6950  1508                    323.6680   813390         
    629   406      361.7450  1272                    323.6680   821706         
    686   336      327.2375  1369                    323.6680   790078         
Elapsed time = 1252.84 sec. (229651.65 ticks, tree = 14.08 MB, solutions = 0)
    733   428      372.7570  1277                    323.6680   814644         
    763   449      323.7080  1275                    323.6680   817908         
    775   425      323.6760  1666                    323.6680   864544         
    794   581      330.7080  1419                    323.6680   951355         
    821   629      348.7380  1213                    323.6680   991982         
    826   656      345.7642  1525                    323.6680  1127430         
    848   660      345.7642  1335                    323.6680  1128068         
    868   673      339.7130  1431                    323.6680  1105645         
    877   739      339.7150  1379                    323.6680  1172562         
    899   693      344.7250  1286                    323.6680  1144076         
                                                      Cuts: 2                  
Elapsed time = 1322.38 sec. (239803.57 ticks, tree = 33.76 MB, solutions = 0)
    921   770      330.7170  1337                    323.6680  1192298         
    964   787      334.7319  1367                    323.6680  1196908         
   1002   805      344.4000  1314                    323.6680  1201070         
   1054   813      354.7520  1350                    323.6680  1211966         
   1149   803      352.7700  1199                    323.6680  1260061         
   1230   811      348.7560  1262                    323.6680  1270935         
   1326   872      339.7350  1296                    323.6680  1304646         
   1414   835      348.7569  1124                    323.6680  1290896         
   1484   903      323.6680  1690                    323.6680  1318131         
   1535  1036      357.7630  1214                    323.6680  1427720         
Elapsed time = 1379.28 sec. (249409.56 ticks, tree = 66.19 MB, solutions = 0)
   1594  1168      354.8122  1250                    323.6680  1525303         
   1652  1355      323.6680  1594                    323.6680  1759580         
   1714  1444      358.7450  1286                    323.6680  1854953         
   1778  1194      354.8152  1290                    323.6680  1560959         
   1843  1406      410.8294  1129                    323.6680  1851489         
   1916  1460      350.7904  1057                    323.6680  1962015         
   1975  1493      357.7500  1269                    323.6680  1883999         
   2024  1463      350.8087  1030                    323.6680  1995330         
   2066  1646      356.7090  1583                    323.6680  2193496         
   2102  1734      354.8252  1271                    323.6680  2367147         
Elapsed time = 1431.67 sec. (259110.51 ticks, tree = 104.59 MB, solutions = 0)
   2135  1723      350.8090  1088                    323.6680  2375905         
                                                      Cuts: 2                  
   2157  1763      339.8108  1056                    323.6680  2471530         
   2167  1765      349.8455   856                    323.6680  2490685         
   2177  1769      347.8451   878                    323.6680  2506837         
   2193  1801      323.6870  1464                    323.6680  2506833         
   2207  1847      361.7902  1035                    323.6680  2610867         
   2227  1896      348.7827  1087                    323.6680  2762783         
   2257  1890      323.6860  1348                    323.6680  2735885         
   2296  1937      351.8357   986                    323.6680  2865855         
   2324  1948      345.8931   668                    323.6680  2889888         
Elapsed time = 1485.28 sec. (269064.01 ticks, tree = 122.13 MB, solutions = 0)
   2348  1921      337.6930  1388                    323.6680  2799674         
   2395  1948      350.8448   913                    323.6680  2879635         
   2456  1958      345.9327   521                    323.6680  2902641         
   2509  2034      377.8689   960                    323.6680  2994841         
*  2531+ 2059                          582.3490      323.6680            44.42%
Found incumbent of value 582.349000 after 1504.31 sec. (273230.65 ticks)
   2595  2054      350.8863   984      582.3490      323.6680  3045948   44.42%
   2678  2100      345.9379   568      582.3490      323.6680  3062874   44.42%
   2747  2161      339.6940  1557      582.3490      323.6680  3165483   44.42%
   2793  2173      343.6980  1469      582.3490      323.6680  3169719   44.42%
   2845  2134      348.8733   406      582.3490      323.6680  3089371   44.42%
   2902  2199      345.7007  1444      582.3490      323.6680  3179023   44.42%
Elapsed time = 1530.78 sec. (278715.13 ticks, tree = 151.62 MB, solutions = 1)
   2946  2409    infeasible            582.3490      323.6680  3453302   44.42%
   3011  2421      363.9696   502      582.3490      323.6680  3464318   44.42%
   3069  2482      350.9785   780      582.3490      323.6680  3580945   44.42%
   3123  2536      384.9991   361      582.3490      323.6680  3634009   44.42%
   3181  2478      323.7052  1356      582.3490      323.6680  3594834   44.42%
   3263  2656      324.7078  1170      582.3490      323.6680  3825334   44.42%
   3313  2566      432.0371   410      582.3490      323.6680  3653218   44.42%
   3356  2659      363.9853   527      582.3490      323.6680  3791578   44.42%
   3390  2670      363.9939   560      582.3490      323.6680  3802108   44.42%
   3557  2953      364.0273   485      582.3490      323.6680  4198842   44.42%
Elapsed time = 1598.69 sec. (291295.08 ticks, tree = 196.00 MB, solutions = 1)
   3687  3100      401.0663   258      582.3490      323.6680  4438232   44.42%
Starting limited solution polishing.
*  3705+ 2978                          582.3480      323.6680            44.42%
Found incumbent of value 582.348000 after 1622.80 sec. (296049.72 ticks)
*  3731+ 2713                          566.3610      323.6680            42.85%
Found incumbent of value 566.361000 after 1627.42 sec. (296993.54 ticks)
*  3761+ 3194                          484.3480      323.6680            33.17%
Found incumbent of value 484.348000 after 1632.63 sec. (298225.21 ticks)
   3776  3169      364.0579   543      484.3480      323.6680  4603411   33.17%
*  3882+ 3220                          482.3460      323.6680            32.90%
Found incumbent of value 482.346000 after 1654.17 sec. (302558.36 ticks)
   3887  3250      345.7010  1592      482.3460      323.6680  4802867   32.90%
   3967  3322      367.1977   358      482.3460      323.6680  4925293   32.90%
   4067  3442      384.9291   374      482.3460      323.6680  5078994   32.90%
   4196  3524      415.7300   307      482.3460      323.6680  5203620   32.90%
                                                     Fract: 1                  
*  4225+ 3547                          482.3350      323.6680            32.90%
Found incumbent of value 482.335000 after 1728.02 sec. (315910.90 ticks)
*  4225+ 3547                          480.3310      323.6680            32.62%
Found incumbent of value 480.331000 after 1728.02 sec. (316164.09 ticks)
   4288  3613      446.1417   247      480.3310      323.6680  5335727   32.62%
                                                    Covers: 1                  
*  4404+ 3644                          480.3290      323.6680            32.62%
Found incumbent of value 480.329000 after 1753.92 sec. (320813.74 ticks)
*  4408+ 3644                          479.3280      323.6680            32.47%
Found incumbent of value 479.328000 after 1755.95 sec. (321197.81 ticks)
   4443  3706      323.6680  1506      479.3280      323.6680  5443902   32.47%
*  4494+ 3720                          478.3260      323.6680            32.33%
Found incumbent of value 478.326000 after 1768.20 sec. (323669.27 ticks)
   4586  3805      338.6830  1465      478.3260      323.6680  5562926   32.33%
                                                      Cuts: 2                  
*  4659+ 3791                          476.3230      323.6680            32.05%
Found incumbent of value 476.323000 after 1790.27 sec. (327646.05 ticks)
   4749  3861      337.7427  1074      476.3230      323.6680  5660387   32.05%
Elapsed time = 1800.23 sec. (329846.20 ticks, tree = 256.68 MB, solutions = 17)
   4751  2743      354.8564   832      476.3230      323.6680  3993764   32.05%

Cover cuts applied:  3
Implied bound cuts applied:  4
Mixed integer rounding cuts applied:  62
Gomory fractional cuts applied:  3

Root node processing (before b&c):
  Real time             =  397.13 sec. (101299.60 ticks)
Parallel b&c, 8 threads:
  Real time             = 1403.39 sec. (237210.94 ticks)
  Sync time (average)   =  664.83 sec.
  Wait time (average)   =    0.00 sec.
                          ------------
Total (root+branch&cut) = 1800.52 sec. (338510.54 ticks)

--- MIP status (107): time limit exceeded.
--- Cplex Time: 1800.52sec (det. 338510.71 ticks)

--- Fixing integer variables and solving final LP...

Version identifier: 20.1.0.1 | 2021-04-07 | 3a818710c
CPXPARAM_Advance                                 2
CPXPARAM_Threads                                 8
CPXPARAM_Parallel                                1
CPXPARAM_MIP_Display                             4
CPXPARAM_TimeLimit                               1800
CPXPARAM_MIP_Tolerances_AbsMIPGap                0
CPXPARAM_MIP_Tolerances_MIPGap                   0
Parallel mode: deterministic, using up to 8 threads for concurrent optimization:
 * Starting dual Simplex on 1 thread...
 * Starting Barrier on 6 threads...
 * Starting primal Simplex on 1 thread...
Tried aggregator 1 time.
LP Presolve eliminated 40725 rows and 60157 columns.
Reduced LP has 0 rows, 1 columns, and 0 nonzeros.
Presolve time = 0.08 sec. (31.91 ticks)

Dual simplex solved model.


--- Fixed MIP status (1): optimal.
--- Cplex Time: 0.22sec (det. 57.70 ticks)


Resource limit exceeded
MIP Solution:          476.323000    (5820970 iterations, 4752 nodes)
Final Solve:           476.323000    (0 iterations)

Best possible:         323.668000
Absolute gap:          152.655000
Relative gap:            0.320486

--- Reading solution for model sched3
--- SchedM3.gms(209) 28 Mb  1802 secs
--- Executing after solve: elapsed 0:30:04.538
--- SchedM3.gms(242) 28 Mb
*** Status: Normal completion
--- Job SchedM3.gms Stop 07/15/21 03:37:06 elapsed 0:30:04.696
