
--- Job ColoringProblem.gms Start 01/26/22 15:51:46 37.1.0 r07954d5 WEX-WEI x86 64bit/MS Windows
--- Applying:
    C:\GAMS\37\gmsprmNT.txt
--- GAMS Parameters defined
    Input C:\projects\OptimizationModels\GraphColoring\ColoringProblem.gms
    PageWidth 140
    PageSize 0
    PageContr 3
    Action CE
    ScrDir C:\projects\OptimizationModels\GraphColoring\225a\
    SysDir C:\GAMS\37\
    WorkDir C:\projects\OptimizationModels\GraphColoring\
    LogOption 3
    DFormat 0
    TFormat 0
    ErrorLog 99
    IDE 1
Licensee: Eval License                                   G211206|0002CO-GEN
          Amsterdam Optimization Modeling Group,                     DCE378
          C:\Users\erwin\OneDrive\Documents\GAMS\gamslice.txt
          License Admin: Erwin Kalvelagen, info@amsterdamoptimization.com  
          Evaluation license: Not for commercial or production use
Processor information: 1 socket(s), 8 core(s), and 16 thread(s) available
GAMS 37.1.0   Copyright (C) 1987-2021 GAMS Development. All rights reserved
--- Starting compilation
--- ColoringProblem.gms(123) 3 Mb
--- Starting execution: elapsed 0:00:00.066
--- ColoringProblem.gms(65) 4 Mb
--- Generating MIQCP model color1
--- ColoringProblem.gms(66) 6 Mb
---   51 rows  151 columns  301 non-zeroes
---   3,854 nl-code  150 nl-non-zeroes
---   150 discrete-columns
--- ColoringProblem.gms(66) 4 Mb
--- Executing CPLEX (Solvelink=2): elapsed 0:00:00.070

IBM ILOG CPLEX   37.1.0 r07954d5 Released Nov 11, 2021 WEI x86 64bit/MS Window

--- GAMS/Cplex Link licensed for continuous and discrete problems.
--- GMO setup time: 0.00s
--- GMO memory 0.58 Mb (peak 0.59 Mb)
--- Dictionary memory 0.00 Mb
--- Cplex 20.1.0.1 link memory 0.00 Mb (peak 0.04 Mb)
--- Starting Cplex

Version identifier: 20.1.0.1 | 2021-04-07 | 3a818710c
CPXPARAM_Advance                                 0
CPXPARAM_Threads                                 16
CPXPARAM_Parallel                                1
CPXPARAM_MIP_Display                             4
CPXPARAM_MIP_Pool_Capacity                       0
CPXPARAM_MIP_Tolerances_AbsMIPGap                0
CPXPARAM_MIP_Tolerances_MIPGap                   0
Generic callback                                 0x50
Found incumbent of value 166.366290 after 0.00 sec. (0.03 ticks)
Tried aggregator 1 time.
MIP Presolve eliminated 0 rows and 1 columns.
MIP Presolve added 1926 rows and 963 columns.
Reduced MIP has 1976 rows, 1113 columns, and 4002 nonzeros.
Reduced MIP has 1113 binaries, 0 generals, 0 SOSs, and 0 indicators.
Presolve time = 0.09 sec. (0.34 ticks)
Probing time = 0.00 sec. (0.37 ticks)
Tried aggregator 1 time.
Detecting symmetries...
MIP Presolve eliminated 963 rows and 0 columns.
Reduced MIP has 1013 rows, 1113 columns, and 3039 nonzeros.
Reduced MIP has 1113 binaries, 0 generals, 0 SOSs, and 0 indicators.
Presolve time = 0.00 sec. (3.24 ticks)
Classifier predicts products in MIQP should be linearized.
Probing time = 0.00 sec. (0.31 ticks)
Clique table members: 50.
MIP emphasis: balance optimality and feasibility.
MIP search method: dynamic search.
Parallel mode: deterministic, using up to 16 threads.
Parallel mode: deterministic, using up to 3 threads for parallel tasks at root LP.
Parallel mode: deterministic, using up to 13 threads for concurrent optimization:
 * Starting dual Simplex on 1 thread...
 * Starting Barrier on 11 threads...
 * Starting primal Simplex on 1 thread...
Tried aggregator 1 time.
No LP presolve or aggregator reductions.
Presolve time = 0.00 sec. (0.43 ticks)
Initializing dual steep norms . . .

Iteration log . . .
Iteration:     1   Dual objective     =             0.000000
Iteration:    83   Dual objective     =             0.000000

Dual simplex solved model.

Root relaxation solution time = 0.00 sec. (2.08 ticks)

        Nodes                                         Cuts/
   Node  Left     Objective  IInf  Best Integer    Best Bound    ItCnt     Gap

*     0+    0                          166.3663        0.0000           100.00%
Found incumbent of value 166.366290 after 0.09 sec. (8.35 ticks)
*     0+    0                          158.8123        0.0000           100.00%
Found incumbent of value 158.812251 after 0.09 sec. (8.36 ticks)
*     0+    0                           25.8217        0.0000           100.00%
Found incumbent of value 25.821728 after 0.09 sec. (8.36 ticks)
      0     0        0.0000   100       25.8217        0.0000       90  100.00%
      0     0        0.0000   100       25.8217      Cuts: 66      160  100.00%
      0     0        0.0000   107       25.8217     Cuts: 182      271  100.00%
*     0+    0                           23.0605        0.0000           100.00%
Found incumbent of value 23.060503 after 0.22 sec. (110.82 ticks)
      0     2        0.1101   100       23.0605        0.0000      373  100.00%
Elapsed time = 0.23 sec. (124.63 ticks, tree = 0.02 MB)
*   854   628      integral     0       22.2883        1.7433    30313   92.18%
Found incumbent of value 22.288269 after 0.34 sec. (216.80 ticks)
*   940+  728                           21.0788        1.7433            91.73%
Found incumbent of value 21.078844 after 0.34 sec. (224.62 ticks)
*   949+  728                           20.1345        1.7433            91.34%
Found incumbent of value 20.134466 after 0.34 sec. (225.70 ticks)
   2645  1976       13.1821   124       20.1345        4.9711   104933   75.31%
                                                     Cuts: 18                  

Performing restart 1

Repeating presolve.
Tried aggregator 2 times.
MIP Presolve eliminated 31 rows and 33 columns.
Aggregator did 15 substitutions.
Reduced MIP has 967 rows, 1065 columns, and 2901 nonzeros.
Reduced MIP has 1065 binaries, 0 generals, 0 SOSs, and 0 indicators.
Presolve time = 0.00 sec. (2.84 ticks)
Tried aggregator 1 time.
Reduced MIP has 967 rows, 1065 columns, and 2901 nonzeros.
Reduced MIP has 1065 binaries, 0 generals, 0 SOSs, and 0 indicators.
Presolve time = 0.00 sec. (2.52 ticks)
Represolve time = 0.02 sec. (7.77 ticks)
Tried aggregator 1 time.
LP Presolve eliminated 4 rows and 0 columns.
Reduced LP has 1037 rows, 1065 columns, and 3427 nonzeros.
Presolve time = 0.00 sec. (0.57 ticks)
Initializing dual steep norms . . .

Iteration log . . .
Iteration:     1   Dual objective     =             0.000000
Iteration:    82   Dual objective     =             0.000000
Perturbation started.
Iteration:   101   Dual objective     =             0.000000
Iteration:   163   Dual objective     =             0.215779
Removing perturbation.
Initializing dual steep norms . . .
   4443     0        0.7916   133       20.1345     Cuts: 163   189417   70.29%
   4443     0        1.1969   105       20.1345     Cuts: 228   189523   70.29%
   4443     0        1.4221   165       20.1345     Cuts: 131   189649   70.29%
   4443     0        1.6576   164       20.1345      Cuts: 73   189747   70.29%
   4443     0        1.9124   172       20.1345     Cuts: 103   189883   70.29%
   4443     2        1.9124   171       20.1345        5.9814   189883   70.29%
*  4445+    1                           19.6659        5.9814            69.58%
Found incumbent of value 19.665873 after 1.50 sec. (1223.71 ticks)
   4455    14       11.2514    98       19.6659        5.9814   191540   69.58%
   5475   631       15.1687   121       19.6659        5.9814   220116   69.58%
   7747  2457        9.3991   124       19.6659        7.0970   294720   63.91%
                                                     Cuts: 16                  
  10096  4021       10.5996   118       19.6659        8.0222   363089   59.21%
                                                     Cuts: 29                  
* 10306+ 4041                           19.2288        8.2384            57.16%
Found incumbent of value 19.228832 after 2.34 sec. (2075.77 ticks)
* 10542  4357      integral     0       18.7308        8.3166   380998   55.60%
Found incumbent of value 18.730760 after 2.38 sec. (2101.53 ticks)
  11664  4842       18.6240   136       18.7308        8.6834   414923   53.64%
  13736  6299       18.2315   117       18.7308        9.2246   496632   50.75%
  15589  7265       16.5339   125       18.7308        9.6395   552724   48.54%
* 17817+ 8658                           18.1342       10.0302            44.69%
Found incumbent of value 18.134238 after 3.36 sec. (3067.41 ticks)
* 18983+ 8929                           17.8693       10.1954            42.94%
                                                 ZeroHalf: 15                  
Found incumbent of value 17.869327 after 3.50 sec. (3196.25 ticks)
  22899 10618       16.9090   139       17.8693       10.8258   791408   39.42%
                                                     Cuts: 25                  
Elapsed time = 4.08 sec. (3725.02 ticks, tree = 60.36 MB)
  30089 14490       14.0892   144       17.8693       11.5086  1045996   35.60%
  37600 18269        cutoff             17.8693       12.0653  1287764   32.48%
                                                  ZeroHalf: 5                  
  45548 22141        cutoff             17.8693       12.5438  1557706   29.80%
                                                      Cuts: 9                  
* 47973 23277      integral     0       17.6810       12.7046  1639724   28.15%
Found incumbent of value 17.680956 after 7.53 sec. (6912.62 ticks)
  56324 25956        cutoff             17.6810       13.0447  1870304   26.22%
                                                  ZeroHalf: 7                  
  63660 29331       16.3895   173       17.6810       13.3443  2143065   24.53%
                                                  ZeroHalf: 8                  
* 71307 31985      integral     0       16.9541       13.5386  2360942   20.15%
                                                  ZeroHalf: 5                  
Found incumbent of value 16.954112 after 10.66 sec. (9672.72 ticks)
  72138 32396       15.7284   130       16.9541       13.5686  2398596   19.97%
  80147 29185       16.6952   168       16.9541       13.8144  2634799   18.52%
                                                  ZeroHalf: 7                  
  87272 30438        cutoff             16.9541       14.0341  2870278   17.22%
                                                    Covers: 1                  
  95827 31543        cutoff             16.9541       14.2221  3116100   16.11%
                                                  ZeroHalf: 1                  
Elapsed time = 14.36 sec. (12635.08 ticks, tree = 178.34 MB)
 104366 32416        cutoff             16.9541       14.4453  3402325   14.80%
                                                    Covers: 1                  
 111979 32685       16.6737   134       16.9541       14.6383  3567806   13.66%
                                                  ZeroHalf: 1                  
 120799 32680       16.4828   183       16.9541       14.8163  3799967   12.61%
                                                    Covers: 4                  
 129860 32178        cutoff             16.9541       14.9913  4080356   11.58%
 137895 31231        cutoff             16.9541       15.1469  4309592   10.66%
                                                      Cuts: 2                  
 146727 29408        cutoff             16.9541       15.3310  4570341    9.57%
                                                  ZeroHalf: 2                  
 155991 27258        cutoff             16.9541       15.5184  4780037    8.47%
 164832 23494        cutoff             16.9541       15.7217  5051441    7.27%
                                                      Cuts: 6                  
 174802 18561       16.4582   133       16.9541       15.9730  5291768    5.79%
                                                    Covers: 3                  
 185892  9808        cutoff             16.9541       16.3082  5571006    3.81%
Elapsed time = 27.48 sec. (22172.78 ticks, tree = 46.49 MB)

Cover cuts applied:  12
Zero-half cuts applied:  218
Lift and project cuts applied:  2
Gomory fractional cuts applied:  9

Root node processing (before b&c):
  Real time             =    0.23 sec. (124.15 ticks)
Parallel b&c, 16 threads:
  Real time             =   28.53 sec. (22656.50 ticks)
  Sync time (average)   =    4.83 sec.
  Wait time (average)   =    0.01 sec.
                          ------------
Total (root+branch&cut) =   28.76 sec. (22780.65 ticks)

--- MIQP status (101): integer optimal solution.
--- Cplex Time: 28.78sec (det. 22780.65 ticks)

--- Fixing integer variables and solving final QP...

Version identifier: 20.1.0.1 | 2021-04-07 | 3a818710c
CPXPARAM_Advance                                 2
CPXPARAM_Threads                                 16
CPXPARAM_Parallel                                1
CPXPARAM_MIP_Display                             4
CPXPARAM_MIP_Pool_Capacity                       0
CPXPARAM_MIP_Tolerances_AbsMIPGap                0
CPXPARAM_MIP_Tolerances_MIPGap                   0
Number of nonzeros in lower triangle of Q = 963
Using Approximate Minimum Degree ordering
Total time for automatic ordering = 0.00 sec. (0.08 ticks)
Summary statistics for factor of Q:
  Rows in Factor            = 150
  Integer space required    = 462
  Total non-zeros in factor = 2790
  Total FP ops to factor    = 68178
Note: Q in objective is not positive semi-definite.
Tried aggregator 1 time.
QP Presolve eliminated 50 rows and 151 columns.
All rows and columns eliminated.
Presolve time = 0.00 sec. (0.30 ticks)

--- Fixed MIQP status (1): optimal.
--- Cplex Time: 0.09sec (det. 0.44 ticks)


Proven optimal solution
MIP Solution:           16.954112    (5703304 iterations, 196052 nodes)
Final Solve:            16.954112    (0 iterations)

Best possible:          16.954112
Absolute gap:            0.000000
Relative gap:            0.000000

--- Reading solution for model color1
--- Executing after solve: elapsed 0:00:28.977
--- ColoringProblem.gms(86) 4 Mb
--- Generating MIP model color2
--- ColoringProblem.gms(88) 5 Mb
---   1,014 rows  472 columns  3,361 non-zeroes
---   150 discrete-columns
***   321 relaxed-columns WARNING
--- Executing CPLEX (Solvelink=2): elapsed 0:00:28.980

IBM ILOG CPLEX   37.1.0 r07954d5 Released Nov 11, 2021 WEI x86 64bit/MS Window

--- GAMS/Cplex Link licensed for continuous and discrete problems.
--- GMO setup time: 0.00s
--- Space for names approximately 0.04 Mb
--- Use option 'names no' to turn use of names off
--- GMO memory 0.67 Mb (peak 0.67 Mb)
--- Dictionary memory 0.00 Mb
--- Cplex 20.1.0.1 link memory 0.02 Mb (peak 0.10 Mb)
--- Starting Cplex

Version identifier: 20.1.0.1 | 2021-04-07 | 3a818710c
CPXPARAM_Advance                                 0
CPXPARAM_Threads                                 16
CPXPARAM_Parallel                                1
CPXPARAM_MIP_Display                             4
CPXPARAM_MIP_Pool_Capacity                       0
CPXPARAM_MIP_Tolerances_AbsMIPGap                0
CPXPARAM_MIP_Tolerances_MIPGap                   0
Generic callback                                 0x50
Tried aggregator 1 time.
MIP Presolve eliminated 0 rows and 1 columns.
Reduced MIP has 1013 rows, 471 columns, and 3039 nonzeros.
Reduced MIP has 150 binaries, 0 generals, 0 SOSs, and 0 indicators.
Presolve time = 0.09 sec. (1.40 ticks)
Found incumbent of value 166.366290 after 0.09 sec. (2.10 ticks)
Probing time = 0.00 sec. (0.27 ticks)
Tried aggregator 1 time.
Detecting symmetries...
Reduced MIP has 1013 rows, 471 columns, and 3039 nonzeros.
Reduced MIP has 471 binaries, 0 generals, 0 SOSs, and 0 indicators.
Presolve time = 0.01 sec. (2.20 ticks)
Probing time = 0.00 sec. (0.27 ticks)
Clique table members: 50.
MIP emphasis: balance optimality and feasibility.
MIP search method: dynamic search.
Parallel mode: deterministic, using up to 16 threads.
Parallel mode: deterministic, using up to 3 threads for parallel tasks at root LP.
Parallel mode: deterministic, using up to 13 threads for concurrent optimization:
 * Starting dual Simplex on 1 thread...
 * Starting Barrier on 11 threads...
 * Starting primal Simplex on 1 thread...
Tried aggregator 1 time.
No LP presolve or aggregator reductions.
Presolve time = 0.00 sec. (0.38 ticks)
Initializing dual steep norms . . .

Iteration log . . .
Iteration:     1   Dual objective     =             0.000000
Perturbation started.
Iteration:    51   Dual objective     =             0.000000
Removing perturbation.

Dual simplex solved model.

Root relaxation solution time = 0.00 sec. (2.24 ticks)

        Nodes                                         Cuts/
   Node  Left     Objective  IInf  Best Integer    Best Bound    ItCnt     Gap

*     0+    0                          166.3663        0.0000           100.00%
Found incumbent of value 166.366290 after 0.11 sec. (8.01 ticks)
*     0+    0                          158.8123        0.0000           100.00%
Found incumbent of value 158.812251 after 0.11 sec. (8.02 ticks)
*     0+    0                           27.4604        0.0000           100.00%
Found incumbent of value 27.460441 after 0.11 sec. (8.02 ticks)
      0     0        0.0000   100       27.4604        0.0000       60  100.00%
      0     0        0.0000   100       27.4604     Cuts: 187      132  100.00%
      0     0        0.0000   100       27.4604  ZeroHalf: 34      188  100.00%
*     0+    0                           25.4359        0.0000           100.00%
Found incumbent of value 25.435883 after 0.23 sec. (115.00 ticks)
      0     2        0.0000    96       25.4359        0.0341      233   99.87%
Elapsed time = 0.27 sec. (128.63 ticks, tree = 0.02 MB)
*   892   739      integral     0       22.6823        1.4570    36011   93.58%
                                                      Cuts: 8                  
Found incumbent of value 22.682339 after 0.39 sec. (243.71 ticks)
*  2668  2154      integral     0       21.8671        3.3357    86908   84.75%
                                                     Cuts: 15                  
Found incumbent of value 21.867092 after 0.58 sec. (414.35 ticks)
*  3092  2251      integral     0       21.7829        4.7331    92651   78.27%
Found incumbent of value 21.782917 after 0.61 sec. (454.14 ticks)
*  3369+ 2589                           21.6293        5.1934            75.99%
Found incumbent of value 21.629284 after 0.64 sec. (481.12 ticks)
*  3402+ 2589                           19.2420        5.1934            73.01%
Found incumbent of value 19.241991 after 0.64 sec. (484.61 ticks)

Performing restart 1

Repeating presolve.
Tried aggregator 2 times.
MIP Presolve eliminated 31 rows and 3 columns.
Aggregator did 15 substitutions.
Reduced MIP has 967 rows, 453 columns, and 2901 nonzeros.
Reduced MIP has 453 binaries, 0 generals, 0 SOSs, and 0 indicators.
Presolve time = 0.02 sec. (2.47 ticks)
Tried aggregator 1 time.
Reduced MIP has 967 rows, 453 columns, and 2901 nonzeros.
Reduced MIP has 453 binaries, 0 generals, 0 SOSs, and 0 indicators.
Presolve time = 0.00 sec. (2.04 ticks)
Represolve time = 0.02 sec. (6.57 ticks)
Tried aggregator 1 time.
No LP presolve or aggregator reductions.
Presolve time = 0.00 sec. (0.39 ticks)
Initializing dual steep norms . . .

Iteration log . . .
Iteration:     1   Dual objective     =             0.000000
Perturbation started.
Iteration:    51   Dual objective     =             0.000000
Iteration:   114   Dual objective     =             0.117774
Removing perturbation.
   4497     0        0.6569   137       19.2420     Cuts: 147   144235   68.45%
   4497     0        1.0190   129       19.2420     Cuts: 157   144376   68.45%
   4497     0        1.4453   164       19.2420     Cuts: 159   144565   68.45%
   4497     0        1.6620   168       19.2420     Cuts: 102   144684   68.45%
   4497     0        1.8501   170       19.2420     Cuts: 157   144808   68.45%
   4497     2        1.8501   170       19.2420        6.0707   144808   68.45%
   4504     5        4.7320   150       19.2420        6.0707   145563   68.45%
   5274   563       13.4344   170       19.2420        6.0707   180835   68.45%
                                                     Cuts: 42                  
   6498  1386       18.9905   187       19.2420        6.0707   238032   68.45%
                                                 ZeroHalf: 13                  
   7280  2291       18.7774   196       19.2420        6.5630   295833   65.89%
   8245  2809       11.2774   158       19.2420        7.1806   347078   62.68%
  12020  5564       18.8455   150       19.2420        8.4599   566092   56.03%
                                                     Cuts: 24                  
Elapsed time = 3.39 sec. (3318.13 ticks, tree = 36.02 MB)
* 15471+ 7953                           18.0555        9.1504            49.32%
                                                  ZeroHalf: 5                  
Found incumbent of value 18.055463 after 4.19 sec. (4150.79 ticks)
  16035  7322       11.5929   191       18.0555        9.2526   777364   48.75%
                                                  ZeroHalf: 2                  
* 18299+ 8876                           17.9354        9.6546            46.17%
Found incumbent of value 17.935351 after 4.83 sec. (4820.94 ticks)
* 19424+ 9597                           17.5441        9.7940            44.17%
                                                      Cuts: 6                  
Found incumbent of value 17.544077 after 5.06 sec. (5068.31 ticks)
  20173  9382       17.5241   151       17.5441        9.8700  1016162   43.74%
  24540 12029       14.6044   135       17.5441       10.4367  1275971   40.51%
                                                  ZeroHalf: 2                  
  29090 14399        cutoff             17.5441       10.8365  1523169   38.23%
                                                  ZeroHalf: 4                  
* 29408 14584      integral     0       17.3515       10.8597  1540249   37.41%
Found incumbent of value 17.351486 after 7.19 sec. (7194.85 ticks)
  33364 16275       15.8207   156       17.3515       11.1819  1753936   35.56%
                                                      Cuts: 5                  
  38225 18487       16.0534   140       17.3515       11.4815  1994694   33.83%
                                                  ZeroHalf: 7                  
  42571 20266        cutoff             17.3515       11.7269  2207729   32.42%
                                                  ZeroHalf: 1                  
  47151 22396        cutoff             17.3515       12.0128  2438143   30.77%
  51957 24663       16.1981   202       17.3515       12.2144  2710713   29.61%
                                                  ZeroHalf: 2                  
* 53738 25140      integral     0       17.1313       12.2897  2767648   28.26%
Found incumbent of value 17.131334 after 12.30 sec. (12235.11 ticks)
  56150 25776       13.8856   153       17.1313       12.4205  2918519   27.50%
                                                  ZeroHalf: 3                  
Elapsed time = 12.95 sec. (12856.71 ticks, tree = 194.23 MB)
  60934 27617       15.7166   128       17.1313       12.5831  3176735   26.55%
                                                  ZeroHalf: 6                  
  65679 29431       15.1258   199       17.1313       12.7485  3445088   25.58%
  70601 30477        cutoff             17.1313       12.9008  3594285   24.69%
                                                  ZeroHalf: 7                  
  75342 31969        cutoff             17.1313       13.0554  3821549   23.79%
                                                  ZeroHalf: 6                  
  80308 33451       16.1886   178       17.1313       13.1957  4064801   22.97%
                                                  ZeroHalf: 7                  
  84891 34917       15.9969   178       17.1313       13.3382  4334520   22.14%
  90161 36272        cutoff             17.1313       13.4683  4595698   21.38%
                                                  ZeroHalf: 3                  
  94610 37428        cutoff             17.1313       13.5814  4843432   20.72%
  99746 38372        cutoff             17.1313       13.7148  5064630   19.94%
 104572 39400       16.9760   178       17.1313       13.8231  5293801   19.31%
                                                  ZeroHalf: 1                  
Elapsed time = 22.83 sec. (22394.90 ticks, tree = 290.28 MB)
 109802 40022       16.0689   134       17.1313       13.9458  5478171   18.59%
                                                  ZeroHalf: 3                  
 114797 40928       16.2897   160       17.1313       14.0557  5748757   17.95%
 119952 41778        cutoff             17.1313       14.1631  6064480   17.33%
 125153 42177       16.6068   164       17.1313       14.2727  6239061   16.69%
 130450 42545       16.6317   176       17.1313       14.3746  6453536   16.09%
                                                  ZeroHalf: 1                  
 135609 42859        cutoff             17.1313       14.4662  6668793   15.56%
                                                  ZeroHalf: 4                  
 140954 43062       17.0253   135       17.1313       14.5500  6941811   15.07%
                                                      Cuts: 4                  
 146678 43152       15.5756   205       17.1313       14.6474  7217303   14.50%
                                                      Cuts: 3                  
 151497 43049       15.9680   207       17.1313       14.7286  7415385   14.03%
 157359 42815        cutoff             17.1313       14.8240  7643641   13.47%
Elapsed time = 33.00 sec. (31933.42 ticks, tree = 295.01 MB)
 162676 42513        cutoff             17.1313       14.8991  7884037   13.03%
                                                  ZeroHalf: 1                  
 168542 42091        cutoff             17.1313       14.9853  8086539   12.53%
 173706 41280       16.9107   211       17.1313       15.0648  8372903   12.06%
 179676 40248        cutoff             17.1313       15.1540  8629110   11.54%
                                                  ZeroHalf: 1                  
 185201 39244        cutoff             17.1313       15.2303  8876720   11.10%
                                                      Cuts: 2                  
 190964 38096        cutoff             17.1313       15.3171  9058955   10.59%
 196624 36914       16.7015   153       17.1313       15.4094  9251429   10.05%
 202631 34342       16.0481   134       17.1313       15.5147  9564591    9.44%
                                                  ZeroHalf: 1                  
 208623 32224        cutoff             17.1313       15.6381  9796061    8.72%
                                                      Cuts: 3                  
 214786 29935        cutoff             17.1313       15.7654  9987883    7.97%
Elapsed time = 43.63 sec. (41471.67 ticks, tree = 192.29 MB)
*218553 27737      integral     0       16.9541       15.8436 10147640    6.55%
Found incumbent of value 16.954112 after 44.28 sec. (42002.10 ticks)
 221644 24396        cutoff             16.9541       15.9451 10272256    5.95%
 229747 17528        cutoff             16.9541       16.1805 10503185    4.56%
 239499  8736        cutoff             16.9541       16.4955 10677012    2.71%

Cover cuts applied:  6
Zero-half cuts applied:  247
Gomory fractional cuts applied:  11

Root node processing (before b&c):
  Real time             =    0.25 sec. (128.23 ticks)
Parallel b&c, 16 threads:
  Real time             =   49.33 sec. (44844.88 ticks)
  Sync time (average)   =    6.84 sec.
  Wait time (average)   =    0.02 sec.
                          ------------
Total (root+branch&cut) =   49.58 sec. (44973.11 ticks)

--- MIP status (101): integer optimal solution.
--- Cplex Time: 49.58sec (det. 44973.11 ticks)

--- Fixing integer variables and solving final LP...

Version identifier: 20.1.0.1 | 2021-04-07 | 3a818710c
CPXPARAM_Advance                                 2
CPXPARAM_Threads                                 16
CPXPARAM_Parallel                                1
CPXPARAM_MIP_Display                             4
CPXPARAM_MIP_Pool_Capacity                       0
CPXPARAM_MIP_Tolerances_AbsMIPGap                0
CPXPARAM_MIP_Tolerances_MIPGap                   0
Tried aggregator 1 time.
LP Presolve eliminated 1013 rows and 472 columns.
All rows and columns eliminated.
Presolve time = 0.03 sec. (0.38 ticks)

--- Fixed MIP status (1): optimal.
--- Cplex Time: 0.03sec (det. 0.66 ticks)


Proven optimal solution
MIP Solution:           16.954112    (10749091 iterations, 248138 nodes)
Final Solve:            16.954112    (0 iterations)

Best possible:          16.954112
Absolute gap:            0.000000
Relative gap:            0.000000

--- Reading solution for model color2
--- Executing after solve: elapsed 0:01:18.616
--- ColoringProblem.gms(102) 5 Mb
--- Generating MIQCP model color3
--- ColoringProblem.gms(110) 7 Mb
---   53 rows  151 columns  304 non-zeroes
---   3,854 nl-code  150 nl-non-zeroes
---   150 discrete-columns
--- ColoringProblem.gms(110) 5 Mb
--- Executing CPLEX (Solvelink=2): elapsed 0:01:18.619

IBM ILOG CPLEX   37.1.0 r07954d5 Released Nov 11, 2021 WEI x86 64bit/MS Window

--- GAMS/Cplex Link licensed for continuous and discrete problems.
--- GMO setup time: 0.02s
--- GMO memory 0.58 Mb (peak 0.59 Mb)
--- Dictionary memory 0.00 Mb
--- Cplex 20.1.0.1 link memory 0.00 Mb (peak 0.04 Mb)
--- Starting Cplex

Version identifier: 20.1.0.1 | 2021-04-07 | 3a818710c
CPXPARAM_Advance                                 0
CPXPARAM_Threads                                 16
CPXPARAM_Parallel                                1
CPXPARAM_MIP_Display                             4
CPXPARAM_MIP_Pool_Capacity                       0
CPXPARAM_MIP_Tolerances_AbsMIPGap                0
CPXPARAM_MIP_Tolerances_MIPGap                   0
Generic callback                                 0x50
Found incumbent of value 166.366290 after 0.00 sec. (0.03 ticks)
Tried aggregator 1 time.
MIP Presolve eliminated 3 rows and 5 columns.
MIP Presolve added 1800 rows and 900 columns.
Reduced MIP has 1849 rows, 1046 columns, and 3746 nonzeros.
Reduced MIP has 1046 binaries, 0 generals, 0 SOSs, and 0 indicators.
Presolve time = 0.09 sec. (0.35 ticks)
Probing time = 0.00 sec. (0.35 ticks)
Tried aggregator 1 time.
Detecting symmetries...
MIP Presolve eliminated 901 rows and 1 columns.
Reduced MIP has 948 rows, 1045 columns, and 2844 nonzeros.
Reduced MIP has 1045 binaries, 0 generals, 0 SOSs, and 0 indicators.
Presolve time = 0.00 sec. (2.68 ticks)
Classifier predicts products in MIQP should be linearized.
Probing time = 0.00 sec. (0.29 ticks)
Clique table members: 48.
MIP emphasis: balance optimality and feasibility.
MIP search method: dynamic search.
Parallel mode: deterministic, using up to 16 threads.
Parallel mode: deterministic, using up to 3 threads for parallel tasks at root LP.
Parallel mode: deterministic, using up to 13 threads for concurrent optimization:
 * Starting dual Simplex on 1 thread...
 * Starting Barrier on 11 threads...
 * Starting primal Simplex on 1 thread...
Tried aggregator 1 time.
No LP presolve or aggregator reductions.
Presolve time = 0.00 sec. (0.40 ticks)
Initializing dual steep norms . . .

Iteration log . . .
Iteration:     1   Dual objective     =             0.000000
Iteration:    79   Dual objective     =             0.367923

Dual simplex solved model.

Root relaxation solution time = 0.00 sec. (2.04 ticks)

        Nodes                                         Cuts/
   Node  Left     Objective  IInf  Best Integer    Best Bound    ItCnt     Gap

*     0+    0                          166.3663        0.0000           100.00%
Found incumbent of value 166.366290 after 0.11 sec. (7.60 ticks)
*     0+    0                          100.6008        0.0000           100.00%
Found incumbent of value 100.600845 after 0.11 sec. (7.61 ticks)
*     0+    0                           31.6096        0.0000           100.00%
Found incumbent of value 31.609566 after 0.11 sec. (7.62 ticks)
*     0+    0                           31.2737        0.0000           100.00%
Found incumbent of value 31.273651 after 0.11 sec. (7.62 ticks)
      0     0        0.4216    97       31.2737        0.4216       94   98.65%
      0     0        0.5607    97       31.2737      Cuts: 75      179   98.21%
      0     0        0.7156    99       31.2737     Cuts: 178      280   97.71%
      0     0        0.7753   137       31.2737 ZeroHalf: 140      440   97.52%
      0     0        1.2100   151       31.2737     Cuts: 163      577   96.13%
*     0+    0                           22.9734        1.2100            94.73%
Found incumbent of value 22.973429 after 0.22 sec. (96.05 ticks)
      0     0        1.7825   151       22.9734     Cuts: 193      700   91.69%
Detecting symmetries...
      0     0        2.0281   152       22.9734 ZeroHalf: 178      799   91.17%
      0     0        2.2840   171       22.9734     Cuts: 158      914   90.06%
      0     0        2.4878   171       22.9734 ZeroHalf: 101     1012   89.17%
*     0+    0                           22.5391        2.4878            88.96%
Found incumbent of value 22.539149 after 0.36 sec. (198.13 ticks)
      0     0        2.6139   176       22.5391  ZeroHalf: 82     1114   88.35%
      0     0        2.7719   178       22.5391  ZeroHalf: 88     1212   87.70%
      0     0        2.8801   178       22.5391  ZeroHalf: 37     1301   87.22%
      0     0        3.0592   175       22.5391      Cuts: 53     1411   86.43%
*     0+    0                           21.2989        3.0592            85.64%
Found incumbent of value 21.298889 after 0.50 sec. (297.10 ticks)
      0     0        3.1308   180       21.2989  ZeroHalf: 30     1480   79.08%
      0     0        3.2364   178       21.2989  ZeroHalf: 31     1570   79.08%
*     0+    0                           20.8603        4.4547            78.65%
Found incumbent of value 20.860265 after 0.63 sec. (418.80 ticks)
Detecting symmetries...
      0     2        3.2364   178       20.8603        5.3609     1570   74.30%
Elapsed time = 0.66 sec. (427.70 ticks, tree = 0.02 MB)
    826   676       13.6770   135       20.8603        5.3609    61308   74.30%
                                                 ZeroHalf: 38                  
   2106  1498       16.6068   129       20.8603        6.3639   132036   69.49%
                                                 ZeroHalf: 12                  
*  3177  2347      integral     0       20.5962        7.8058   209563   62.10%
Found incumbent of value 20.596157 after 1.34 sec. (1091.27 ticks)
   3524  2570       16.9736   121       20.5962        7.9584   227742   61.36%

Performing restart 1

Repeating presolve.
Tried aggregator 1 time.
Reduced MIP has 948 rows, 1045 columns, and 2844 nonzeros.
Reduced MIP has 1045 binaries, 0 generals, 0 SOSs, and 0 indicators.
Presolve time = 0.00 sec. (1.67 ticks)
Tried aggregator 1 time.
Reduced MIP has 948 rows, 1045 columns, and 2844 nonzeros.
Reduced MIP has 1045 binaries, 0 generals, 0 SOSs, and 0 indicators.
Presolve time = 0.00 sec. (2.25 ticks)
Represolve time = 0.02 sec. (13.22 ticks)
Tried aggregator 1 time.
No LP presolve or aggregator reductions.
Presolve time = 0.00 sec. (0.50 ticks)
Initializing dual steep norms . . .

Iteration log . . .
Iteration:     1   Dual objective     =             0.000000
Iteration:    62   Dual objective     =             0.000000
Iteration:   128   Dual objective     =             1.221665
Iteration:   190   Dual objective     =             1.955941
Iteration:   252   Dual objective     =             2.412383
Iteration:   314   Dual objective     =             2.746724
Iteration:   376   Dual objective     =             3.160020
Iteration:   438   Dual objective     =             3.325622
Iteration:   500   Dual objective     =             3.402687
*  4356+    0                           19.9519        8.3729            58.03%
Found incumbent of value 19.951860 after 1.95 sec. (1664.48 ticks)
   4356     0        3.6505   188       19.9519      Cuts: 69   307728   58.03%
*  4356+    0                           19.8384        8.3729            57.79%
Found incumbent of value 19.838421 after 2.34 sec. (2025.07 ticks)
   4356     0        3.7745   187       19.8384  ZeroHalf: 12   307805   57.79%
*  4356+    0                           19.1342        8.3729            56.24%
Found incumbent of value 19.134205 after 2.64 sec. (2299.23 ticks)
   4356     0        3.8492   189       19.1342      Cuts: 35   307900   56.24%
   4356     0        3.9238   193       19.1342  ZeroHalf: 24   307972   56.24%
   4356     2        3.9238   193       19.1342        8.3729   307972   56.24%
   4450    13        6.2662   122       19.1342        8.3729   309078   56.24%
   5842  1082        cutoff             19.1342        8.3729   352649   56.24%
   7181  2119       15.7255   170       19.1342        8.3729   413384   56.24%
                                                 ZeroHalf: 72                  
*  7845  2642      integral     0       17.6698        8.3729   446307   52.61%
Found incumbent of value 17.669802 after 3.95 sec. (3617.74 ticks)
   8474  2650       12.6897   123       17.6698        8.5875   470555   51.40%
   9393  3235       16.2884   147       17.6698        9.0027   515630   49.05%
  14016  6152       12.5507   191       17.6698       10.3447   760587   41.46%
                                                     Cuts: 15                  
Elapsed time = 5.26 sec. (4931.86 ticks, tree = 51.66 MB)
  18577  8674        cutoff             17.6698       11.1544   983988   36.87%
                                                  ZeroHalf: 8                  
  23719 11088       14.4246   222       17.6698       11.6603  1205381   34.01%
                                                  ZeroHalf: 5                  
  28490 13188       16.9151   132       17.6698       12.0862  1416316   31.60%
                                                 ZeroHalf: 10                  
* 32290 14919      integral     0       17.1475       12.3653  1596532   27.89%
                                                 ZeroHalf: 25                  
Found incumbent of value 17.147548 after 9.09 sec. (8516.16 ticks)
  33462 14801        cutoff             17.1475       12.4345  1686750   27.49%
  37389 16069       16.5072   137       17.1475       12.7151  1890262   25.85%
  42084 17436       16.4948   139       17.1475       12.9924  2112352   24.23%
                                                  ZeroHalf: 1                  
  46550 18711       15.9478   166       17.1475       13.2503  2369806   22.73%
                                                     Cuts: 14                  
  51003 19720       15.8286   145       17.1475       13.4889  2598127   21.34%
  55827 20545        cutoff             17.1475       13.7117  2813738   20.04%
* 57485 20880      integral     0       17.1404       13.7728  2921862   19.65%
Found incumbent of value 17.140358 after 14.88 sec. (13845.19 ticks)
  60141 21345        cutoff             17.1404       13.9161  3066016   18.81%
                                                  ZeroHalf: 2                  
Elapsed time = 15.55 sec. (14470.75 ticks, tree = 138.61 MB)
  65157 21845    infeasible             17.1404       14.0965  3288719   17.76%
                                                  ZeroHalf: 1                  
* 66817 22058      integral     0       16.9541       14.1339  3378044   16.63%
                                                  ZeroHalf: 1                  
Found incumbent of value 16.954112 after 16.94 sec. (15726.84 ticks)
  71888 21466       16.0324   166       16.9541       14.3068  3562768   15.61%
                                                  ZeroHalf: 4                  
  76711 21308        cutoff             16.9541       14.4774  3830227   14.61%
                                                  ZeroHalf: 1                  
  81391 20797        cutoff             16.9541       14.6660  4076462   13.50%
                                                      Cuts: 6                  
  86502 20151       16.6018   139       16.9541       14.8520  4306023   12.40%
                                                      Cuts: 9                  
  91680 18717        cutoff             16.9541       15.0818  4595332   11.04%
                                                  ZeroHalf: 7                  
  97058 17475        cutoff             16.9541       15.2918  4781460    9.80%
                                                  ZeroHalf: 4                  
 101772 15164        cutoff             16.9541       15.5168  5031695    8.48%
                                                      Cuts: 9                  
 107785 11717        cutoff             16.9541       15.8311  5279293    6.62%
                                                  ZeroHalf: 3                  
Elapsed time = 25.88 sec. (23357.85 ticks, tree = 64.03 MB)
 115183  5453        cutoff             16.9541       16.3082  5503044    3.81%
                                                      Cuts: 6                  

Cover cuts applied:  5
Zero-half cuts applied:  330
Lift and project cuts applied:  3
Gomory fractional cuts applied:  1

Root node processing (before b&c):
  Real time             =    0.64 sec. (427.16 ticks)
Parallel b&c, 16 threads:
  Real time             =   27.77 sec. (24335.07 ticks)
  Sync time (average)   =    4.09 sec.
  Wait time (average)   =    0.01 sec.
                          ------------
Total (root+branch&cut) =   28.41 sec. (24762.24 ticks)

--- MIQP status (101): integer optimal solution.
--- Cplex Time: 28.41sec (det. 24762.24 ticks)

--- Fixing integer variables and solving final QP...

Version identifier: 20.1.0.1 | 2021-04-07 | 3a818710c
CPXPARAM_Advance                                 2
CPXPARAM_Threads                                 16
CPXPARAM_Parallel                                1
CPXPARAM_MIP_Display                             4
CPXPARAM_MIP_Pool_Capacity                       0
CPXPARAM_MIP_Tolerances_AbsMIPGap                0
CPXPARAM_MIP_Tolerances_MIPGap                   0
Number of nonzeros in lower triangle of Q = 963
Using Approximate Minimum Degree ordering
Total time for automatic ordering = 0.00 sec. (0.08 ticks)
Summary statistics for factor of Q:
  Rows in Factor            = 150
  Integer space required    = 462
  Total non-zeros in factor = 2790
  Total FP ops to factor    = 68178
Note: Q in objective is not positive semi-definite.
Tried aggregator 1 time.
QP Presolve eliminated 52 rows and 151 columns.
All rows and columns eliminated.
Presolve time = 0.00 sec. (0.30 ticks)

--- Fixed MIQP status (1): optimal.
--- Cplex Time: 0.06sec (det. 0.44 ticks)


Proven optimal solution
MIP Solution:           16.954112    (5569733 iterations, 120518 nodes)
Final Solve:            16.954112    (0 iterations)

Best possible:          16.954112
Absolute gap:            0.000000
Relative gap:            0.000000

--- Reading solution for model color3
--- Executing after solve: elapsed 0:01:47.122
--- ColoringProblem.gms(122) 5 Mb
*** Status: Normal completion
--- Job ColoringProblem.gms Stop 01/26/22 15:53:33 elapsed 0:01:47.123
