
--- Job MedianNLP.gms Start 06/14/21 22:12:12 34.3.0 rac355f3 WEX-WEI x86 64bit/MS Windows
--- Applying:
    C:\GAMS\34\gmsprmNT.txt
    C:\Users\Erwin\Documents\GAMS\gamsconfig.yaml
--- GAMS Parameters defined
    Input D:\projects\blog\QuantileRegression\MedianNLP.gms
    PageWidth 120
    PageSize 0
    PageContr 3
    Action CE
    ScrDir D:\projects\blog\QuantileRegression\225a\
    SysDir C:\GAMS\34\
    WorkDir D:\projects\blog\QuantileRegression\
    LogOption 3
    DFormat 0
    TFormat 0
    ErrorLog 99
    IDE 1
Licensee: Eval License                                   S201210/0001CO-GEN
          Amsterdam Optimization Modeling Group,                     DCE378
          C:\Users\Erwin\Documents\GAMS\gamslice.txt
          Evaluation license: Not for commercial or production use
GAMS 34.3.0   Copyright (C) 1987-2021 GAMS Development. All rights reserved
--- Starting compilation
--- MedianNLP.gms(34) 3 Mb
--- Starting execution: elapsed 0:00:00.024
--- MedianNLP.gms(31) 4 Mb
--- Generating DNLP model median
--- MedianNLP.gms(32) 6 Mb
---   1 rows  2 columns  2 non-zeroes
---   23 nl-code  1 nl-non-zeroes
--- MedianNLP.gms(32) 4 Mb
--- Executing CONOPT (Solvelink=2): elapsed 0:00:00.110

CONOPT 3         34.3.0 rac355f3 Released Feb 25, 2021 WEI x86 64bit/MS Window

 
 
    C O N O P T 3   version 3.17L
    Copyright (C)   ARKI Consulting and Development A/S
                    Bagsvaerdvej 246 A
                    DK-2880 Bagsvaerd, Denmark
 
 
   Iter Phase Ninf   Infeasibility   RGmax    NSB   Step InItr MX OK
      0   0        1.1285449110E+00 (Input point)
 
                   Pre-triangular equations:   0
                   Post-triangular equations:  1
 
      1   0        0.0000000000E+00 (After pre-processing)
      2   0        0.0000000000E+00 (After scaling)
 
 ** Feasible solution. Value of objective =    1.12854491100
 
   Iter Phase Ninf     Objective     RGmax    NSB   Step InItr MX OK
     11   3        9.2968281501E-01 1.0E+00     1 6.8E-11      F  T
     21   3        9.2968281500E-01 1.0E+00     1 1.7E-17      F  T
     31   3        9.2968281500E-01 1.0E+00     1 1.7E-17      F  T
     33   3        9.2968281500E-01 1.0E+00     1
 
 ** Feasible solution. Convergence too slow. The change in objective
    has been less than 3.0000E-12 for 20 consecutive iterations
 
--- Reading solution for model median
--- Executing after solve: elapsed 0:00:00.415
--- MedianNLP.gms(34) 4 Mb
*** Status: Normal completion
--- Job MedianNLP.gms Stop 06/14/21 22:12:12 elapsed 0:00:00.421
