--- Job overlappingCircles.gms Start 05/22/24 04:25:34 46.4.1 485757e2 WEX-WEI x86 64bit/MS Windows
--- Applying:
    C:\GAMS\46\gmsprmNT.txt
    C:\Users\erwin\Documents\GAMS\gamsconfig.yaml
--- GAMS Parameters defined
    MIP CPLEX
    Input C:\projects\OptimizationModels\OverlappingCircles\overlappingCircles.gms
    PageWidth 130
    PageSize 0
    ScrDir C:\projects\OptimizationModels\OverlappingCircles\225a\
    SysDir C:\GAMS\46\
    LogOption 3
    ErrMsg 1
    ErrorLog 99
    IDE 1
    LstTitleLeftAligned 1
Licensee: Eval License                                   G231201|0002CO-GEN
          Amsterdam Optimization Modeling Group,                     DCE378
          C:\Users\erwin\Documents\GAMS\gamslice.txt
          License Admin: Erwin Kalvelagen, info@amsterdamoptimization.com  
          Evaluation license: Not for commercial or production use
          The evaluation period of the license will expire on Nov 25, 2024
Processor information: 1 socket(s), 8 core(s), and 16 thread(s) available
GAMS 46.4.1   Copyright (C) 1987-2024 GAMS Development. All rights reserved
--- Starting compilation
--- overlappingCircles.gms(154) 3 Mb
--- Starting execution: elapsed 0:00:00.004
--- overlappingCircles.gms(109) 4 Mb
--- Generating QCP model move
--- overlappingCircles.gms(113) 6 Mb
--- LOOPS k = trial1
---   46 rows  21 columns  201 non-zeroes
---   488 nl-code  200 nl-non-zeroes
--- Range statistics (absolute non-zero finite values)
--- RHS       [min, max] : [ 9.774E+02, 7.101E+03] - Zero values observed as well
--- Bound     [min, max] : [ 2.000E+02, 2.000E+02]
--- Matrix    [min, max] : [ 1.000E+00, 5.791E+02]
--- overlappingCircles.gms(113) 4 Mb
--- Executing CONOPT (Solvelink=5): elapsed 0:00:00.011

CONOPT 4         46.4.1 485757e2 Apr 16, 2024          WEI x86 64bit/MS Window

 
 
    C O N O P T   version 4.33
    Copyright (C) ARKI Consulting and Development A/S
                  Bagsvaerdvej 246 A
                  DK-2880 Bagsvaerd, Denmark
 
    Will use up to 16 threads.
 
 
    The user model has 46 constraints and 21 variables
    with 201 Jacobian elements, 200 of which are nonlinear.
    The Hessian of the Lagrangian has 20 elements on the diagonal,
    90 elements below the diagonal, and 20 nonlinear variables.
 
    Iter Phase   Ninf   Infeasibility   RGmax      NSB   Step  InItr MX OK
       0   0          2.6803556383E+05 (Input point)
 
    The post-triangular part of the model has 1 constraints and variables.
 
    Preprocessed model has 45 constraints and 20 variables
    with 180 Jacobian elements, 180 of which are nonlinear.
 
    Iter Phase   Ninf   Infeasibility   RGmax      NSB   Step  InItr MX OK
                      4.2435661533E+03 (Full preprocessed model)
                      5.1801344645E-01 (After scaling)
                      0.0000000000E+00 (After adjusting individual variables)
 
 ** Feasible solution. Value of objective =    271126.629450
 
    Iter Phase   Ninf     Objective     RGmax      NSB   Step  InItr MX OK
       1   3          1.3868058601E+05 6.7E+04      20 7.2E-01    16 F  F
       6   3          6.1220735398E+04 8.3E+03      12 1.0E+00     7 T  T
      11   4          4.8507011861E+04 1.8E+04      19 2.8E-02    24 F  F
      16   4          2.9661516588E+04 1.1E+04      20 8.0E-02    21 F  F
      21   4          1.8214808082E+04 1.6E+04      19 6.9E-02    17 F  T
      26   4          3.8797786263E+03 5.9E+03      18 1.0E+00    11 T  T
      31   4          2.9794684552E+03 1.2E+02      16 1.0E+00     9 F  T
      36   4          2.9791608676E+03 1.5E-08      16
 
 ** Optimal solution. Reduced gradient less than tolerance.
 
--- Reading solution for model move
--- Executing after solve: elapsed 0:00:00.038
--- overlappingCircles.gms(109) 4 Mb
--- Generating QCP model move
--- overlappingCircles.gms(113) 6 Mb
--- LOOPS k = trial2
---   46 rows  21 columns  201 non-zeroes
---   488 nl-code  200 nl-non-zeroes
--- Range statistics (absolute non-zero finite values)
--- RHS       [min, max] : [ 9.774E+02, 7.101E+03] - Zero values observed as well
--- Bound     [min, max] : [ 2.000E+02, 2.000E+02]
--- Matrix    [min, max] : [ 1.000E+00, 5.782E+02]
--- overlappingCircles.gms(113) 4 Mb
--- Executing CONOPT (Solvelink=5): elapsed 0:00:00.040

CONOPT 4         46.4.1 485757e2 Apr 16, 2024          WEI x86 64bit/MS Window

 
 
    C O N O P T   version 4.33
    Copyright (C) ARKI Consulting and Development A/S
                  Bagsvaerdvej 246 A
                  DK-2880 Bagsvaerd, Denmark
 
    Will use up to 16 threads.
 
 
    The user model has 46 constraints and 21 variables
    with 201 Jacobian elements, 200 of which are nonlinear.
    The Hessian of the Lagrangian has 20 elements on the diagonal,
    90 elements below the diagonal, and 20 nonlinear variables.
 
    Iter Phase   Ninf   Infeasibility   RGmax      NSB   Step  InItr MX OK
       0   0          2.4457536187E+05 (Input point)
 
    The post-triangular part of the model has 1 constraints and variables.
 
    Preprocessed model has 45 constraints and 20 variables
    with 180 Jacobian elements, 180 of which are nonlinear.
 
    Iter Phase   Ninf   Infeasibility   RGmax      NSB   Step  InItr MX OK
                      5.5201775520E+03 (Full preprocessed model)
                      1.7882204458E+00 (After scaling)
                      0.0000000000E+00 (After adjusting individual variables)
 
 ** Feasible solution. Value of objective =    257228.496860
 
    Iter Phase   Ninf     Objective     RGmax      NSB   Step  InItr MX OK
       1   3          1.5267159124E+05 4.4E+04      20 6.6E-01    18 F  F
       6   3          9.4663820318E+04 6.8E+03      13 1.0E+00     4 T  T
      11   3          8.2939893118E+04 1.7E+03       9 1.0E+00     6 T  T
      16   3          7.8055575066E+04 2.7E+02       8 1.0E+00     1 F  T
      21   4          7.4517952477E+04 1.1E+04      11 1.3E-01    12 F  F
      26   4          4.8563110323E+04 1.9E+05      18 1.9E-03    17 F  F
      31   4          2.5035227713E+04 8.2E+03      18 1.0E+00    15 T  T
      36   4          6.7497602671E+03 9.3E+03      19 1.5E-01    15 F  T
      41   4          2.9791610770E+03 2.5E+01      16 1.0E+00     5 F  T
      44   4          2.9791608676E+03 4.8E-09      16
 
 ** Optimal solution. Reduced gradient less than tolerance.
 
--- Reading solution for model move
--- Executing after solve: elapsed 0:00:00.061
--- overlappingCircles.gms(109) 4 Mb
--- Generating QCP model move
--- overlappingCircles.gms(113) 6 Mb
--- LOOPS k = trial3
---   46 rows  21 columns  201 non-zeroes
---   488 nl-code  200 nl-non-zeroes
--- Range statistics (absolute non-zero finite values)
--- RHS       [min, max] : [ 9.774E+02, 7.101E+03] - Zero values observed as well
--- Bound     [min, max] : [ 2.000E+02, 2.000E+02]
--- Matrix    [min, max] : [ 1.000E+00, 7.288E+02]
--- overlappingCircles.gms(113) 4 Mb
--- Executing CONOPT (Solvelink=5): elapsed 0:00:00.062

CONOPT 4         46.4.1 485757e2 Apr 16, 2024          WEI x86 64bit/MS Window

 
 
    C O N O P T   version 4.33
    Copyright (C) ARKI Consulting and Development A/S
                  Bagsvaerdvej 246 A
                  DK-2880 Bagsvaerd, Denmark
 
    Will use up to 16 threads.
 
 
    The user model has 46 constraints and 21 variables
    with 201 Jacobian elements, 200 of which are nonlinear.
    The Hessian of the Lagrangian has 20 elements on the diagonal,
    90 elements below the diagonal, and 20 nonlinear variables.
 
    Iter Phase   Ninf   Infeasibility   RGmax      NSB   Step  InItr MX OK
       0   0          4.2712499617E+05 (Input point)
 
    The post-triangular part of the model has 1 constraints and variables.
 
    Preprocessed model has 45 constraints and 20 variables
    with 180 Jacobian elements, 180 of which are nonlinear.
 
    Iter Phase   Ninf   Infeasibility   RGmax      NSB   Step  InItr MX OK
                      6.4162205624E+03 (Full preprocessed model)
                      1.6496357842E+00 (After scaling)
                      0.0000000000E+00 (After adjusting individual variables)
 
 ** Feasible solution. Value of objective =    433700.495474
 
    Iter Phase   Ninf     Objective     RGmax      NSB   Step  InItr MX OK
       1   3          2.0709232670E+05 7.2E+04      20 8.8E-01    21 F  F
       6   3          1.2759350852E+05 2.8E+03       8 1.7E+00     3 T  T
      11   3          8.9624931597E+04 2.8E+03       8 1.1E+00     4 T  T
      16   3          7.7074150848E+04 6.6E+03       8 1.8E+00     1 T  T
      21   3          6.3777273308E+04 2.4E+03      10 1.0E+00     2 T  T
      26   4          5.5209755699E+04 3.4E+04      13 3.1E-01     1 F  F
      31   4          2.1454903387E+04 2.6E+04      18 9.8E-01    15 F  T
      36   4          3.8154087185E+03 4.2E+03      20 3.1E-01    14 F  T
      41   4          2.9792213958E+03 3.7E+01      16 1.0E+00     7 F  T
      45   4          2.9791608676E+03 6.0E-08      16
 
 ** Optimal solution. Reduced gradient less than tolerance.
 
--- Reading solution for model move
--- Executing after solve: elapsed 0:00:00.082
--- overlappingCircles.gms(109) 4 Mb
--- Generating QCP model move
--- overlappingCircles.gms(113) 6 Mb
--- LOOPS k = trial4
---   46 rows  21 columns  201 non-zeroes
---   488 nl-code  200 nl-non-zeroes
--- Range statistics (absolute non-zero finite values)
--- RHS       [min, max] : [ 9.774E+02, 7.101E+03] - Zero values observed as well
--- Bound     [min, max] : [ 2.000E+02, 2.000E+02]
--- Matrix    [min, max] : [ 1.000E+00, 7.130E+02]
--- overlappingCircles.gms(113) 4 Mb
--- Executing CONOPT (Solvelink=5): elapsed 0:00:00.084

CONOPT 4         46.4.1 485757e2 Apr 16, 2024          WEI x86 64bit/MS Window

 
 
    C O N O P T   version 4.33
    Copyright (C) ARKI Consulting and Development A/S
                  Bagsvaerdvej 246 A
                  DK-2880 Bagsvaerd, Denmark
 
    Will use up to 16 threads.
 
 
    The user model has 46 constraints and 21 variables
    with 201 Jacobian elements, 200 of which are nonlinear.
    The Hessian of the Lagrangian has 20 elements on the diagonal,
    90 elements below the diagonal, and 20 nonlinear variables.
 
    Iter Phase   Ninf   Infeasibility   RGmax      NSB   Step  InItr MX OK
       0   0          3.9538933019E+05 (Input point)
 
    The post-triangular part of the model has 1 constraints and variables.
 
    Preprocessed model has 45 constraints and 20 variables
    with 180 Jacobian elements, 180 of which are nonlinear.
 
    Iter Phase   Ninf   Infeasibility   RGmax      NSB   Step  InItr MX OK
                      1.4581984992E+03 (Full preprocessed model)
                      8.9001373241E-02 (After scaling)
                      0.0000000000E+00 (After adjusting individual variables)
 
 ** Feasible solution. Value of objective =    396633.175118
 
    Iter Phase   Ninf     Objective     RGmax      NSB   Step  InItr MX OK
       1   3          1.5616550255E+05 9.7E+04      20 9.2E-01    17 F  F
       6   3          1.0118723825E+05 1.5E+04       9 1.0E+00     6 T  T
      11   3          7.5996351264E+04 3.6E+03      10 1.0E+00     4 T  T
      16   3          6.5005216502E+04 2.8E+03      11 1.0E+00     3 T  T
      21   3          5.6564654056E+04 2.0E+03       9 1.2E+00     1 T  T
      26   4          4.2823749277E+04 1.7E+04      18 8.0E-02    16 T  T
      31   4          2.6293882430E+04 4.1E+04      18 4.9E-01    17 F  T
      36   4          2.9867708652E+03 1.1E+03      16 1.0E+00     7 F  T
      41   4          2.9791608676E+03 2.0E-08      16
 
 ** Optimal solution. Reduced gradient less than tolerance.
 
--- Reading solution for model move
--- Executing after solve: elapsed 0:00:00.105
--- overlappingCircles.gms(109) 4 Mb
--- Generating QCP model move
--- overlappingCircles.gms(113) 6 Mb
--- LOOPS k = trial5
---   46 rows  21 columns  201 non-zeroes
---   488 nl-code  200 nl-non-zeroes
--- Range statistics (absolute non-zero finite values)
--- RHS       [min, max] : [ 9.774E+02, 7.101E+03] - Zero values observed as well
--- Bound     [min, max] : [ 2.000E+02, 2.000E+02]
--- Matrix    [min, max] : [ 1.000E+00, 6.845E+02]
--- overlappingCircles.gms(113) 4 Mb
--- Executing CONOPT (Solvelink=5): elapsed 0:00:00.106

CONOPT 4         46.4.1 485757e2 Apr 16, 2024          WEI x86 64bit/MS Window

 
 
    C O N O P T   version 4.33
    Copyright (C) ARKI Consulting and Development A/S
                  Bagsvaerdvej 246 A
                  DK-2880 Bagsvaerd, Denmark
 
    Will use up to 16 threads.
 
 
    The user model has 46 constraints and 21 variables
    with 201 Jacobian elements, 200 of which are nonlinear.
    The Hessian of the Lagrangian has 20 elements on the diagonal,
    90 elements below the diagonal, and 20 nonlinear variables.
 
    Iter Phase   Ninf   Infeasibility   RGmax      NSB   Step  InItr MX OK
       0   0          3.2642142508E+05 (Input point)
 
    The post-triangular part of the model has 1 constraints and variables.
 
    Preprocessed model has 45 constraints and 20 variables
    with 180 Jacobian elements, 180 of which are nonlinear.
 
    Iter Phase   Ninf   Infeasibility   RGmax      NSB   Step  InItr MX OK
                      5.2670723176E+03 (Full preprocessed model)
                      7.6483347356E-01 (After scaling)
                      0.0000000000E+00 (After adjusting individual variables)
 
 ** Feasible solution. Value of objective =    348979.906044
 
    Iter Phase   Ninf     Objective     RGmax      NSB   Step  InItr MX OK
       1   3          1.9868139741E+05 1.0E+05      20 5.8E-01    18 F  F
       6   3          6.5398462189E+04 8.6E+03      11 1.0E+00     7 T  T
      11   3          5.9941414264E+04 1.2E+03      10 1.2E+00     2 T  T
      16   3          5.2204143523E+04 1.9E+03       9 1.0E+00     6 T  T
      21   4          2.9459640001E+04 1.4E+05      15 3.6E-01    15 F  T
      26   4          1.4279836380E+04 7.8E+03      19 3.7E-01    12 F  T
      31   4          5.8385302896E+03 1.3E+03      15 8.3E-01    16 F  T
      36   4          2.9791905984E+03 9.1E+01      16 1.0E+00     8 F  T
      41   4          2.9791608676E+03 8.5E-08      16
 
 ** Optimal solution. Reduced gradient less than tolerance.
 
--- Reading solution for model move
--- Executing after solve: elapsed 0:00:00.126
--- overlappingCircles.gms(109) 4 Mb
--- Generating QCP model move
--- overlappingCircles.gms(113) 6 Mb
--- LOOPS k = trial6
---   46 rows  21 columns  201 non-zeroes
---   488 nl-code  200 nl-non-zeroes
--- Range statistics (absolute non-zero finite values)
--- RHS       [min, max] : [ 9.774E+02, 7.101E+03] - Zero values observed as well
--- Bound     [min, max] : [ 2.000E+02, 2.000E+02]
--- Matrix    [min, max] : [ 1.000E+00, 6.000E+02]
--- overlappingCircles.gms(113) 4 Mb
--- Executing CONOPT (Solvelink=5): elapsed 0:00:00.128

CONOPT 4         46.4.1 485757e2 Apr 16, 2024          WEI x86 64bit/MS Window

 
 
    C O N O P T   version 4.33
    Copyright (C) ARKI Consulting and Development A/S
                  Bagsvaerdvej 246 A
                  DK-2880 Bagsvaerd, Denmark
 
    Will use up to 16 threads.
 
 
    The user model has 46 constraints and 21 variables
    with 201 Jacobian elements, 200 of which are nonlinear.
    The Hessian of the Lagrangian has 20 elements on the diagonal,
    90 elements below the diagonal, and 20 nonlinear variables.
 
    Iter Phase   Ninf   Infeasibility   RGmax      NSB   Step  InItr MX OK
       0   0          2.2502656694E+05 (Input point)
 
    The post-triangular part of the model has 1 constraints and variables.
 
    Preprocessed model has 45 constraints and 20 variables
    with 180 Jacobian elements, 180 of which are nonlinear.
 
    Iter Phase   Ninf   Infeasibility   RGmax      NSB   Step  InItr MX OK
                      2.4267853710E+04 (Full preprocessed model)
                      6.7037090146E+00 (After scaling)
                      0.0000000000E+00 (After adjusting individual variables)
 
 ** Feasible solution. Value of objective =    192361.135090
 
    Iter Phase   Ninf     Objective     RGmax      NSB   Step  InItr MX OK
       1   3          9.8229609691E+04 3.5E+04      20 7.2E-01    15 F  F
       6   3          5.6245106264E+04 3.0E+03      12 1.0E+00    11 T  T
      11   3          5.3464793793E+04 1.5E+03      12 1.7E+00     2 T  T
      16   4          3.1857707967E+04 1.5E+04      19 8.7E-01    10 F  F
      21   4          1.6521194256E+04 1.6E+04      20 2.0E-01    21 F  T
      26   4          3.2458647946E+03 1.9E+03      10 1.0E+00     5 F  T
      31   4          2.9791608676E+03 8.1E-01      16 1.0E+00     4 F  T
      33   4          2.9791608676E+03 1.6E-09      16
 
 ** Optimal solution. Reduced gradient less than tolerance.
 
--- Reading solution for model move
--- Executing after solve: elapsed 0:00:00.146
--- overlappingCircles.gms(109) 4 Mb
--- Generating QCP model move
--- overlappingCircles.gms(113) 6 Mb
--- LOOPS k = trial7
---   46 rows  21 columns  201 non-zeroes
---   488 nl-code  200 nl-non-zeroes
--- Range statistics (absolute non-zero finite values)
--- RHS       [min, max] : [ 9.774E+02, 7.101E+03] - Zero values observed as well
--- Bound     [min, max] : [ 2.000E+02, 2.000E+02]
--- Matrix    [min, max] : [ 1.000E+00, 7.213E+02]
--- overlappingCircles.gms(113) 4 Mb
--- Executing CONOPT (Solvelink=5): elapsed 0:00:00.147

CONOPT 4         46.4.1 485757e2 Apr 16, 2024          WEI x86 64bit/MS Window

 
 
    C O N O P T   version 4.33
    Copyright (C) ARKI Consulting and Development A/S
                  Bagsvaerdvej 246 A
                  DK-2880 Bagsvaerd, Denmark
 
    Will use up to 16 threads.
 
 
    The user model has 46 constraints and 21 variables
    with 201 Jacobian elements, 200 of which are nonlinear.
    The Hessian of the Lagrangian has 20 elements on the diagonal,
    90 elements below the diagonal, and 20 nonlinear variables.
 
    Iter Phase   Ninf   Infeasibility   RGmax      NSB   Step  InItr MX OK
       0   0          3.2419098676E+05 (Input point)
 
    The post-triangular part of the model has 1 constraints and variables.
 
    Preprocessed model has 45 constraints and 20 variables
    with 180 Jacobian elements, 180 of which are nonlinear.
 
    Iter Phase   Ninf   Infeasibility   RGmax      NSB   Step  InItr MX OK
                      8.4233515038E+03 (Full preprocessed model)
                      2.0564823007E+00 (After scaling)
                      0.0000000000E+00 (After adjusting individual variables)
 
 ** Feasible solution. Value of objective =    302826.083349
 
    Iter Phase   Ninf     Objective     RGmax      NSB   Step  InItr MX OK
       1   3          2.1034640771E+05 5.2E+04      20 5.1E-01    14 F  F
       6   3          9.9397222410E+04 1.1E+04      16 1.0E+00     5 T  T
      11   3          6.6225219270E+04 3.0E+03       9 1.0E+00     8 T  T
      16   3          5.4077046212E+04 3.2E+03      13 1.0E+00     4 T  T
      21   4          4.3053603791E+04 4.0E+04      18 1.4E-01    12 F  F
      26   4          2.0662886778E+04 1.6E+04      19 1.8E-01    15 F  T
      31   4          4.1115097878E+03 3.1E+03      13 1.0E+00    11 T  T
      36   4          2.9795873771E+03 2.3E+02      16 1.0E+00     4 F  T
      41   4          2.9791608676E+03 9.3E-09      16
 
 ** Optimal solution. Reduced gradient less than tolerance.
 
--- Reading solution for model move
--- Executing after solve: elapsed 0:00:00.166
--- overlappingCircles.gms(109) 4 Mb
--- Generating QCP model move
--- overlappingCircles.gms(113) 6 Mb
--- LOOPS k = trial8
---   46 rows  21 columns  201 non-zeroes
---   488 nl-code  200 nl-non-zeroes
--- Range statistics (absolute non-zero finite values)
--- RHS       [min, max] : [ 9.774E+02, 7.101E+03] - Zero values observed as well
--- Bound     [min, max] : [ 2.000E+02, 2.000E+02]
--- Matrix    [min, max] : [ 1.000E+00, 7.332E+02]
--- overlappingCircles.gms(113) 4 Mb
--- Executing CONOPT (Solvelink=5): elapsed 0:00:00.168

CONOPT 4         46.4.1 485757e2 Apr 16, 2024          WEI x86 64bit/MS Window

 
 
    C O N O P T   version 4.33
    Copyright (C) ARKI Consulting and Development A/S
                  Bagsvaerdvej 246 A
                  DK-2880 Bagsvaerd, Denmark
 
    Will use up to 16 threads.
 
 
    The user model has 46 constraints and 21 variables
    with 201 Jacobian elements, 200 of which are nonlinear.
    The Hessian of the Lagrangian has 20 elements on the diagonal,
    90 elements below the diagonal, and 20 nonlinear variables.
 
    Iter Phase   Ninf   Infeasibility   RGmax      NSB   Step  InItr MX OK
       0   0          3.6944214603E+05 (Input point)
 
    The post-triangular part of the model has 1 constraints and variables.
 
    Preprocessed model has 45 constraints and 20 variables
    with 180 Jacobian elements, 180 of which are nonlinear.
 
    Iter Phase   Ninf   Infeasibility   RGmax      NSB   Step  InItr MX OK
                      5.8679889676E+03 (Full preprocessed model)
                      3.8305110030E+00 (After scaling)
                      0.0000000000E+00 (After adjusting individual variables)
 
 ** Feasible solution. Value of objective =    323316.053908
 
    Iter Phase   Ninf     Objective     RGmax      NSB   Step  InItr MX OK
       1   3          1.5628068891E+05 1.1E+05      20 5.6E-01    19 F  F
       6   3          4.8588942279E+04 3.7E+03      13 1.1E+00     2 T  T
      11   4          4.1347232800E+04 4.1E+03      16 1.7E+00     2 F  F
      16   4          1.8359755952E+04 8.6E+03      16 7.0E-01    11 F  T
      21   4          1.1827220867E+04 3.5E+02      14 3.0E-01     8 F  F
      26   4          6.9610205473E+03 2.0E+03      16 1.0E+00     6 T  T
      31   4          4.1239637679E+03 4.6E+02      15 1.0E+00     7 T  T
      36   4          2.9791634019E+03 7.8E+01      16 1.0E+00     4 F  T
      40   4          2.9791608676E+03 5.6E-08      16
 
 ** Optimal solution. Reduced gradient less than tolerance.
 
--- Reading solution for model move
--- Executing after solve: elapsed 0:00:00.190
--- overlappingCircles.gms(109) 4 Mb
--- Generating QCP model move
--- overlappingCircles.gms(113) 6 Mb
--- LOOPS k = trial9
---   46 rows  21 columns  201 non-zeroes
---   488 nl-code  200 nl-non-zeroes
--- Range statistics (absolute non-zero finite values)
--- RHS       [min, max] : [ 9.774E+02, 7.101E+03] - Zero values observed as well
--- Bound     [min, max] : [ 2.000E+02, 2.000E+02]
--- Matrix    [min, max] : [ 1.000E+00, 7.498E+02]
--- overlappingCircles.gms(113) 4 Mb
--- Executing CONOPT (Solvelink=5): elapsed 0:00:00.192

CONOPT 4         46.4.1 485757e2 Apr 16, 2024          WEI x86 64bit/MS Window

 
 
    C O N O P T   version 4.33
    Copyright (C) ARKI Consulting and Development A/S
                  Bagsvaerdvej 246 A
                  DK-2880 Bagsvaerd, Denmark
 
    Will use up to 16 threads.
 
 
    The user model has 46 constraints and 21 variables
    with 201 Jacobian elements, 200 of which are nonlinear.
    The Hessian of the Lagrangian has 20 elements on the diagonal,
    90 elements below the diagonal, and 20 nonlinear variables.
 
    Iter Phase   Ninf   Infeasibility   RGmax      NSB   Step  InItr MX OK
       0   0          3.5751319952E+05 (Input point)
 
    The post-triangular part of the model has 1 constraints and variables.
 
    Preprocessed model has 45 constraints and 20 variables
    with 180 Jacobian elements, 180 of which are nonlinear.
 
    Iter Phase   Ninf   Infeasibility   RGmax      NSB   Step  InItr MX OK
                      3.3145207456E+03 (Full preprocessed model)
                      4.0460458320E-01 (After scaling)
                      0.0000000000E+00 (After adjusting individual variables)
 
 ** Feasible solution. Value of objective =    363858.426718
 
    Iter Phase   Ninf     Objective     RGmax      NSB   Step  InItr MX OK
       1   3          2.1547284066E+05 5.4E+04      20 7.0E-01    16 F  F
       6   3          1.3805573138E+05 2.0E+04      14 1.0E+00     6 T  T
      11   3          9.4289302017E+04 6.6E+03      10 1.0E+00    13 T  T
      16   4          6.7577558607E+04 1.0E+04      14 1.0E+00     7 T  T
      21   4          4.8651963835E+04 5.3E+03       8 5.5E-01     8 F  F
      26   4          3.1536251995E+04 5.9E+03      18 3.7E-01    14 F  T
      31   4          1.6896885354E+04 4.7E+03      18 5.8E-01    15 F  T
      36   4          7.1716997451E+03 4.7E+03      20 1.5E-01    17 F  T
      41   4          2.9791622806E+03 3.3E+01      16 1.0E+00     5 F  T
      44   4          2.9791608676E+03 3.9E-08      16
 
 ** Optimal solution. Reduced gradient less than tolerance.
 
--- Reading solution for model move
--- Executing after solve: elapsed 0:00:00.213
--- overlappingCircles.gms(109) 4 Mb
--- Generating QCP model move
--- overlappingCircles.gms(113) 6 Mb
--- LOOPS k = trial10
---   46 rows  21 columns  201 non-zeroes
---   488 nl-code  200 nl-non-zeroes
--- Range statistics (absolute non-zero finite values)
--- RHS       [min, max] : [ 9.774E+02, 7.101E+03] - Zero values observed as well
--- Bound     [min, max] : [ 2.000E+02, 2.000E+02]
--- Matrix    [min, max] : [ 1.000E+00, 6.821E+02]
--- overlappingCircles.gms(113) 4 Mb
--- Executing CONOPT (Solvelink=5): elapsed 0:00:00.215

CONOPT 4         46.4.1 485757e2 Apr 16, 2024          WEI x86 64bit/MS Window

 
 
    C O N O P T   version 4.33
    Copyright (C) ARKI Consulting and Development A/S
                  Bagsvaerdvej 246 A
                  DK-2880 Bagsvaerd, Denmark
 
    Will use up to 16 threads.
 
 
    The user model has 46 constraints and 21 variables
    with 201 Jacobian elements, 200 of which are nonlinear.
    The Hessian of the Lagrangian has 20 elements on the diagonal,
    90 elements below the diagonal, and 20 nonlinear variables.
 
    Iter Phase   Ninf   Infeasibility   RGmax      NSB   Step  InItr MX OK
       0   0          3.3478296237E+05 (Input point)
 
    The post-triangular part of the model has 1 constraints and variables.
 
    Preprocessed model has 45 constraints and 20 variables
    with 180 Jacobian elements, 180 of which are nonlinear.
 
    Iter Phase   Ninf   Infeasibility   RGmax      NSB   Step  InItr MX OK
                      2.7102838875E+02 (Full preprocessed model)
                      3.3084520111E-02 (After scaling)
                      0.0000000000E+00 (After adjusting individual variables)
 
 ** Feasible solution. Value of objective =    337388.570295
 
    Iter Phase   Ninf     Objective     RGmax      NSB   Step  InItr MX OK
       1   3          1.6995157480E+05 5.6E+04      20 8.3E-01    18 F  F
       6   3          9.1971837552E+04 7.3E+03      11 1.0E+00    10 T  T
      11   3          6.8849588956E+04 4.2E+03      10 1.1E+00     1 F  F
      16   3          4.2088964534E+04 3.4E+03      12 9.2E-01     6 F  F
      21   3          3.9186195096E+04 9.7E+02      11 4.0E+00     2 F  T
      26   4          1.5832096717E+04 1.7E+04      15 1.0E+00     2 T  T
      31   4          8.0409162925E+03 5.0E+03      18 3.0E-01    13 F  T
      36   4          2.9802373857E+03 6.4E+02      16 1.0E+00     6 F  T
      41   4          2.9791608676E+03 6.2E-08      16
 
 ** Optimal solution. Reduced gradient less than tolerance.
 
--- Reading solution for model move
--- Executing after solve: elapsed 0:00:00.235
--- overlappingCircles.gms(109) 4 Mb
--- Generating QCP model move
--- overlappingCircles.gms(113) 6 Mb
--- LOOPS k = trial11
---   46 rows  21 columns  201 non-zeroes
---   488 nl-code  200 nl-non-zeroes
--- Range statistics (absolute non-zero finite values)
--- RHS       [min, max] : [ 9.774E+02, 7.101E+03] - Zero values observed as well
--- Bound     [min, max] : [ 2.000E+02, 2.000E+02]
--- Matrix    [min, max] : [ 3.239E-01, 7.138E+02]
--- overlappingCircles.gms(113) 4 Mb
--- Executing CONOPT (Solvelink=5): elapsed 0:00:00.237

CONOPT 4         46.4.1 485757e2 Apr 16, 2024          WEI x86 64bit/MS Window

 
 
    C O N O P T   version 4.33
    Copyright (C) ARKI Consulting and Development A/S
                  Bagsvaerdvej 246 A
                  DK-2880 Bagsvaerd, Denmark
 
    Will use up to 16 threads.
 
 
    The user model has 46 constraints and 21 variables
    with 201 Jacobian elements, 200 of which are nonlinear.
    The Hessian of the Lagrangian has 20 elements on the diagonal,
    90 elements below the diagonal, and 20 nonlinear variables.
 
    Iter Phase   Ninf   Infeasibility   RGmax      NSB   Step  InItr MX OK
       0   0          3.6810114987E+05 (Input point)
 
    The post-triangular part of the model has 1 constraints and variables.
 
    Preprocessed model has 45 constraints and 20 variables
    with 180 Jacobian elements, 180 of which are nonlinear.
 
    Iter Phase   Ninf   Infeasibility   RGmax      NSB   Step  InItr MX OK
                      4.1534532529E+03 (Full preprocessed model)
                      1.0140266731E+00 (After scaling)
                      0.0000000000E+00 (After adjusting individual variables)
 
 ** Feasible solution. Value of objective =    349897.426648
 
    Iter Phase   Ninf     Objective     RGmax      NSB   Step  InItr MX OK
       1   3          2.0433761412E+05 7.5E+04      20 5.9E-01    20 F  F
       6   3          7.7972931355E+04 2.0E+03       7 5.2E+00     6 T  T
      11   3          5.1391480588E+04 2.6E+03      11 6.3E-01     8 F  F
      16   4          4.2216026407E+04 1.1E+04      15 2.9E-01    12 F  T
      21   4          2.9988515605E+04 5.2E+03      18 2.0E-01    11 F  F
      26   4          1.1638546157E+04 4.2E+04      19 2.1E-01    19 F  T
      31   4          5.3597358396E+03 5.9E+01      14 1.0E+00     4 F  T
      34   4          5.3597356281E+03 3.1E-09      14
 
 ** Optimal solution. Reduced gradient less than tolerance.
 
--- Reading solution for model move
--- Executing after solve: elapsed 0:00:00.257
--- overlappingCircles.gms(109) 4 Mb
--- Generating QCP model move
--- overlappingCircles.gms(113) 6 Mb
--- LOOPS k = trial12
---   46 rows  21 columns  201 non-zeroes
---   488 nl-code  200 nl-non-zeroes
--- Range statistics (absolute non-zero finite values)
--- RHS       [min, max] : [ 9.774E+02, 7.101E+03] - Zero values observed as well
--- Bound     [min, max] : [ 2.000E+02, 2.000E+02]
--- Matrix    [min, max] : [ 1.000E+00, 6.535E+02]
--- overlappingCircles.gms(113) 4 Mb
--- Executing CONOPT (Solvelink=5): elapsed 0:00:00.258

CONOPT 4         46.4.1 485757e2 Apr 16, 2024          WEI x86 64bit/MS Window

 
 
    C O N O P T   version 4.33
    Copyright (C) ARKI Consulting and Development A/S
                  Bagsvaerdvej 246 A
                  DK-2880 Bagsvaerd, Denmark
 
    Will use up to 16 threads.
 
 
    The user model has 46 constraints and 21 variables
    with 201 Jacobian elements, 200 of which are nonlinear.
    The Hessian of the Lagrangian has 20 elements on the diagonal,
    90 elements below the diagonal, and 20 nonlinear variables.
 
    Iter Phase   Ninf   Infeasibility   RGmax      NSB   Step  InItr MX OK
       0   0          4.0428253977E+05 (Input point)
 
    The post-triangular part of the model has 1 constraints and variables.
 
    Preprocessed model has 45 constraints and 20 variables
    with 180 Jacobian elements, 180 of which are nonlinear.
 
    Iter Phase   Ninf   Infeasibility   RGmax      NSB   Step  InItr MX OK
                      5.8146841823E+03 (Full preprocessed model)
                      1.0566830018E+00 (After scaling)
                      0.0000000000E+00 (After adjusting individual variables)
 
 ** Feasible solution. Value of objective =    419824.486679
 
    Iter Phase   Ninf     Objective     RGmax      NSB   Step  InItr MX OK
       1   3          1.9358409983E+05 5.5E+04      20 9.0E-01    15 T  T
       6   3          1.0296159529E+05 1.6E+04      10 1.0E+00     6 T  T
      11   3          9.7169434891E+04 2.3E+03       9 5.8E-01     4 F  T
      16   3          7.1418153889E+04 1.7E+04      11 5.4E-02    15 T  T
      21   3          3.3530510981E+04 3.7E+03      11 1.0E+00     7 T  T
      26   4          2.4796939817E+04 9.2E+03      15 1.0E-01    14 F  F
      31   4          1.1412635602E+04 1.4E+04      15 2.1E-01     8 F  T
      36   4          5.4633118442E+03 5.3E+02      14 1.0E+00     5 F  T
      41   4          5.3597356281E+03 1.5E-05      14 1.0E+00     2 F  T
      42   4          5.3597356281E+03 1.4E-08      14
 
 ** Optimal solution. Reduced gradient less than tolerance.
 
--- Reading solution for model move
--- Executing after solve: elapsed 0:00:00.280
--- overlappingCircles.gms(109) 4 Mb
--- Generating QCP model move
--- overlappingCircles.gms(113) 6 Mb
--- LOOPS k = trial13
---   46 rows  21 columns  201 non-zeroes
---   488 nl-code  200 nl-non-zeroes
--- Range statistics (absolute non-zero finite values)
--- RHS       [min, max] : [ 9.774E+02, 7.101E+03] - Zero values observed as well
--- Bound     [min, max] : [ 2.000E+02, 2.000E+02]
--- Matrix    [min, max] : [ 6.883E-01, 6.804E+02]
--- overlappingCircles.gms(113) 4 Mb
--- Executing CONOPT (Solvelink=5): elapsed 0:00:00.281

CONOPT 4         46.4.1 485757e2 Apr 16, 2024          WEI x86 64bit/MS Window

 
 
    C O N O P T   version 4.33
    Copyright (C) ARKI Consulting and Development A/S
                  Bagsvaerdvej 246 A
                  DK-2880 Bagsvaerd, Denmark
 
    Will use up to 16 threads.
 
 
    The user model has 46 constraints and 21 variables
    with 201 Jacobian elements, 200 of which are nonlinear.
    The Hessian of the Lagrangian has 20 elements on the diagonal,
    90 elements below the diagonal, and 20 nonlinear variables.
 
    Iter Phase   Ninf   Infeasibility   RGmax      NSB   Step  InItr MX OK
       0   0          3.1683763933E+05 (Input point)
 
    The post-triangular part of the model has 1 constraints and variables.
 
    Preprocessed model has 45 constraints and 20 variables
    with 180 Jacobian elements, 180 of which are nonlinear.
 
    Iter Phase   Ninf   Infeasibility   RGmax      NSB   Step  InItr MX OK
                      7.3206848011E+03 (Full preprocessed model)
                      2.1386806800E+00 (After scaling)
                      0.0000000000E+00 (After adjusting individual variables)
 
 ** Feasible solution. Value of objective =    324879.914590
 
    Iter Phase   Ninf     Objective     RGmax      NSB   Step  InItr MX OK
       1   3          2.2452750306E+05 6.2E+04      20 5.6E-01    20 F  F
       6   3          1.0897103312E+05 3.1E+03      12 1.0E+00     2 T  T
      11   4          8.6855863543E+04 1.1E+04      10 1.2E-01    14 F  F
      16   4          7.0295056506E+04 2.2E+04      15 6.2E-02    14 F  F
      21   4          4.2814227674E+04 3.1E+04      17 7.5E-01    18 F  T
      26   4          2.3733247989E+04 1.0E+04      20 6.8E-02    19 F  T
      31   4          3.3276980417E+03 4.0E+03      18 1.0E+00    10 T  T
      36   4          2.9791608676E+03 5.3E-03      16 1.0E+00     4 F  T
      37   4          2.9791608676E+03 1.4E-08      16
 
 ** Optimal solution. Reduced gradient less than tolerance.
 
--- Reading solution for model move
--- Executing after solve: elapsed 0:00:00.302
--- overlappingCircles.gms(109) 4 Mb
--- Generating QCP model move
--- overlappingCircles.gms(113) 6 Mb
--- LOOPS k = trial14
---   46 rows  21 columns  201 non-zeroes
---   488 nl-code  200 nl-non-zeroes
--- Range statistics (absolute non-zero finite values)
--- RHS       [min, max] : [ 9.774E+02, 7.101E+03] - Zero values observed as well
--- Bound     [min, max] : [ 2.000E+02, 2.000E+02]
--- Matrix    [min, max] : [ 1.000E+00, 7.093E+02]
--- overlappingCircles.gms(113) 4 Mb
--- Executing CONOPT (Solvelink=5): elapsed 0:00:00.303

CONOPT 4         46.4.1 485757e2 Apr 16, 2024          WEI x86 64bit/MS Window

 
 
    C O N O P T   version 4.33
    Copyright (C) ARKI Consulting and Development A/S
                  Bagsvaerdvej 246 A
                  DK-2880 Bagsvaerd, Denmark
 
    Will use up to 16 threads.
 
 
    The user model has 46 constraints and 21 variables
    with 201 Jacobian elements, 200 of which are nonlinear.
    The Hessian of the Lagrangian has 20 elements on the diagonal,
    90 elements below the diagonal, and 20 nonlinear variables.
 
    Iter Phase   Ninf   Infeasibility   RGmax      NSB   Step  InItr MX OK
       0   0          3.4795413397E+05 (Input point)
 
    The post-triangular part of the model has 1 constraints and variables.
 
    Preprocessed model has 45 constraints and 20 variables
    with 180 Jacobian elements, 180 of which are nonlinear.
 
    Iter Phase   Ninf   Infeasibility   RGmax      NSB   Step  InItr MX OK
                      7.2558712777E+03 (Full preprocessed model)
                      1.4740771956E+00 (After scaling)
                      0.0000000000E+00 (After adjusting individual variables)
 
 ** Feasible solution. Value of objective =    356596.658065
 
    Iter Phase   Ninf     Objective     RGmax      NSB   Step  InItr MX OK
       1   3          2.3209545800E+05 1.0E+05      20 5.6E-01    18 F  F
       6   3          1.1606536844E+05 1.3E+04      13 1.0E+00     3 T  T
      11   3          9.0507057117E+04 2.9E+03      10 2.8E+00     5 T  T
      16   4          7.4731461219E+04 5.9E+03      13 5.6E-01     9 F  F
      21   4          3.2326272965E+04 1.6E+04      16 1.0E-01    10 F  T
      26   4          6.1087358546E+03 8.3E+03      20 3.5E-01    12 F  T
      31   4          3.1219897977E+03 1.0E+03      14 1.0E+00     7 T  T
      36   4          2.9791608676E+03 1.1E-05      16 1.0E+00     2 F  T
      37   4          2.9791608676E+03 2.9E-09      16
 
 ** Optimal solution. Reduced gradient less than tolerance.
 
--- Reading solution for model move
--- Executing after solve: elapsed 0:00:00.323
--- overlappingCircles.gms(109) 4 Mb
--- Generating QCP model move
--- overlappingCircles.gms(113) 6 Mb
--- LOOPS k = trial15
---   46 rows  21 columns  201 non-zeroes
---   488 nl-code  200 nl-non-zeroes
--- Range statistics (absolute non-zero finite values)
--- RHS       [min, max] : [ 9.774E+02, 7.101E+03] - Zero values observed as well
--- Bound     [min, max] : [ 2.000E+02, 2.000E+02]
--- Matrix    [min, max] : [ 4.885E-01, 6.232E+02]
--- overlappingCircles.gms(113) 4 Mb
--- Executing CONOPT (Solvelink=5): elapsed 0:00:00.325

CONOPT 4         46.4.1 485757e2 Apr 16, 2024          WEI x86 64bit/MS Window

 
 
    C O N O P T   version 4.33
    Copyright (C) ARKI Consulting and Development A/S
                  Bagsvaerdvej 246 A
                  DK-2880 Bagsvaerd, Denmark
 
    Will use up to 16 threads.
 
 
    The user model has 46 constraints and 21 variables
    with 201 Jacobian elements, 200 of which are nonlinear.
    The Hessian of the Lagrangian has 20 elements on the diagonal,
    90 elements below the diagonal, and 20 nonlinear variables.
 
    Iter Phase   Ninf   Infeasibility   RGmax      NSB   Step  InItr MX OK
       0   0          1.8431819874E+05 (Input point)
 
    The post-triangular part of the model has 1 constraints and variables.
 
    Preprocessed model has 45 constraints and 20 variables
    with 180 Jacobian elements, 180 of which are nonlinear.
 
    Iter Phase   Ninf   Infeasibility   RGmax      NSB   Step  InItr MX OK
                      5.4205413867E+03 (Full preprocessed model)
                      1.4017347036E+00 (After scaling)
                      0.0000000000E+00 (After adjusting individual variables)
 
 ** Feasible solution. Value of objective =    201124.396491
 
    Iter Phase   Ninf     Objective     RGmax      NSB   Step  InItr MX OK
       1   3          1.7597603308E+05 3.1E+04      20 2.0E-01    24 F  F
       6   3          6.7605381208E+04 2.5E+04      12 1.0E+00    13 T  T
      11   3          5.8678414183E+04 1.6E+03      10 8.4E-01     1 F  T
      16   3          5.6384302125E+04 1.5E+03      11 1.0E+00     4 T  T
      21   3          5.0015988196E+04 2.6E+03      12 1.0E+00     5 T  T
      26   4          2.7694293207E+04 1.7E+04      17 1.8E-01    18 F  T
      31   4          1.6134979221E+04 8.4E+03      20 1.7E-01    12 T  T
      36   4          3.2823030805E+03 1.2E+03      15 8.4E-01     8 F  T
      41   4          2.9791608676E+03 1.6E-01      16 1.0E+00     7 F  T
      43   4          2.9791608676E+03 3.6E-10      16
 
 ** Optimal solution. Reduced gradient less than tolerance.
 
--- Reading solution for model move
--- Executing after solve: elapsed 0:00:00.344
--- overlappingCircles.gms(109) 4 Mb
--- Generating QCP model move
--- overlappingCircles.gms(113) 6 Mb
--- LOOPS k = trial16
---   46 rows  21 columns  201 non-zeroes
---   488 nl-code  200 nl-non-zeroes
--- Range statistics (absolute non-zero finite values)
--- RHS       [min, max] : [ 9.774E+02, 7.101E+03] - Zero values observed as well
--- Bound     [min, max] : [ 2.000E+02, 2.000E+02]
--- Matrix    [min, max] : [ 1.000E+00, 7.345E+02]
--- overlappingCircles.gms(113) 4 Mb
--- Executing CONOPT (Solvelink=5): elapsed 0:00:00.345

CONOPT 4         46.4.1 485757e2 Apr 16, 2024          WEI x86 64bit/MS Window

 
 
    C O N O P T   version 4.33
    Copyright (C) ARKI Consulting and Development A/S
                  Bagsvaerdvej 246 A
                  DK-2880 Bagsvaerd, Denmark
 
    Will use up to 16 threads.
 
 
    The user model has 46 constraints and 21 variables
    with 201 Jacobian elements, 200 of which are nonlinear.
    The Hessian of the Lagrangian has 20 elements on the diagonal,
    90 elements below the diagonal, and 20 nonlinear variables.
 
    Iter Phase   Ninf   Infeasibility   RGmax      NSB   Step  InItr MX OK
       0   0          4.5345624922E+05 (Input point)
 
    The post-triangular part of the model has 1 constraints and variables.
 
    Preprocessed model has 45 constraints and 20 variables
    with 180 Jacobian elements, 180 of which are nonlinear.
 
    Iter Phase   Ninf   Infeasibility   RGmax      NSB   Step  InItr MX OK
                      5.1548798929E+03 (Full preprocessed model)
                      6.4432456099E-01 (After scaling)
                      0.0000000000E+00 (After adjusting individual variables)
 
 ** Feasible solution. Value of objective =    445714.323332
 
    Iter Phase   Ninf     Objective     RGmax      NSB   Step  InItr MX OK
       1   3          3.6863102210E+05 1.1E+05      20 3.0E-01    14 F  F
       6   3          1.6062554658E+05 5.7E+04      15 1.0E+00     5 T  T
      11   3          1.2559630060E+05 8.8E+03      10 1.0E+00     7 T  T
      16   4          9.1299202871E+04 1.7E+04      11 1.0E+00    13 T  T
      21   4          6.3831764305E+04 2.7E+04      19 5.0E-01    19 F  T
      26   4          4.0094863478E+04 4.4E+03      19 1.0E+00    12 T  T
      31   4          2.2126348663E+04 2.4E+04      17 2.7E-01    16 F  T
      36   4          9.3468557583E+03 4.8E+03      18 3.1E-01    16 F  T
      41   4          2.9960694450E+03 4.6E+02      16 1.0E+00     7 T  T
      46   4          2.9791608676E+03 5.3E-07      16 1.0E+00     2 F  T
 
    Iter Phase   Ninf     Objective     RGmax      NSB   Step  InItr MX OK
      47   4          2.9791608676E+03 1.1E-08      16
 
 ** Optimal solution. Reduced gradient less than tolerance.
 
--- Reading solution for model move
--- Executing after solve: elapsed 0:00:00.366
--- overlappingCircles.gms(109) 4 Mb
--- Generating QCP model move
--- overlappingCircles.gms(113) 6 Mb
--- LOOPS k = trial17
---   46 rows  21 columns  201 non-zeroes
---   488 nl-code  200 nl-non-zeroes
--- Range statistics (absolute non-zero finite values)
--- RHS       [min, max] : [ 9.774E+02, 7.101E+03] - Zero values observed as well
--- Bound     [min, max] : [ 2.000E+02, 2.000E+02]
--- Matrix    [min, max] : [ 1.000E+00, 6.586E+02]
--- overlappingCircles.gms(113) 4 Mb
--- Executing CONOPT (Solvelink=5): elapsed 0:00:00.368

CONOPT 4         46.4.1 485757e2 Apr 16, 2024          WEI x86 64bit/MS Window

 
 
    C O N O P T   version 4.33
    Copyright (C) ARKI Consulting and Development A/S
                  Bagsvaerdvej 246 A
                  DK-2880 Bagsvaerd, Denmark
 
    Will use up to 16 threads.
 
 
    The user model has 46 constraints and 21 variables
    with 201 Jacobian elements, 200 of which are nonlinear.
    The Hessian of the Lagrangian has 20 elements on the diagonal,
    90 elements below the diagonal, and 20 nonlinear variables.
 
    Iter Phase   Ninf   Infeasibility   RGmax      NSB   Step  InItr MX OK
       0   0          2.8821616026E+05 (Input point)
 
    The post-triangular part of the model has 1 constraints and variables.
 
    Preprocessed model has 45 constraints and 20 variables
    with 180 Jacobian elements, 180 of which are nonlinear.
 
    Iter Phase   Ninf   Infeasibility   RGmax      NSB   Step  InItr MX OK
                      0.0000000000E+00 (Full preprocessed model)
                      0.0000000000E+00 (After scaling)
 
 ** Feasible solution. Value of objective =    291195.321126
 
    Iter Phase   Ninf     Objective     RGmax      NSB   Step  InItr MX OK
       1   3          1.7448140066E+05 9.2E+04      16 6.3E-01    25 F  F
       6   3          6.2734036659E+04 3.8E+04      14 1.0E+00     7 T  T
      11   3          4.5478788272E+04 3.7E+03      11 3.0E+00     2 T  T
      16   4          2.5491668812E+04 1.1E+04      19 4.3E-01    18 F  T
      21   4          1.0086244379E+04 8.1E+03      19 1.0E+00     4 T  T
      26   4          3.1528153124E+03 1.1E+03      13 1.0E+00     6 F  T
      31   4          2.9791608676E+03 9.0E-04      16 1.0E+00     5 F  T
      33   4          2.9791608676E+03 5.6E-08      16
 
 ** Optimal solution. Reduced gradient less than tolerance.
 
--- Reading solution for model move
--- Executing after solve: elapsed 0:00:00.386
--- overlappingCircles.gms(109) 4 Mb
--- Generating QCP model move
--- overlappingCircles.gms(113) 6 Mb
--- LOOPS k = trial18
---   46 rows  21 columns  201 non-zeroes
---   488 nl-code  200 nl-non-zeroes
--- Range statistics (absolute non-zero finite values)
--- RHS       [min, max] : [ 9.774E+02, 7.101E+03] - Zero values observed as well
--- Bound     [min, max] : [ 2.000E+02, 2.000E+02]
--- Matrix    [min, max] : [ 1.000E+00, 5.759E+02]
--- overlappingCircles.gms(113) 4 Mb
--- Executing CONOPT (Solvelink=5): elapsed 0:00:00.387

CONOPT 4         46.4.1 485757e2 Apr 16, 2024          WEI x86 64bit/MS Window

 
 
    C O N O P T   version 4.33
    Copyright (C) ARKI Consulting and Development A/S
                  Bagsvaerdvej 246 A
                  DK-2880 Bagsvaerd, Denmark
 
    Will use up to 16 threads.
 
 
    The user model has 46 constraints and 21 variables
    with 201 Jacobian elements, 200 of which are nonlinear.
    The Hessian of the Lagrangian has 20 elements on the diagonal,
    90 elements below the diagonal, and 20 nonlinear variables.
 
    Iter Phase   Ninf   Infeasibility   RGmax      NSB   Step  InItr MX OK
       0   0          1.6450715678E+05 (Input point)
 
    The post-triangular part of the model has 1 constraints and variables.
 
    Preprocessed model has 45 constraints and 20 variables
    with 180 Jacobian elements, 180 of which are nonlinear.
 
    Iter Phase   Ninf   Infeasibility   RGmax      NSB   Step  InItr MX OK
                      9.9402599264E+02 (Full preprocessed model)
                      4.8536425422E-01 (After scaling)
                      0.0000000000E+00 (After adjusting individual variables)
 
 ** Feasible solution. Value of objective =    166450.488975
 
    Iter Phase   Ninf     Objective     RGmax      NSB   Step  InItr MX OK
       1   3          1.4194268426E+05 4.1E+04      20 1.9E-01    22 F  F
       6   3          4.7712400652E+04 6.0E+03      18 1.0E+00     4 T  T
      11   3          4.1398124865E+04 2.0E+03       8 2.0E+00     4 F  T
      16   4          2.8930438805E+04 4.0E+03      17 9.6E-01    10 F  F
      21   4          1.2801229599E+04 3.6E+03      19 7.3E-01    12 F  T
      26   4          5.3716869788E+03 5.2E+03      15 1.0E+00     5 T  T
      31   4          5.3597356281E+03 9.6E-08      14
 
 ** Optimal solution. Reduced gradient less than tolerance.
 
--- Reading solution for model move
--- Executing after solve: elapsed 0:00:00.406
--- overlappingCircles.gms(109) 4 Mb
--- Generating QCP model move
--- overlappingCircles.gms(113) 6 Mb
--- LOOPS k = trial19
---   46 rows  21 columns  201 non-zeroes
---   488 nl-code  200 nl-non-zeroes
--- Range statistics (absolute non-zero finite values)
--- RHS       [min, max] : [ 9.774E+02, 7.101E+03] - Zero values observed as well
--- Bound     [min, max] : [ 2.000E+02, 2.000E+02]
--- Matrix    [min, max] : [ 1.000E+00, 6.711E+02]
--- overlappingCircles.gms(113) 4 Mb
--- Executing CONOPT (Solvelink=5): elapsed 0:00:00.407

CONOPT 4         46.4.1 485757e2 Apr 16, 2024          WEI x86 64bit/MS Window

 
 
    C O N O P T   version 4.33
    Copyright (C) ARKI Consulting and Development A/S
                  Bagsvaerdvej 246 A
                  DK-2880 Bagsvaerd, Denmark
 
    Will use up to 16 threads.
 
 
    The user model has 46 constraints and 21 variables
    with 201 Jacobian elements, 200 of which are nonlinear.
    The Hessian of the Lagrangian has 20 elements on the diagonal,
    90 elements below the diagonal, and 20 nonlinear variables.
 
    Iter Phase   Ninf   Infeasibility   RGmax      NSB   Step  InItr MX OK
       0   0          3.3497230940E+05 (Input point)
 
    The post-triangular part of the model has 1 constraints and variables.
 
    Preprocessed model has 45 constraints and 20 variables
    with 180 Jacobian elements, 180 of which are nonlinear.
 
    Iter Phase   Ninf   Infeasibility   RGmax      NSB   Step  InItr MX OK
                      8.0208888608E+03 (Full preprocessed model)
                      3.1122916367E+00 (After scaling)
                      0.0000000000E+00 (After adjusting individual variables)
 
 ** Feasible solution. Value of objective =    318176.374133
 
    Iter Phase   Ninf     Objective     RGmax      NSB   Step  InItr MX OK
       1   3          1.3620263795E+05 4.7E+04      20 8.5E-01    17 T  T
       6   3          6.2078623825E+04 4.1E+03      11 4.5E-01     8 F  F
      11   3          4.0817176179E+04 6.5E+03      12 1.0E+00     4 T  T
      16   3          3.1971417580E+04 6.9E+03      12 9.9E+00     1 T  T
      21   4          2.4938780948E+04 7.6E+03      12 5.8E-01     3 F  T
      26   4          1.8200178238E+04 1.6E+04      18 4.7E-02    21 F  T
      31   4          5.5415568733E+03 7.2E+03      18 1.0E+00    11 T  T
      36   4          2.9793876573E+03 2.1E+02      16 1.0E+00    14 F  T
      40   4          2.9791608676E+03 5.8E-09      16
 
 ** Optimal solution. Reduced gradient less than tolerance.
 
--- Reading solution for model move
--- Executing after solve: elapsed 0:00:00.427
--- overlappingCircles.gms(109) 4 Mb
--- Generating QCP model move
--- overlappingCircles.gms(113) 6 Mb
--- LOOPS k = trial20
---   46 rows  21 columns  201 non-zeroes
---   488 nl-code  200 nl-non-zeroes
--- Range statistics (absolute non-zero finite values)
--- RHS       [min, max] : [ 9.774E+02, 7.101E+03] - Zero values observed as well
--- Bound     [min, max] : [ 2.000E+02, 2.000E+02]
--- Matrix    [min, max] : [ 5.070E-01, 6.467E+02]
--- overlappingCircles.gms(113) 4 Mb
--- Executing CONOPT (Solvelink=5): elapsed 0:00:00.429

CONOPT 4         46.4.1 485757e2 Apr 16, 2024          WEI x86 64bit/MS Window

 
 
    C O N O P T   version 4.33
    Copyright (C) ARKI Consulting and Development A/S
                  Bagsvaerdvej 246 A
                  DK-2880 Bagsvaerd, Denmark
 
    Will use up to 16 threads.
 
 
    The user model has 46 constraints and 21 variables
    with 201 Jacobian elements, 200 of which are nonlinear.
    The Hessian of the Lagrangian has 20 elements on the diagonal,
    90 elements below the diagonal, and 20 nonlinear variables.
 
    Iter Phase   Ninf   Infeasibility   RGmax      NSB   Step  InItr MX OK
       0   0          2.3933757056E+05 (Input point)
 
    The post-triangular part of the model has 1 constraints and variables.
 
    Preprocessed model has 45 constraints and 20 variables
    with 180 Jacobian elements, 180 of which are nonlinear.
 
    Iter Phase   Ninf   Infeasibility   RGmax      NSB   Step  InItr MX OK
                      3.6574138837E+03 (Full preprocessed model)
                      6.2775322808E-01 (After scaling)
                      0.0000000000E+00 (After adjusting individual variables)
 
 ** Feasible solution. Value of objective =    244668.550503
 
    Iter Phase   Ninf     Objective     RGmax      NSB   Step  InItr MX OK
       1   3          1.3220946608E+05 4.5E+04      20 7.1E-01    17 F  F
       6   3          5.6223086090E+04 2.6E+03       9 1.0E+00     3 T  T
      11   3          5.2024113211E+04 1.6E+03      10 1.0E+00     5 T  T
      16   4          3.3432644721E+04 2.0E+04      13 7.4E-01     5 F  T
      21   4          1.7134467701E+04 9.0E+03      16 3.5E-01    14 F  T
      26   4          1.2022216356E+04 2.2E+03      17 1.4E-01     8 F  F
      31   4          1.1359282695E+04 5.6E+00      15 1.0E+00     6 F  T
      34   4          1.1359282643E+04 7.1E-10      15
 
 ** Optimal solution. Reduced gradient less than tolerance.
 
--- Reading solution for model move
--- Executing after solve: elapsed 0:00:00.449
--- overlappingCircles.gms(109) 4 Mb
--- Generating QCP model move
--- overlappingCircles.gms(113) 6 Mb
--- LOOPS k = trial21
---   46 rows  21 columns  201 non-zeroes
---   488 nl-code  200 nl-non-zeroes
--- Range statistics (absolute non-zero finite values)
--- RHS       [min, max] : [ 9.774E+02, 7.101E+03] - Zero values observed as well
--- Bound     [min, max] : [ 2.000E+02, 2.000E+02]
--- Matrix    [min, max] : [ 1.000E+00, 6.526E+02]
--- overlappingCircles.gms(113) 4 Mb
--- Executing CONOPT (Solvelink=5): elapsed 0:00:00.450

CONOPT 4         46.4.1 485757e2 Apr 16, 2024          WEI x86 64bit/MS Window

 
 
    C O N O P T   version 4.33
    Copyright (C) ARKI Consulting and Development A/S
                  Bagsvaerdvej 246 A
                  DK-2880 Bagsvaerd, Denmark
 
    Will use up to 16 threads.
 
 
    The user model has 46 constraints and 21 variables
    with 201 Jacobian elements, 200 of which are nonlinear.
    The Hessian of the Lagrangian has 20 elements on the diagonal,
    90 elements below the diagonal, and 20 nonlinear variables.
 
    Iter Phase   Ninf   Infeasibility   RGmax      NSB   Step  InItr MX OK
       0   0          2.8523756710E+05 (Input point)
 
    The post-triangular part of the model has 1 constraints and variables.
 
    Preprocessed model has 45 constraints and 20 variables
    with 180 Jacobian elements, 180 of which are nonlinear.
 
    Iter Phase   Ninf   Infeasibility   RGmax      NSB   Step  InItr MX OK
                      4.1247346742E+03 (Full preprocessed model)
                      1.7757857285E+00 (After scaling)
                      0.0000000000E+00 (After adjusting individual variables)
 
 ** Feasible solution. Value of objective =    305370.565394
 
    Iter Phase   Ninf     Objective     RGmax      NSB   Step  InItr MX OK
       1   3          2.0911586661E+05 2.5E+05      20 3.5E-01    18 F  F
       6   3          7.5450153875E+04 1.1E+04      13 1.0E+00     6 T  T
      11   4          5.2450461481E+04 4.9E+04      13 1.1E-01    13 F  T
      16   4          2.2843264148E+04 4.3E+03      10 6.5E-01     5 F  T
      21   4          7.0483214071E+03 1.7E+03      17 2.2E-01    13 F  T
      26   4          3.1145493491E+03 1.4E+03      15 5.5E-01     7 F  F
      31   4          2.9791608676E+03 2.6E-04      16 1.0E+00     4 F  T
      33   4          2.9791608676E+03 4.3E-09      16
 
 ** Optimal solution. Reduced gradient less than tolerance.
 
--- Reading solution for model move
--- Executing after solve: elapsed 0:00:00.470
--- overlappingCircles.gms(109) 4 Mb
--- Generating QCP model move
--- overlappingCircles.gms(113) 6 Mb
--- LOOPS k = trial22
---   46 rows  21 columns  201 non-zeroes
---   488 nl-code  200 nl-non-zeroes
--- Range statistics (absolute non-zero finite values)
--- RHS       [min, max] : [ 9.774E+02, 7.101E+03] - Zero values observed as well
--- Bound     [min, max] : [ 2.000E+02, 2.000E+02]
--- Matrix    [min, max] : [ 1.332E-01, 6.960E+02]
--- overlappingCircles.gms(113) 4 Mb
--- Executing CONOPT (Solvelink=5): elapsed 0:00:00.471

CONOPT 4         46.4.1 485757e2 Apr 16, 2024          WEI x86 64bit/MS Window

 
 
    C O N O P T   version 4.33
    Copyright (C) ARKI Consulting and Development A/S
                  Bagsvaerdvej 246 A
                  DK-2880 Bagsvaerd, Denmark
 
    Will use up to 16 threads.
 
 
    The user model has 46 constraints and 21 variables
    with 201 Jacobian elements, 200 of which are nonlinear.
    The Hessian of the Lagrangian has 20 elements on the diagonal,
    90 elements below the diagonal, and 20 nonlinear variables.
 
    Iter Phase   Ninf   Infeasibility   RGmax      NSB   Step  InItr MX OK
       0   0          2.6186662902E+05 (Input point)
 
    The post-triangular part of the model has 1 constraints and variables.
 
    Preprocessed model has 45 constraints and 20 variables
    with 180 Jacobian elements, 180 of which are nonlinear.
 
    Iter Phase   Ninf   Infeasibility   RGmax      NSB   Step  InItr MX OK
                      7.7836243574E+03 (Full preprocessed model)
                      3.1040172662E+00 (After scaling)
                      0.0000000000E+00 (After adjusting individual variables)
 
 ** Feasible solution. Value of objective =    304421.611814
 
    Iter Phase   Ninf     Objective     RGmax      NSB   Step  InItr MX OK
       1   3          1.4901017471E+05 9.7E+04      20 8.0E-01    16 F  F
       6   3          5.1671600613E+04 7.5E+03      12 1.0E+00     7 T  T
      11   3          3.6438930713E+04 1.6E+03      11 5.8E-01     3 F  T
      16   4          1.6936326736E+04 9.6E+03      17 2.5E-01    11 F  T
      21   4          6.3683348028E+03 4.3E+03      17 2.1E-01     8 F  F
      26   4          3.4171079293E+03 1.6E+03      14 1.0E+00     6 F  T
      31   4          2.9791608676E+03 8.0E-04      16 1.0E+00     4 F  T
      32   4          2.9791608676E+03 4.4E-09      16
 
 ** Optimal solution. Reduced gradient less than tolerance.
 
--- Reading solution for model move
--- Executing after solve: elapsed 0:00:00.489
--- overlappingCircles.gms(109) 4 Mb
--- Generating QCP model move
--- overlappingCircles.gms(113) 6 Mb
--- LOOPS k = trial23
---   46 rows  21 columns  201 non-zeroes
---   488 nl-code  200 nl-non-zeroes
--- Range statistics (absolute non-zero finite values)
--- RHS       [min, max] : [ 9.774E+02, 7.101E+03] - Zero values observed as well
--- Bound     [min, max] : [ 2.000E+02, 2.000E+02]
--- Matrix    [min, max] : [ 1.000E+00, 6.542E+02]
--- overlappingCircles.gms(113) 4 Mb
--- Executing CONOPT (Solvelink=5): elapsed 0:00:00.490

CONOPT 4         46.4.1 485757e2 Apr 16, 2024          WEI x86 64bit/MS Window

 
 
    C O N O P T   version 4.33
    Copyright (C) ARKI Consulting and Development A/S
                  Bagsvaerdvej 246 A
                  DK-2880 Bagsvaerd, Denmark
 
    Will use up to 16 threads.
 
 
    The user model has 46 constraints and 21 variables
    with 201 Jacobian elements, 200 of which are nonlinear.
    The Hessian of the Lagrangian has 20 elements on the diagonal,
    90 elements below the diagonal, and 20 nonlinear variables.
 
    Iter Phase   Ninf   Infeasibility   RGmax      NSB   Step  InItr MX OK
       0   0          3.3454973895E+05 (Input point)
 
    The post-triangular part of the model has 1 constraints and variables.
 
    Preprocessed model has 45 constraints and 20 variables
    with 180 Jacobian elements, 180 of which are nonlinear.
 
    Iter Phase   Ninf   Infeasibility   RGmax      NSB   Step  InItr MX OK
                      9.8645296684E+02 (Full preprocessed model)
                      6.0208310964E-02 (After scaling)
                      0.0000000000E+00 (After adjusting individual variables)
 
 ** Feasible solution. Value of objective =    339387.110626
 
    Iter Phase   Ninf     Objective     RGmax      NSB   Step  InItr MX OK
       1   3          2.3375772030E+05 7.0E+04      20 4.4E-01    20 F  F
       6   3          7.2781635696E+04 7.3E+03      15 1.0E+00     7 T  T
      11   3          6.3799813755E+04 1.2E+03      11 1.0E+00     2 T  T
      16   4          5.1213040080E+04 2.6E+04      12 9.5E-02    14 F  T
      21   4          3.0090495462E+04 3.2E+03      17 1.0E+00     5 T  T
      26   4          1.4853251785E+04 5.5E+03      19 1.9E-01    14 F  T
      31   4          7.5265222249E+03 4.0E+03      19 1.0E+00    12 T  T
      36   4          2.9881377112E+03 9.3E+02      18 1.0E+00    12 T  T
      41   4          2.9791608676E+03 8.5E-08      16
 
 ** Optimal solution. Reduced gradient less than tolerance.
 
--- Reading solution for model move
--- Executing after solve: elapsed 0:00:00.510
--- overlappingCircles.gms(109) 4 Mb
--- Generating QCP model move
--- overlappingCircles.gms(113) 6 Mb
--- LOOPS k = trial24
---   46 rows  21 columns  201 non-zeroes
---   488 nl-code  200 nl-non-zeroes
--- Range statistics (absolute non-zero finite values)
--- RHS       [min, max] : [ 9.774E+02, 7.101E+03] - Zero values observed as well
--- Bound     [min, max] : [ 2.000E+02, 2.000E+02]
--- Matrix    [min, max] : [ 1.000E+00, 6.377E+02]
--- overlappingCircles.gms(113) 4 Mb
--- Executing CONOPT (Solvelink=5): elapsed 0:00:00.512

CONOPT 4         46.4.1 485757e2 Apr 16, 2024          WEI x86 64bit/MS Window

 
 
    C O N O P T   version 4.33
    Copyright (C) ARKI Consulting and Development A/S
                  Bagsvaerdvej 246 A
                  DK-2880 Bagsvaerd, Denmark
 
    Will use up to 16 threads.
 
 
    The user model has 46 constraints and 21 variables
    with 201 Jacobian elements, 200 of which are nonlinear.
    The Hessian of the Lagrangian has 20 elements on the diagonal,
    90 elements below the diagonal, and 20 nonlinear variables.
 
    Iter Phase   Ninf   Infeasibility   RGmax      NSB   Step  InItr MX OK
       0   0          2.8480096269E+05 (Input point)
 
    The post-triangular part of the model has 1 constraints and variables.
 
    Preprocessed model has 45 constraints and 20 variables
    with 180 Jacobian elements, 180 of which are nonlinear.
 
    Iter Phase   Ninf   Infeasibility   RGmax      NSB   Step  InItr MX OK
                      5.8731909701E+03 (Full preprocessed model)
                      2.2695305256E+00 (After scaling)
                      0.0000000000E+00 (After adjusting individual variables)
 
 ** Feasible solution. Value of objective =    299685.248506
 
    Iter Phase   Ninf     Objective     RGmax      NSB   Step  InItr MX OK
       1   3          1.9084408431E+05 1.7E+05      20 6.0E-01    18 F  F
       6   3          1.1108859270E+05 9.2E+03       9 1.2E+00     1 T  T
      11   3          9.1642135361E+04 1.1E+03       8 3.2E+00     2 T  T
      16   3          6.9044145518E+04 6.2E+03       9 1.6E+00     1 T  T
      21   3          4.7644494905E+04 2.8E+03      13 1.9E+00     2 T  T
      26   3          3.5541628283E+04 1.7E+03      10 1.0E+00     2 T  T
      31   3          2.3344438329E+04 9.9E+03      12 1.0E+00     7 T  T
      36   3          1.7591667874E+04 1.7E+03      11 8.5E-01     4 F  T
      41   4          1.2843343770E+04 7.1E+03      17 7.6E-02    16 F  T
      46   4          5.3730150993E+03 8.2E+02      14 1.0E+00    11 F  T
 
    Iter Phase   Ninf     Objective     RGmax      NSB   Step  InItr MX OK
      51   4          5.3597356281E+03 3.4E-09      14
 
 ** Optimal solution. Reduced gradient less than tolerance.
 
--- Reading solution for model move
--- Executing after solve: elapsed 0:00:00.531
--- overlappingCircles.gms(109) 4 Mb
--- Generating QCP model move
--- overlappingCircles.gms(113) 6 Mb
--- LOOPS k = trial25
---   46 rows  21 columns  201 non-zeroes
---   488 nl-code  200 nl-non-zeroes
--- Range statistics (absolute non-zero finite values)
--- RHS       [min, max] : [ 9.774E+02, 7.101E+03] - Zero values observed as well
--- Bound     [min, max] : [ 2.000E+02, 2.000E+02]
--- Matrix    [min, max] : [ 1.000E+00, 6.701E+02]
--- overlappingCircles.gms(113) 4 Mb
--- Executing CONOPT (Solvelink=5): elapsed 0:00:00.533

CONOPT 4         46.4.1 485757e2 Apr 16, 2024          WEI x86 64bit/MS Window

 
 
    C O N O P T   version 4.33
    Copyright (C) ARKI Consulting and Development A/S
                  Bagsvaerdvej 246 A
                  DK-2880 Bagsvaerd, Denmark
 
    Will use up to 16 threads.
 
 
    The user model has 46 constraints and 21 variables
    with 201 Jacobian elements, 200 of which are nonlinear.
    The Hessian of the Lagrangian has 20 elements on the diagonal,
    90 elements below the diagonal, and 20 nonlinear variables.
 
    Iter Phase   Ninf   Infeasibility   RGmax      NSB   Step  InItr MX OK
       0   0          1.9196682317E+05 (Input point)
 
    The post-triangular part of the model has 1 constraints and variables.
 
    Preprocessed model has 45 constraints and 20 variables
    with 180 Jacobian elements, 180 of which are nonlinear.
 
    Iter Phase   Ninf   Infeasibility   RGmax      NSB   Step  InItr MX OK
                      9.1984601651E+03 (Full preprocessed model)
                      2.0185811757E+00 (After scaling)
                      0.0000000000E+00 (After adjusting individual variables)
 
 ** Feasible solution. Value of objective =    225763.435840
 
    Iter Phase   Ninf     Objective     RGmax      NSB   Step  InItr MX OK
       1   3          1.4329159782E+05 1.0E+05      20 6.1E-01    19 F  T
       6   3          5.8908829763E+04 4.5E+03      10 1.0E+00    11 T  T
      11   3          4.9820353428E+04 2.7E+03      10 1.0E+00    10 T  T
      16   3          4.7441535177E+04 9.1E+02      11 4.2E-01     7 F  T
      21   4          3.6586172703E+04 7.5E+03      18 2.3E-01    17 F  T
      26   4          1.1662814587E+04 1.7E+04      19 6.7E-02    16 F  T
      31   4          3.5296259348E+03 4.7E+03      19 1.0E+00    11 T  T
      36   4          2.9791625995E+03 5.5E+01      16 1.0E+00     5 F  T
      40   4          2.9791608676E+03 8.6E-10      16
 
 ** Optimal solution. Reduced gradient less than tolerance.
 
--- Reading solution for model move
--- Executing after solve: elapsed 0:00:00.552
--- overlappingCircles.gms(148) 4 Mb
*** Status: Normal completion
--- Job overlappingCircles.gms Stop 05/22/24 04:25:35 elapsed 0:00:00.552
