
--- Job Untitled_5.gms Start 06/25/22 15:31:45 39.2.0 e0c5072f WEX-WEI x86 64bit/MS Windows
--- Applying:
    C:\GAMS\39\gmsprmNT.txt
--- GAMS Parameters defined
    Restart C:\projects\OptimizationModels\MaxCut\xxx.g0?
    Input C:\projects\OptimizationModels\MaxCut\Untitled_5.gms
    PageWidth 130
    PageSize 0
    PageContr 3
    Action CE
    ScrDir C:\projects\OptimizationModels\MaxCut\225y\
    SysDir C:\GAMS\39\
    WorkDir C:\projects\OptimizationModels\MaxCut\
    LogOption 3
    DFormat 0
    TFormat 0
    ErrorLog 99
    IDE 1
Licensee: Eval License                                   G211206|0002CO-GEN
          Amsterdam Optimization Modeling Group,                     DCE378
          C:\Users\erwin\Documents\GAMS\gamslice.txt
          License Admin: Erwin Kalvelagen, info@amsterdamoptimization.com  
          Evaluation license: Not for commercial or production use
Processor information: 1 socket(s), 8 core(s), and 16 thread(s) available
GAMS 39.2.0   Copyright (C) 1987-2022 GAMS Development. All rights reserved
--- Starting continued compilation
--- Workfile was generated under GAMS version WEX392-392
--- Untitled_5.gms(5) 3 Mb
--- $echo File C:\projects\OptimizationModels\MaxCut\cplex.op2
--- Untitled_5.gms(12) 3 Mb
--- Starting execution: elapsed 0:00:00.061
--- Untitled_5.gms(40) 4 Mb
--- Generating MIQCP model mod
--- Untitled_5.gms(41) 6 Mb
---   101 rows  501 columns  1,001 non-zeroes
---   19,402 nl-code  500 nl-non-zeroes
---   500 discrete-columns
--- Range statistics (absolute non-zero finite values)
--- RHS       [min, max] : [ 1.000E+00, 1.000E+00] - Zero values observed as well
--- Bound     [min, max] : [ 1.000E+00, 1.000E+00] - Zero values observed as well
--- Matrix    [min, max] : [ 7.430E-02, 4.761E+00] - Zero values observed as well
--- Untitled_5.gms(41) 4 Mb
--- Executing CPLEX (Solvelink=2): elapsed 0:00:00.068

IBM ILOG CPLEX   39.2.0 e0c5072f Jun 2, 2022           WEI x86 64bit/MS Window

--- GAMS/Cplex Link licensed for continuous and discrete problems.

Reading parameter(s) from "C:\projects\OptimizationModels\MaxCut\cplex.op2"
>>  qtolin 1
>>  *mipemphasis 3
>>  *cuts 5
>>  mipstart 1
>>  *symmetry 5
>>  *objdif 0.01
Finished reading from "C:\projects\OptimizationModels\MaxCut\cplex.op2"

--- GMO setup time: 0.00s
--- GMO memory 0.79 Mb (peak 0.83 Mb)
--- Dictionary memory 0.00 Mb
--- Cplex 22.1.0.0 link memory 0.01 Mb (peak 0.11 Mb)
--- Starting Cplex

Version identifier: 22.1.0.0 | 2022-03-09 | 1a383f8ce
CPXPARAM_MIP_Display                             4
CPXPARAM_MIP_Pool_Capacity                       0
CPXPARAM_Preprocessing_QToLin                    1
CPXPARAM_TimeLimit                               3000
CPXPARAM_MIP_Tolerances_AbsMIPGap                0
Generic callback                                 0x50
Processing 1 MIP starts.
MIP start 'm1' defined solution with objective 11.0893.
1 of 1 MIP starts provided solutions.
MIP start 'm1' defined initial solution with objective 11.0893.
Tried aggregator 1 time.
MIP Presolve eliminated 0 rows and 1 columns.
MIP Presolve added 4850 rows and 2425 columns.
Reduced MIP has 4950 rows, 2925 columns, and 10200 nonzeros.
Reduced MIP has 2925 binaries, 0 generals, 0 SOSs, and 0 indicators.
Presolve time = 0.00 sec. (0.93 ticks)
Probing time = 0.00 sec. (0.45 ticks)
Tried aggregator 1 time.
Detecting symmetries...
MIP Presolve eliminated 2425 rows and 0 columns.
Reduced MIP has 2525 rows, 2925 columns, and 7775 nonzeros.
Reduced MIP has 2925 binaries, 0 generals, 0 SOSs, and 0 indicators.
Presolve time = 0.02 sec. (8.38 ticks)
Probing time = 0.00 sec. (1.07 ticks)
Clique table members: 100.
MIP emphasis: balance optimality and feasibility.
MIP search method: dynamic search.
Parallel mode: deterministic, using up to 16 threads.
Parallel mode: deterministic, using up to 3 threads for parallel tasks at root LP.
Parallel mode: deterministic, using up to 13 threads for concurrent optimization:
 * Starting dual Simplex on 1 thread...
 * Starting Barrier on 11 threads...
 * Starting primal Simplex on 1 thread...
Tried aggregator 1 time.
No LP presolve or aggregator reductions.
Presolve time = 0.00 sec. (1.12 ticks)
Initializing dual steep norms . . .

Iteration log . . .
Iteration:     1   Dual objective     =             0.000000
Perturbation started.
Iteration:   101   Dual objective     =             0.000000
Removing perturbation.

Dual simplex solved model.

Root relaxation solution time = 0.02 sec. (4.23 ticks)

        Nodes                                         Cuts/
   Node  Left     Objective  IInf  Best Integer    Best Bound    ItCnt     Gap

*     0+    0                           11.0893        0.0000           100.00%
Found incumbent of value 11.089296 after 0.11 sec. (19.58 ticks)
      0     0        0.0000   200       11.0893        0.0000      112  100.00%
      0     0        0.0000   193       11.0893   ZeroHalf: 7      158  100.00%
      0     0        0.0000   276       11.0893     Cuts: 208      364  100.00%
      0     0        0.0000   227       11.0893  ZeroHalf: 51      495  100.00%
      0     0        0.0000   252       11.0893 ZeroHalf: 187      641  100.00%
      0     2        0.0000   193       11.0893        0.0000      692  100.00%
Elapsed time = 0.55 sec. (324.60 ticks, tree = 0.02 MB)
   1922  1551        1.6369   185       11.0893        0.0000    43506  100.00%
                                                     Cuts: 59                  
   4324  3462        9.8400   152       11.0893        0.0000   101290  100.00%
                                                 ZeroHalf: 47                  

Performing restart 1

Repeating presolve.
Tried aggregator 2 times.
MIP Presolve eliminated 41 rows and 45 columns.
Aggregator did 10 substitutions.
Reduced MIP has 2474 rows, 2870 columns, and 7620 nonzeros.
Reduced MIP has 2870 binaries, 0 generals, 0 SOSs, and 0 indicators.
Presolve time = 0.00 sec. (6.12 ticks)
Tried aggregator 1 time.
Reduced MIP has 2474 rows, 2870 columns, and 7620 nonzeros.
Reduced MIP has 2870 binaries, 0 generals, 0 SOSs, and 0 indicators.
Presolve time = 0.00 sec. (6.98 ticks)
Represolve time = 0.03 sec. (17.72 ticks)
Tried aggregator 1 time.
LP Presolve eliminated 1 rows and 0 columns.
Reduced LP has 2636 rows, 2870 columns, and 8679 nonzeros.
Presolve time = 0.00 sec. (1.49 ticks)
Initializing dual steep norms . . .

Iteration log . . .
Iteration:     1   Dual objective     =             0.000000
Perturbation started.
Iteration:   101   Dual objective     =             0.000000
Removing perturbation.
Initializing dual steep norms . . .
   4798     0        0.0000   219       11.0893      Cuts: 43   129392  100.00%
   4798     0        0.0000   208       11.0893      Cuts: 53   129512  100.00%
   4798     0        0.0000   250       11.0893     Cuts: 265   129720  100.00%
   4798     0        0.0000   221       11.0893      Cuts: 49   129854  100.00%
   4798     0        0.0000   282       11.0893     Cuts: 267   130100  100.00%
   4798     0        0.0000   212       11.0893      Cuts: 22   130199  100.00%
   4798     0        0.0000   284       11.0893     Cuts: 335   130408  100.00%
   4798     2        0.0000   162       11.0893        0.0000   130408  100.00%
   4991   177        5.3419   147       11.0893        0.0000   133135  100.00%
   6263  1051        9.2854   129       11.0893        0.0000   149383  100.00%
                                                     Cuts: 50                  
   8331  2660        5.9590   203       11.0893        0.0000   179633  100.00%
                                                     Cuts: 55                  
  11034  5534       10.0537   182       11.0893        0.4095   227877   96.31%
                                                     Cuts: 38                  
  13696  7499        6.0858   158       11.0893        1.4977   259675   86.49%
                                                     Cuts: 36                  
  15887 10053        6.5231   190       11.0893        1.5769   306871   85.78%
                                                      Cuts: 7                  
  26240 18934        cutoff             11.0893        2.1104   472880   80.97%
                                                     Cuts: 14                  
Elapsed time = 5.52 sec. (4026.34 ticks, tree = 89.61 MB)
  35520 28113        3.1582   198       11.0893        2.3403   644952   78.90%
                                                     Cuts: 29                  
  44607 35563        7.8655   161       11.0893        2.4903   780452   77.54%
                                                     Cuts: 46                  
  54882 44586        9.5979   188       11.0893        2.6018   955957   76.54%
                                                 ZeroHalf: 20                  
  65928 53363        8.3967   201       11.0893        2.6965  1136007   75.68%
                                                     Cuts: 20                  
  75838 62994       10.8848   153       11.0893        2.7545  1312964   75.16%
                                                     Cuts: 24                  
  86795 73953        6.6398   208       11.0893        2.8101  1547739   74.66%
                                                     Cuts: 17                  

Performing restart 2

Repeating presolve.
Tried aggregator 1 time.
Reduced MIP has 2474 rows, 2870 columns, and 7620 nonzeros.
Reduced MIP has 2870 binaries, 0 generals, 0 SOSs, and 0 indicators.
Presolve time = 0.00 sec. (4.27 ticks)
Tried aggregator 1 time.
Reduced MIP has 2474 rows, 2870 columns, and 7620 nonzeros.
Reduced MIP has 2870 binaries, 0 generals, 0 SOSs, and 0 indicators.
Presolve time = 0.02 sec. (6.98 ticks)
Represolve time = 0.17 sec. (22.76 ticks)
Tried aggregator 1 time.
No LP presolve or aggregator reductions.
Presolve time = 0.00 sec. (1.26 ticks)
Initializing dual steep norms . . .

Iteration log . . .
Iteration:     1   Dual objective     =             0.000000
Perturbation started.
Iteration:   101   Dual objective     =             0.000000
Iteration:   218   Dual objective     =             0.000009
Removing perturbation.
  87759     0        0.0000   277       11.0893     Cuts: 265  1604927   74.55%
  87759     0        0.0000   206       11.0893      Cuts: 33  1605013   74.55%
  87759     0        0.0000   267       11.0893     Cuts: 278  1605275   74.55%
  87759     0        0.0000   213       11.0893      Cuts: 48  1605394   74.55%
  87759     0        0.0000   262       11.0893     Cuts: 364  1605681   74.55%
  87759     0        0.0000   192       11.0893      Cuts: 26  1605755   74.55%
  87759     0        0.0000   296       11.0893     Cuts: 333  1606045   74.55%
  87759     0        0.0000   183       11.0893      Cuts: 32  1606131   74.55%
  87759     0        0.0000   261       11.0893     Cuts: 319  1606377   74.55%
  87759     0        0.0000   161       11.0893  ZeroHalf: 12  1606403   74.55%
  87759     0        0.0000   288       11.0893     Cuts: 300  1606656   74.55%
  87759     2        0.0000   171       11.0893        2.8221  1606656   74.55%
  90348  2132        2.1808   195       11.0893        2.8221  1642829   74.55%
                                                     Cuts: 70                  
  96664  7515       10.0270   186       11.0893        2.8221  1769226   74.55%
                                                    Cuts: 188                  
 104367 14293        4.3014   201       11.0893        2.8221  1905892   74.55%
                                                     Cuts: 63                  
Elapsed time = 20.03 sec. (14196.41 ticks, tree = 80.40 MB)
 111270 20895        8.8829   187       11.0893        2.8221  2063604   74.55%
                                                     Cuts: 98                  
 118805 27223        6.9719   234       11.0893        2.8221  2217087   74.55%
                                                     Cuts: 55                  
 125362 33944        6.5853   205       11.0893        2.8221  2389699   74.55%
                                                 ZeroHalf: 32                  
 130112 38211        8.5883   162       11.0893        2.8221  2493752   74.55%
                                                     Cuts: 13                  
 135740 43041        6.5963   168       11.0893        2.8221  2638752   74.55%
                                                     Cuts: 23                  
 142264 48745       11.0332   162       11.0893        2.8221  2790068   74.55%
                                                     Cuts: 30                  
 148862 54336        6.0563   214       11.0893        2.8221  2921725   74.55%
                                                 ZeroHalf: 17                  
 152474 58337        9.2741   208       11.0893        2.8221  3017258   74.55%
                                                  ZeroHalf: 3                  
 158916 62071        7.3125   186       11.0893        2.8221  3130384   74.55%
 164822 67749        6.6612   198       11.0893        2.8221  3282199   74.55%
                                                  ZeroHalf: 9                  
Elapsed time = 34.89 sec. (23734.61 ticks, tree = 690.66 MB)
 171946 73560       10.4993   183       11.0893        2.8221  3402859   74.55%
                                                  ZeroHalf: 7                  
 178246 81167        8.3270   163       11.0893        2.8221  3600232   74.55%
                                                 ZeroHalf: 15                  
 184950 85945        7.2519   176       11.0893        2.8221  3723199   74.55%
                                                 ZeroHalf: 17                  
 190766 91026        8.2770   219       11.0893        2.8221  3852384   74.55%
                                                  ZeroHalf: 5                  
 197570 96710        5.8440   197       11.0893        2.8221  4005440   74.55%
                                                  ZeroHalf: 9                  
 201245 102576        6.7285   187       11.0893        2.8221  4164400   74.55%
 206723 106432        7.3148   194       11.0893        2.8221  4254286   74.55%
                                                 ZeroHalf: 14                  
 212844 112540        9.5654   173       11.0893        2.8221  4427105   74.55%
                                                 ZeroHalf: 28                  
 218807 117569       11.0022   110       11.0893        2.8221  4583542   74.55%
                                                 ZeroHalf: 13                  
 224080 122500       10.5239   183       11.0893        2.8221  4746472   74.55%
                                                  ZeroHalf: 1                  
Elapsed time = 54.56 sec. (33272.99 ticks, tree = 1471.77 MB)
 230525 128179        4.0949   209       11.0893        2.8221  4892405   74.55%
                                                  ZeroHalf: 1                  
 236527 133829       10.4413   196       11.0893        2.8221  5048481   74.55%
                                                  ZeroHalf: 9                  
 243021 138326        9.1879   213       11.0893        2.8221  5166772   74.55%
                                                  ZeroHalf: 4                  
 249225 144284        9.1098   164       11.0893        2.8221  5346579   74.55%
                                                     Cuts: 14                  
 255103 148998        7.7919   232       11.0893        2.8221  5476134   74.55%
                                                  ZeroHalf: 3                  
 259108 155134        cutoff             11.0893        2.8221  5616149   74.55%
                                                  ZeroHalf: 2                  
 263915 157117        4.8134   220       11.0893        2.8221  5679789   74.55%
                                                      Cuts: 8                  
 265294 158685        7.9067   228       11.0893        2.8221  5727287   74.55%
 265993 159344        9.6184   211       11.0893        2.8221  5742656   74.55%
 266911 160325        3.4856   206       11.0893        2.8221  5765186   74.55%
                                                  ZeroHalf: 4                  
Elapsed time = 75.97 sec. (42816.90 ticks, tree = 2121.73 MB)
Nodefile size = 72.10 MB (54.05 MB after compression)
 268079 161182        8.1398   193       11.0893        2.8221  5783816   74.55%
 269175 162173       10.3417   162       11.0893        2.8221  5808499   74.55%
                                                  ZeroHalf: 1                  
 270502 163250        6.5326   203       11.0893        2.8221  5839378   74.55%
                                                  ZeroHalf: 2                  
 272536 165071        5.5176   215       11.0893        2.8221  5891769   74.55%
 273428 166113       10.4846   176       11.0893        2.8221  5918243   74.55%
 274914 167540        8.2271   248       11.0893        2.8221  5958136   74.55%
 277259 169454       10.2477   178       11.0893        2.8221  6013078   74.55%
 279860 171797        5.0680   232       11.0893        2.8221  6077615   74.55%
 285469 178238        4.4730   223       11.0893        2.8221  6282879   74.55%
                                                  ZeroHalf: 4                  
 289289 180324        5.4932   223       11.0893        2.8221  6345721   74.55%
                                                  ZeroHalf: 5                  
Elapsed time = 90.42 sec. (52358.53 ticks, tree = 2383.43 MB)
Nodefile size = 330.68 MB (248.09 MB after compression)
 290409 181487        4.3157   225       11.0893        2.8221  6373064   74.55%
 291733 182901        8.9134   197       11.0893        2.8221  6410087   74.55%
 294117 184251        5.7737   215       11.0893        2.8221  6447609   74.55%
                                                  ZeroHalf: 4                  
 298075 188649        7.0551   215       11.0893        2.8221  6586161   74.55%
                                                  ZeroHalf: 4                  
 300653 190663        8.4784   197       11.0893        2.8221  6647571   74.55%
 302030 191758        7.9556   218       11.0893        2.8221  6676048   74.55%
 305226 194696        8.4473   216       11.0893        2.8221  6761923   74.55%
                                                      Cuts: 6                  
 309218 198579        9.9586   197       11.0893        2.8221  6886103   74.55%
 311506 200721        7.3114   214       11.0893        2.8221  6940711   74.55%
 313990 202147        7.8655   192       11.0893        2.8221  6980952   74.55%
                                                  ZeroHalf: 4                  
Elapsed time = 107.03 sec. (61899.13 ticks, tree = 2718.62 MB)
Nodefile size = 665.46 MB (499.03 MB after compression)
 316264 204351        3.9007   240       11.0893        2.8221  7041627   74.55%
 317918 206599       10.1185   170       11.0893        2.8221  7106555   74.55%
 320842 208796        5.1996   239       11.0893        2.8221  7176308   74.55%
 321703 209689        7.9921   234       11.0893        2.8221  7196576   74.55%
 322219 210994       10.5659   197       11.0893        2.8221  7229384   74.55%
                                                  ZeroHalf: 1                  
 324492 212707    infeasible             11.0893        2.8221  7278885   74.55%
                                                  ZeroHalf: 5                  
 328362 215813        7.6280   185       11.0893        2.8221  7372719   74.55%
                                                  ZeroHalf: 1                  
 331001 218023        5.7588   199       11.0893        2.8221  7439170   74.55%
                                                      Cuts: 3                  
 334801 221062        6.2997   233       11.0893        2.8221  7538767   74.55%
 336077 222805        9.9665   209       11.0893        2.8221  7583483   74.55%
Elapsed time = 123.48 sec. (71442.95 ticks, tree = 3038.33 MB)
Nodefile size = 988.10 MB (742.52 MB after compression)
 337604 223941        3.5912   223       11.0893        2.8221  7612106   74.55%
 339480 225333        3.4238   228       11.0893        2.8221  7647838   74.55%
 341925 228717        8.8606   158       11.0893        2.8221  7752953   74.55%
 345518 231369        4.4635   218       11.0893        2.8221  7830793   74.55%
 347207 232771        6.0377   207       11.0893        2.8221  7867736   74.55%
                                                  ZeroHalf: 2                  
 351087 235992       10.4890   162       11.0893        2.8221  7960465   74.55%
 354697 239218        8.4604   197       11.0893        2.8221  8068736   74.55%
 357445 242141        4.6134   235       11.0893        2.8221  8150729   74.55%
 359127 244078       10.8274   178       11.0893        2.8221  8204965   74.55%
                                                      Cuts: 5                  
 360525 245893       10.9940   165       11.0893        2.8221  8256600   74.55%
Elapsed time = 142.13 sec. (80985.17 ticks, tree = 3409.27 MB)
Nodefile size = 1360.29 MB (1024.38 MB after compression)
 364699 248371        6.1886   199       11.0893        2.8221  8338511   74.55%
 368248 251328        6.5730   229       11.0893        2.8221  8434585   74.55%
                                                  ZeroHalf: 8                  
 370090 253005        4.5022   219       11.0893        2.8221  8476649   74.55%
 371839 254845       10.1663   164       11.0893        2.8221  8524069   74.55%
 374974 256626       10.0921   157       11.0893        2.8221  8577228   74.55%
                                                  ZeroHalf: 3                  
 379239 261806        8.2129   219       11.0893        2.8221  8750944   74.55%
                                                      Cuts: 3                  
 381855 263612        6.4376   206       11.0893        2.8221  8800290   74.55%
 383289 265316        4.7475   248       11.0893        2.8221  8842061   74.55%
 385344 266640        8.4936   190       11.0893        2.8221  8880736   74.55%
 396175 276223        7.2506   169       11.0893        2.8265  9165612   74.51%
Elapsed time = 168.02 sec. (93384.92 ticks, tree = 3858.89 MB)
Nodefile size = 1809.00 MB (1363.87 MB after compression)
 410118 289214       10.5762   105       11.0893        2.8849  9574816   73.99%
 424525 302297        5.6950   197       11.0893        2.9122  9976222   73.74%
 436944 313006        7.3734   200       11.0893        2.9332 10299586   73.55%
                                                      Cuts: 8                  
 448218 323878        7.7248   225       11.0893        2.9516 10613641   73.38%
                                                  ZeroHalf: 9                  
 459577 332811        4.9252   257       11.0893        2.9766 10896924   73.16%
                                                      Cuts: 9                  
 472134 344624        6.8348   208       11.0893        2.9974 11267002   72.97%
                                                  ZeroHalf: 7                  
 486313 358049        7.4729   222       11.0893        3.0269 11703408   72.70%
                                                  ZeroHalf: 5                  
 498987 368963        4.8312   234       11.0893        3.0521 12032325   72.48%
                                                  ZeroHalf: 4                  
 507120 377011        cutoff             11.0893        3.0668 12291204   72.34%
                                                  ZeroHalf: 2                  
 521783 389776        9.1555   185       11.0893        3.0810 12692201   72.22%
                                                  ZeroHalf: 9                  
Elapsed time = 266.20 sec. (131534.82 ticks, tree = 5535.14 MB)
Nodefile size = 3482.81 MB (2627.32 MB after compression)
 533259 399961       10.8209   152       11.0893        3.0932 13008048   72.11%
                                                      Cuts: 2                  
 546070 410955        4.6012   257       11.0893        3.1225 13366151   71.84%
                                                     Cuts: 16                  
 556343 419539        cutoff             11.0893        3.1245 13645502   71.82%
                                                  ZeroHalf: 3                  
 570571 432635        7.2551   180       11.0893        3.1561 14083091   71.54%
                                                  ZeroHalf: 5                  
 584004 444403        5.3027   221       11.0893        3.1822 14469874   71.30%
                                                  ZeroHalf: 5                  
 596852 455077        7.8128   256       11.0893        3.2004 14809588   71.14%
 611036 467747        9.2024   193       11.0893        3.2263 15224014   70.91%
                                                      Cuts: 8                  
 624524 479379        7.5435   239       11.0893        3.2413 15605275   70.77%
 639779 494813        9.8040   140       11.0893        3.2615 16144123   70.59%
 649748 503967        7.3819   175       11.0893        3.2657 16407548   70.55%
Elapsed time = 375.34 sec. (169686.44 ticks, tree = 7390.56 MB)
Nodefile size = 5340.11 MB (4038.86 MB after compression)
 663168 516170        7.7809   187       11.0893        3.2778 16790328   70.44%
 674788 526938        8.4437   214       11.0893        3.3046 17139929   70.20%
 690403 539213       10.3154   186       11.0893        3.3223 17538706   70.04%
                                                  ZeroHalf: 4                  
 702807 550863       10.6149   242       11.0893        3.3327 17920454   69.95%
 714714 562374        7.5631   238       11.0893        3.3465 18282977   69.82%
                                                      Cuts: 3                  
 729356 574250        8.4414   228       11.0893        3.3546 18673847   69.75%
                                                     Cuts: 10                  
 742556 587276        5.3734   263       11.0893        3.3808 19106767   69.51%
                                                  ZeroHalf: 1                  
 754296 597976        9.6178   156       11.0893        3.3946 19448220   69.39%
 768210 610323        6.6795   183       11.0893        3.4075 19855942   69.27%
 782570 623125        8.6809   200       11.0893        3.4201 20276943   69.16%
Elapsed time = 498.44 sec. (207837.95 ticks, tree = 9365.87 MB)
Nodefile size = 7314.99 MB (5543.42 MB after compression)
 797141 635665        cutoff             11.0893        3.4348 20704194   69.03%
 812916 649347        9.7401   200       11.0893        3.4542 21178710   68.85%
 823746 658763        8.5896   251       11.0893        3.4551 21445603   68.84%
 834395 668723        5.6366   233       11.0893        3.4716 21778815   68.69%
 849529 682218        4.8586   254       11.0893        3.4899 22245541   68.53%
 858591 691071       11.7475   171       11.0893        3.4899 22488351   68.53%
 873712 704019        8.8960   206       11.0893        3.5090 22931783   68.36%
                                                  ZeroHalf: 1                  
 884730 713430        7.6983   177       11.0893        3.5103 23228853   68.35%
                                                      Cuts: 7                  
 898729 728650        5.2514   192       11.0893        3.5294 23735773   68.17%
 913547 739826        5.6053   250       11.0893        3.5406 24081527   68.07%
Elapsed time = 622.67 sec. (245989.40 ticks, tree = 11384.26 MB)
Nodefile size = 9333.52 MB (7087.09 MB after compression)
 928582 753085        5.0249   234       11.0893        3.5699 24521736   67.81%
                                                  ZeroHalf: 8                  
 941094 765113        7.1707   189       11.0893        3.5791 24916626   67.72%
                                                      Cuts: 5                  
 953937 775648        5.3625   253       11.0893        3.5905 25253440   67.62%
                                                  ZeroHalf: 1                  
 967946 788742        5.4306   277       11.0893        3.6034 25674218   67.51%
 978795 798419       10.5149   216       11.0893        3.6053 25986084   67.49%
 991524 810192        6.1112   238       11.0893        3.6182 26388830   67.37%
 1004711 822397        6.6196   198       11.0893        3.6296 26773261   67.27%
                                                 ZeroHalf: 11                  
 1018936 833903        9.6195   190       11.0893        3.6407 27156159   67.17%
 1031609 844964        5.2670   212       11.0893        3.6529 27510103   67.06%
 1043612 855351        5.5318   199       11.0893        3.6679 27829406   66.92%
Elapsed time = 757.59 sec. (284137.95 ticks, tree = 13337.18 MB)
Nodefile size = 11286.08 MB (8579.45 MB after compression)
 1057858 869285        9.2477   170       11.0893        3.6703 28291468   66.90%
                                                  ZeroHalf: 3                  
 1072832 882540       10.3468   176       11.0893        3.6828 28732338   66.79%
                                                  ZeroHalf: 2                  
 1083943 892745        9.5381   225       11.0893        3.6828 29064186   66.79%
 1099723 905540       10.7461   109       11.0893        3.7132 29491200   66.52%
 1111504 916390        8.1565   202       11.0893        3.7132 29822198   66.52%
 1123148 927220        cutoff             11.0893        3.7231 30164101   66.43%
 1133780 939576        8.1451   179       11.0893        3.7393 30590028   66.28%
 1145318 947055        5.5879   235       11.0893        3.7397 30808915   66.28%
 1157877 958573        5.7613   250       11.0893        3.7473 31192267   66.21%
 1171550 970090       10.6439   103       11.0893        3.7636 31560737   66.06%
                                                      Cuts: 3                  
Elapsed time = 896.55 sec. (322286.98 ticks, tree = 15360.43 MB)
Nodefile size = 13302.41 MB (10122.31 MB after compression)
 1184974 984271        5.1762   197       11.0893        3.7758 32031240   65.95%
 1198457 993306        5.8737   203       11.0893        3.7794 32316906   65.92%
                                                    Covers: 2                  
 1212650 1007728        8.7104   190       11.0893        3.7924 32785838   65.80%
                                                  ZeroHalf: 1                  
 1225974 1018629        5.8397   203       11.0893        3.7968 33148966   65.76%
 1239099 1030597        7.4536   193       11.0893        3.8072 33544436   65.67%
                                                  ZeroHalf: 4                  
 1248875 1038118        8.6526   212       11.0893        3.8072 33762010   65.67%
 1256733 1047665        6.3855   206       11.0893        3.8190 34096112   65.56%
                                                      Cuts: 3                  
 1268553 1057795        7.5935   200       11.0893        3.8270 34421716   65.49%
                                                  ZeroHalf: 1                  
 1284454 1070707        6.2648   217       11.0893        3.8333 34868016   65.43%
                                                  ZeroHalf: 7                  
 1292945 1078112        6.0030   224       11.0893        3.8333 35085091   65.43%
                                                      Cuts: 2                  
Elapsed time = 1039.86 sec. (360435.66 ticks, tree = 17353.32 MB)
Nodefile size = 15301.97 MB (11656.68 MB after compression)
 1304398 1089541        9.4659   219       11.0893        3.8333 35474628   65.43%
 1318304 1100813        7.9316   211       11.0893        3.8462 35879350   65.32%
 1327900 1108873       11.0196   107       11.0893        3.8462 36115045   65.32%
                                                  ZeroHalf: 6                  
 1343476 1121875        4.4831   238       11.0893        3.8683 36586424   65.12%
 1354282 1132716        6.2055   212       11.0893        3.8683 36916325   65.12%
 1367017 1143640        cutoff             11.0893        3.8795 37284823   65.02%
 1381529 1155222        6.1017   232       11.0893        3.8924 37671776   64.90%
 1391006 1166247        7.0197   225       11.0893        3.8988 38031389   64.84%
 1406237 1180283        6.7606   217       11.0893        3.9069 38517722   64.77%
 1416544 1189698       10.5942   186       11.0893        3.9069 38794984   64.77%
                                                      Cuts: 5                  
Elapsed time = 1189.09 sec. (398584.41 ticks, tree = 19339.85 MB)
Nodefile size = 17287.41 MB (13176.33 MB after compression)
 1428725 1198235        5.5843   219       11.0893        3.9185 39084309   64.66%
 1440231 1210134        6.3570   193       11.0893        3.9189 39490093   64.66%
 1455761 1223711        6.4393   197       11.0893        3.9339 39954942   64.53%
                                                      Cuts: 2                  
 1465134 1232081        6.7961   210       11.0893        3.9339 40231923   64.53%
                                                      Cuts: 3                  
 1475362 1240961        4.2932   242       11.0893        3.9339 40517454   64.53%
                                                      Cuts: 3                  
 1483756 1251320        8.8085   211       11.0893        3.9443 40887690   64.43%
                                                  ZeroHalf: 1                  
 1495313 1259224        8.8593   179       11.0893        3.9446 41128522   64.43%
                                                      Cuts: 3                  
 1511352 1272425        6.4165   224       11.0893        3.9611 41612232   64.28%
 1521322 1280133        8.0703   195       11.0893        3.9611 41841707   64.28%
 1533582 1292516        7.4821   186       11.0893        3.9611 42265145   64.28%
Elapsed time = 1341.47 sec. (436736.82 ticks, tree = 21101.94 MB)
Nodefile size = 19042.40 MB (14516.44 MB after compression)
 1543937 1300780        9.3721   218       11.0893        3.9611 42523173   64.28%
 1558096 1314779        9.7795   227       11.0893        3.9708 43000235   64.19%
                                                   MIRcuts: 1                  
 1569823 1327049        9.5928   161       11.0893        3.9708 43424578   64.19%
 1584628 1339064        8.7259   232       11.0893        3.9907 43810411   64.01%
 1598377 1348823        6.5557   192       11.0893        4.0030 44154489   63.90%
 1610182 1362250        7.2637   239       11.0893        4.0034 44582300   63.90%
                                                    Covers: 1                  
 1621667 1372157        6.5621   232       11.0893        4.0143 44911951   63.80%
 1635507 1381619        8.7850   218       11.0893        4.0192 45244634   63.76%
 1648974 1393636        cutoff             11.0893        4.0273 45644093   63.68%
 1660930 1404813        4.8538   228       11.0893        4.0290 46014981   63.67%
Elapsed time = 1509.31 sec. (474894.36 ticks, tree = 23257.65 MB)
Nodefile size = 21199.54 MB (16173.72 MB after compression)
 1672527 1417050        cutoff             11.0893        4.0290 46414713   63.67%
 1687296 1428859        8.6659   189       11.0893        4.0406 46852105   63.56%
 1696312 1437467        8.7661   146       11.0893        4.0406 47102758   63.56%
 1707082 1446185        6.6672   163       11.0893        4.0414 47388250   63.56%
 1722996 1460735        8.2471   193       11.0893        4.0558 47914166   63.43%
 1732408 1468577        7.8603   203       11.0893        4.0562 48139333   63.42%
 1738837 1477273       10.0355   174       11.0893        4.0593 48408118   63.39%
 1752576 1486431        7.0064   237       11.0893        4.0683 48754369   63.31%
 1760664 1493210        5.4082   207       11.0893        4.0683 48951546   63.31%
 1769477 1502778        9.9283   198       11.0893        4.0683 49264905   63.31%
Elapsed time = 1662.67 sec. (513045.88 ticks, tree = 25169.08 MB)
Nodefile size = 23114.00 MB (17646.51 MB after compression)
 1782221 1513771        8.6842   195       11.0893        4.0702 49627024   63.30%
 1790998 1521295        5.8376   205       11.0893        4.0702 49891924   63.30%
 1800776 1531005        9.2981   177       11.0893        4.0702 50214407   63.30%
 1812395 1541110        9.8073   211       11.0893        4.0702 50561444   63.30%
 1823918 1550078        6.0189   199       11.0893        4.0702 50852737   63.30%
                                                      Cuts: 3                  
 1831221 1560589        8.7174   198       11.0893        4.0702 51216830   63.30%
                                                    Covers: 1                  
 1841830 1567375        8.1084   242       11.0893        4.0813 51420045   63.20%
 1854465 1577137        6.8392   228       11.0893        4.1065 51787000   62.97%
 1867517 1588766       11.0158   163       11.0893        4.1099 52164146   62.94%
 1878757 1601325        5.4306   229       11.0893        4.1099 52585171   62.94%
Elapsed time = 1819.61 sec. (551196.36 ticks, tree = 27009.63 MB)
Nodefile size = 24955.57 MB (19058.33 MB after compression)
 1890114 1609210        9.4346   189       11.0893        4.1099 52820277   62.94%
                                                      Cuts: 6                  
 1902684 1622267        9.9139   214       11.0893        4.1205 53277578   62.84%
 1914486 1629756        5.6746   247       11.0893        4.1205 53531371   62.84%
 1926668 1642910        5.0488   244       11.0893        4.1205 53961959   62.84%
 1940184 1652336        7.2249   211       11.0893        4.1205 54301407   62.84%
                                                  ZeroHalf: 1                  
 1952388 1664035        8.0170   175       11.0893        4.1392 54699728   62.67%
                                                    Covers: 1                  
 1962377 1675495        9.3543   217       11.0893        4.1422 55105764   62.65%
 1973711 1683075        8.6763   210       11.0893        4.1496 55332117   62.58%
 1989974 1696639        7.8777   210       11.0893        4.1570 55827506   62.51%
 1998773 1706081        7.7742   193       11.0893        4.1570 56117638   62.51%
Elapsed time = 1999.39 sec. (589346.39 ticks, tree = 29043.77 MB)
Nodefile size = 26990.13 MB (20621.08 MB after compression)
 2008134 1712985        7.3647   215       11.0893        4.1570 56349294   62.51%
 2019686 1724464        6.2227   234       11.0893        4.1692 56731051   62.40%
 2035281 1738744        8.0537   231       11.0893        4.1763 57259502   62.34%
                                                  ZeroHalf: 3                  
 2045479 1747016        8.7486   229       11.0893        4.1763 57513515   62.34%
                                                  ZeroHalf: 5                  
 2059034 1760814        8.1235   233       11.0893        4.1841 58037108   62.27%
 2070601 1767449        8.1698   171       11.0893        4.1841 58240882   62.27%
                                                  ZeroHalf: 5                  
 2084563 1778201        8.4092   174       11.0893        4.1847 58594865   62.26%
 2095385 1789962        5.8237   253       11.0893        4.1937 59006893   62.18%
                                                  ZeroHalf: 2                  
 2102325 1800642        8.4029   212       11.0893        4.1990 59352891   62.13%
                                                  ZeroHalf: 2                  
 2117054 1810377        6.8275   220       11.0893        4.2002 59696381   62.12%
                                                  ZeroHalf: 2                  
Elapsed time = 2184.11 sec. (627497.18 ticks, tree = 31049.77 MB)
Nodefile size = 28989.75 MB (22158.72 MB after compression)
 2127687 1819436        5.5848   244       11.0893        4.2002 59991062   62.12%
 2141848 1831792        8.6565   224       11.0893        4.2109 60420296   62.03%
 2152611 1844165        9.0758   167       11.0893        4.2146 60870900   61.99%
 2163659 1852492        7.8429   169       11.0893        4.2175 61155006   61.97%
 2178052 1864156        9.6727   191       11.0893        4.2218 61571837   61.93%
 2188400 1872821        6.1349   223       11.0893        4.2218 61833308   61.93%
 2201949 1887069        7.6867   173       11.0893        4.2307 62353989   61.85%
                                                      Cuts: 3                  
 2211479 1893147        6.7864   229       11.0893        4.2307 62542066   61.85%
                                                  ZeroHalf: 2                  
 2221294 1904655        9.0137   180       11.0893        4.2383 62948937   61.78%
 2229110 1912332        5.6712   177       11.0893        4.2387 63217865   61.78%
                                                  ZeroHalf: 1                  
Elapsed time = 2367.08 sec. (665647.23 ticks, tree = 32955.60 MB)
Nodefile size = 30901.11 MB (23626.62 MB after compression)
 2241064 1922600        9.5254   191       11.0893        4.2387 63550218   61.78%
                                                      Cuts: 3                  
 2253600 1931356        8.3396   223       11.0893        4.2439 63861133   61.73%
 2261070 1938559        5.4504   223       11.0893        4.2439 64082762   61.73%
 2272241 1948769        6.9410   195       11.0893        4.2457 64425831   61.71%
 2283184 1958670        5.7152   199       11.0893        4.2547 64790855   61.63%
 2294144 1968982        5.5816   234       11.0893        4.2547 65148256   61.63%
 2308967 1980541        5.6210   194       11.0893        4.2625 65582069   61.56%
 2318734 1990051        6.2880   206       11.0893        4.2625 65874423   61.56%
 2331921 2000152       10.8325   169       11.0893        4.2713 66258926   61.48%
 2340658 2008378        5.1944   214       11.0893        4.2713 66523927   61.48%
Elapsed time = 2534.56 sec. (703798.53 ticks, tree = 34783.74 MB)
Nodefile size = 32725.28 MB (25028.37 MB after compression)
 2349016 2017348        8.6874   184       11.0893        4.2713 66803397   61.48%
 2365478 2030128        6.3103   238       11.0893        4.2796 67302396   61.41%
 2372180 2035347        8.7528   236       11.0893        4.2796 67469487   61.41%
 2380553 2043325        5.8781   175       11.0893        4.2796 67714897   61.41%
 2390792 2052371        7.5467   235       11.0893        4.2876 68030031   61.34%
 2399873 2061284       10.5006   138       11.0893        4.2896 68368860   61.32%
 2409288 2070712        6.4392   221       11.0893        4.2896 68657716   61.32%
                                                      Cuts: 2                  
 2417915 2077266        7.2769   187       11.0893        4.2896 68858622   61.32%
                                                    Covers: 1                  
 2428543 2087764       10.7550   171       11.0893        4.2900 69243738   61.31%
                                                      Cuts: 3                  
 2436653 2092780       10.0874   185       11.0893        4.2900 69402835   61.31%
Elapsed time = 2693.36 sec. (741948.60 ticks, tree = 36444.33 MB)
Nodefile size = 34377.40 MB (26300.16 MB after compression)
Starting limited solution polishing.
 2447339 2104774       11.0252   151       11.0893        4.2900 69823095   61.31%
 2460937 2115909        9.5543   209       11.0893        4.3004 70219498   61.22%
                                                  ZeroHalf: 1                  
 2468465 2125466        9.7533   154       11.0893        4.3110 70514746   61.13%
 2475336 2131858       10.1408   124       11.0893        4.3155 70773299   61.08%
 2479107 2135496       10.2863   211       11.0893        4.3155 70883617   61.08%
 2482152 2139713        7.5373   188       11.0893        4.3179 71015101   61.06%
 2484311 2140722        8.7231   188       11.0893        4.3185 71049562   61.06%
 2486703 2143910        4.3679   272       11.0893        4.3189 71168974   61.05%
 2488702 2144959        8.1849   183       11.0893        4.3193 71204446   61.05%
 2488996 2140593       10.2030   123       11.0893        4.3193 71041778   61.05%
Elapsed time = 3004.27 sec. (780141.97 ticks, tree = 37397.68 MB)
Nodefile size = 35343.18 MB (27044.53 MB after compression)

Cover cuts applied:  25
Mixed integer rounding cuts applied:  5
Zero-half cuts applied:  1020
Lift and project cuts applied:  1
Gomory fractional cuts applied:  34

Root node processing (before b&c):
  Real time             =    0.55 sec. (323.34 ticks)
Parallel b&c, 16 threads:
  Real time             = 3004.05 sec. (784052.86 ticks)
  Sync time (average)   = 1157.71 sec.
  Wait time (average)   =    0.03 sec.
                          ------------
Total (root+branch&cut) = 3004.59 sec. (784376.20 ticks)

--- MIQP status (107): time limit exceeded.
--- Cplex Time: 3004.62sec (det. 784376.20 ticks)

--- Fixing integer variables and solving final QP...

Version identifier: 22.1.0.0 | 2022-03-09 | 1a383f8ce
CPXPARAM_Advance                                 2
CPXPARAM_MIP_Display                             4
CPXPARAM_MIP_Pool_Capacity                       0
CPXPARAM_Preprocessing_QToLin                    1
CPXPARAM_TimeLimit                               3000
CPXPARAM_MIP_Tolerances_AbsMIPGap                0
Number of nonzeros in lower triangle of Q = 2425
Using Approximate Minimum Degree ordering
Total time for automatic ordering = 0.00 sec. (0.19 ticks)
Summary statistics for factor of Q:
  Rows in Factor            = 500
  Integer space required    = 625
  Total non-zeros in factor = 6550
  Total FP ops to factor    = 99700
Note: Q in objective is not positive semi-definite.
Tried aggregator 1 time.
QP Presolve eliminated 100 rows and 501 columns.
All rows and columns eliminated.
Presolve time = 0.00 sec. (0.73 ticks)

--- Fixed MIQP status (1): optimal.
--- Cplex Time: 0.05sec (det. 1.10 ticks)


Resource limit exceeded
MIP Solution:           11.089296    (71292986 iterations, 2488997 nodes)
Final Solve:            11.089296    (0 iterations)

Best possible:           4.320226
Absolute gap:            6.769070
Relative gap:            0.610415

--- Reading solution for model mod
*** Status: Normal completion
--- Job Untitled_5.gms Stop 06/25/22 16:21:54 elapsed 0:50:09.711
