
--- Job Untitled_1.gms Start 06/23/22 08:08:34 39.2.0 e0c5072f WEX-WEI x86 64bit/MS Windows
--- Applying:
    C:\GAMS\39\gmsprmNT.txt
--- GAMS Parameters defined
    NLP snopt
    Input C:\projects\OptimizationModels\MaxCut\Untitled_1.gms
    PageWidth 130
    PageSize 0
    PageContr 3
    Action CE
    ScrDir C:\projects\OptimizationModels\MaxCut\225a\
    SysDir C:\GAMS\39\
    WorkDir C:\projects\OptimizationModels\MaxCut\
    LogOption 3
    DFormat 0
    TFormat 0
    ErrorLog 99
    IDE 1
Licensee: Eval License                                   G211206|0002CO-GEN
          Amsterdam Optimization Modeling Group,                     DCE378
          C:\Users\erwin\Documents\GAMS\gamslice.txt
          License Admin: Erwin Kalvelagen, info@amsterdamoptimization.com  
          Evaluation license: Not for commercial or production use
Processor information: 1 socket(s), 8 core(s), and 16 thread(s) available
GAMS 39.2.0   Copyright (C) 1987-2022 GAMS Development. All rights reserved
--- Starting compilation
--- Untitled_1.gms(23) 3 Mb
--- Initialize embedded library embpycclib64.dll
--- Execute embedded library embpycclib64.dll
n=5
[[ 2.03323632  1.40439361 -0.29496702  0.85366962 -1.92535773]
 [ 1.40439361  1.48289187 -0.68592232 -0.22605723 -1.25308124]
 [-0.29496702 -0.68592232  1.12318504  1.18774691  0.22031631]
 [ 0.85366962 -0.22605723  1.18774691  2.2167918  -0.97679935]
 [-1.92535773 -1.25308124  0.22031631 -0.97679935  1.94419175]]
--- Untitled_1.gms(44) 3 Mb
--- Starting execution: elapsed 0:00:00.231
--- Untitled_1.gms(30) 4 Mb
--- Generating NLP model m
--- Untitled_1.gms(43) 6 Mb
---   2 rows  6 columns  11 non-zeroes
---   122 nl-code  5 nl-non-zeroes
--- Range statistics (absolute non-zero finite values)
--- RHS       [min, max] : [ 1.000E+00, 1.000E+00] - Zero values observed as well
--- Bound     [min, max] : [ 1.000E-09, 1.000E+00]
--- Matrix    [min, max] : [ 1.259E-03, 1.000E+00]
--- Untitled_1.gms(43) 4 Mb
--- Executing SNOPT (Solvelink=2): elapsed 0:00:00.289

SNOPT            39.2.0 e0c5072f Jun 2, 2022           WEI x86 64bit/MS Window


 ==============================
 S N O P T  7.7.7    (Feb 2021)
 ==============================
 SNMEMB EXIT 100 -- finished successfully
 SNMEMB INFO 104 -- memory requirements estimated

 Nonlinear constraints       0     Linear constraints       2
 Nonlinear variables         5     Linear variables         0
 Jacobian  variables         0     Objective variables      5
 Total constraints           2     Total variables          5
 The user has defined       5   out of       5   objective  gradients.

 Major Minors     Step   nObj Feasible  Optimal      Objective     nS
     0      2               1           7.2E-01  2.0332363E+00      2   r
     1      5  1.0E+00      2           5.5E-01  7.7048954E-02      1   r
     2      4  1.4E-01      4           4.6E-02  2.7854768E-02      4 s
     3      1  1.0E+00      5           3.6E-02  2.7600716E-02      4
     4      1  1.0E+00      6           1.6E-02  2.7328042E-02      4
     5      1  1.0E+00      7           2.0E-02  2.7111580E-02      4
     6      2  1.0E+00      8           3.8E-02  2.6049361E-02      3
     7      1  1.0E+00      9           2.5E-02  2.5731727E-02      3
     8      1  1.0E+00     10           7.8E-03  2.5492147E-02      3
     9      1  1.0E+00     11           7.0E-03  2.5467383E-02      3

 Major Minors     Step   nObj Feasible  Optimal      Objective     nS
    10      1  1.0E+00     12           2.3E-02  2.5245432E-02      3
    11      1  1.0E+00     13           2.5E-02  2.5058734E-02      3
    12      1  1.0E+00     14           1.3E-02  2.4923198E-02      3
    13      1  1.0E+00     15           2.9E-03  2.4897752E-02      3
    14      1  1.0E+00     16           1.0E-04  2.4895914E-02      3
    15      1  1.0E+00     17          (1.5E-06) 2.4895884E-02      3
 SNOPTC EXIT   0 -- finished successfully
 SNOPTC INFO   1 -- optimality conditions satisfied

 Problem name                 m
 No. of iterations                  25   Objective            2.4895883578E-02
 No. of major iterations            15   Linear    obj. term  0.0000000000E+00
                                         Nonlinear obj. term  2.4895883578E-02
 User function calls (total)        17
 No. of superbasics                  3   No. of basic nonlinears             1
 No. of degenerate steps             1   Percentage                       4.00
 Max x                       5 4.7E-01   Max pi                      2 1.0E+00
 Max Primal infeas           0 0.0E+00   Max Dual infeas             4 1.7E-05

 Solution not printed
 Time for solving problem                       0.01 seconds
 Time for constraint functions                  0.00 seconds
 Time for objective function                    0.00 seconds

--- Reading solution for model m
*** Status: Normal completion
--- Job Untitled_1.gms Stop 06/23/22 08:08:35 elapsed 0:00:00.331
