
--- Job Untitled_4.gms Start 06/26/22 11:34:25 39.2.0 e0c5072f WEX-WEI x86 64bit/MS Windows
--- Applying:
    C:\GAMS\39\gmsprmNT.txt
--- GAMS Parameters defined
    Input C:\projects\OptimizationModels\MaxCut\Untitled_4.gms
    PageWidth 130
    PageSize 0
    PageContr 3
    Action CE
    ScrDir C:\projects\OptimizationModels\MaxCut\225z\
    SysDir C:\GAMS\39\
    WorkDir C:\projects\OptimizationModels\MaxCut\
    LogOption 3
    DFormat 0
    TFormat 0
    ErrorLog 99
    IDE 1
Licensee: Eval License                                   G211206|0002CO-GEN
          Amsterdam Optimization Modeling Group,                     DCE378
          C:\Users\erwin\Documents\GAMS\gamslice.txt
          License Admin: Erwin Kalvelagen, info@amsterdamoptimization.com  
          Evaluation license: Not for commercial or production use
Processor information: 1 socket(s), 8 core(s), and 16 thread(s) available
GAMS 39.2.0   Copyright (C) 1987-2022 GAMS Development. All rights reserved
--- Starting compilation
--- Untitled_4.gms(33) 3 Mb
--- $echo File C:\projects\OptimizationModels\MaxCut\cplex.opt
--- Untitled_4.gms(43) 3 Mb
--- $echo File C:\projects\OptimizationModels\MaxCut\cplex.op2
--- Untitled_4.gms(49) 3 Mb
--- Starting execution: elapsed 0:00:00.059
--- Untitled_4.gms(28) 4 Mb
--- Generating MIQCP model mod
--- Untitled_4.gms(29) 6 Mb
---   101 rows  401 columns  801 non-zeroes
---   12,482 nl-code  400 nl-non-zeroes
---   400 discrete-columns
--- Range statistics (absolute non-zero finite values)
--- RHS       [min, max] : [ 1.000E+00, 1.000E+00] - Zero values observed as well
--- Bound     [min, max] : [ 1.000E+00, 1.000E+00] - Zero values observed as well
--- Matrix    [min, max] : [ 1.000E+00, 1.000E+00] - Zero values observed as well
--- Untitled_4.gms(29) 4 Mb
--- Executing CPLEX (Solvelink=2): elapsed 0:00:00.066

IBM ILOG CPLEX   39.2.0 e0c5072f Jun 2, 2022           WEI x86 64bit/MS Window

--- GAMS/Cplex Link licensed for continuous and discrete problems.

Reading parameter(s) from "C:\projects\OptimizationModels\MaxCut\cplex.opt"
>>  qtolin 0
>>  mipemphasis 1
Finished reading from "C:\projects\OptimizationModels\MaxCut\cplex.opt"

--- GMO setup time: 0.00s
--- GMO memory 0.70 Mb (peak 0.73 Mb)
--- Dictionary memory 0.00 Mb
--- Cplex 22.1.0.0 link memory 0.01 Mb (peak 0.07 Mb)
--- Starting Cplex

Version identifier: 22.1.0.0 | 2022-03-09 | 1a383f8ce
CPXPARAM_Advance                                 0
CPXPARAM_MIP_Display                             4
CPXPARAM_Emphasis_MIP                            1
CPXPARAM_MIP_Pool_Capacity                       0
CPXPARAM_Preprocessing_QToLin                    0
CPXPARAM_TimeLimit                               100
CPXPARAM_MIP_Tolerances_AbsMIPGap                0
Generic callback                                 0x50
Found incumbent of value 336.686338 after 0.00 sec. (0.05 ticks)
Tried aggregator 1 time.
MIQP Presolve eliminated 0 rows and 1 columns.
Repairing indefinite Q in the objective.
Reduced MIQP has 100 rows, 400 columns, and 400 nonzeros.
Reduced MIQP has 400 binaries, 0 generals, 0 SOSs, and 0 indicators.
Reduced MIQP objective Q matrix has 3520 nonzeros.
Presolve time = 0.00 sec. (5.40 ticks)
Probing time = 0.00 sec. (0.11 ticks)
Tried aggregator 1 time.
Reduced MIQP has 100 rows, 400 columns, and 400 nonzeros.
Reduced MIQP has 400 binaries, 0 generals, 0 SOSs, and 0 indicators.
Reduced MIQP objective Q matrix has 3520 nonzeros.
Presolve time = 0.02 sec. (3.11 ticks)
Probing time = 0.00 sec. (0.11 ticks)
Clique table members: 100.
MIP emphasis: integer feasibility.
MIP search method: dynamic search.
Parallel mode: deterministic, using up to 16 threads.
Number of nonzeros in lower triangle of Q = 1560
Using Approximate Minimum Degree ordering
Total time for automatic ordering = 0.00 sec. (0.12 ticks)
Summary statistics for factor of Q:
  Rows in Factor            = 400
  Integer space required    = 480
  Total non-zeros in factor = 4900
  Total FP ops to factor    = 70580
Tried aggregator 1 time.
No QP presolve or aggregator reductions.
Presolve time = 0.00 sec. (0.49 ticks)
Number of nonzeros in lower triangle of Q = 1560
Using Approximate Minimum Degree ordering
Total time for automatic ordering = 0.00 sec. (0.12 ticks)
Summary statistics for factor of Q:
  Rows in Factor            = 400
  Integer space required    = 480
  Total non-zeros in factor = 4900
  Total FP ops to factor    = 70580
Tried aggregator 1 time.
QP Presolve added 0 rows and 400 columns.
Reduced QP has 500 rows, 800 columns, and 2764 nonzeros.
Reduced QP objective Q matrix has 400 nonzeros.
Presolve time = 0.00 sec. (0.74 ticks)
Parallel mode: using up to 16 threads for barrier.
Number of nonzeros in lower triangle of A*A' = 3552
Using Approximate Minimum Degree ordering
Total time for automatic ordering = 0.00 sec. (0.19 ticks)
Summary statistics for Cholesky factor:
  Threads                   = 16
  Rows in Factor            = 500
  Integer space required    = 1619
  Total non-zeros in factor = 12473
  Total FP ops to factor    = 344811
 Itn      Primal Obj        Dual Obj  Prim Inf Upper Inf  Dual Inf          
   0  -5.6934427e+03  -4.0070190e+05  1.37e+04  7.60e+03  4.89e+02
   1  -2.4840006e+01  -3.5218920e+05  9.13e-13  0.00e+00  8.08e-11
   2  -2.4840006e+01  -1.7856618e+03  1.42e-15  0.00e+00  1.80e-11
   3  -2.4840006e+01  -3.3644115e+01  1.47e-15  0.00e+00  2.15e-13
   4  -2.4840006e+01  -2.4887489e+01  1.33e-14  6.77e-15  4.58e-14
   5  -2.4840006e+01  -2.4840259e+01  2.35e-14  1.50e-14  6.30e-14
   6  -2.4840006e+01  -2.4840008e+01  2.84e-14  1.51e-14  6.60e-14
   7  -2.4840006e+01  -2.4840006e+01  2.86e-14  1.53e-14  7.09e-14
   8  -2.4840006e+01  -2.4840006e+01  3.15e-14  1.25e-14  6.67e-14
Barrier time = 0.02 sec. (3.27 ticks)

Total time on 16 threads = 0.02 sec. (3.77 ticks)
Barrier time = 0.02 sec. (3.28 ticks)
Number of nonzeros in lower triangle of Q = 1560
Using Approximate Minimum Degree ordering
Total time for automatic ordering = 0.00 sec. (0.12 ticks)
Summary statistics for factor of Q:
  Rows in Factor            = 400
  Integer space required    = 480
  Total non-zeros in factor = 4900
  Total FP ops to factor    = 70580

QP crossover.
  Primal:  Fixed no variables.
  Dual  :  Fixed no variables.
Total crossover time = 0.00 sec. (1.65 ticks)

Total time on 16 threads = 0.02 sec. (5.43 ticks)
Root relaxation solution time = 0.02 sec. (5.44 ticks)

        Nodes                                         Cuts/
   Node  Left     Objective  IInf  Best Integer    Best Bound    ItCnt     Gap

*     0+    0                          336.6863        0.0000           100.00%
Found incumbent of value 336.686338 after 0.11 sec. (14.76 ticks)
      0     0      -24.8400   400      336.6863        0.0000        8  100.00%
*     0+    0                           95.9459        0.0000           100.00%
Found incumbent of value 95.945888 after 0.13 sec. (24.85 ticks)
*     0+    0                           84.5249        0.0000           100.00%
Found incumbent of value 84.524924 after 0.13 sec. (36.92 ticks)
*     0+    0                           74.7585        0.0000           100.00%
Found incumbent of value 74.758534 after 0.14 sec. (68.49 ticks)
*     0+    0                           63.1603        0.0000           100.00%
Found incumbent of value 63.160332 after 0.19 sec. (87.23 ticks)
      0     0  -1.00000e+75     0       63.1603        0.0000        8  100.00%
      0     2      -24.8400   400       63.1603        0.0000        8  100.00%
Elapsed time = 0.20 sec. (90.07 ticks, tree = 0.02 MB)
*    10+   10                           54.6924        0.0000           100.00%
Found incumbent of value 54.692394 after 0.25 sec. (107.09 ticks)
*    47+    9                           47.3198        0.0000           100.00%
Found incumbent of value 47.319836 after 0.28 sec. (125.63 ticks)
*    54+    9                           47.0452        0.0000           100.00%
Found incumbent of value 47.045166 after 0.28 sec. (126.21 ticks)
*    79+   10                           39.0963        0.0000           100.00%
Found incumbent of value 39.096324 after 0.28 sec. (128.36 ticks)
*   382+  264                           37.8702        0.0000           100.00%
Found incumbent of value 37.870173 after 0.34 sec. (170.01 ticks)
*   559+  353                           33.5390        0.0000           100.00%
Found incumbent of value 33.538996 after 0.36 sec. (186.12 ticks)
*  1299+  972                           27.5454        0.0000           100.00%
Found incumbent of value 27.545412 after 0.42 sec. (223.00 ticks)
*  1371+ 1009                           27.4901        0.0000           100.00%
Found incumbent of value 27.490082 after 0.42 sec. (226.65 ticks)
*  1373+  907                           26.7172        0.0000           100.00%
Found incumbent of value 26.717179 after 0.42 sec. (226.76 ticks)
*  1396+ 1030                           26.1163        0.0000           100.00%
Found incumbent of value 26.116261 after 0.42 sec. (228.33 ticks)
*  1497+ 1230                           25.8652        0.0000           100.00%
Found incumbent of value 25.865160 after 0.44 sec. (232.87 ticks)
*  1607+ 1183                           25.4315        0.0000           100.00%
Found incumbent of value 25.431535 after 0.44 sec. (238.10 ticks)
*  1841+ 1422                           24.7381        0.0000           100.00%
Found incumbent of value 24.738135 after 0.45 sec. (247.42 ticks)
*  2150+ 1619                           23.4891        0.0000           100.00%
Found incumbent of value 23.489085 after 0.50 sec. (258.16 ticks)
*  3835+ 3066                           22.6473        0.0000           100.00%
Found incumbent of value 22.647331 after 0.59 sec. (319.27 ticks)
*  3869+ 3066                           22.4720        0.0000           100.00%
Found incumbent of value 22.471992 after 0.59 sec. (323.85 ticks)
   3881  3463      -15.0086   295       22.4720        0.0000    13123  100.00%

Performing restart 1

Repeating presolve.
Tried aggregator 1 time.
Reduced MIQP has 100 rows, 400 columns, and 400 nonzeros.
Reduced MIQP has 400 binaries, 0 generals, 0 SOSs, and 0 indicators.
Reduced MIQP objective Q matrix has 3520 nonzeros.
Presolve time = 0.00 sec. (3.09 ticks)
Tried aggregator 1 time.
Reduced MIQP has 100 rows, 400 columns, and 400 nonzeros.
Reduced MIQP has 400 binaries, 0 generals, 0 SOSs, and 0 indicators.
Reduced MIQP objective Q matrix has 3520 nonzeros.
Presolve time = 0.00 sec. (3.09 ticks)
Represolve time = 0.02 sec. (6.93 ticks)
Number of nonzeros in lower triangle of Q = 1560
Using Approximate Minimum Degree ordering
Total time for automatic ordering = 0.00 sec. (0.12 ticks)
Summary statistics for factor of Q:
  Rows in Factor            = 400
  Integer space required    = 480
  Total non-zeros in factor = 4900
  Total FP ops to factor    = 70580
Tried aggregator 1 time.
No QP presolve or aggregator reductions.
Presolve time = 0.00 sec. (0.49 ticks)
Number of nonzeros in lower triangle of Q = 1560
Using Approximate Minimum Degree ordering
Total time for automatic ordering = 0.02 sec. (0.12 ticks)
Summary statistics for factor of Q:
  Rows in Factor            = 400
  Integer space required    = 480
  Total non-zeros in factor = 4900
  Total FP ops to factor    = 70580
Tried aggregator 1 time.
QP Presolve added 0 rows and 400 columns.
Reduced QP has 500 rows, 800 columns, and 2764 nonzeros.
Reduced QP objective Q matrix has 400 nonzeros.
Presolve time = 0.02 sec. (0.74 ticks)
Parallel mode: using up to 16 threads for barrier.
Number of nonzeros in lower triangle of A*A' = 3552
Using Approximate Minimum Degree ordering
Total time for automatic ordering = 0.00 sec. (0.19 ticks)
Summary statistics for Cholesky factor:
  Threads                   = 16
  Rows in Factor            = 500
  Integer space required    = 1619
  Total non-zeros in factor = 12473
  Total FP ops to factor    = 344811
 Itn      Primal Obj        Dual Obj  Prim Inf Upper Inf  Dual Inf          
   0  -5.6934427e+03  -4.0070190e+05  1.37e+04  7.60e+03  4.89e+02
   1  -2.4840006e+01  -3.5218920e+05  9.13e-13  0.00e+00  8.08e-11
   2  -2.4840006e+01  -1.7856618e+03  1.42e-15  0.00e+00  1.80e-11
   3  -2.4840006e+01  -3.3644115e+01  1.47e-15  0.00e+00  2.15e-13
   4  -2.4840006e+01  -2.4887489e+01  1.33e-14  6.77e-15  4.58e-14
   5  -2.4840006e+01  -2.4840259e+01  2.35e-14  1.50e-14  6.30e-14
   6  -2.4840006e+01  -2.4840008e+01  2.84e-14  1.51e-14  6.60e-14
   7  -2.4840006e+01  -2.4840006e+01  2.86e-14  1.53e-14  7.09e-14
   8  -2.4840006e+01  -2.4840006e+01  3.15e-14  1.25e-14  6.67e-14
Barrier time = 0.03 sec. (3.27 ticks)

Total time on 16 threads = 0.03 sec. (3.77 ticks)
Barrier time = 0.03 sec. (3.28 ticks)
Number of nonzeros in lower triangle of Q = 1560
Using Approximate Minimum Degree ordering
Total time for automatic ordering = 0.00 sec. (0.12 ticks)
Summary statistics for factor of Q:
  Rows in Factor            = 400
  Integer space required    = 480
  Total non-zeros in factor = 4900
  Total FP ops to factor    = 70580

QP crossover.
  Primal:  Fixed no variables.
  Dual  :  Fixed no variables.
Total crossover time = 0.00 sec. (1.65 ticks)

Total time on 16 threads = 0.03 sec. (5.43 ticks)
*  4654+    0                           22.0673      -24.5537           211.27%
Found incumbent of value 22.067266 after 0.77 sec. (429.47 ticks)
*  4711+    4                           21.9810      -24.5537           211.70%
Found incumbent of value 21.980968 after 0.81 sec. (465.65 ticks)
   6077   932       12.4033   105       21.9810      -24.5537    22335  211.70%
* 11107+ 5619                           21.3086      -24.3878           214.45%
Found incumbent of value 21.308566 after 1.25 sec. (790.54 ticks)
* 11235+ 5777                           20.5505      -24.3878           218.67%
Found incumbent of value 20.550540 after 1.25 sec. (793.90 ticks)
* 11572+ 5843                           20.0746      -24.3878           221.49%
Found incumbent of value 20.074626 after 1.27 sec. (802.33 ticks)
* 11614  6051      integral     0       20.0679      -24.3878    41152  221.53%
Found incumbent of value 20.067925 after 1.27 sec. (803.25 ticks)
  11719  5857       10.4274   113       20.0679      -24.3878    40202  221.53%
* 12310+ 6328                           19.8987      -24.3878           222.56%
Found incumbent of value 19.898711 after 1.30 sec. (820.81 ticks)
* 12993+ 6150                           19.6057      -24.3878           224.39%
Found incumbent of value 19.605721 after 1.33 sec. (840.78 ticks)
* 13189+ 6150                           19.4689      -24.3878           225.27%
Found incumbent of value 19.468862 after 1.33 sec. (845.16 ticks)
* 14266+ 7644                           19.4580      -24.3878           225.34%
Found incumbent of value 19.458027 after 1.38 sec. (870.69 ticks)
* 14313+ 7885                           19.4066      -24.3878           225.67%
Found incumbent of value 19.406599 after 1.38 sec. (872.74 ticks)
  21154 14291       10.8724   110       19.4066      -24.3878    73083  225.67%
  32231 24392      -11.7076   303       19.4066      -24.3878   109989  225.67%
* 35683+27670                           19.2084      -24.3878           226.96%
Found incumbent of value 19.208367 after 2.00 sec. (1370.23 ticks)
* 36937+27578                           18.9986      -24.3878           228.37%
Found incumbent of value 18.998565 after 2.03 sec. (1400.90 ticks)
  41784 32116        3.6618   171       18.9986      -24.3878   138472  228.37%
* 49371+40307                           18.2170      -24.3878           233.87%
Found incumbent of value 18.216983 after 2.39 sec. (1678.00 ticks)
* 49417+40307                           17.9191      -24.3878           236.10%
Found incumbent of value 17.919147 after 2.39 sec. (1679.87 ticks)
  50486 41567        4.0184   159       17.9191      -24.3878   173059  236.10%
* 53030+39838                           17.8521      -24.3878           236.61%
Found incumbent of value 17.852057 after 2.69 sec. (1887.16 ticks)
* 54270+39838                           17.5895      -24.3878           238.65%
Found incumbent of value 17.589541 after 2.75 sec. (1941.52 ticks)
  55328 47969       -6.6053   224       17.5895      -24.3878   196386  238.65%
  60870 50985        3.3787   196       17.5895      -24.3878   208480  238.65%
* 61759+39838                           17.3607      -24.3878           240.48%
Found incumbent of value 17.360659 after 3.27 sec. (2286.14 ticks)
* 62165+39838                           17.2058      -24.3878           241.74%
Found incumbent of value 17.205786 after 3.30 sec. (2309.34 ticks)
  87247 71481      -15.8876   340       17.2058      -24.3878   293313  241.74%
Elapsed time = 4.39 sec. (3190.18 ticks, tree = 28.82 MB)
 117106 99230        2.2552   220       17.2058      -24.3878   396832  241.74%
 148446 132128      -16.1218   329       17.2058      -24.3878   519184  241.74%
 178524 161523        6.5213   190       17.2058      -24.3878   628527  241.74%
 209093 191556       10.7876   128       17.2058      -24.3878   739871  241.74%
 240084 220264       -2.5095   210       17.2058      -24.3878   844443  241.74%
*248961+40594                           17.0109      -24.3878           243.37%
Found incumbent of value 17.010910 after 11.36 sec. (8212.90 ticks)
*253539+40594                           16.7652      -24.3878           245.47%
Found incumbent of value 16.765230 after 11.52 sec. (8352.20 ticks)
*253911+40594                           16.6116      -24.3878           246.81%
Found incumbent of value 16.611581 after 11.55 sec. (8367.66 ticks)
*262501+40594                           16.5479      -24.3878           247.38%
Found incumbent of value 16.547857 after 11.91 sec. (8641.49 ticks)
*263428+40594                           16.3827      -24.3878           248.86%
Found incumbent of value 16.382698 after 11.95 sec. (8675.33 ticks)
*264054+40594                           16.1508      -24.3878           251.00%
Found incumbent of value 16.150830 after 11.97 sec. (8695.50 ticks)
 271080 247035      -12.5634   272       16.1508      -24.3878   942366  251.00%
 310046 279685      -16.4592   321       16.1508      -24.3878  1085964  251.00%
 353188 315864      -17.2688   311       16.1508      -24.3878  1218199  251.00%
 393919 352730      -14.0725   307       16.1508      -24.3878  1353454  251.00%
 434282 393890       -6.4343   249       16.1508      -24.3878  1504738  251.00%
Elapsed time = 17.92 sec. (12727.08 ticks, tree = 150.45 MB)
 474911 436921        3.3863   190       16.1508      -24.3878  1662353  251.00%
 518532 478817        5.2997   164       16.1508      -24.3878  1815893  251.00%
 559280 511930        9.9308   168       16.1508      -24.3878  1937395  251.00%
 600308 556835       16.1100   131       16.1508      -24.3878  2103380  251.00%
 643806 595694       -8.7780   277       16.1508      -24.3878  2247122  251.00%
 683325 633659       -3.5023   252       16.1508      -24.3878  2386811  251.00%
 723321 676462        8.0134   184       16.1508      -24.3878  2544617  251.00%
 766779 709859       -0.3487   182       16.1508      -24.3878  2668431  251.00%
 807476 748360       -3.7249   218       16.1508      -24.3878  2809754  251.00%
 850749 793530        1.5809   211       16.1508      -24.3878  2977341  251.00%
Elapsed time = 37.89 sec. (22264.05 ticks, tree = 304.88 MB)
 889763 829749        0.8262   230       16.1508      -24.3878  3110823  251.00%
 935534 871182      -15.9495   326       16.1508      -24.3878  3263595  251.00%
 974070 909166       15.6488    84       16.1508      -24.3878  3403951  251.00%
 1014651 958803        1.9584   195       16.1508      -24.3878  3587742  251.00%
 1058280 1000072       -9.2901   280       16.1508      -24.3878  3740032  251.00%
 1098146 1030851      -10.0853   279       16.1508      -24.3878  3853006  251.00%
 1140767 1075330       12.4589   148       16.1508      -24.3878  4016280  251.00%
 1184080 1116216        4.4296   193       16.1508      -24.3878  4165069  251.00%
 1223820 1150580        1.6156   213       16.1508      -24.3878  4292620  251.00%
 1270377 1188510       -9.9316   272       16.1508      -24.3878  4431152  251.00%
Elapsed time = 60.72 sec. (31801.02 ticks, tree = 467.16 MB)
 1308237 1230377       -9.9311   285       16.1508      -24.3878  4585771  251.00%
 1354823 1274655       -0.0163   231       16.1508      -24.3878  4748725  251.00%
 1392515 1312933       -7.1444   249       16.1508      -24.3878  4889287  251.00%
 1435816 1353724       10.1074   154       16.1508      -24.3878  5038983  251.00%
 1476335 1395100      -14.5124   309       16.1508      -24.3878  5190301  251.00%
 1520310 1437978      -14.1627   298       16.1508      -24.3878  5347255  251.00%
 1564501 1480852        0.3285   226       16.1508      -24.3878  5503879  251.00%
 1604582 1513681        8.2921   185       16.1508      -24.3878  5624027  251.00%
 1647830 1555704      -10.7488   279       16.1508      -24.3878  5777566  251.00%
 1690004 1594406       13.1815   119       16.1508      -24.3878  5919047  251.00%
Elapsed time = 84.58 sec. (41337.94 ticks, tree = 616.44 MB)
 1730694 1634135      -13.7998   297       16.1508      -24.3878  6063741  251.00%
 1776942 1683181      -15.3827   318       16.1508      -24.3878  6245358  251.00%
Starting limited solution polishing.
*1799266+1711432                           16.0732      -24.3878           251.73%
Found incumbent of value 16.073217 after 91.38 sec. (43994.24 ticks)
 1802915 1714083       10.6790   162       16.0732      -24.3878  6368834  251.73%
 1812203 1725097       -1.0135   223       16.0732      -24.3878  6408851  251.73%
 1816451 1729502       10.9528   123       16.0732      -24.3878  6425140  251.73%
*1817851+1729921                           16.0546      -24.3878           251.91%
Found incumbent of value 16.054583 after 96.11 sec. (46601.50 ticks)
 1819051 1731613       -6.2026   234       16.0546      -24.3878  6433162  251.91%
*1820551+1732190                           16.0041      -24.3878           252.38%
Found incumbent of value 16.004091 after 97.69 sec. (47603.69 ticks)
 1821482 1732840      -12.6771   281       16.0041      -24.3878  6445954  252.38%
*1837263+1733540                           16.0017      -24.3878           252.41%
Found incumbent of value 16.001681 after 100.03 sec. (48926.13 ticks)
 1837263 1732419      -10.5596   278       16.0017      -24.3878  6444452  252.41%

Root node processing (before b&c):
  Real time             =    0.20 sec. (88.46 ticks)
Parallel b&c, 16 threads:
  Real time             =   99.83 sec. (49052.49 ticks)
  Sync time (average)   =   24.62 sec.
  Wait time (average)   =    0.01 sec.
                          ------------
Total (root+branch&cut) =  100.03 sec. (49140.96 ticks)

--- MIQP status (107): time limit exceeded.
--- Cplex Time: 100.06sec (det. 49140.96 ticks)

--- Fixing integer variables and solving final QP...

Version identifier: 22.1.0.0 | 2022-03-09 | 1a383f8ce
CPXPARAM_Advance                                 2
CPXPARAM_MIP_Display                             4
CPXPARAM_Emphasis_MIP                            1
CPXPARAM_MIP_Pool_Capacity                       0
CPXPARAM_Preprocessing_QToLin                    0
CPXPARAM_TimeLimit                               100
CPXPARAM_MIP_Tolerances_AbsMIPGap                0
Number of nonzeros in lower triangle of Q = 1560
Using Approximate Minimum Degree ordering
Total time for automatic ordering = 0.00 sec. (0.12 ticks)
Summary statistics for factor of Q:
  Rows in Factor            = 400
  Integer space required    = 480
  Total non-zeros in factor = 4900
  Total FP ops to factor    = 70580
Note: Q in objective is not positive semi-definite.
Tried aggregator 1 time.
QP Presolve eliminated 100 rows and 401 columns.
All rows and columns eliminated.
Presolve time = 0.00 sec. (0.51 ticks)

--- Fixed MIQP status (1): optimal.
--- Cplex Time: 0.08sec (det. 0.80 ticks)


Resource limit exceeded
MIP Solution:           16.001681    (6508124 iterations, 1837264 nodes)
Final Solve:            16.001681    (0 iterations)

Best possible:           0.000000
Absolute gap:           16.001681
Relative gap:            1.000000

--- Reading solution for model mod
--- Executing after solve: elapsed 0:01:40.856
--- Untitled_4.gms(40) 4 Mb
--- Generating MIQCP model mod
--- Untitled_4.gms(41) 6 Mb
---   101 rows  401 columns  801 non-zeroes
---   12,482 nl-code  400 nl-non-zeroes
---   400 discrete-columns
--- Range statistics (absolute non-zero finite values)
--- RHS       [min, max] : [ 1.000E+00, 1.000E+00] - Zero values observed as well
--- Bound     [min, max] : [ 1.000E+00, 1.000E+00] - Zero values observed as well
--- Matrix    [min, max] : [ 1.340E-01, 5.302E+00] - Zero values observed as well
--- Untitled_4.gms(41) 4 Mb
--- Executing CPLEX (Solvelink=2): elapsed 0:01:40.861

IBM ILOG CPLEX   39.2.0 e0c5072f Jun 2, 2022           WEI x86 64bit/MS Window

--- GAMS/Cplex Link licensed for continuous and discrete problems.

Reading parameter(s) from "C:\projects\OptimizationModels\MaxCut\cplex.op2"
>>  qtolin 1
>>  mipemphasis 2
>>  cuts 4
>>  mipstart 1
>>  symmetry 5
Finished reading from "C:\projects\OptimizationModels\MaxCut\cplex.op2"

--- GMO setup time: 0.00s
--- GMO memory 0.70 Mb (peak 0.73 Mb)
--- Dictionary memory 0.00 Mb
--- Cplex 22.1.0.0 link memory 0.01 Mb (peak 0.07 Mb)
--- Starting Cplex

Version identifier: 22.1.0.0 | 2022-03-09 | 1a383f8ce
CPXPARAM_MIP_Cuts_Cliques                        3
CPXPARAM_MIP_Cuts_Covers                         3
CPXPARAM_MIP_Display                             4
CPXPARAM_MIP_Cuts_FlowCovers                     2
CPXPARAM_MIP_Cuts_Implied                        2
CPXPARAM_MIP_Cuts_GUBCovers                      2
CPXPARAM_MIP_Cuts_Gomory                         2
CPXPARAM_MIP_Cuts_PathCut                        2
CPXPARAM_MIP_Cuts_MIRCut                         2
CPXPARAM_MIP_Cuts_Disjunctive                    3
CPXPARAM_Emphasis_MIP                            2
CPXPARAM_Preprocessing_Symmetry                  5
CPXPARAM_MIP_Pool_Capacity                       0
CPXPARAM_MIP_Cuts_ZeroHalfCut                    2
CPXPARAM_MIP_Cuts_MCFCut                         2
CPXPARAM_MIP_Cuts_LiftProj                       3
CPXPARAM_MIP_Cuts_LocalImplied                   3
CPXPARAM_MIP_Cuts_BQP                            3
CPXPARAM_Preprocessing_QToLin                    1
CPXPARAM_TimeLimit                               1000
CPXPARAM_MIP_Tolerances_AbsMIPGap                0
Generic callback                                 0x50
Processing 1 MIP starts.
MIP start 'm1' defined solution with objective 16.0017.
1 of 1 MIP starts provided solutions.
MIP start 'm1' defined initial solution with objective 16.0017.
Tried aggregator 1 time.
MIP Presolve eliminated 0 rows and 1 columns.
MIP Presolve added 3120 rows and 1560 columns.
Reduced MIP has 3220 rows, 1960 columns, and 6640 nonzeros.
Reduced MIP has 1960 binaries, 0 generals, 0 SOSs, and 0 indicators.
Presolve time = 0.00 sec. (0.65 ticks)
Probing time = 0.00 sec. (0.73 ticks)
Tried aggregator 1 time.
Detecting symmetries...
MIP Presolve eliminated 1560 rows and 0 columns.
Reduced MIP has 1660 rows, 1960 columns, and 5080 nonzeros.
Reduced MIP has 1960 binaries, 0 generals, 0 SOSs, and 0 indicators.
Presolve time = 0.00 sec. (5.45 ticks)
Probing time = 0.00 sec. (0.63 ticks)
Clique table members: 100.
MIP emphasis: optimality.
MIP search method: dynamic search.
Parallel mode: deterministic, using up to 16 threads.
Parallel mode: deterministic, using up to 3 threads for parallel tasks at root LP.
Parallel mode: deterministic, using up to 13 threads for concurrent optimization:
 * Starting dual Simplex on 1 thread...
 * Starting Barrier on 11 threads...
 * Starting primal Simplex on 1 thread...
Tried aggregator 1 time.
No LP presolve or aggregator reductions.
Presolve time = 0.00 sec. (0.74 ticks)
Initializing dual steep norms . . .

Iteration log . . .
Iteration:     1   Dual objective     =             0.000000
Perturbation started.
Iteration:   101   Dual objective     =             0.000000
Removing perturbation.

Dual simplex solved model.

Root relaxation solution time = 0.00 sec. (2.95 ticks)

        Nodes                                         Cuts/
   Node  Left     Objective  IInf  Best Integer    Best Bound    ItCnt     Gap

*     0+    0                           16.0017        0.0000           100.00%
Found incumbent of value 16.001681 after 0.02 sec. (13.46 ticks)
      0     0        0.0000   200       16.0017        0.0000      113  100.00%
      0     0        0.0000   209       16.0017      Cuts: 25      149  100.00%
      0     0        0.0000   190       16.0017      Cuts: 39      227  100.00%
      0     0        0.0000   202       16.0017     Cuts: 261      398  100.00%
      0     2        0.0000   198       16.0017        0.0000      409  100.00%
Elapsed time = 1.31 sec. (1188.40 ticks, tree = 0.02 MB)
   1840  1530        3.2299   226       16.0017        0.0000    50087  100.00%
                                                ZeroHalf: 247                  
   3486  2940        9.9628   151       16.0017        0.0371   114258   99.77%
                                                ZeroHalf: 268                  

Performing restart 1

Repeating presolve.
Tried aggregator 2 times.
MIP Presolve eliminated 25 rows and 28 columns.
Aggregator did 8 substitutions.
Reduced MIP has 1627 rows, 1924 columns, and 4980 nonzeros.
Reduced MIP has 1924 binaries, 0 generals, 0 SOSs, and 0 indicators.
Presolve time = 0.02 sec. (4.09 ticks)
Tried aggregator 1 time.
Reduced MIP has 1627 rows, 1924 columns, and 4980 nonzeros.
Reduced MIP has 1924 binaries, 0 generals, 0 SOSs, and 0 indicators.
Presolve time = 0.00 sec. (4.48 ticks)
Represolve time = 0.02 sec. (12.23 ticks)
Tried aggregator 1 time.
LP Presolve eliminated 1 rows and 0 columns.
Reduced LP has 2300 rows, 1924 columns, and 9694 nonzeros.
Presolve time = 0.00 sec. (1.34 ticks)
Initializing dual steep norms . . .

Iteration log . . .
Iteration:     1   Dual objective     =             0.000000
Perturbation started.
Iteration:   101   Dual objective     =             0.000000
Iteration:   203   Dual objective     =             0.000010
Removing perturbation.
Initializing dual steep norms . . .
   4387     0        0.0872   286       16.0017     Cuts: 375   165370   94.35%
   4387     0        0.2079   243       16.0017      Cuts: 69   165540   94.35%
   4387     0        0.2628   246       16.0017     Cuts: 404   165834   94.35%
   4387     0        0.3669   249       16.0017     Cuts: 125   165990   94.35%
   4387     0        0.5916   267       16.0017     Cuts: 452   166316   94.35%
   4387     0        0.6394   237       16.0017     Cuts: 340   166632   94.35%
   4387     0        0.6702   286       16.0017     Cuts: 270   166897   94.35%
   4387     0        0.7008   287       16.0017     Cuts: 378   167305   94.35%
   4387     0        0.7184   311       16.0017     Cuts: 343   167595   94.35%
   4387     0        0.7284   277       16.0017     Cuts: 121   167796   94.35%
   4387     0        0.7621   303       16.0017     Cuts: 363   168237   94.35%
   4387     0        0.8183   268       16.0017     Cuts: 390   168531   94.35%
   4387     0        0.8348   300       16.0017     Cuts: 360   168816   94.35%
   4387     0        0.8512   293       16.0017     Cuts: 407   169078   94.35%
   4387     0        1.0858   313       16.0017     Cuts: 341   169632   93.21%
   4387     0        1.4859   339       16.0017     Cuts: 379   169994   90.71%
   4387     0        1.8879   295       16.0017     Cuts: 382   170439   88.20%
   4387     0        2.1129   305       16.0017     Cuts: 382   170882   86.80%
   4387     0        2.4553   327       16.0017     Cuts: 441   171497   84.66%
   4387     0        2.9173   341       16.0017     Cuts: 394   171906   81.77%
   4387     0        3.5373   324       16.0017     Cuts: 355   172377   77.89%
   4387     0        3.9658   325       16.0017     Cuts: 400   172741   75.22%
   4387     0        4.6359   288       16.0017     Cuts: 393   173151   71.03%
   4387     0        5.1404   329       16.0017     Cuts: 329   173542   67.88%
   4387     0        5.8885   354       16.0017     Cuts: 426   173913   63.20%
   4387     0        6.1582   352       16.0017     Cuts: 400   174304   61.52%
   4387     0        6.3932   309       16.0017     Cuts: 467   174909   60.05%
   4387     0        6.8182   349       16.0017     Cuts: 413   175298   57.39%
   4387     0        7.2886   353       16.0017     Cuts: 378   175747   54.45%
   4387     0        7.5886   334       16.0017     Cuts: 413   176078   52.58%
   4387     0        8.0046   346       16.0017     Cuts: 380   176455   49.98%
   4387     0        8.4477   355       16.0017     Cuts: 388   176811   47.21%
   4387     0        8.7647   370       16.0017     Cuts: 353   177301   45.23%
   4387     0        9.0368   366       16.0017     Cuts: 383   177683   43.53%
   4387     0        9.3390   357       16.0017     Cuts: 438   178327   41.64%
   4387     0        9.6337   365       16.0017     Cuts: 393   178831   39.80%
   4387     0        9.8390   364       16.0017     Cuts: 345   179110   38.51%
   4387     0        9.9953   358       16.0017     Cuts: 314   179421   37.54%
   4387     0       10.2718   365       16.0017     Cuts: 393   179745   35.81%
   4387     0       10.6387   386       16.0017     Cuts: 341   180111   33.51%
   4387     0       10.9500   359       16.0017     Cuts: 349   180582   31.57%
   4387     0       11.2442   391       16.0017     Cuts: 345   180974   29.73%
   4387     0       11.6777   392       16.0017     Cuts: 332   181294   27.02%
   4387     0       11.9470   366       16.0017     Cuts: 288   181666   25.34%
   4387     0       12.0804   380       16.0017     Cuts: 353   181988   24.51%
   4387     0       12.2272   385       16.0017     Cuts: 309   182441   23.59%
   4387     0       12.3687   389       16.0017     Cuts: 341   182789   22.70%
   4387     0       12.5096   390       16.0017     Cuts: 345   183260   21.82%
   4387     0       12.6064   389       16.0017     Cuts: 342   183613   21.22%
   4387     0       12.7866   390       16.0017     Cuts: 371   184040   20.09%
   4387     0       12.9306   369       16.0017     Cuts: 342   184402   19.19%
   4387     0       13.0309   369       16.0017     Cuts: 314   184779   18.57%
   4387     0       13.0586   365       16.0017     Cuts: 318   185073   18.39%
   4387     0       13.1414   375       16.0017     Cuts: 345   185541   17.87%
   4387     0       13.1828   367       16.0017     Cuts: 324   186010   17.62%
   4387     0       13.2148   359       16.0017     Cuts: 325   186391   17.42%
   4387     0       13.2639   398       16.0017     Cuts: 362   186850   17.11%
   4387     0       13.3572   316       16.0017     Cuts: 335   187197   16.53%
   4387     0       13.4424   425       16.0017     Cuts: 263   187596   15.99%
   4387     0       13.5627   384       16.0017     Cuts: 329   187926   15.24%
   4387     0       13.6761   392       16.0017     Cuts: 352   188345   14.53%
   4387     0       13.8174   395       16.0017     Cuts: 362   188826   13.65%
   4387     0       13.9006   429       16.0017     Cuts: 383   189342   13.13%
   4387     0       14.0051   410       16.0017     Cuts: 315   189596   12.48%
   4387     0       14.0893   372       16.0017     Cuts: 322   189987   11.95%
   4387     0       14.1213   403       16.0017     Cuts: 378   190293   11.75%
   4387     0       14.1655   379       16.0017     Cuts: 290   190841   11.47%
   4387     0       14.2085   376       16.0017     Cuts: 356   191300   11.21%
   4387     0       14.2708   400       16.0017     Cuts: 325   191707   10.82%
   4387     0       14.3162   392       16.0017     Cuts: 301   191994   10.53%
   4387     0       14.3703   417       16.0017     Cuts: 251   192448   10.19%
   4387     0       14.4088   410       16.0017     Cuts: 357   192826    9.95%
   4387     0       14.4919   356       16.0017     Cuts: 339   193101    9.44%
   4387     0       14.5326   403       16.0017     Cuts: 292   193490    9.18%
   4387     0       14.6118   348       16.0017     Cuts: 331   193887    8.69%
   4387     0       14.6672   385       16.0017     Cuts: 308   194160    8.34%
   4387     0       14.6855   395       16.0017     Cuts: 234   194514    8.23%
   4387     0       14.7278   398       16.0017     Cuts: 343   194811    7.96%
   4387     0       14.7754   390       16.0017     Cuts: 348   195275    7.66%
   4387     0       14.8105   393       16.0017     Cuts: 247   195543    7.44%
   4387     0       14.8470   378       16.0017     Cuts: 278   195798    7.22%
   4387     0       14.8976   381       16.0017     Cuts: 291   196086    6.90%
   4387     0       14.9834   350       16.0017     Cuts: 208   196447    6.36%
   4387     0       15.0014   304       16.0017     Cuts: 263   196767    6.25%
   4387     0       15.0192   399       16.0017     Cuts: 321   197166    6.14%
   4387     0       15.0726   384       16.0017     Cuts: 295   197521    5.81%
   4387     0       15.0967   355       16.0017     Cuts: 344   197964    5.66%
   4387     0       15.1079   352       16.0017     Cuts: 354   198324    5.59%
   4387     2       15.1079   331       16.0017       15.1079   198324    5.59%
   4388     3       15.1079   320       16.0017       15.1079   198368    5.59%
   4390     4       15.2132   302       16.0017       15.1079   198667    5.59%
                                                     Cuts: 36                  
   4393     5       15.9344   260       16.0017       15.1079   199228    5.59%
                                                     Cuts: 41                  
   4399     5       15.9825   247       16.0017       15.1435   199292    5.36%
                                                     Cuts: 44                  
*  4401+    6                           15.8906       15.1435             4.70%
Found incumbent of value 15.890599 after 68.45 sec. (48598.61 ticks)
   4407     9       15.4558   320       15.8906       15.1781   200445    4.48%
                                                     Cuts: 33                  
   4417    15       15.2185   293       15.8906       15.1854   202870    4.44%
                                                     Cuts: 70                  
   4558    50       15.5897   329       15.8906       15.2056   226856    4.31%
                                                    Cuts: 101                  
Elapsed time = 70.19 sec. (49971.70 ticks, tree = 0.29 MB)
   5023   229        cutoff             15.8906       15.2185   311642    4.23%
                                                    Cuts: 185                  
*  5323+  267                           15.8437       15.3711             2.98%
                                                    Cuts: 116                  
Found incumbent of value 15.843733 after 72.06 sec. (51396.26 ticks)
*  5484+  251                           15.7322       15.3711             2.30%
                                                     Cuts: 50                  
Found incumbent of value 15.732198 after 72.36 sec. (51649.39 ticks)
   5652   216       15.5843   188       15.7322       15.4903   369626    1.54%
                                                     Cuts: 35                  
*  5944   168      integral     0       15.6420       15.5295   391100    0.72%
                                                     Cuts: 22                  
Found incumbent of value 15.641959 after 73.08 sec. (52125.38 ticks)

GUB cover cuts applied:  0
Clique cuts applied:  0
Cover cuts applied:  0
Implied bound cuts applied:  0
Flow cuts applied:  0
Mixed integer rounding cuts applied:  0
Flow path cuts applied:  0
Zero-half cuts applied:  1062
Multi commodity flow cuts applied:  0
Lift and project cuts applied:  153
Gomory fractional cuts applied:  7
Disjunctive cuts applied:  2
Cone linearizations applied:  0

Root node processing (before b&c):
  Real time             =    1.31 sec. (1187.50 ticks)
Parallel b&c, 16 threads:
  Real time             =   71.92 sec. (51183.83 ticks)
  Sync time (average)   =    1.91 sec.
  Wait time (average)   =    0.02 sec.
                          ------------
Total (root+branch&cut) =   73.23 sec. (52371.33 ticks)

--- MIQP status (101): integer optimal solution.
--- Cplex Time: 73.34sec (det. 52371.33 ticks)

--- Fixing integer variables and solving final QP...

Version identifier: 22.1.0.0 | 2022-03-09 | 1a383f8ce
CPXPARAM_Advance                                 2
CPXPARAM_MIP_Cuts_Cliques                        3
CPXPARAM_MIP_Cuts_Covers                         3
CPXPARAM_MIP_Display                             4
CPXPARAM_MIP_Cuts_FlowCovers                     2
CPXPARAM_MIP_Cuts_Implied                        2
CPXPARAM_MIP_Cuts_GUBCovers                      2
CPXPARAM_MIP_Cuts_Gomory                         2
CPXPARAM_MIP_Cuts_PathCut                        2
CPXPARAM_MIP_Cuts_MIRCut                         2
CPXPARAM_MIP_Cuts_Disjunctive                    3
CPXPARAM_Emphasis_MIP                            2
CPXPARAM_Preprocessing_Symmetry                  5
CPXPARAM_MIP_Pool_Capacity                       0
CPXPARAM_MIP_Cuts_ZeroHalfCut                    2
CPXPARAM_MIP_Cuts_MCFCut                         2
CPXPARAM_MIP_Cuts_LiftProj                       3
CPXPARAM_MIP_Cuts_LocalImplied                   3
CPXPARAM_MIP_Cuts_BQP                            3
CPXPARAM_Preprocessing_QToLin                    1
CPXPARAM_TimeLimit                               1000
CPXPARAM_MIP_Tolerances_AbsMIPGap                0
Number of nonzeros in lower triangle of Q = 1560
Using Approximate Minimum Degree ordering
Total time for automatic ordering = 0.00 sec. (0.12 ticks)
Summary statistics for factor of Q:
  Rows in Factor            = 400
  Integer space required    = 480
  Total non-zeros in factor = 4900
  Total FP ops to factor    = 70580
Note: Q in objective is not positive semi-definite.
Tried aggregator 1 time.
QP Presolve eliminated 100 rows and 401 columns.
All rows and columns eliminated.
Presolve time = 0.00 sec. (0.51 ticks)

--- Fixed MIQP status (1): optimal.
--- Cplex Time: 0.03sec (det. 0.80 ticks)


Proven optimal solution
MIP Solution:           15.641959    (408569 iterations, 6126 nodes)
Final Solve:            15.641959    (0 iterations)

Best possible:          15.641959
Absolute gap:            0.000000
Relative gap:            0.000000

--- Reading solution for model mod
*** Status: Normal completion
--- Job Untitled_4.gms Stop 06/26/22 11:37:20 elapsed 0:02:54.272
