
--- Job Untitled_3.gms Start 06/25/22 04:41:04 39.2.0 e0c5072f WEX-WEI x86 64bit/MS Windows
--- Applying:
    C:\GAMS\39\gmsprmNT.txt
--- GAMS Parameters defined
    Input C:\projects\OptimizationModels\MaxCut\Untitled_3.gms
    PageWidth 130
    PageSize 0
    PageContr 3
    Action CE
    ScrDir C:\projects\OptimizationModels\MaxCut\225a\
    SysDir C:\GAMS\39\
    WorkDir C:\projects\OptimizationModels\MaxCut\
    LogOption 3
    DFormat 0
    TFormat 0
    ErrorLog 99
    IDE 1
Licensee: Eval License                                   G211206|0002CO-GEN
          Amsterdam Optimization Modeling Group,                     DCE378
          C:\Users\erwin\Documents\GAMS\gamslice.txt
          License Admin: Erwin Kalvelagen, info@amsterdamoptimization.com  
          Evaluation license: Not for commercial or production use
Processor information: 1 socket(s), 8 core(s), and 16 thread(s) available
GAMS 39.2.0   Copyright (C) 1987-2022 GAMS Development. All rights reserved
--- Starting compilation
--- Untitled_3.gms(12) 2 Mb
--- Starting execution: elapsed 0:00:00.062
--- Untitled_3.gms(11) 3 Mb
--- Generating MIQCP model m
--- Untitled_3.gms(12) 5 Mb
---   2 rows  3 columns  4 non-zeroes
---   5 nl-code  2 nl-non-zeroes
---   2 discrete-columns
--- Range statistics (absolute non-zero finite values)
--- RHS       [min, max] : [ 1.000E+00, 1.000E+00] - Zero values observed as well
--- Bound     [min, max] : [ 1.000E+00, 1.000E+00] - Zero values observed as well
--- Matrix    [min, max] : [ 1.000E+00, 1.000E+00] - Zero values observed as well
--- Untitled_3.gms(12) 3 Mb
--- Executing GUROBI (Solvelink=2): elapsed 0:00:00.065

Gurobi           39.2.0 e0c5072f Jun 2, 2022           WEI x86 64bit/MS Window

Gurobi link license.
*** Cannot initialize Gurobi environment.
*** Could be a missing or invalid license. (status=10009|10009)
--- Reading solution for model m
*** Status: Normal completion
--- Job Untitled_3.gms Stop 06/25/22 04:41:05 elapsed 0:00:00.180
