
--- Job Untitled_7.gms Start 06/30/22 15:05:28 39.2.0 e0c5072f WEX-WEI x86 64bit/MS Windows
--- Applying:
    C:\GAMS\39\gmsprmNT.txt
--- GAMS Parameters defined
    Input C:\projects\OptimizationModels\MaxCut\Untitled_7.gms
    PageWidth 130
    PageSize 0
    PageContr 3
    Action CE
    ScrDir C:\projects\OptimizationModels\MaxCut\225a\
    SysDir C:\GAMS\39\
    WorkDir C:\projects\OptimizationModels\MaxCut\
    LogOption 3
    DFormat 0
    TFormat 0
    ErrorLog 99
    IDE 1
Licensee: Eval License                                   G211206|0002CO-GEN
          Amsterdam Optimization Modeling Group,                     DCE378
          C:\Users\erwin\Documents\GAMS\gamslice.txt
          License Admin: Erwin Kalvelagen, info@amsterdamoptimization.com  
          Evaluation license: Not for commercial or production use
Processor information: 1 socket(s), 8 core(s), and 16 thread(s) available
GAMS 39.2.0   Copyright (C) 1987-2022 GAMS Development. All rights reserved
--- Starting compilation
--- Untitled_7.gms(1) 2 Mb
--- Starting execution: elapsed 0:00:00.029
--- Untitled_7.gms(1) 3 Mb
*** Status: Normal completion
--- Job Untitled_7.gms Stop 06/30/22 15:05:28 elapsed 0:00:00.029
