
--- Job nuts2.gms Start 10/27/23 12:53:20 45.1.0 88bbff72 WEX-WEI x86 64bit/MS Windows
--- Applying:
    C:\GAMS\45\gmsprmNT.txt
    C:\Users\erwin\Documents\GAMS\gamsconfig.yaml
--- GAMS Parameters defined
    MIP CPLEX
    Input C:\projects\OptimizationModels\d3maps\nuts2map-v2\nuts2.gms
    PageWidth 130
    PageSize 0
    ScrDir C:\projects\OptimizationModels\d3maps\nuts2map-v2\225a\
    SysDir C:\GAMS\45\
    LogOption 3
    ErrMsg 1
    ErrorLog 99
    IDE 1
    LstTitleLeftAligned 1
Licensee: Eval License                                   G221205|0002CO-GEN
          Amsterdam Optimization Modeling Group,                     DCE378
          C:\Users\erwin\Documents\GAMS\gamslice.txt
          License Admin: Erwin Kalvelagen, info@amsterdamoptimization.com  
          Evaluation license: Not for commercial or production use
          The evaluation period of the license will expire on Nov 30, 2023
Processor information: 1 socket(s), 8 core(s), and 16 thread(s) available
GAMS 45.1.0   Copyright (C) 1987-2023 GAMS Development. All rights reserved
--- Starting compilation
--- nuts2.gms(25) 2 Mb
--- . nuts2.inc(338) 3 Mb
--- nuts2.gms(80) 3 Mb
--- . win32.gms(84) 3 Mb
--- nuts2.gms(93) 3 Mb
--- $echo File C:\projects\OptimizationModels\d3maps\nuts2map-v2\Map.html
--- nuts2.gms(256) 3 Mb
--- Starting execution: elapsed 0:00:00.093
--- nuts2.gms(464) 6 Mb
--- Initialize embedded library embpycclib64.dll
--- Execute embedded library embpycclib64.dll
--- nuts2.gms(477) 6 Mb
--- Putfile f C:\projects\OptimizationModels\d3maps\nuts2map-v2\data.js
*** Status: Normal completion
--- Job nuts2.gms Stop 10/27/23 12:53:21 elapsed 0:00:00.386
